[0.867s] Invoking command in '/home/vlados/ias0220/src/ias0220_sensors': PYTHONPATH=/home/vlados/ias0220/build/ias0220_sensors/prefix_override:/usr/lib/python3/dist-packages/colcon_core/task/python/colcon_distutils_commands:/home/vlados/ias0220/install/ias0220_sensors/lib/python3.10/site-packages:${PYTHONPATH} /usr/bin/python3 -W ignore:setup.py install is deprecated -W ignore:easy_install command is deprecated setup.py egg_info --egg-base ../../build/ias0220_sensors build --build-base /home/vlados/ias0220/build/ias0220_sensors/build install --record /home/vlados/ias0220/build/ias0220_sensors/install.log --single-version-externally-managed install_data
[1.034s] running egg_info
[1.035s] creating ../../build/ias0220_sensors/ias0220_sensors.egg-info
[1.035s] writing ../../build/ias0220_sensors/ias0220_sensors.egg-info/PKG-INFO
[1.035s] writing dependency_links to ../../build/ias0220_sensors/ias0220_sensors.egg-info/dependency_links.txt
[1.035s] writing entry points to ../../build/ias0220_sensors/ias0220_sensors.egg-info/entry_points.txt
[1.035s] writing requirements to ../../build/ias0220_sensors/ias0220_sensors.egg-info/requires.txt
[1.035s] writing top-level names to ../../build/ias0220_sensors/ias0220_sensors.egg-info/top_level.txt
[1.036s] writing manifest file '../../build/ias0220_sensors/ias0220_sensors.egg-info/SOURCES.txt'
[1.037s] reading manifest file '../../build/ias0220_sensors/ias0220_sensors.egg-info/SOURCES.txt'
[1.037s] writing manifest file '../../build/ias0220_sensors/ias0220_sensors.egg-info/SOURCES.txt'
[1.037s] running build
[1.037s] running build_py
[1.037s] creating /home/vlados/ias0220/build/ias0220_sensors/build
[1.038s] creating /home/vlados/ias0220/build/ias0220_sensors/build/lib
[1.038s] creating /home/vlados/ias0220/build/ias0220_sensors/build/lib/ias0220_sensors
[1.038s] copying ias0220_sensors/__init__.py -> /home/vlados/ias0220/build/ias0220_sensors/build/lib/ias0220_sensors
[1.038s] copying ias0220_sensors/serial_interface.py -> /home/vlados/ias0220/build/ias0220_sensors/build/lib/ias0220_sensors
[1.038s] running install
[1.038s] running install_lib
[1.038s] creating /home/vlados/ias0220/install/ias0220_sensors/lib/python3.10/site-packages/ias0220_sensors
[1.038s] copying /home/vlados/ias0220/build/ias0220_sensors/build/lib/ias0220_sensors/__init__.py -> /home/vlados/ias0220/install/ias0220_sensors/lib/python3.10/site-packages/ias0220_sensors
[1.039s] copying /home/vlados/ias0220/build/ias0220_sensors/build/lib/ias0220_sensors/serial_interface.py -> /home/vlados/ias0220/install/ias0220_sensors/lib/python3.10/site-packages/ias0220_sensors
[1.039s] byte-compiling /home/vlados/ias0220/install/ias0220_sensors/lib/python3.10/site-packages/ias0220_sensors/__init__.py to __init__.cpython-310.pyc
[1.039s] byte-compiling /home/vlados/ias0220/install/ias0220_sensors/lib/python3.10/site-packages/ias0220_sensors/serial_interface.py to serial_interface.cpython-310.pyc
[1.039s] running install_data
[1.040s] creating /home/vlados/ias0220/install/ias0220_sensors/share/ament_index
[1.040s] creating /home/vlados/ias0220/install/ias0220_sensors/share/ament_index/resource_index
[1.040s] creating /home/vlados/ias0220/install/ias0220_sensors/share/ament_index/resource_index/packages
[1.040s] copying resource/ias0220_sensors -> /home/vlados/ias0220/install/ias0220_sensors/share/ament_index/resource_index/packages
[1.040s] copying package.xml -> /home/vlados/ias0220/install/ias0220_sensors/share/ias0220_sensors
[1.040s] creating /home/vlados/ias0220/install/ias0220_sensors/share/ias0220_sensors/launch
[1.040s] copying launch/sensors_interface.launch.py -> /home/vlados/ias0220/install/ias0220_sensors/share/ias0220_sensors/launch
[1.040s] copying launch/sensors_rviz.launch.py -> /home/vlados/ias0220/install/ias0220_sensors/share/ias0220_sensors/launch
[1.040s] running install_egg_info
[1.041s] Copying ../../build/ias0220_sensors/ias0220_sensors.egg-info to /home/vlados/ias0220/install/ias0220_sensors/lib/python3.10/site-packages/ias0220_sensors-0.0.0-py3.10.egg-info
[1.042s] running install_scripts
[1.056s] Installing serial_interface script to /home/vlados/ias0220/install/ias0220_sensors/lib/ias0220_sensors
[1.056s] writing list of installed files to '/home/vlados/ias0220/build/ias0220_sensors/install.log'
[1.082s] Invoked command in '/home/vlados/ias0220/src/ias0220_sensors' returned '0': PYTHONPATH=/home/vlados/ias0220/build/ias0220_sensors/prefix_override:/usr/lib/python3/dist-packages/colcon_core/task/python/colcon_distutils_commands:/home/vlados/ias0220/install/ias0220_sensors/lib/python3.10/site-packages:${PYTHONPATH} /usr/bin/python3 -W ignore:setup.py install is deprecated -W ignore:easy_install command is deprecated setup.py egg_info --egg-base ../../build/ias0220_sensors build --build-base /home/vlados/ias0220/build/ias0220_sensors/build install --record /home/vlados/ias0220/build/ias0220_sensors/install.log --single-version-externally-managed install_data
