[0.236s] DEBUG:colcon:Command line arguments: ['/usr/bin/colcon', 'build']
[0.236s] DEBUG:colcon:Parsed command line arguments: Namespace(log_base=None, log_level=None, verb_name='build', build_base='build', install_base='install', merge_install=False, symlink_install=False, test_result_base=None, continue_on_error=False, executor='parallel', parallel_workers=16, event_handlers=None, ignore_user_meta=False, metas=['./colcon.meta'], base_paths=['.'], packages_ignore=None, packages_ignore_regex=None, paths=None, packages_up_to=None, packages_up_to_regex=None, packages_above=None, packages_above_and_dependencies=None, packages_above_depth=None, packages_select_by_dep=None, packages_skip_by_dep=None, packages_skip_up_to=None, packages_select_build_failed=False, packages_skip_build_finished=False, packages_select_test_failures=False, packages_skip_test_passed=False, packages_select=None, packages_skip=None, packages_select_regex=None, packages_skip_regex=None, packages_start=None, packages_end=None, allow_overriding=[], cmake_args=None, cmake_target=None, cmake_target_skip_unavailable=False, cmake_clean_cache=False, cmake_clean_first=False, cmake_force_configure=False, ament_cmake_args=None, catkin_cmake_args=None, catkin_skip_building_tests=False, verb_parser=<colcon_defaults.argument_parser.defaults.DefaultArgumentsDecorator object at 0x79a197603dc0>, verb_extension=<colcon_core.verb.build.BuildVerb object at 0x79a1976038b0>, main=<bound method BuildVerb.main of <colcon_core.verb.build.BuildVerb object at 0x79a1976038b0>>)
[0.449s] Level 1:colcon.colcon_core.package_discovery:discover_packages(colcon_meta) check parameters
[0.450s] Level 1:colcon.colcon_core.package_discovery:discover_packages(recursive) check parameters
[0.450s] Level 1:colcon.colcon_core.package_discovery:discover_packages(ignore) check parameters
[0.450s] Level 1:colcon.colcon_core.package_discovery:discover_packages(path) check parameters
[0.450s] Level 1:colcon.colcon_core.package_discovery:discover_packages(colcon_meta) discover
[0.450s] Level 1:colcon.colcon_core.package_discovery:discover_packages(recursive) discover
[0.450s] INFO:colcon.colcon_core.package_discovery:Crawling recursively for packages in '/home/vlados/ias0220'
[0.450s] Level 1:colcon.colcon_core.package_identification:_identify(.) by extensions ['ignore', 'ignore_ament_install']
[0.450s] Level 1:colcon.colcon_core.package_identification:_identify(.) by extension 'ignore'
[0.450s] Level 1:colcon.colcon_core.package_identification:_identify(.) by extension 'ignore_ament_install'
[0.450s] Level 1:colcon.colcon_core.package_identification:_identify(.) by extensions ['colcon_pkg']
[0.450s] Level 1:colcon.colcon_core.package_identification:_identify(.) by extension 'colcon_pkg'
[0.450s] Level 1:colcon.colcon_core.package_identification:_identify(.) by extensions ['colcon_meta']
[0.450s] Level 1:colcon.colcon_core.package_identification:_identify(.) by extension 'colcon_meta'
[0.450s] Level 1:colcon.colcon_core.package_identification:_identify(.) by extensions ['ros']
[0.450s] Level 1:colcon.colcon_core.package_identification:_identify(.) by extension 'ros'
[0.461s] Level 1:colcon.colcon_core.package_identification:_identify(.) by extensions ['cmake', 'python']
[0.461s] Level 1:colcon.colcon_core.package_identification:_identify(.) by extension 'cmake'
[0.461s] Level 1:colcon.colcon_core.package_identification:_identify(.) by extension 'python'
[0.461s] Level 1:colcon.colcon_core.package_identification:_identify(.) by extensions ['python_setup_py']
[0.461s] Level 1:colcon.colcon_core.package_identification:_identify(.) by extension 'python_setup_py'
[0.461s] Level 1:colcon.colcon_core.package_identification:_identify(bags) by extensions ['ignore', 'ignore_ament_install']
[0.461s] Level 1:colcon.colcon_core.package_identification:_identify(bags) by extension 'ignore'
[0.462s] Level 1:colcon.colcon_core.package_identification:_identify(bags) by extension 'ignore_ament_install'
[0.462s] Level 1:colcon.colcon_core.package_identification:_identify(bags) by extensions ['colcon_pkg']
[0.462s] Level 1:colcon.colcon_core.package_identification:_identify(bags) by extension 'colcon_pkg'
[0.462s] Level 1:colcon.colcon_core.package_identification:_identify(bags) by extensions ['colcon_meta']
[0.462s] Level 1:colcon.colcon_core.package_identification:_identify(bags) by extension 'colcon_meta'
[0.462s] Level 1:colcon.colcon_core.package_identification:_identify(bags) by extensions ['ros']
[0.462s] Level 1:colcon.colcon_core.package_identification:_identify(bags) by extension 'ros'
[0.462s] Level 1:colcon.colcon_core.package_identification:_identify(bags) by extensions ['cmake', 'python']
[0.462s] Level 1:colcon.colcon_core.package_identification:_identify(bags) by extension 'cmake'
[0.462s] Level 1:colcon.colcon_core.package_identification:_identify(bags) by extension 'python'
[0.462s] Level 1:colcon.colcon_core.package_identification:_identify(bags) by extensions ['python_setup_py']
[0.462s] Level 1:colcon.colcon_core.package_identification:_identify(bags) by extension 'python_setup_py'
[0.462s] Level 1:colcon.colcon_core.package_identification:_identify(bags/recorded) by extensions ['ignore', 'ignore_ament_install']
[0.462s] Level 1:colcon.colcon_core.package_identification:_identify(bags/recorded) by extension 'ignore'
[0.462s] Level 1:colcon.colcon_core.package_identification:_identify(bags/recorded) by extension 'ignore_ament_install'
[0.462s] Level 1:colcon.colcon_core.package_identification:_identify(bags/recorded) by extensions ['colcon_pkg']
[0.462s] Level 1:colcon.colcon_core.package_identification:_identify(bags/recorded) by extension 'colcon_pkg'
[0.462s] Level 1:colcon.colcon_core.package_identification:_identify(bags/recorded) by extensions ['colcon_meta']
[0.462s] Level 1:colcon.colcon_core.package_identification:_identify(bags/recorded) by extension 'colcon_meta'
[0.462s] Level 1:colcon.colcon_core.package_identification:_identify(bags/recorded) by extensions ['ros']
[0.462s] Level 1:colcon.colcon_core.package_identification:_identify(bags/recorded) by extension 'ros'
[0.462s] Level 1:colcon.colcon_core.package_identification:_identify(bags/recorded) by extensions ['cmake', 'python']
[0.462s] Level 1:colcon.colcon_core.package_identification:_identify(bags/recorded) by extension 'cmake'
[0.462s] Level 1:colcon.colcon_core.package_identification:_identify(bags/recorded) by extension 'python'
[0.462s] Level 1:colcon.colcon_core.package_identification:_identify(bags/recorded) by extensions ['python_setup_py']
[0.462s] Level 1:colcon.colcon_core.package_identification:_identify(bags/recorded) by extension 'python_setup_py'
[0.462s] Level 1:colcon.colcon_core.package_identification:_identify(build) by extensions ['ignore', 'ignore_ament_install']
[0.462s] Level 1:colcon.colcon_core.package_identification:_identify(build) by extension 'ignore'
[0.462s] Level 1:colcon.colcon_core.package_identification:_identify(build) ignored
[0.463s] Level 1:colcon.colcon_core.package_identification:_identify(install) by extensions ['ignore', 'ignore_ament_install']
[0.463s] Level 1:colcon.colcon_core.package_identification:_identify(install) by extension 'ignore'
[0.463s] Level 1:colcon.colcon_core.package_identification:_identify(install) ignored
[0.463s] Level 1:colcon.colcon_core.package_identification:_identify(log) by extensions ['ignore', 'ignore_ament_install']
[0.463s] Level 1:colcon.colcon_core.package_identification:_identify(log) by extension 'ignore'
[0.463s] Level 1:colcon.colcon_core.package_identification:_identify(log) ignored
[0.463s] Level 1:colcon.colcon_core.package_identification:_identify(src) by extensions ['ignore', 'ignore_ament_install']
[0.463s] Level 1:colcon.colcon_core.package_identification:_identify(src) by extension 'ignore'
[0.463s] Level 1:colcon.colcon_core.package_identification:_identify(src) by extension 'ignore_ament_install'
[0.463s] Level 1:colcon.colcon_core.package_identification:_identify(src) by extensions ['colcon_pkg']
[0.463s] Level 1:colcon.colcon_core.package_identification:_identify(src) by extension 'colcon_pkg'
[0.463s] Level 1:colcon.colcon_core.package_identification:_identify(src) by extensions ['colcon_meta']
[0.463s] Level 1:colcon.colcon_core.package_identification:_identify(src) by extension 'colcon_meta'
[0.463s] Level 1:colcon.colcon_core.package_identification:_identify(src) by extensions ['ros']
[0.463s] Level 1:colcon.colcon_core.package_identification:_identify(src) by extension 'ros'
[0.463s] Level 1:colcon.colcon_core.package_identification:_identify(src) by extensions ['cmake', 'python']
[0.463s] Level 1:colcon.colcon_core.package_identification:_identify(src) by extension 'cmake'
[0.463s] Level 1:colcon.colcon_core.package_identification:_identify(src) by extension 'python'
[0.463s] Level 1:colcon.colcon_core.package_identification:_identify(src) by extensions ['python_setup_py']
[0.463s] Level 1:colcon.colcon_core.package_identification:_identify(src) by extension 'python_setup_py'
[0.463s] Level 1:colcon.colcon_core.package_identification:_identify(src/build) by extensions ['ignore', 'ignore_ament_install']
[0.463s] Level 1:colcon.colcon_core.package_identification:_identify(src/build) by extension 'ignore'
[0.463s] Level 1:colcon.colcon_core.package_identification:_identify(src/build) ignored
[0.463s] Level 1:colcon.colcon_core.package_identification:_identify(src/encoders_interfaces) by extensions ['ignore', 'ignore_ament_install']
[0.464s] Level 1:colcon.colcon_core.package_identification:_identify(src/encoders_interfaces) by extension 'ignore'
[0.464s] Level 1:colcon.colcon_core.package_identification:_identify(src/encoders_interfaces) by extension 'ignore_ament_install'
[0.464s] Level 1:colcon.colcon_core.package_identification:_identify(src/encoders_interfaces) by extensions ['colcon_pkg']
[0.464s] Level 1:colcon.colcon_core.package_identification:_identify(src/encoders_interfaces) by extension 'colcon_pkg'
[0.464s] Level 1:colcon.colcon_core.package_identification:_identify(src/encoders_interfaces) by extensions ['colcon_meta']
[0.464s] Level 1:colcon.colcon_core.package_identification:_identify(src/encoders_interfaces) by extension 'colcon_meta'
[0.464s] Level 1:colcon.colcon_core.package_identification:_identify(src/encoders_interfaces) by extensions ['ros']
[0.464s] Level 1:colcon.colcon_core.package_identification:_identify(src/encoders_interfaces) by extension 'ros'
[0.466s] DEBUG:colcon.colcon_core.package_identification:Package 'src/encoders_interfaces' with type 'ros.ament_cmake' and name 'encoders_interfaces'
[0.466s] Level 1:colcon.colcon_core.package_identification:_identify(src/encoders_pkg) by extensions ['ignore', 'ignore_ament_install']
[0.466s] Level 1:colcon.colcon_core.package_identification:_identify(src/encoders_pkg) by extension 'ignore'
[0.466s] Level 1:colcon.colcon_core.package_identification:_identify(src/encoders_pkg) by extension 'ignore_ament_install'
[0.466s] Level 1:colcon.colcon_core.package_identification:_identify(src/encoders_pkg) by extensions ['colcon_pkg']
[0.466s] Level 1:colcon.colcon_core.package_identification:_identify(src/encoders_pkg) by extension 'colcon_pkg'
[0.466s] Level 1:colcon.colcon_core.package_identification:_identify(src/encoders_pkg) by extensions ['colcon_meta']
[0.466s] Level 1:colcon.colcon_core.package_identification:_identify(src/encoders_pkg) by extension 'colcon_meta'
[0.466s] Level 1:colcon.colcon_core.package_identification:_identify(src/encoders_pkg) by extensions ['ros']
[0.466s] Level 1:colcon.colcon_core.package_identification:_identify(src/encoders_pkg) by extension 'ros'
[0.467s] DEBUG:colcon.colcon_core.package_identification:Package 'src/encoders_pkg' with type 'ros.ament_python' and name 'encoders_pkg'
[0.467s] Level 1:colcon.colcon_core.package_identification:_identify(src/ias0220_250620) by extensions ['ignore', 'ignore_ament_install']
[0.467s] Level 1:colcon.colcon_core.package_identification:_identify(src/ias0220_250620) by extension 'ignore'
[0.467s] Level 1:colcon.colcon_core.package_identification:_identify(src/ias0220_250620) by extension 'ignore_ament_install'
[0.467s] Level 1:colcon.colcon_core.package_identification:_identify(src/ias0220_250620) by extensions ['colcon_pkg']
[0.467s] Level 1:colcon.colcon_core.package_identification:_identify(src/ias0220_250620) by extension 'colcon_pkg'
[0.467s] Level 1:colcon.colcon_core.package_identification:_identify(src/ias0220_250620) by extensions ['colcon_meta']
[0.467s] Level 1:colcon.colcon_core.package_identification:_identify(src/ias0220_250620) by extension 'colcon_meta'
[0.467s] Level 1:colcon.colcon_core.package_identification:_identify(src/ias0220_250620) by extensions ['ros']
[0.467s] Level 1:colcon.colcon_core.package_identification:_identify(src/ias0220_250620) by extension 'ros'
[0.468s] DEBUG:colcon.colcon_core.package_identification:Package 'src/ias0220_250620' with type 'ros.ament_python' and name 'ias0220_250620'
[0.468s] Level 1:colcon.colcon_core.package_identification:_identify(src/ias0220_sensors) by extensions ['ignore', 'ignore_ament_install']
[0.468s] Level 1:colcon.colcon_core.package_identification:_identify(src/ias0220_sensors) by extension 'ignore'
[0.468s] Level 1:colcon.colcon_core.package_identification:_identify(src/ias0220_sensors) by extension 'ignore_ament_install'
[0.468s] Level 1:colcon.colcon_core.package_identification:_identify(src/ias0220_sensors) by extensions ['colcon_pkg']
[0.468s] Level 1:colcon.colcon_core.package_identification:_identify(src/ias0220_sensors) by extension 'colcon_pkg'
[0.468s] Level 1:colcon.colcon_core.package_identification:_identify(src/ias0220_sensors) by extensions ['colcon_meta']
[0.468s] Level 1:colcon.colcon_core.package_identification:_identify(src/ias0220_sensors) by extension 'colcon_meta'
[0.468s] Level 1:colcon.colcon_core.package_identification:_identify(src/ias0220_sensors) by extensions ['ros']
[0.468s] Level 1:colcon.colcon_core.package_identification:_identify(src/ias0220_sensors) by extension 'ros'
[0.468s] DEBUG:colcon.colcon_core.package_identification:Package 'src/ias0220_sensors' with type 'ros.ament_python' and name 'ias0220_sensors'
[0.468s] Level 1:colcon.colcon_core.package_identification:_identify(src/install) by extensions ['ignore', 'ignore_ament_install']
[0.469s] Level 1:colcon.colcon_core.package_identification:_identify(src/install) by extension 'ignore'
[0.469s] Level 1:colcon.colcon_core.package_identification:_identify(src/install) ignored
[0.469s] Level 1:colcon.colcon_core.package_identification:_identify(src/log) by extensions ['ignore', 'ignore_ament_install']
[0.469s] Level 1:colcon.colcon_core.package_identification:_identify(src/log) by extension 'ignore'
[0.469s] Level 1:colcon.colcon_core.package_identification:_identify(src/log) ignored
[0.469s] Level 1:colcon.colcon_core.package_identification:_identify(src/setup_gazebo_ias0220) by extensions ['ignore', 'ignore_ament_install']
[0.469s] Level 1:colcon.colcon_core.package_identification:_identify(src/setup_gazebo_ias0220) by extension 'ignore'
[0.469s] Level 1:colcon.colcon_core.package_identification:_identify(src/setup_gazebo_ias0220) by extension 'ignore_ament_install'
[0.469s] Level 1:colcon.colcon_core.package_identification:_identify(src/setup_gazebo_ias0220) by extensions ['colcon_pkg']
[0.469s] Level 1:colcon.colcon_core.package_identification:_identify(src/setup_gazebo_ias0220) by extension 'colcon_pkg'
[0.469s] Level 1:colcon.colcon_core.package_identification:_identify(src/setup_gazebo_ias0220) by extensions ['colcon_meta']
[0.469s] Level 1:colcon.colcon_core.package_identification:_identify(src/setup_gazebo_ias0220) by extension 'colcon_meta'
[0.469s] Level 1:colcon.colcon_core.package_identification:_identify(src/setup_gazebo_ias0220) by extensions ['ros']
[0.469s] Level 1:colcon.colcon_core.package_identification:_identify(src/setup_gazebo_ias0220) by extension 'ros'
[0.470s] DEBUG:colcon.colcon_core.package_identification:Package 'src/setup_gazebo_ias0220' with type 'ros.ament_python' and name 'setup_gazebo_ias0220'
[0.470s] Level 1:colcon.colcon_core.package_identification:_identify(src/transform_frame) by extensions ['ignore', 'ignore_ament_install']
[0.470s] Level 1:colcon.colcon_core.package_identification:_identify(src/transform_frame) by extension 'ignore'
[0.470s] Level 1:colcon.colcon_core.package_identification:_identify(src/transform_frame) by extension 'ignore_ament_install'
[0.470s] Level 1:colcon.colcon_core.package_identification:_identify(src/transform_frame) by extensions ['colcon_pkg']
[0.470s] Level 1:colcon.colcon_core.package_identification:_identify(src/transform_frame) by extension 'colcon_pkg'
[0.470s] Level 1:colcon.colcon_core.package_identification:_identify(src/transform_frame) by extensions ['colcon_meta']
[0.470s] Level 1:colcon.colcon_core.package_identification:_identify(src/transform_frame) by extension 'colcon_meta'
[0.470s] Level 1:colcon.colcon_core.package_identification:_identify(src/transform_frame) by extensions ['ros']
[0.470s] Level 1:colcon.colcon_core.package_identification:_identify(src/transform_frame) by extension 'ros'
[0.470s] DEBUG:colcon.colcon_core.package_identification:Package 'src/transform_frame' with type 'ros.ament_cmake' and name 'transform_frame'
[0.470s] Level 1:colcon.colcon_core.package_discovery:discover_packages(recursive) using defaults
[0.471s] Level 1:colcon.colcon_core.package_discovery:discover_packages(ignore) discover
[0.471s] Level 1:colcon.colcon_core.package_discovery:discover_packages(ignore) using defaults
[0.471s] Level 1:colcon.colcon_core.package_discovery:discover_packages(path) discover
[0.471s] Level 1:colcon.colcon_core.package_discovery:discover_packages(path) using defaults
[0.494s] Level 1:colcon.colcon_core.package_discovery:discover_packages(prefix_path) check parameters
[0.494s] Level 1:colcon.colcon_core.package_discovery:discover_packages(prefix_path) discover
[0.497s] DEBUG:colcon.colcon_installed_package_information.package_discovery:Found 301 installed packages in /opt/ros/humble
[0.504s] Level 1:colcon.colcon_core.package_discovery:discover_packages(prefix_path) using defaults
[0.533s] Level 5:colcon.colcon_core.verb:set package 'encoders_interfaces' build argument 'cmake_args' from command line to 'None'
[0.534s] Level 5:colcon.colcon_core.verb:set package 'encoders_interfaces' build argument 'cmake_target' from command line to 'None'
[0.534s] Level 5:colcon.colcon_core.verb:set package 'encoders_interfaces' build argument 'cmake_target_skip_unavailable' from command line to 'False'
[0.534s] Level 5:colcon.colcon_core.verb:set package 'encoders_interfaces' build argument 'cmake_clean_cache' from command line to 'False'
[0.534s] Level 5:colcon.colcon_core.verb:set package 'encoders_interfaces' build argument 'cmake_clean_first' from command line to 'False'
[0.534s] Level 5:colcon.colcon_core.verb:set package 'encoders_interfaces' build argument 'cmake_force_configure' from command line to 'False'
[0.534s] Level 5:colcon.colcon_core.verb:set package 'encoders_interfaces' build argument 'ament_cmake_args' from command line to 'None'
[0.534s] Level 5:colcon.colcon_core.verb:set package 'encoders_interfaces' build argument 'catkin_cmake_args' from command line to 'None'
[0.534s] Level 5:colcon.colcon_core.verb:set package 'encoders_interfaces' build argument 'catkin_skip_building_tests' from command line to 'False'
[0.534s] DEBUG:colcon.colcon_core.verb:Building package 'encoders_interfaces' with the following arguments: {'ament_cmake_args': None, 'build_base': '/home/vlados/ias0220/build/encoders_interfaces', 'catkin_cmake_args': None, 'catkin_skip_building_tests': False, 'cmake_args': None, 'cmake_clean_cache': False, 'cmake_clean_first': False, 'cmake_force_configure': False, 'cmake_target': None, 'cmake_target_skip_unavailable': False, 'install_base': '/home/vlados/ias0220/install/encoders_interfaces', 'merge_install': False, 'path': '/home/vlados/ias0220/src/encoders_interfaces', 'symlink_install': False, 'test_result_base': None}
[0.534s] Level 5:colcon.colcon_core.verb:set package 'ias0220_250620' build argument 'cmake_args' from command line to 'None'
[0.534s] Level 5:colcon.colcon_core.verb:set package 'ias0220_250620' build argument 'cmake_target' from command line to 'None'
[0.534s] Level 5:colcon.colcon_core.verb:set package 'ias0220_250620' build argument 'cmake_target_skip_unavailable' from command line to 'False'
[0.534s] Level 5:colcon.colcon_core.verb:set package 'ias0220_250620' build argument 'cmake_clean_cache' from command line to 'False'
[0.534s] Level 5:colcon.colcon_core.verb:set package 'ias0220_250620' build argument 'cmake_clean_first' from command line to 'False'
[0.534s] Level 5:colcon.colcon_core.verb:set package 'ias0220_250620' build argument 'cmake_force_configure' from command line to 'False'
[0.534s] Level 5:colcon.colcon_core.verb:set package 'ias0220_250620' build argument 'ament_cmake_args' from command line to 'None'
[0.534s] Level 5:colcon.colcon_core.verb:set package 'ias0220_250620' build argument 'catkin_cmake_args' from command line to 'None'
[0.534s] Level 5:colcon.colcon_core.verb:set package 'ias0220_250620' build argument 'catkin_skip_building_tests' from command line to 'False'
[0.534s] DEBUG:colcon.colcon_core.verb:Building package 'ias0220_250620' with the following arguments: {'ament_cmake_args': None, 'build_base': '/home/vlados/ias0220/build/ias0220_250620', 'catkin_cmake_args': None, 'catkin_skip_building_tests': False, 'cmake_args': None, 'cmake_clean_cache': False, 'cmake_clean_first': False, 'cmake_force_configure': False, 'cmake_target': None, 'cmake_target_skip_unavailable': False, 'install_base': '/home/vlados/ias0220/install/ias0220_250620', 'merge_install': False, 'path': '/home/vlados/ias0220/src/ias0220_250620', 'symlink_install': False, 'test_result_base': None}
[0.534s] Level 5:colcon.colcon_core.verb:set package 'ias0220_sensors' build argument 'cmake_args' from command line to 'None'
[0.534s] Level 5:colcon.colcon_core.verb:set package 'ias0220_sensors' build argument 'cmake_target' from command line to 'None'
[0.534s] Level 5:colcon.colcon_core.verb:set package 'ias0220_sensors' build argument 'cmake_target_skip_unavailable' from command line to 'False'
[0.534s] Level 5:colcon.colcon_core.verb:set package 'ias0220_sensors' build argument 'cmake_clean_cache' from command line to 'False'
[0.534s] Level 5:colcon.colcon_core.verb:set package 'ias0220_sensors' build argument 'cmake_clean_first' from command line to 'False'
[0.534s] Level 5:colcon.colcon_core.verb:set package 'ias0220_sensors' build argument 'cmake_force_configure' from command line to 'False'
[0.534s] Level 5:colcon.colcon_core.verb:set package 'ias0220_sensors' build argument 'ament_cmake_args' from command line to 'None'
[0.534s] Level 5:colcon.colcon_core.verb:set package 'ias0220_sensors' build argument 'catkin_cmake_args' from command line to 'None'
[0.534s] Level 5:colcon.colcon_core.verb:set package 'ias0220_sensors' build argument 'catkin_skip_building_tests' from command line to 'False'
[0.534s] DEBUG:colcon.colcon_core.verb:Building package 'ias0220_sensors' with the following arguments: {'ament_cmake_args': None, 'build_base': '/home/vlados/ias0220/build/ias0220_sensors', 'catkin_cmake_args': None, 'catkin_skip_building_tests': False, 'cmake_args': None, 'cmake_clean_cache': False, 'cmake_clean_first': False, 'cmake_force_configure': False, 'cmake_target': None, 'cmake_target_skip_unavailable': False, 'install_base': '/home/vlados/ias0220/install/ias0220_sensors', 'merge_install': False, 'path': '/home/vlados/ias0220/src/ias0220_sensors', 'symlink_install': False, 'test_result_base': None}
[0.535s] Level 5:colcon.colcon_core.verb:set package 'setup_gazebo_ias0220' build argument 'cmake_args' from command line to 'None'
[0.535s] Level 5:colcon.colcon_core.verb:set package 'setup_gazebo_ias0220' build argument 'cmake_target' from command line to 'None'
[0.535s] Level 5:colcon.colcon_core.verb:set package 'setup_gazebo_ias0220' build argument 'cmake_target_skip_unavailable' from command line to 'False'
[0.535s] Level 5:colcon.colcon_core.verb:set package 'setup_gazebo_ias0220' build argument 'cmake_clean_cache' from command line to 'False'
[0.535s] Level 5:colcon.colcon_core.verb:set package 'setup_gazebo_ias0220' build argument 'cmake_clean_first' from command line to 'False'
[0.535s] Level 5:colcon.colcon_core.verb:set package 'setup_gazebo_ias0220' build argument 'cmake_force_configure' from command line to 'False'
[0.535s] Level 5:colcon.colcon_core.verb:set package 'setup_gazebo_ias0220' build argument 'ament_cmake_args' from command line to 'None'
[0.535s] Level 5:colcon.colcon_core.verb:set package 'setup_gazebo_ias0220' build argument 'catkin_cmake_args' from command line to 'None'
[0.535s] Level 5:colcon.colcon_core.verb:set package 'setup_gazebo_ias0220' build argument 'catkin_skip_building_tests' from command line to 'False'
[0.535s] DEBUG:colcon.colcon_core.verb:Building package 'setup_gazebo_ias0220' with the following arguments: {'ament_cmake_args': None, 'build_base': '/home/vlados/ias0220/build/setup_gazebo_ias0220', 'catkin_cmake_args': None, 'catkin_skip_building_tests': False, 'cmake_args': None, 'cmake_clean_cache': False, 'cmake_clean_first': False, 'cmake_force_configure': False, 'cmake_target': None, 'cmake_target_skip_unavailable': False, 'install_base': '/home/vlados/ias0220/install/setup_gazebo_ias0220', 'merge_install': False, 'path': '/home/vlados/ias0220/src/setup_gazebo_ias0220', 'symlink_install': False, 'test_result_base': None}
[0.535s] Level 5:colcon.colcon_core.verb:set package 'transform_frame' build argument 'cmake_args' from command line to 'None'
[0.535s] Level 5:colcon.colcon_core.verb:set package 'transform_frame' build argument 'cmake_target' from command line to 'None'
[0.535s] Level 5:colcon.colcon_core.verb:set package 'transform_frame' build argument 'cmake_target_skip_unavailable' from command line to 'False'
[0.535s] Level 5:colcon.colcon_core.verb:set package 'transform_frame' build argument 'cmake_clean_cache' from command line to 'False'
[0.535s] Level 5:colcon.colcon_core.verb:set package 'transform_frame' build argument 'cmake_clean_first' from command line to 'False'
[0.535s] Level 5:colcon.colcon_core.verb:set package 'transform_frame' build argument 'cmake_force_configure' from command line to 'False'
[0.535s] Level 5:colcon.colcon_core.verb:set package 'transform_frame' build argument 'ament_cmake_args' from command line to 'None'
[0.535s] Level 5:colcon.colcon_core.verb:set package 'transform_frame' build argument 'catkin_cmake_args' from command line to 'None'
[0.535s] Level 5:colcon.colcon_core.verb:set package 'transform_frame' build argument 'catkin_skip_building_tests' from command line to 'False'
[0.535s] DEBUG:colcon.colcon_core.verb:Building package 'transform_frame' with the following arguments: {'ament_cmake_args': None, 'build_base': '/home/vlados/ias0220/build/transform_frame', 'catkin_cmake_args': None, 'catkin_skip_building_tests': False, 'cmake_args': None, 'cmake_clean_cache': False, 'cmake_clean_first': False, 'cmake_force_configure': False, 'cmake_target': None, 'cmake_target_skip_unavailable': False, 'install_base': '/home/vlados/ias0220/install/transform_frame', 'merge_install': False, 'path': '/home/vlados/ias0220/src/transform_frame', 'symlink_install': False, 'test_result_base': None}
[0.535s] Level 5:colcon.colcon_core.verb:set package 'encoders_pkg' build argument 'cmake_args' from command line to 'None'
[0.535s] Level 5:colcon.colcon_core.verb:set package 'encoders_pkg' build argument 'cmake_target' from command line to 'None'
[0.535s] Level 5:colcon.colcon_core.verb:set package 'encoders_pkg' build argument 'cmake_target_skip_unavailable' from command line to 'False'
[0.535s] Level 5:colcon.colcon_core.verb:set package 'encoders_pkg' build argument 'cmake_clean_cache' from command line to 'False'
[0.536s] Level 5:colcon.colcon_core.verb:set package 'encoders_pkg' build argument 'cmake_clean_first' from command line to 'False'
[0.536s] Level 5:colcon.colcon_core.verb:set package 'encoders_pkg' build argument 'cmake_force_configure' from command line to 'False'
[0.536s] Level 5:colcon.colcon_core.verb:set package 'encoders_pkg' build argument 'ament_cmake_args' from command line to 'None'
[0.536s] Level 5:colcon.colcon_core.verb:set package 'encoders_pkg' build argument 'catkin_cmake_args' from command line to 'None'
[0.536s] Level 5:colcon.colcon_core.verb:set package 'encoders_pkg' build argument 'catkin_skip_building_tests' from command line to 'False'
[0.536s] DEBUG:colcon.colcon_core.verb:Building package 'encoders_pkg' with the following arguments: {'ament_cmake_args': None, 'build_base': '/home/vlados/ias0220/build/encoders_pkg', 'catkin_cmake_args': None, 'catkin_skip_building_tests': False, 'cmake_args': None, 'cmake_clean_cache': False, 'cmake_clean_first': False, 'cmake_force_configure': False, 'cmake_target': None, 'cmake_target_skip_unavailable': False, 'install_base': '/home/vlados/ias0220/install/encoders_pkg', 'merge_install': False, 'path': '/home/vlados/ias0220/src/encoders_pkg', 'symlink_install': False, 'test_result_base': None}
[0.536s] INFO:colcon.colcon_core.executor:Executing jobs using 'parallel' executor
[0.537s] DEBUG:colcon.colcon_parallel_executor.executor.parallel:run_until_complete
[0.537s] INFO:colcon.colcon_ros.task.ament_cmake.build:Building ROS package in '/home/vlados/ias0220/src/encoders_interfaces' with build type 'ament_cmake'
[0.537s] INFO:colcon.colcon_cmake.task.cmake.build:Building CMake package in '/home/vlados/ias0220/src/encoders_interfaces'
[0.541s] INFO:colcon.colcon_core.plugin_system:Skipping extension 'colcon_core.shell.bat': Not used on non-Windows systems
[0.541s] INFO:colcon.colcon_core.shell:Skip shell extension 'powershell' for command environment: Not usable outside of PowerShell
[0.541s] DEBUG:colcon.colcon_core.shell:Skip shell extension 'dsv' for command environment
[0.544s] INFO:colcon.colcon_ros.task.ament_python.build:Building ROS package in '/home/vlados/ias0220/src/ias0220_250620' with build type 'ament_python'
[0.544s] Level 1:colcon.colcon_core.shell:create_environment_hook('ias0220_250620', 'ament_prefix_path')
[0.544s] INFO:colcon.colcon_core.shell:Creating environment hook '/home/vlados/ias0220/install/ias0220_250620/share/ias0220_250620/hook/ament_prefix_path.ps1'
[0.546s] INFO:colcon.colcon_core.shell:Creating environment descriptor '/home/vlados/ias0220/install/ias0220_250620/share/ias0220_250620/hook/ament_prefix_path.dsv'
[0.546s] INFO:colcon.colcon_core.shell:Creating environment hook '/home/vlados/ias0220/install/ias0220_250620/share/ias0220_250620/hook/ament_prefix_path.sh'
[0.547s] INFO:colcon.colcon_core.shell:Skip shell extension 'powershell' for command environment: Not usable outside of PowerShell
[0.547s] DEBUG:colcon.colcon_core.shell:Skip shell extension 'dsv' for command environment
[0.549s] INFO:colcon.colcon_ros.task.ament_python.build:Building ROS package in '/home/vlados/ias0220/src/ias0220_sensors' with build type 'ament_python'
[0.549s] Level 1:colcon.colcon_core.shell:create_environment_hook('ias0220_sensors', 'ament_prefix_path')
[0.550s] INFO:colcon.colcon_core.shell:Creating environment hook '/home/vlados/ias0220/install/ias0220_sensors/share/ias0220_sensors/hook/ament_prefix_path.ps1'
[0.550s] INFO:colcon.colcon_core.shell:Creating environment descriptor '/home/vlados/ias0220/install/ias0220_sensors/share/ias0220_sensors/hook/ament_prefix_path.dsv'
[0.550s] INFO:colcon.colcon_core.shell:Creating environment hook '/home/vlados/ias0220/install/ias0220_sensors/share/ias0220_sensors/hook/ament_prefix_path.sh'
[0.551s] INFO:colcon.colcon_core.shell:Skip shell extension 'powershell' for command environment: Not usable outside of PowerShell
[0.551s] DEBUG:colcon.colcon_core.shell:Skip shell extension 'dsv' for command environment
[0.553s] INFO:colcon.colcon_ros.task.ament_python.build:Building ROS package in '/home/vlados/ias0220/src/setup_gazebo_ias0220' with build type 'ament_python'
[0.553s] Level 1:colcon.colcon_core.shell:create_environment_hook('setup_gazebo_ias0220', 'ament_prefix_path')
[0.553s] INFO:colcon.colcon_core.shell:Creating environment hook '/home/vlados/ias0220/install/setup_gazebo_ias0220/share/setup_gazebo_ias0220/hook/ament_prefix_path.ps1'
[0.554s] INFO:colcon.colcon_core.shell:Creating environment descriptor '/home/vlados/ias0220/install/setup_gazebo_ias0220/share/setup_gazebo_ias0220/hook/ament_prefix_path.dsv'
[0.554s] INFO:colcon.colcon_core.shell:Creating environment hook '/home/vlados/ias0220/install/setup_gazebo_ias0220/share/setup_gazebo_ias0220/hook/ament_prefix_path.sh'
[0.555s] INFO:colcon.colcon_core.shell:Skip shell extension 'powershell' for command environment: Not usable outside of PowerShell
[0.555s] DEBUG:colcon.colcon_core.shell:Skip shell extension 'dsv' for command environment
[0.557s] INFO:colcon.colcon_ros.task.ament_cmake.build:Building ROS package in '/home/vlados/ias0220/src/transform_frame' with build type 'ament_cmake'
[0.557s] INFO:colcon.colcon_cmake.task.cmake.build:Building CMake package in '/home/vlados/ias0220/src/transform_frame'
[0.557s] INFO:colcon.colcon_core.shell:Skip shell extension 'powershell' for command environment: Not usable outside of PowerShell
[0.557s] DEBUG:colcon.colcon_core.shell:Skip shell extension 'dsv' for command environment
[0.563s] DEBUG:colcon.colcon_core.event_handler.log_command:Invoking command in '/home/vlados/ias0220/build/encoders_interfaces': CMAKE_PREFIX_PATH=/opt/ros/humble /usr/bin/cmake --build /home/vlados/ias0220/build/encoders_interfaces -- -j16 -l16
[0.741s] INFO:colcon.colcon_core.task.python.build:Building Python package in '/home/vlados/ias0220/src/ias0220_250620'
[0.741s] INFO:colcon.colcon_core.shell:Skip shell extension 'powershell' for command environment: Not usable outside of PowerShell
[0.741s] DEBUG:colcon.colcon_core.shell:Skip shell extension 'dsv' for command environment
[0.914s] INFO:colcon.colcon_core.task.python.build:Building Python package in '/home/vlados/ias0220/src/ias0220_sensors'
[0.914s] INFO:colcon.colcon_core.shell:Skip shell extension 'powershell' for command environment: Not usable outside of PowerShell
[0.914s] DEBUG:colcon.colcon_core.shell:Skip shell extension 'dsv' for command environment
[1.098s] INFO:colcon.colcon_core.task.python.build:Building Python package in '/home/vlados/ias0220/src/setup_gazebo_ias0220'
[1.098s] INFO:colcon.colcon_core.shell:Skip shell extension 'powershell' for command environment: Not usable outside of PowerShell
[1.098s] DEBUG:colcon.colcon_core.shell:Skip shell extension 'dsv' for command environment
[1.108s] DEBUG:colcon.colcon_core.event_handler.log_command:Invoked command in '/home/vlados/ias0220/build/encoders_interfaces' returned '0': CMAKE_PREFIX_PATH=/opt/ros/humble /usr/bin/cmake --build /home/vlados/ias0220/build/encoders_interfaces -- -j16 -l16
[1.122s] DEBUG:colcon.colcon_core.event_handler.log_command:Invoking command in '/home/vlados/ias0220/build/encoders_interfaces': CMAKE_PREFIX_PATH=/opt/ros/humble /usr/bin/cmake --install /home/vlados/ias0220/build/encoders_interfaces
[1.127s] DEBUG:colcon.colcon_core.event_handler.log_command:Invoking command in '/home/vlados/ias0220/build/transform_frame': CMAKE_PREFIX_PATH=/opt/ros/humble /usr/bin/cmake --build /home/vlados/ias0220/build/transform_frame -- -j16 -l16
[1.189s] Level 1:colcon.colcon_core.environment:create_environment_scripts_only(encoders_interfaces)
[1.190s] DEBUG:colcon.colcon_core.event_handler.log_command:Invoked command in '/home/vlados/ias0220/build/encoders_interfaces' returned '0': CMAKE_PREFIX_PATH=/opt/ros/humble /usr/bin/cmake --install /home/vlados/ias0220/build/encoders_interfaces
[1.195s] Level 1:colcon.colcon_core.environment:checking '/home/vlados/ias0220/install/encoders_interfaces' for CMake module files
[1.195s] Level 1:colcon.colcon_core.environment:checking '/home/vlados/ias0220/install/encoders_interfaces' for CMake config files
[1.196s] Level 1:colcon.colcon_core.shell:create_environment_hook('encoders_interfaces', 'cmake_prefix_path')
[1.196s] INFO:colcon.colcon_core.shell:Creating environment hook '/home/vlados/ias0220/install/encoders_interfaces/share/encoders_interfaces/hook/cmake_prefix_path.ps1'
[1.196s] INFO:colcon.colcon_core.shell:Creating environment descriptor '/home/vlados/ias0220/install/encoders_interfaces/share/encoders_interfaces/hook/cmake_prefix_path.dsv'
[1.197s] INFO:colcon.colcon_core.shell:Creating environment hook '/home/vlados/ias0220/install/encoders_interfaces/share/encoders_interfaces/hook/cmake_prefix_path.sh'
[1.197s] Level 1:colcon.colcon_core.environment:checking '/home/vlados/ias0220/install/encoders_interfaces/lib'
[1.197s] Level 1:colcon.colcon_core.shell:create_environment_hook('encoders_interfaces', 'ld_library_path_lib')
[1.197s] INFO:colcon.colcon_core.shell:Creating environment hook '/home/vlados/ias0220/install/encoders_interfaces/share/encoders_interfaces/hook/ld_library_path_lib.ps1'
[1.197s] INFO:colcon.colcon_core.shell:Creating environment descriptor '/home/vlados/ias0220/install/encoders_interfaces/share/encoders_interfaces/hook/ld_library_path_lib.dsv'
[1.198s] INFO:colcon.colcon_core.shell:Creating environment hook '/home/vlados/ias0220/install/encoders_interfaces/share/encoders_interfaces/hook/ld_library_path_lib.sh'
[1.198s] Level 1:colcon.colcon_core.environment:checking '/home/vlados/ias0220/install/encoders_interfaces/bin'
[1.198s] Level 1:colcon.colcon_core.environment:checking '/home/vlados/ias0220/install/encoders_interfaces/lib/pkgconfig/encoders_interfaces.pc'
[1.198s] Level 1:colcon.colcon_core.environment:checking '/home/vlados/ias0220/install/encoders_interfaces/lib/python3.10/site-packages'
[1.198s] Level 1:colcon.colcon_core.environment:checking '/home/vlados/ias0220/install/encoders_interfaces/bin'
[1.199s] INFO:colcon.colcon_core.shell:Creating package script '/home/vlados/ias0220/install/encoders_interfaces/share/encoders_interfaces/package.ps1'
[1.199s] INFO:colcon.colcon_core.shell:Creating package descriptor '/home/vlados/ias0220/install/encoders_interfaces/share/encoders_interfaces/package.dsv'
[1.200s] INFO:colcon.colcon_core.shell:Creating package script '/home/vlados/ias0220/install/encoders_interfaces/share/encoders_interfaces/package.sh'
[1.202s] INFO:colcon.colcon_core.shell:Creating package script '/home/vlados/ias0220/install/encoders_interfaces/share/encoders_interfaces/package.bash'
[1.203s] INFO:colcon.colcon_core.shell:Creating package script '/home/vlados/ias0220/install/encoders_interfaces/share/encoders_interfaces/package.zsh'
[1.204s] Level 1:colcon.colcon_core.environment:create_file_with_runtime_dependencies(/home/vlados/ias0220/install/encoders_interfaces/share/colcon-core/packages/encoders_interfaces)
[1.206s] Level 1:colcon.colcon_core.environment:create_environment_scripts_only(encoders_interfaces)
[1.206s] Level 1:colcon.colcon_core.environment:checking '/home/vlados/ias0220/install/encoders_interfaces' for CMake module files
[1.206s] Level 1:colcon.colcon_core.environment:checking '/home/vlados/ias0220/install/encoders_interfaces' for CMake config files
[1.206s] Level 1:colcon.colcon_core.shell:create_environment_hook('encoders_interfaces', 'cmake_prefix_path')
[1.207s] INFO:colcon.colcon_core.shell:Creating environment hook '/home/vlados/ias0220/install/encoders_interfaces/share/encoders_interfaces/hook/cmake_prefix_path.ps1'
[1.207s] INFO:colcon.colcon_core.shell:Creating environment descriptor '/home/vlados/ias0220/install/encoders_interfaces/share/encoders_interfaces/hook/cmake_prefix_path.dsv'
[1.207s] INFO:colcon.colcon_core.shell:Creating environment hook '/home/vlados/ias0220/install/encoders_interfaces/share/encoders_interfaces/hook/cmake_prefix_path.sh'
[1.207s] Level 1:colcon.colcon_core.environment:checking '/home/vlados/ias0220/install/encoders_interfaces/lib'
[1.207s] Level 1:colcon.colcon_core.shell:create_environment_hook('encoders_interfaces', 'ld_library_path_lib')
[1.208s] INFO:colcon.colcon_core.shell:Creating environment hook '/home/vlados/ias0220/install/encoders_interfaces/share/encoders_interfaces/hook/ld_library_path_lib.ps1'
[1.208s] INFO:colcon.colcon_core.shell:Creating environment descriptor '/home/vlados/ias0220/install/encoders_interfaces/share/encoders_interfaces/hook/ld_library_path_lib.dsv'
[1.209s] INFO:colcon.colcon_core.shell:Creating environment hook '/home/vlados/ias0220/install/encoders_interfaces/share/encoders_interfaces/hook/ld_library_path_lib.sh'
[1.209s] Level 1:colcon.colcon_core.environment:checking '/home/vlados/ias0220/install/encoders_interfaces/bin'
[1.209s] Level 1:colcon.colcon_core.environment:checking '/home/vlados/ias0220/install/encoders_interfaces/lib/pkgconfig/encoders_interfaces.pc'
[1.209s] Level 1:colcon.colcon_core.environment:checking '/home/vlados/ias0220/install/encoders_interfaces/lib/python3.10/site-packages'
[1.210s] Level 1:colcon.colcon_core.environment:checking '/home/vlados/ias0220/install/encoders_interfaces/bin'
[1.210s] INFO:colcon.colcon_core.shell:Creating package script '/home/vlados/ias0220/install/encoders_interfaces/share/encoders_interfaces/package.ps1'
[1.211s] INFO:colcon.colcon_core.shell:Creating package descriptor '/home/vlados/ias0220/install/encoders_interfaces/share/encoders_interfaces/package.dsv'
[1.211s] INFO:colcon.colcon_core.shell:Creating package script '/home/vlados/ias0220/install/encoders_interfaces/share/encoders_interfaces/package.sh'
[1.212s] INFO:colcon.colcon_core.shell:Creating package script '/home/vlados/ias0220/install/encoders_interfaces/share/encoders_interfaces/package.bash'
[1.213s] INFO:colcon.colcon_core.shell:Creating package script '/home/vlados/ias0220/install/encoders_interfaces/share/encoders_interfaces/package.zsh'
[1.213s] Level 1:colcon.colcon_core.environment:create_file_with_runtime_dependencies(/home/vlados/ias0220/install/encoders_interfaces/share/colcon-core/packages/encoders_interfaces)
[1.213s] INFO:colcon.colcon_ros.task.ament_python.build:Building ROS package in '/home/vlados/ias0220/src/encoders_pkg' with build type 'ament_python'
[1.214s] Level 1:colcon.colcon_core.shell:create_environment_hook('encoders_pkg', 'ament_prefix_path')
[1.214s] INFO:colcon.colcon_core.shell:Creating environment hook '/home/vlados/ias0220/install/encoders_pkg/share/encoders_pkg/hook/ament_prefix_path.ps1'
[1.216s] INFO:colcon.colcon_core.shell:Creating environment descriptor '/home/vlados/ias0220/install/encoders_pkg/share/encoders_pkg/hook/ament_prefix_path.dsv'
[1.216s] INFO:colcon.colcon_core.shell:Creating environment hook '/home/vlados/ias0220/install/encoders_pkg/share/encoders_pkg/hook/ament_prefix_path.sh'
[1.217s] INFO:colcon.colcon_core.shell:Skip shell extension 'powershell' for command environment: Not usable outside of PowerShell
[1.217s] DEBUG:colcon.colcon_core.shell:Skip shell extension 'dsv' for command environment
[1.405s] INFO:colcon.colcon_core.task.python.build:Building Python package in '/home/vlados/ias0220/src/encoders_pkg'
[1.405s] INFO:colcon.colcon_core.shell:Skip shell extension 'powershell' for command environment: Not usable outside of PowerShell
[1.405s] DEBUG:colcon.colcon_core.shell:Skip shell extension 'dsv' for command environment
[1.414s] DEBUG:colcon.colcon_core.event_handler.log_command:Invoking command in '/home/vlados/ias0220/src/setup_gazebo_ias0220': PYTHONPATH=/home/vlados/ias0220/build/setup_gazebo_ias0220/prefix_override:/usr/lib/python3/dist-packages/colcon_core/task/python/colcon_distutils_commands:/home/vlados/ias0220/install/setup_gazebo_ias0220/lib/python3.10/site-packages:${PYTHONPATH} /usr/bin/python3 -W ignore:setup.py install is deprecated -W ignore:easy_install command is deprecated setup.py egg_info --egg-base ../../build/setup_gazebo_ias0220 build --build-base /home/vlados/ias0220/build/setup_gazebo_ias0220/build install --record /home/vlados/ias0220/build/setup_gazebo_ias0220/install.log --single-version-externally-managed install_data
[1.417s] DEBUG:colcon.colcon_core.event_handler.log_command:Invoking command in '/home/vlados/ias0220/src/ias0220_sensors': PYTHONPATH=/home/vlados/ias0220/build/ias0220_sensors/prefix_override:/usr/lib/python3/dist-packages/colcon_core/task/python/colcon_distutils_commands:/home/vlados/ias0220/install/ias0220_sensors/lib/python3.10/site-packages:${PYTHONPATH} /usr/bin/python3 -W ignore:setup.py install is deprecated -W ignore:easy_install command is deprecated setup.py egg_info --egg-base ../../build/ias0220_sensors build --build-base /home/vlados/ias0220/build/ias0220_sensors/build install --record /home/vlados/ias0220/build/ias0220_sensors/install.log --single-version-externally-managed install_data
[1.418s] DEBUG:colcon.colcon_core.event_handler.log_command:Invoking command in '/home/vlados/ias0220/src/ias0220_250620': PYTHONPATH=/home/vlados/ias0220/build/ias0220_250620/prefix_override:/usr/lib/python3/dist-packages/colcon_core/task/python/colcon_distutils_commands:/home/vlados/ias0220/install/ias0220_250620/lib/python3.10/site-packages:${PYTHONPATH} /usr/bin/python3 -W ignore:setup.py install is deprecated -W ignore:easy_install command is deprecated setup.py egg_info --egg-base ../../build/ias0220_250620 build --build-base /home/vlados/ias0220/build/ias0220_250620/build install --record /home/vlados/ias0220/build/ias0220_250620/install.log --single-version-externally-managed install_data
[1.418s] DEBUG:colcon.colcon_core.event_handler.log_command:Invoked command in '/home/vlados/ias0220/build/transform_frame' returned '0': CMAKE_PREFIX_PATH=/opt/ros/humble /usr/bin/cmake --build /home/vlados/ias0220/build/transform_frame -- -j16 -l16
[1.420s] DEBUG:colcon.colcon_core.event_handler.log_command:Invoking command in '/home/vlados/ias0220/build/transform_frame': CMAKE_PREFIX_PATH=/opt/ros/humble /usr/bin/cmake --install /home/vlados/ias0220/build/transform_frame
[1.433s] Level 1:colcon.colcon_core.environment:create_environment_scripts_only(transform_frame)
[1.434s] Level 1:colcon.colcon_core.environment:checking '/home/vlados/ias0220/install/transform_frame' for CMake module files
[1.434s] DEBUG:colcon.colcon_core.event_handler.log_command:Invoked command in '/home/vlados/ias0220/build/transform_frame' returned '0': CMAKE_PREFIX_PATH=/opt/ros/humble /usr/bin/cmake --install /home/vlados/ias0220/build/transform_frame
[1.434s] Level 1:colcon.colcon_core.environment:checking '/home/vlados/ias0220/install/transform_frame' for CMake config files
[1.436s] Level 1:colcon.colcon_core.shell:create_environment_hook('transform_frame', 'cmake_prefix_path')
[1.436s] INFO:colcon.colcon_core.shell:Creating environment hook '/home/vlados/ias0220/install/transform_frame/share/transform_frame/hook/cmake_prefix_path.ps1'
[1.436s] INFO:colcon.colcon_core.shell:Creating environment descriptor '/home/vlados/ias0220/install/transform_frame/share/transform_frame/hook/cmake_prefix_path.dsv'
[1.436s] INFO:colcon.colcon_core.shell:Creating environment hook '/home/vlados/ias0220/install/transform_frame/share/transform_frame/hook/cmake_prefix_path.sh'
[1.437s] Level 1:colcon.colcon_core.environment:checking '/home/vlados/ias0220/install/transform_frame/lib'
[1.437s] Level 1:colcon.colcon_core.environment:checking '/home/vlados/ias0220/install/transform_frame/bin'
[1.437s] Level 1:colcon.colcon_core.environment:checking '/home/vlados/ias0220/install/transform_frame/lib/pkgconfig/transform_frame.pc'
[1.437s] Level 1:colcon.colcon_core.environment:checking '/home/vlados/ias0220/install/transform_frame/lib/python3.10/site-packages'
[1.437s] Level 1:colcon.colcon_core.environment:checking '/home/vlados/ias0220/install/transform_frame/bin'
[1.437s] INFO:colcon.colcon_core.shell:Creating package script '/home/vlados/ias0220/install/transform_frame/share/transform_frame/package.ps1'
[1.438s] INFO:colcon.colcon_core.shell:Creating package descriptor '/home/vlados/ias0220/install/transform_frame/share/transform_frame/package.dsv'
[1.438s] INFO:colcon.colcon_core.shell:Creating package script '/home/vlados/ias0220/install/transform_frame/share/transform_frame/package.sh'
[1.438s] INFO:colcon.colcon_core.shell:Creating package script '/home/vlados/ias0220/install/transform_frame/share/transform_frame/package.bash'
[1.438s] INFO:colcon.colcon_core.shell:Creating package script '/home/vlados/ias0220/install/transform_frame/share/transform_frame/package.zsh'
[1.439s] Level 1:colcon.colcon_core.environment:create_file_with_runtime_dependencies(/home/vlados/ias0220/install/transform_frame/share/colcon-core/packages/transform_frame)
[1.439s] Level 1:colcon.colcon_core.environment:create_environment_scripts_only(transform_frame)
[1.439s] Level 1:colcon.colcon_core.environment:checking '/home/vlados/ias0220/install/transform_frame' for CMake module files
[1.439s] Level 1:colcon.colcon_core.environment:checking '/home/vlados/ias0220/install/transform_frame' for CMake config files
[1.440s] Level 1:colcon.colcon_core.shell:create_environment_hook('transform_frame', 'cmake_prefix_path')
[1.440s] INFO:colcon.colcon_core.shell:Creating environment hook '/home/vlados/ias0220/install/transform_frame/share/transform_frame/hook/cmake_prefix_path.ps1'
[1.440s] INFO:colcon.colcon_core.shell:Creating environment descriptor '/home/vlados/ias0220/install/transform_frame/share/transform_frame/hook/cmake_prefix_path.dsv'
[1.440s] INFO:colcon.colcon_core.shell:Creating environment hook '/home/vlados/ias0220/install/transform_frame/share/transform_frame/hook/cmake_prefix_path.sh'
[1.441s] Level 1:colcon.colcon_core.environment:checking '/home/vlados/ias0220/install/transform_frame/lib'
[1.441s] Level 1:colcon.colcon_core.environment:checking '/home/vlados/ias0220/install/transform_frame/bin'
[1.441s] Level 1:colcon.colcon_core.environment:checking '/home/vlados/ias0220/install/transform_frame/lib/pkgconfig/transform_frame.pc'
[1.441s] Level 1:colcon.colcon_core.environment:checking '/home/vlados/ias0220/install/transform_frame/lib/python3.10/site-packages'
[1.441s] Level 1:colcon.colcon_core.environment:checking '/home/vlados/ias0220/install/transform_frame/bin'
[1.441s] INFO:colcon.colcon_core.shell:Creating package script '/home/vlados/ias0220/install/transform_frame/share/transform_frame/package.ps1'
[1.441s] INFO:colcon.colcon_core.shell:Creating package descriptor '/home/vlados/ias0220/install/transform_frame/share/transform_frame/package.dsv'
[1.442s] INFO:colcon.colcon_core.shell:Creating package script '/home/vlados/ias0220/install/transform_frame/share/transform_frame/package.sh'
[1.442s] INFO:colcon.colcon_core.shell:Creating package script '/home/vlados/ias0220/install/transform_frame/share/transform_frame/package.bash'
[1.442s] INFO:colcon.colcon_core.shell:Creating package script '/home/vlados/ias0220/install/transform_frame/share/transform_frame/package.zsh'
[1.443s] Level 1:colcon.colcon_core.environment:create_file_with_runtime_dependencies(/home/vlados/ias0220/install/transform_frame/share/colcon-core/packages/transform_frame)
[1.620s] Level 1:colcon.colcon_core.environment:checking '/home/vlados/ias0220/install/setup_gazebo_ias0220' for CMake module files
[1.621s] DEBUG:colcon.colcon_core.event_handler.log_command:Invoked command in '/home/vlados/ias0220/src/setup_gazebo_ias0220' returned '0': PYTHONPATH=/home/vlados/ias0220/build/setup_gazebo_ias0220/prefix_override:/usr/lib/python3/dist-packages/colcon_core/task/python/colcon_distutils_commands:/home/vlados/ias0220/install/setup_gazebo_ias0220/lib/python3.10/site-packages:${PYTHONPATH} /usr/bin/python3 -W ignore:setup.py install is deprecated -W ignore:easy_install command is deprecated setup.py egg_info --egg-base ../../build/setup_gazebo_ias0220 build --build-base /home/vlados/ias0220/build/setup_gazebo_ias0220/build install --record /home/vlados/ias0220/build/setup_gazebo_ias0220/install.log --single-version-externally-managed install_data
[1.621s] Level 1:colcon.colcon_core.environment:checking '/home/vlados/ias0220/install/setup_gazebo_ias0220' for CMake config files
[1.624s] Level 1:colcon.colcon_core.environment:checking '/home/vlados/ias0220/install/setup_gazebo_ias0220/lib'
[1.624s] Level 1:colcon.colcon_core.environment:checking '/home/vlados/ias0220/install/setup_gazebo_ias0220/bin'
[1.624s] Level 1:colcon.colcon_core.environment:checking '/home/vlados/ias0220/install/setup_gazebo_ias0220/lib/pkgconfig/setup_gazebo_ias0220.pc'
[1.624s] Level 1:colcon.colcon_core.environment:checking '/home/vlados/ias0220/install/setup_gazebo_ias0220/lib/python3.10/site-packages'
[1.624s] Level 1:colcon.colcon_core.shell:create_environment_hook('setup_gazebo_ias0220', 'pythonpath')
[1.624s] INFO:colcon.colcon_core.shell:Creating environment hook '/home/vlados/ias0220/install/setup_gazebo_ias0220/share/setup_gazebo_ias0220/hook/pythonpath.ps1'
[1.625s] INFO:colcon.colcon_core.shell:Creating environment descriptor '/home/vlados/ias0220/install/setup_gazebo_ias0220/share/setup_gazebo_ias0220/hook/pythonpath.dsv'
[1.625s] INFO:colcon.colcon_core.shell:Creating environment hook '/home/vlados/ias0220/install/setup_gazebo_ias0220/share/setup_gazebo_ias0220/hook/pythonpath.sh'
[1.626s] Level 1:colcon.colcon_core.environment:checking '/home/vlados/ias0220/install/setup_gazebo_ias0220/bin'
[1.626s] Level 1:colcon.colcon_core.environment:create_environment_scripts_only(setup_gazebo_ias0220)
[1.627s] INFO:colcon.colcon_core.shell:Creating package script '/home/vlados/ias0220/install/setup_gazebo_ias0220/share/setup_gazebo_ias0220/package.ps1'
[1.627s] INFO:colcon.colcon_core.shell:Creating package descriptor '/home/vlados/ias0220/install/setup_gazebo_ias0220/share/setup_gazebo_ias0220/package.dsv'
[1.628s] INFO:colcon.colcon_core.shell:Creating package script '/home/vlados/ias0220/install/setup_gazebo_ias0220/share/setup_gazebo_ias0220/package.sh'
[1.629s] INFO:colcon.colcon_core.shell:Creating package script '/home/vlados/ias0220/install/setup_gazebo_ias0220/share/setup_gazebo_ias0220/package.bash'
[1.629s] INFO:colcon.colcon_core.shell:Creating package script '/home/vlados/ias0220/install/setup_gazebo_ias0220/share/setup_gazebo_ias0220/package.zsh'
[1.629s] Level 1:colcon.colcon_core.environment:create_file_with_runtime_dependencies(/home/vlados/ias0220/install/setup_gazebo_ias0220/share/colcon-core/packages/setup_gazebo_ias0220)
[1.631s] Level 1:colcon.colcon_core.environment:checking '/home/vlados/ias0220/install/ias0220_sensors' for CMake module files
[1.632s] DEBUG:colcon.colcon_core.event_handler.log_command:Invoked command in '/home/vlados/ias0220/src/ias0220_sensors' returned '0': PYTHONPATH=/home/vlados/ias0220/build/ias0220_sensors/prefix_override:/usr/lib/python3/dist-packages/colcon_core/task/python/colcon_distutils_commands:/home/vlados/ias0220/install/ias0220_sensors/lib/python3.10/site-packages:${PYTHONPATH} /usr/bin/python3 -W ignore:setup.py install is deprecated -W ignore:easy_install command is deprecated setup.py egg_info --egg-base ../../build/ias0220_sensors build --build-base /home/vlados/ias0220/build/ias0220_sensors/build install --record /home/vlados/ias0220/build/ias0220_sensors/install.log --single-version-externally-managed install_data
[1.632s] Level 1:colcon.colcon_core.environment:checking '/home/vlados/ias0220/install/ias0220_sensors' for CMake config files
[1.633s] Level 1:colcon.colcon_core.environment:checking '/home/vlados/ias0220/install/ias0220_sensors/lib'
[1.633s] Level 1:colcon.colcon_core.environment:checking '/home/vlados/ias0220/install/ias0220_sensors/bin'
[1.633s] Level 1:colcon.colcon_core.environment:checking '/home/vlados/ias0220/install/ias0220_sensors/lib/pkgconfig/ias0220_sensors.pc'
[1.633s] Level 1:colcon.colcon_core.environment:checking '/home/vlados/ias0220/install/ias0220_sensors/lib/python3.10/site-packages'
[1.633s] Level 1:colcon.colcon_core.shell:create_environment_hook('ias0220_sensors', 'pythonpath')
[1.633s] INFO:colcon.colcon_core.shell:Creating environment hook '/home/vlados/ias0220/install/ias0220_sensors/share/ias0220_sensors/hook/pythonpath.ps1'
[1.634s] INFO:colcon.colcon_core.shell:Creating environment descriptor '/home/vlados/ias0220/install/ias0220_sensors/share/ias0220_sensors/hook/pythonpath.dsv'
[1.634s] INFO:colcon.colcon_core.shell:Creating environment hook '/home/vlados/ias0220/install/ias0220_sensors/share/ias0220_sensors/hook/pythonpath.sh'
[1.635s] Level 1:colcon.colcon_core.environment:checking '/home/vlados/ias0220/install/ias0220_sensors/bin'
[1.635s] Level 1:colcon.colcon_core.environment:create_environment_scripts_only(ias0220_sensors)
[1.635s] INFO:colcon.colcon_core.shell:Creating package script '/home/vlados/ias0220/install/ias0220_sensors/share/ias0220_sensors/package.ps1'
[1.636s] INFO:colcon.colcon_core.shell:Creating package descriptor '/home/vlados/ias0220/install/ias0220_sensors/share/ias0220_sensors/package.dsv'
[1.636s] INFO:colcon.colcon_core.shell:Creating package script '/home/vlados/ias0220/install/ias0220_sensors/share/ias0220_sensors/package.sh'
[1.637s] INFO:colcon.colcon_core.shell:Creating package script '/home/vlados/ias0220/install/ias0220_sensors/share/ias0220_sensors/package.bash'
[1.637s] INFO:colcon.colcon_core.shell:Creating package script '/home/vlados/ias0220/install/ias0220_sensors/share/ias0220_sensors/package.zsh'
[1.638s] Level 1:colcon.colcon_core.environment:create_file_with_runtime_dependencies(/home/vlados/ias0220/install/ias0220_sensors/share/colcon-core/packages/ias0220_sensors)
[1.638s] Level 1:colcon.colcon_core.environment:checking '/home/vlados/ias0220/install/ias0220_250620' for CMake module files
[1.639s] DEBUG:colcon.colcon_core.event_handler.log_command:Invoked command in '/home/vlados/ias0220/src/ias0220_250620' returned '0': PYTHONPATH=/home/vlados/ias0220/build/ias0220_250620/prefix_override:/usr/lib/python3/dist-packages/colcon_core/task/python/colcon_distutils_commands:/home/vlados/ias0220/install/ias0220_250620/lib/python3.10/site-packages:${PYTHONPATH} /usr/bin/python3 -W ignore:setup.py install is deprecated -W ignore:easy_install command is deprecated setup.py egg_info --egg-base ../../build/ias0220_250620 build --build-base /home/vlados/ias0220/build/ias0220_250620/build install --record /home/vlados/ias0220/build/ias0220_250620/install.log --single-version-externally-managed install_data
[1.640s] Level 1:colcon.colcon_core.environment:checking '/home/vlados/ias0220/install/ias0220_250620' for CMake config files
[1.641s] Level 1:colcon.colcon_core.environment:checking '/home/vlados/ias0220/install/ias0220_250620/lib'
[1.642s] Level 1:colcon.colcon_core.environment:checking '/home/vlados/ias0220/install/ias0220_250620/bin'
[1.642s] Level 1:colcon.colcon_core.environment:checking '/home/vlados/ias0220/install/ias0220_250620/lib/pkgconfig/ias0220_250620.pc'
[1.642s] Level 1:colcon.colcon_core.environment:checking '/home/vlados/ias0220/install/ias0220_250620/lib/python3.10/site-packages'
[1.642s] Level 1:colcon.colcon_core.shell:create_environment_hook('ias0220_250620', 'pythonpath')
[1.642s] INFO:colcon.colcon_core.shell:Creating environment hook '/home/vlados/ias0220/install/ias0220_250620/share/ias0220_250620/hook/pythonpath.ps1'
[1.643s] INFO:colcon.colcon_core.shell:Creating environment descriptor '/home/vlados/ias0220/install/ias0220_250620/share/ias0220_250620/hook/pythonpath.dsv'
[1.643s] INFO:colcon.colcon_core.shell:Creating environment hook '/home/vlados/ias0220/install/ias0220_250620/share/ias0220_250620/hook/pythonpath.sh'
[1.644s] Level 1:colcon.colcon_core.environment:checking '/home/vlados/ias0220/install/ias0220_250620/bin'
[1.644s] Level 1:colcon.colcon_core.environment:create_environment_scripts_only(ias0220_250620)
[1.644s] INFO:colcon.colcon_core.shell:Creating package script '/home/vlados/ias0220/install/ias0220_250620/share/ias0220_250620/package.ps1'
[1.645s] INFO:colcon.colcon_core.shell:Creating package descriptor '/home/vlados/ias0220/install/ias0220_250620/share/ias0220_250620/package.dsv'
[1.645s] INFO:colcon.colcon_core.shell:Creating package script '/home/vlados/ias0220/install/ias0220_250620/share/ias0220_250620/package.sh'
[1.646s] INFO:colcon.colcon_core.shell:Creating package script '/home/vlados/ias0220/install/ias0220_250620/share/ias0220_250620/package.bash'
[1.646s] INFO:colcon.colcon_core.shell:Creating package script '/home/vlados/ias0220/install/ias0220_250620/share/ias0220_250620/package.zsh'
[1.647s] Level 1:colcon.colcon_core.environment:create_file_with_runtime_dependencies(/home/vlados/ias0220/install/ias0220_250620/share/colcon-core/packages/ias0220_250620)
[1.662s] DEBUG:colcon.colcon_core.event_handler.log_command:Invoking command in '/home/vlados/ias0220/src/encoders_pkg': AMENT_PREFIX_PATH=/home/vlados/ias0220/install/encoders_interfaces:${AMENT_PREFIX_PATH} CMAKE_PREFIX_PATH=/home/vlados/ias0220/install/encoders_interfaces LD_LIBRARY_PATH=/home/vlados/ias0220/install/encoders_interfaces/lib:${LD_LIBRARY_PATH} PYTHONPATH=/home/vlados/ias0220/build/encoders_pkg/prefix_override:/usr/lib/python3/dist-packages/colcon_core/task/python/colcon_distutils_commands:/home/vlados/ias0220/install/encoders_pkg/lib/python3.10/site-packages:/home/vlados/ias0220/install/encoders_interfaces/local/lib/python3.10/dist-packages:${PYTHONPATH} /usr/bin/python3 -W ignore:setup.py install is deprecated -W ignore:easy_install command is deprecated setup.py egg_info --egg-base ../../build/encoders_pkg build --build-base /home/vlados/ias0220/build/encoders_pkg/build install --record /home/vlados/ias0220/build/encoders_pkg/install.log --single-version-externally-managed install_data
[1.861s] Level 1:colcon.colcon_core.environment:checking '/home/vlados/ias0220/install/encoders_pkg' for CMake module files
[1.862s] DEBUG:colcon.colcon_core.event_handler.log_command:Invoked command in '/home/vlados/ias0220/src/encoders_pkg' returned '0': AMENT_PREFIX_PATH=/home/vlados/ias0220/install/encoders_interfaces:${AMENT_PREFIX_PATH} CMAKE_PREFIX_PATH=/home/vlados/ias0220/install/encoders_interfaces LD_LIBRARY_PATH=/home/vlados/ias0220/install/encoders_interfaces/lib:${LD_LIBRARY_PATH} PYTHONPATH=/home/vlados/ias0220/build/encoders_pkg/prefix_override:/usr/lib/python3/dist-packages/colcon_core/task/python/colcon_distutils_commands:/home/vlados/ias0220/install/encoders_pkg/lib/python3.10/site-packages:/home/vlados/ias0220/install/encoders_interfaces/local/lib/python3.10/dist-packages:${PYTHONPATH} /usr/bin/python3 -W ignore:setup.py install is deprecated -W ignore:easy_install command is deprecated setup.py egg_info --egg-base ../../build/encoders_pkg build --build-base /home/vlados/ias0220/build/encoders_pkg/build install --record /home/vlados/ias0220/build/encoders_pkg/install.log --single-version-externally-managed install_data
[1.862s] Level 1:colcon.colcon_core.environment:checking '/home/vlados/ias0220/install/encoders_pkg' for CMake config files
[1.864s] Level 1:colcon.colcon_core.environment:checking '/home/vlados/ias0220/install/encoders_pkg/lib'
[1.864s] Level 1:colcon.colcon_core.environment:checking '/home/vlados/ias0220/install/encoders_pkg/bin'
[1.864s] Level 1:colcon.colcon_core.environment:checking '/home/vlados/ias0220/install/encoders_pkg/lib/pkgconfig/encoders_pkg.pc'
[1.864s] Level 1:colcon.colcon_core.environment:checking '/home/vlados/ias0220/install/encoders_pkg/lib/python3.10/site-packages'
[1.865s] Level 1:colcon.colcon_core.shell:create_environment_hook('encoders_pkg', 'pythonpath')
[1.865s] INFO:colcon.colcon_core.shell:Creating environment hook '/home/vlados/ias0220/install/encoders_pkg/share/encoders_pkg/hook/pythonpath.ps1'
[1.865s] INFO:colcon.colcon_core.shell:Creating environment descriptor '/home/vlados/ias0220/install/encoders_pkg/share/encoders_pkg/hook/pythonpath.dsv'
[1.866s] INFO:colcon.colcon_core.shell:Creating environment hook '/home/vlados/ias0220/install/encoders_pkg/share/encoders_pkg/hook/pythonpath.sh'
[1.867s] Level 1:colcon.colcon_core.environment:checking '/home/vlados/ias0220/install/encoders_pkg/bin'
[1.867s] Level 1:colcon.colcon_core.environment:create_environment_scripts_only(encoders_pkg)
[1.867s] INFO:colcon.colcon_core.shell:Creating package script '/home/vlados/ias0220/install/encoders_pkg/share/encoders_pkg/package.ps1'
[1.868s] INFO:colcon.colcon_core.shell:Creating package descriptor '/home/vlados/ias0220/install/encoders_pkg/share/encoders_pkg/package.dsv'
[1.869s] INFO:colcon.colcon_core.shell:Creating package script '/home/vlados/ias0220/install/encoders_pkg/share/encoders_pkg/package.sh'
[1.869s] INFO:colcon.colcon_core.shell:Creating package script '/home/vlados/ias0220/install/encoders_pkg/share/encoders_pkg/package.bash'
[1.870s] INFO:colcon.colcon_core.shell:Creating package script '/home/vlados/ias0220/install/encoders_pkg/share/encoders_pkg/package.zsh'
[1.870s] Level 1:colcon.colcon_core.environment:create_file_with_runtime_dependencies(/home/vlados/ias0220/install/encoders_pkg/share/colcon-core/packages/encoders_pkg)
[1.871s] DEBUG:colcon.colcon_parallel_executor.executor.parallel:closing loop
[1.871s] DEBUG:colcon.colcon_parallel_executor.executor.parallel:loop closed
[1.871s] DEBUG:colcon.colcon_parallel_executor.executor.parallel:run_until_complete finished with '0'
[1.871s] DEBUG:colcon.colcon_core.event_reactor:joining thread
[1.878s] INFO:colcon.colcon_core.plugin_system:Skipping extension 'colcon_notification.desktop_notification.notify_send': Could not find 'notify-send'
[1.878s] INFO:colcon.colcon_core.plugin_system:Skipping extension 'colcon_notification.desktop_notification.terminal_notifier': Not used on non-Darwin systems
[1.878s] INFO:colcon.colcon_core.plugin_system:Skipping extension 'colcon_notification.desktop_notification.win32': Not used on non-Windows systems
[1.878s] INFO:colcon.colcon_notification.desktop_notification:Sending desktop notification using 'notify2'
[1.911s] DEBUG:colcon.colcon_core.event_reactor:joined thread
[1.911s] INFO:colcon.colcon_core.shell:Creating prefix script '/home/vlados/ias0220/install/local_setup.ps1'
[1.913s] INFO:colcon.colcon_core.shell:Creating prefix util module '/home/vlados/ias0220/install/_local_setup_util_ps1.py'
[1.915s] INFO:colcon.colcon_core.shell:Creating prefix chain script '/home/vlados/ias0220/install/setup.ps1'
[1.917s] INFO:colcon.colcon_core.shell:Creating prefix script '/home/vlados/ias0220/install/local_setup.sh'
[1.918s] INFO:colcon.colcon_core.shell:Creating prefix util module '/home/vlados/ias0220/install/_local_setup_util_sh.py'
[1.919s] INFO:colcon.colcon_core.shell:Creating prefix chain script '/home/vlados/ias0220/install/setup.sh'
[1.920s] INFO:colcon.colcon_core.shell:Creating prefix script '/home/vlados/ias0220/install/local_setup.bash'
[1.921s] INFO:colcon.colcon_core.shell:Creating prefix chain script '/home/vlados/ias0220/install/setup.bash'
[1.923s] INFO:colcon.colcon_core.shell:Creating prefix script '/home/vlados/ias0220/install/local_setup.zsh'
[1.924s] INFO:colcon.colcon_core.shell:Creating prefix chain script '/home/vlados/ias0220/install/setup.zsh'
