[0.397s] Invoking command in '/home/vlados/ros2_ws/src/ias0220_250620': PYTHONPATH=/home/vlados/ros2_ws/build/ias0220_250620/prefix_override:/usr/lib/python3/dist-packages/colcon_core/task/python/colcon_distutils_commands:/home/vlados/ros2_ws/install/ias0220_250620/lib/python3.10/site-packages:${PYTHONPATH} /usr/bin/python3 -W ignore:setup.py install is deprecated -W ignore:easy_install command is deprecated setup.py egg_info --egg-base ../../build/ias0220_250620 build --build-base /home/vlados/ros2_ws/build/ias0220_250620/build install --record /home/vlados/ros2_ws/build/ias0220_250620/install.log --single-version-externally-managed install_data
[0.553s] running egg_info
[0.553s] writing ../../build/ias0220_250620/ias0220_250620.egg-info/PKG-INFO
[0.553s] writing dependency_links to ../../build/ias0220_250620/ias0220_250620.egg-info/dependency_links.txt
[0.554s] writing entry points to ../../build/ias0220_250620/ias0220_250620.egg-info/entry_points.txt
[0.554s] writing requirements to ../../build/ias0220_250620/ias0220_250620.egg-info/requires.txt
[0.554s] writing top-level names to ../../build/ias0220_250620/ias0220_250620.egg-info/top_level.txt
[0.555s] reading manifest file '../../build/ias0220_250620/ias0220_250620.egg-info/SOURCES.txt'
[0.555s] adding license file 'LICENSE'
[0.556s] writing manifest file '../../build/ias0220_250620/ias0220_250620.egg-info/SOURCES.txt'
[0.556s] running build
[0.556s] running build_py
[0.556s] running install
[0.556s] running install_lib
[0.556s] running install_data
[0.557s] copying urdf/differential_robot.urdf -> /home/vlados/ros2_ws/install/ias0220_250620/share/ias0220_250620/urdf
[0.557s] running install_egg_info
[0.558s] removing '/home/vlados/ros2_ws/install/ias0220_250620/lib/python3.10/site-packages/ias0220_250620-0.0.0-py3.10.egg-info' (and everything under it)
[0.558s] Copying ../../build/ias0220_250620/ias0220_250620.egg-info to /home/vlados/ros2_ws/install/ias0220_250620/lib/python3.10/site-packages/ias0220_250620-0.0.0-py3.10.egg-info
[0.559s] running install_scripts
[0.572s] writing list of installed files to '/home/vlados/ros2_ws/build/ias0220_250620/install.log'
[0.587s] Invoked command in '/home/vlados/ros2_ws/src/ias0220_250620' returned '0': PYTHONPATH=/home/vlados/ros2_ws/build/ias0220_250620/prefix_override:/usr/lib/python3/dist-packages/colcon_core/task/python/colcon_distutils_commands:/home/vlados/ros2_ws/install/ias0220_250620/lib/python3.10/site-packages:${PYTHONPATH} /usr/bin/python3 -W ignore:setup.py install is deprecated -W ignore:easy_install command is deprecated setup.py egg_info --egg-base ../../build/ias0220_250620 build --build-base /home/vlados/ros2_ws/build/ias0220_250620/build install --record /home/vlados/ros2_ws/build/ias0220_250620/install.log --single-version-externally-managed install_data
