/home/vlados/ias0220/install/ias0220_250620/lib/python3.10/site-packages/ias0220_250620/__init__.py
/home/vlados/ias0220/install/ias0220_250620/lib/python3.10/site-packages/ias0220_250620/steering_node.py
/home/vlados/ias0220/install/ias0220_250620/lib/python3.10/site-packages/ias0220_250620/image_publisher.py
/home/vlados/ias0220/install/ias0220_250620/lib/python3.10/site-packages/ias0220_250620/camera_calibration.py
/home/vlados/ias0220/install/ias0220_250620/lib/python3.10/site-packages/ias0220_250620/__pycache__/__init__.cpython-310.pyc
/home/vlados/ias0220/install/ias0220_250620/lib/python3.10/site-packages/ias0220_250620/__pycache__/steering_node.cpython-310.pyc
/home/vlados/ias0220/install/ias0220_250620/lib/python3.10/site-packages/ias0220_250620/__pycache__/image_publisher.cpython-310.pyc
/home/vlados/ias0220/install/ias0220_250620/lib/python3.10/site-packages/ias0220_250620/__pycache__/camera_calibration.cpython-310.pyc
/home/vlados/ias0220/install/ias0220_250620/share/ament_index/resource_index/packages/ias0220_250620
/home/vlados/ias0220/install/ias0220_250620/share/ias0220_250620/package.xml
/home/vlados/ias0220/install/ias0220_250620/share/ias0220_250620/launch/to_the_light_task5_part2.launch.py
/home/vlados/ias0220/install/ias0220_250620/share/ias0220_250620/launch/differential_robot_rosbag_steering_task5_part2_offline_data.launch.py
/home/vlados/ias0220/install/ias0220_250620/share/ias0220_250620/launch/task6_part1_250620.launch.py
/home/vlados/ias0220/install/ias0220_250620/share/ias0220_250620/launch/differential_robot_rosbag_steering_task5_part2_online_data.launch.py
/home/vlados/ias0220/install/ias0220_250620/share/ias0220_250620/urdf/differential_robot_simu_task4_part2.urdf
/home/vlados/ias0220/install/ias0220_250620/share/ias0220_250620/urdf/myFirst.urdf
/home/vlados/ias0220/install/ias0220_250620/share/ias0220_250620/urdf/differential_robot.urdf
/home/vlados/ias0220/install/ias0220_250620/share/ias0220_250620/config/task_5-1_config.rviz
/home/vlados/ias0220/install/ias0220_250620/share/ias0220_250620/config/task_4-1_config.rviz
/home/vlados/ias0220/install/ias0220_250620/share/ias0220_250620/data/images/img_0011.png
/home/vlados/ias0220/install/ias0220_250620/share/ias0220_250620/data/images/img_0002.png
/home/vlados/ias0220/install/ias0220_250620/share/ias0220_250620/data/images/img_0010.png
/home/vlados/ias0220/install/ias0220_250620/share/ias0220_250620/data/images/img_0019.png
/home/vlados/ias0220/install/ias0220_250620/share/ias0220_250620/data/images/img_0034.png
/home/vlados/ias0220/install/ias0220_250620/share/ias0220_250620/data/images/img_0027.png
/home/vlados/ias0220/install/ias0220_250620/share/ias0220_250620/data/images/img_0037.png
/home/vlados/ias0220/install/ias0220_250620/share/ias0220_250620/data/images/img_0012.png
/home/vlados/ias0220/install/ias0220_250620/share/ias0220_250620/data/images/img_0036.png
/home/vlados/ias0220/install/ias0220_250620/share/ias0220_250620/data/images/img_0028.png
/home/vlados/ias0220/install/ias0220_250620/share/ias0220_250620/data/images/img_0018.png
/home/vlados/ias0220/install/ias0220_250620/share/ias0220_250620/data/images/img_0014.png
/home/vlados/ias0220/install/ias0220_250620/share/ias0220_250620/data/images/img_0033.png
/home/vlados/ias0220/install/ias0220_250620/share/ias0220_250620/data/images/img_0030.png
/home/vlados/ias0220/install/ias0220_250620/share/ias0220_250620/data/images/img_0006.png
/home/vlados/ias0220/install/ias0220_250620/share/ias0220_250620/data/images/img_0017.png
/home/vlados/ias0220/install/ias0220_250620/share/ias0220_250620/data/images/img_0004.png
/home/vlados/ias0220/install/ias0220_250620/share/ias0220_250620/data/images/img_0001.png
/home/vlados/ias0220/install/ias0220_250620/share/ias0220_250620/data/images/img_0016.png
/home/vlados/ias0220/install/ias0220_250620/share/ias0220_250620/data/images/img_0026.png
/home/vlados/ias0220/install/ias0220_250620/share/ias0220_250620/data/images/img_0020.png
/home/vlados/ias0220/install/ias0220_250620/share/ias0220_250620/data/images/img_0015.png
/home/vlados/ias0220/install/ias0220_250620/share/ias0220_250620/data/images/img_0032.png
/home/vlados/ias0220/install/ias0220_250620/share/ias0220_250620/data/images/img_0035.png
/home/vlados/ias0220/install/ias0220_250620/share/ias0220_250620/data/images/img_0022.png
/home/vlados/ias0220/install/ias0220_250620/share/ias0220_250620/data/images/img_0024.png
/home/vlados/ias0220/install/ias0220_250620/share/ias0220_250620/data/images/img_0013.png
/home/vlados/ias0220/install/ias0220_250620/share/ias0220_250620/data/images/img_0007.png
/home/vlados/ias0220/install/ias0220_250620/share/ias0220_250620/data/images/img_0021.png
/home/vlados/ias0220/install/ias0220_250620/share/ias0220_250620/data/images/img_0023.png
/home/vlados/ias0220/install/ias0220_250620/share/ias0220_250620/data/images/img_0008.png
/home/vlados/ias0220/install/ias0220_250620/share/ias0220_250620/data/images/img_0025.png
/home/vlados/ias0220/install/ias0220_250620/share/ias0220_250620/data/images/img_0029.png
/home/vlados/ias0220/install/ias0220_250620/share/ias0220_250620/data/images/img_0005.png
/home/vlados/ias0220/install/ias0220_250620/share/ias0220_250620/data/images/img_0009.png
/home/vlados/ias0220/install/ias0220_250620/share/ias0220_250620/data/images/img_0031.png
/home/vlados/ias0220/install/ias0220_250620/share/ias0220_250620/data/images/img_0003.png
/home/vlados/ias0220/install/ias0220_250620/lib/python3.10/site-packages/ias0220_250620-0.0.0-py3.10.egg-info/requires.txt
/home/vlados/ias0220/install/ias0220_250620/lib/python3.10/site-packages/ias0220_250620-0.0.0-py3.10.egg-info/PKG-INFO
/home/vlados/ias0220/install/ias0220_250620/lib/python3.10/site-packages/ias0220_250620-0.0.0-py3.10.egg-info/zip-safe
/home/vlados/ias0220/install/ias0220_250620/lib/python3.10/site-packages/ias0220_250620-0.0.0-py3.10.egg-info/dependency_links.txt
/home/vlados/ias0220/install/ias0220_250620/lib/python3.10/site-packages/ias0220_250620-0.0.0-py3.10.egg-info/entry_points.txt
/home/vlados/ias0220/install/ias0220_250620/lib/python3.10/site-packages/ias0220_250620-0.0.0-py3.10.egg-info/top_level.txt
/home/vlados/ias0220/install/ias0220_250620/lib/python3.10/site-packages/ias0220_250620-0.0.0-py3.10.egg-info/SOURCES.txt
/home/vlados/ias0220/install/ias0220_250620/lib/ias0220_250620/camera_calibration
/home/vlados/ias0220/install/ias0220_250620/lib/ias0220_250620/image_publish_node
/home/vlados/ias0220/install/ias0220_250620/lib/ias0220_250620/odometer
/home/vlados/ias0220/install/ias0220_250620/lib/ias0220_250620/odometry
/home/vlados/ias0220/install/ias0220_250620/lib/ias0220_250620/random_walker
/home/vlados/ias0220/install/ias0220_250620/lib/ias0220_250620/serial_interface
/home/vlados/ias0220/install/ias0220_250620/lib/ias0220_250620/steering_node
