[0.565s] Invoking command in '/home/vlados/ias0220/build/transform_frame': CMAKE_PREFIX_PATH=${CMAKE_PREFIX_PATH}:/home/vlados/ias0220/install/setup_gazebo_ias0220:/home/vlados/ias0220/install/ias0220_sensors:/home/vlados/ias0220/install/ias0220_250620:/home/vlados/ias0220/install/encoders_pkg:/opt/ros/humble /usr/bin/cmake --build /home/vlados/ias0220/build/transform_frame -- -j16 -l16
[0.623s] [100%] Built target move
[0.656s] Invoked command in '/home/vlados/ias0220/build/transform_frame' returned '0': CMAKE_PREFIX_PATH=${CMAKE_PREFIX_PATH}:/home/vlados/ias0220/install/setup_gazebo_ias0220:/home/vlados/ias0220/install/ias0220_sensors:/home/vlados/ias0220/install/ias0220_250620:/home/vlados/ias0220/install/encoders_pkg:/opt/ros/humble /usr/bin/cmake --build /home/vlados/ias0220/build/transform_frame -- -j16 -l16
[0.657s] Invoking command in '/home/vlados/ias0220/build/transform_frame': CMAKE_PREFIX_PATH=${CMAKE_PREFIX_PATH}:/home/vlados/ias0220/install/setup_gazebo_ias0220:/home/vlados/ias0220/install/ias0220_sensors:/home/vlados/ias0220/install/ias0220_250620:/home/vlados/ias0220/install/encoders_pkg:/opt/ros/humble /usr/bin/cmake --install /home/vlados/ias0220/build/transform_frame
[0.664s] -- Install configuration: ""
[0.664s] -- Up-to-date: /home/vlados/ias0220/install/transform_frame/lib/transform_frame/move
[0.664s] -- Up-to-date: /home/vlados/ias0220/install/transform_frame/share/ament_index/resource_index/package_run_dependencies/transform_frame
[0.664s] -- Up-to-date: /home/vlados/ias0220/install/transform_frame/share/ament_index/resource_index/parent_prefix_path/transform_frame
[0.664s] -- Up-to-date: /home/vlados/ias0220/install/transform_frame/share/transform_frame/environment/ament_prefix_path.sh
[0.664s] -- Up-to-date: /home/vlados/ias0220/install/transform_frame/share/transform_frame/environment/ament_prefix_path.dsv
[0.664s] -- Up-to-date: /home/vlados/ias0220/install/transform_frame/share/transform_frame/environment/path.sh
[0.664s] -- Up-to-date: /home/vlados/ias0220/install/transform_frame/share/transform_frame/environment/path.dsv
[0.665s] -- Up-to-date: /home/vlados/ias0220/install/transform_frame/share/transform_frame/local_setup.bash
[0.665s] -- Up-to-date: /home/vlados/ias0220/install/transform_frame/share/transform_frame/local_setup.sh
[0.665s] -- Up-to-date: /home/vlados/ias0220/install/transform_frame/share/transform_frame/local_setup.zsh
[0.665s] -- Up-to-date: /home/vlados/ias0220/install/transform_frame/share/transform_frame/local_setup.dsv
[0.665s] -- Installing: /home/vlados/ias0220/install/transform_frame/share/transform_frame/package.dsv
[0.665s] -- Up-to-date: /home/vlados/ias0220/install/transform_frame/share/ament_index/resource_index/packages/transform_frame
[0.665s] -- Up-to-date: /home/vlados/ias0220/install/transform_frame/share/transform_frame/cmake/transform_frameConfig.cmake
[0.665s] -- Up-to-date: /home/vlados/ias0220/install/transform_frame/share/transform_frame/cmake/transform_frameConfig-version.cmake
[0.665s] -- Up-to-date: /home/vlados/ias0220/install/transform_frame/share/transform_frame/package.xml
[0.854s] Invoked command in '/home/vlados/ias0220/build/transform_frame' returned '0': CMAKE_PREFIX_PATH=${CMAKE_PREFIX_PATH}:/home/vlados/ias0220/install/setup_gazebo_ias0220:/home/vlados/ias0220/install/ias0220_sensors:/home/vlados/ias0220/install/ias0220_250620:/home/vlados/ias0220/install/encoders_pkg:/opt/ros/humble /usr/bin/cmake --install /home/vlados/ias0220/build/transform_frame
