[0.417s] Invoking command in '/home/vlados/ias0220/src/ias0220_250620': PYTHONPATH=/home/vlados/ias0220/src/ias0220_250620/build/ias0220_250620/prefix_override:/usr/lib/python3/dist-packages/colcon_core/task/python/colcon_distutils_commands:/home/vlados/ias0220/src/ias0220_250620/install/ias0220_250620/lib/python3.10/site-packages:${PYTHONPATH} /usr/bin/python3 -W ignore:setup.py install is deprecated -W ignore:easy_install command is deprecated setup.py egg_info --egg-base build/ias0220_250620 build --build-base /home/vlados/ias0220/src/ias0220_250620/build/ias0220_250620/build install --record /home/vlados/ias0220/src/ias0220_250620/build/ias0220_250620/install.log --single-version-externally-managed install_data
[0.586s] running egg_info
[0.586s] creating build/ias0220_250620/ias0220_250620.egg-info
[0.587s] writing build/ias0220_250620/ias0220_250620.egg-info/PKG-INFO
[0.587s] writing dependency_links to build/ias0220_250620/ias0220_250620.egg-info/dependency_links.txt
[0.587s] writing entry points to build/ias0220_250620/ias0220_250620.egg-info/entry_points.txt
[0.587s] writing requirements to build/ias0220_250620/ias0220_250620.egg-info/requires.txt
[0.587s] writing top-level names to build/ias0220_250620/ias0220_250620.egg-info/top_level.txt
[0.587s] writing manifest file 'build/ias0220_250620/ias0220_250620.egg-info/SOURCES.txt'
[0.588s] reading manifest file 'build/ias0220_250620/ias0220_250620.egg-info/SOURCES.txt'
[0.588s] adding license file 'LICENSE'
[0.589s] writing manifest file 'build/ias0220_250620/ias0220_250620.egg-info/SOURCES.txt'
[0.589s] running build
[0.589s] running build_py
[0.589s] creating /home/vlados/ias0220/src/ias0220_250620/build/ias0220_250620/build
[0.589s] creating /home/vlados/ias0220/src/ias0220_250620/build/ias0220_250620/build/lib
[0.589s] creating /home/vlados/ias0220/src/ias0220_250620/build/ias0220_250620/build/lib/ias0220_250620
[0.589s] copying ias0220_250620/__init__.py -> /home/vlados/ias0220/src/ias0220_250620/build/ias0220_250620/build/lib/ias0220_250620
[0.589s] copying ias0220_250620/odometer.py -> /home/vlados/ias0220/src/ias0220_250620/build/ias0220_250620/build/lib/ias0220_250620
[0.589s] copying ias0220_250620/odometry.py -> /home/vlados/ias0220/src/ias0220_250620/build/ias0220_250620/build/lib/ias0220_250620
[0.590s] copying ias0220_250620/test_node.py -> /home/vlados/ias0220/src/ias0220_250620/build/ias0220_250620/build/lib/ias0220_250620
[0.590s] copying ias0220_250620/random_walker.py -> /home/vlados/ias0220/src/ias0220_250620/build/ias0220_250620/build/lib/ias0220_250620
[0.590s] running install
[0.590s] running install_lib
[0.590s] creating /home/vlados/ias0220/src/ias0220_250620/install/ias0220_250620/lib/python3.10/site-packages/ias0220_250620
[0.590s] copying /home/vlados/ias0220/src/ias0220_250620/build/ias0220_250620/build/lib/ias0220_250620/__init__.py -> /home/vlados/ias0220/src/ias0220_250620/install/ias0220_250620/lib/python3.10/site-packages/ias0220_250620
[0.590s] copying /home/vlados/ias0220/src/ias0220_250620/build/ias0220_250620/build/lib/ias0220_250620/odometer.py -> /home/vlados/ias0220/src/ias0220_250620/install/ias0220_250620/lib/python3.10/site-packages/ias0220_250620
[0.590s] copying /home/vlados/ias0220/src/ias0220_250620/build/ias0220_250620/build/lib/ias0220_250620/odometry.py -> /home/vlados/ias0220/src/ias0220_250620/install/ias0220_250620/lib/python3.10/site-packages/ias0220_250620
[0.590s] copying /home/vlados/ias0220/src/ias0220_250620/build/ias0220_250620/build/lib/ias0220_250620/test_node.py -> /home/vlados/ias0220/src/ias0220_250620/install/ias0220_250620/lib/python3.10/site-packages/ias0220_250620
[0.590s] copying /home/vlados/ias0220/src/ias0220_250620/build/ias0220_250620/build/lib/ias0220_250620/random_walker.py -> /home/vlados/ias0220/src/ias0220_250620/install/ias0220_250620/lib/python3.10/site-packages/ias0220_250620
[0.591s] byte-compiling /home/vlados/ias0220/src/ias0220_250620/install/ias0220_250620/lib/python3.10/site-packages/ias0220_250620/__init__.py to __init__.cpython-310.pyc
[0.591s] byte-compiling /home/vlados/ias0220/src/ias0220_250620/install/ias0220_250620/lib/python3.10/site-packages/ias0220_250620/odometer.py to odometer.cpython-310.pyc
[0.591s] byte-compiling /home/vlados/ias0220/src/ias0220_250620/install/ias0220_250620/lib/python3.10/site-packages/ias0220_250620/odometry.py to odometry.cpython-310.pyc
[0.592s] byte-compiling /home/vlados/ias0220/src/ias0220_250620/install/ias0220_250620/lib/python3.10/site-packages/ias0220_250620/test_node.py to test_node.cpython-310.pyc
[0.592s] byte-compiling /home/vlados/ias0220/src/ias0220_250620/install/ias0220_250620/lib/python3.10/site-packages/ias0220_250620/random_walker.py to random_walker.cpython-310.pyc
[0.593s] running install_data
[0.593s] creating /home/vlados/ias0220/src/ias0220_250620/install/ias0220_250620/share/ament_index
[0.593s] creating /home/vlados/ias0220/src/ias0220_250620/install/ias0220_250620/share/ament_index/resource_index
[0.593s] creating /home/vlados/ias0220/src/ias0220_250620/install/ias0220_250620/share/ament_index/resource_index/packages
[0.593s] copying resource/ias0220_250620 -> /home/vlados/ias0220/src/ias0220_250620/install/ias0220_250620/share/ament_index/resource_index/packages
[0.593s] copying package.xml -> /home/vlados/ias0220/src/ias0220_250620/install/ias0220_250620/share/ias0220_250620
[0.593s] creating /home/vlados/ias0220/src/ias0220_250620/install/ias0220_250620/share/ias0220_250620/launch
[0.593s] copying launch/differential_robot_simu_task4_part1.launch.py -> /home/vlados/ias0220/src/ias0220_250620/install/ias0220_250620/share/ias0220_250620/launch
[0.594s] copying launch/task2.launch.py -> /home/vlados/ias0220/src/ias0220_250620/install/ias0220_250620/share/ias0220_250620/launch
[0.594s] copying launch/differential_robot_simu_task4_part2.launch.py -> /home/vlados/ias0220/src/ias0220_250620/install/ias0220_250620/share/ias0220_250620/launch
[0.594s] creating /home/vlados/ias0220/src/ias0220_250620/install/ias0220_250620/share/ias0220_250620/urdf
[0.594s] copying urdf/differential_robot_simu_task4_part1.urdf -> /home/vlados/ias0220/src/ias0220_250620/install/ias0220_250620/share/ias0220_250620/urdf
[0.594s] copying urdf/myFirst.urdf -> /home/vlados/ias0220/src/ias0220_250620/install/ias0220_250620/share/ias0220_250620/urdf
[0.594s] copying urdf/differential_robot.urdf -> /home/vlados/ias0220/src/ias0220_250620/install/ias0220_250620/share/ias0220_250620/urdf
[0.594s] creating /home/vlados/ias0220/src/ias0220_250620/install/ias0220_250620/share/ias0220_250620/config
[0.594s] copying config/Task_2-1_config.rviz -> /home/vlados/ias0220/src/ias0220_250620/install/ias0220_250620/share/ias0220_250620/config
[0.594s] copying config/task_4-1_config.rviz -> /home/vlados/ias0220/src/ias0220_250620/install/ias0220_250620/share/ias0220_250620/config
[0.594s] running install_egg_info
[0.595s] Copying build/ias0220_250620/ias0220_250620.egg-info to /home/vlados/ias0220/src/ias0220_250620/install/ias0220_250620/lib/python3.10/site-packages/ias0220_250620-0.0.0-py3.10.egg-info
[0.595s] running install_scripts
[0.610s] Installing odometer script to /home/vlados/ias0220/src/ias0220_250620/install/ias0220_250620/lib/ias0220_250620
[0.610s] Installing odometry script to /home/vlados/ias0220/src/ias0220_250620/install/ias0220_250620/lib/ias0220_250620
[0.610s] Installing random_walker script to /home/vlados/ias0220/src/ias0220_250620/install/ias0220_250620/lib/ias0220_250620
[0.610s] writing list of installed files to '/home/vlados/ias0220/src/ias0220_250620/build/ias0220_250620/install.log'
[0.625s] Invoked command in '/home/vlados/ias0220/src/ias0220_250620' returned '0': PYTHONPATH=/home/vlados/ias0220/src/ias0220_250620/build/ias0220_250620/prefix_override:/usr/lib/python3/dist-packages/colcon_core/task/python/colcon_distutils_commands:/home/vlados/ias0220/src/ias0220_250620/install/ias0220_250620/lib/python3.10/site-packages:${PYTHONPATH} /usr/bin/python3 -W ignore:setup.py install is deprecated -W ignore:easy_install command is deprecated setup.py egg_info --egg-base build/ias0220_250620 build --build-base /home/vlados/ias0220/src/ias0220_250620/build/ias0220_250620/build install --record /home/vlados/ias0220/src/ias0220_250620/build/ias0220_250620/install.log --single-version-externally-managed install_data
