[0.849s] Invoking command in '/home/vlados/ias0220/src/setup_gazebo_ias0220': PYTHONPATH=/home/vlados/ias0220/build/setup_gazebo_ias0220/prefix_override:/usr/lib/python3/dist-packages/colcon_core/task/python/colcon_distutils_commands:/home/vlados/ias0220/install/setup_gazebo_ias0220/lib/python3.10/site-packages:${PYTHONPATH} /usr/bin/python3 -W ignore:setup.py install is deprecated -W ignore:easy_install command is deprecated setup.py egg_info --egg-base ../../build/setup_gazebo_ias0220 build --build-base /home/vlados/ias0220/build/setup_gazebo_ias0220/build install --record /home/vlados/ias0220/build/setup_gazebo_ias0220/install.log --single-version-externally-managed install_data
[1.019s] running egg_info
[1.020s] writing ../../build/setup_gazebo_ias0220/setup_gazebo_ias0220.egg-info/PKG-INFO
[1.020s] writing dependency_links to ../../build/setup_gazebo_ias0220/setup_gazebo_ias0220.egg-info/dependency_links.txt
[1.020s] writing entry points to ../../build/setup_gazebo_ias0220/setup_gazebo_ias0220.egg-info/entry_points.txt
[1.020s] writing requirements to ../../build/setup_gazebo_ias0220/setup_gazebo_ias0220.egg-info/requires.txt
[1.021s] writing top-level names to ../../build/setup_gazebo_ias0220/setup_gazebo_ias0220.egg-info/top_level.txt
[1.021s] reading manifest file '../../build/setup_gazebo_ias0220/setup_gazebo_ias0220.egg-info/SOURCES.txt'
[1.022s] writing manifest file '../../build/setup_gazebo_ias0220/setup_gazebo_ias0220.egg-info/SOURCES.txt'
[1.022s] running build
[1.022s] running build_py
[1.022s] running install
[1.023s] running install_lib
[1.023s] running install_data
[1.023s] running install_egg_info
[1.024s] removing '/home/vlados/ias0220/install/setup_gazebo_ias0220/lib/python3.10/site-packages/setup_gazebo_ias0220-0.0.0-py3.10.egg-info' (and everything under it)
[1.025s] Copying ../../build/setup_gazebo_ias0220/setup_gazebo_ias0220.egg-info to /home/vlados/ias0220/install/setup_gazebo_ias0220/lib/python3.10/site-packages/setup_gazebo_ias0220-0.0.0-py3.10.egg-info
[1.026s] running install_scripts
[1.041s] writing list of installed files to '/home/vlados/ias0220/build/setup_gazebo_ias0220/install.log'
[1.064s] Invoked command in '/home/vlados/ias0220/src/setup_gazebo_ias0220' returned '0': PYTHONPATH=/home/vlados/ias0220/build/setup_gazebo_ias0220/prefix_override:/usr/lib/python3/dist-packages/colcon_core/task/python/colcon_distutils_commands:/home/vlados/ias0220/install/setup_gazebo_ias0220/lib/python3.10/site-packages:${PYTHONPATH} /usr/bin/python3 -W ignore:setup.py install is deprecated -W ignore:easy_install command is deprecated setup.py egg_info --egg-base ../../build/setup_gazebo_ias0220 build --build-base /home/vlados/ias0220/build/setup_gazebo_ias0220/build install --record /home/vlados/ias0220/build/setup_gazebo_ias0220/install.log --single-version-externally-managed install_data
