[0.216s] DEBUG:colcon:Command line arguments: ['/usr/bin/colcon', 'build']
[0.217s] DEBUG:colcon:Parsed command line arguments: Namespace(log_base=None, log_level=None, verb_name='build', build_base='build', install_base='install', merge_install=False, symlink_install=False, test_result_base=None, continue_on_error=False, executor='parallel', parallel_workers=16, event_handlers=None, ignore_user_meta=False, metas=['./colcon.meta'], base_paths=['.'], packages_ignore=None, packages_ignore_regex=None, paths=None, packages_up_to=None, packages_up_to_regex=None, packages_above=None, packages_above_and_dependencies=None, packages_above_depth=None, packages_select_by_dep=None, packages_skip_by_dep=None, packages_skip_up_to=None, packages_select_build_failed=False, packages_skip_build_finished=False, packages_select_test_failures=False, packages_skip_test_passed=False, packages_select=None, packages_skip=None, packages_select_regex=None, packages_skip_regex=None, packages_start=None, packages_end=None, allow_overriding=[], cmake_args=None, cmake_target=None, cmake_target_skip_unavailable=False, cmake_clean_cache=False, cmake_clean_first=False, cmake_force_configure=False, ament_cmake_args=None, catkin_cmake_args=None, catkin_skip_building_tests=False, verb_parser=<colcon_defaults.argument_parser.defaults.DefaultArgumentsDecorator object at 0x776831123be0>, verb_extension=<colcon_core.verb.build.BuildVerb object at 0x77683126c370>, main=<bound method BuildVerb.main of <colcon_core.verb.build.BuildVerb object at 0x77683126c370>>)
[0.421s] Level 1:colcon.colcon_core.package_discovery:discover_packages(colcon_meta) check parameters
[0.421s] Level 1:colcon.colcon_core.package_discovery:discover_packages(recursive) check parameters
[0.421s] Level 1:colcon.colcon_core.package_discovery:discover_packages(ignore) check parameters
[0.421s] Level 1:colcon.colcon_core.package_discovery:discover_packages(path) check parameters
[0.421s] Level 1:colcon.colcon_core.package_discovery:discover_packages(colcon_meta) discover
[0.421s] Level 1:colcon.colcon_core.package_discovery:discover_packages(recursive) discover
[0.421s] INFO:colcon.colcon_core.package_discovery:Crawling recursively for packages in '/home/vlados/ias0220'
[0.421s] Level 1:colcon.colcon_core.package_identification:_identify(.) by extensions ['ignore', 'ignore_ament_install']
[0.421s] Level 1:colcon.colcon_core.package_identification:_identify(.) by extension 'ignore'
[0.421s] Level 1:colcon.colcon_core.package_identification:_identify(.) by extension 'ignore_ament_install'
[0.421s] Level 1:colcon.colcon_core.package_identification:_identify(.) by extensions ['colcon_pkg']
[0.421s] Level 1:colcon.colcon_core.package_identification:_identify(.) by extension 'colcon_pkg'
[0.421s] Level 1:colcon.colcon_core.package_identification:_identify(.) by extensions ['colcon_meta']
[0.421s] Level 1:colcon.colcon_core.package_identification:_identify(.) by extension 'colcon_meta'
[0.421s] Level 1:colcon.colcon_core.package_identification:_identify(.) by extensions ['ros']
[0.421s] Level 1:colcon.colcon_core.package_identification:_identify(.) by extension 'ros'
[0.433s] Level 1:colcon.colcon_core.package_identification:_identify(.) by extensions ['cmake', 'python']
[0.433s] Level 1:colcon.colcon_core.package_identification:_identify(.) by extension 'cmake'
[0.433s] Level 1:colcon.colcon_core.package_identification:_identify(.) by extension 'python'
[0.433s] Level 1:colcon.colcon_core.package_identification:_identify(.) by extensions ['python_setup_py']
[0.433s] Level 1:colcon.colcon_core.package_identification:_identify(.) by extension 'python_setup_py'
[0.433s] Level 1:colcon.colcon_core.package_identification:_identify(build) by extensions ['ignore', 'ignore_ament_install']
[0.433s] Level 1:colcon.colcon_core.package_identification:_identify(build) by extension 'ignore'
[0.433s] Level 1:colcon.colcon_core.package_identification:_identify(build) ignored
[0.433s] Level 1:colcon.colcon_core.package_identification:_identify(install) by extensions ['ignore', 'ignore_ament_install']
[0.433s] Level 1:colcon.colcon_core.package_identification:_identify(install) by extension 'ignore'
[0.434s] Level 1:colcon.colcon_core.package_identification:_identify(install) ignored
[0.434s] Level 1:colcon.colcon_core.package_identification:_identify(log) by extensions ['ignore', 'ignore_ament_install']
[0.434s] Level 1:colcon.colcon_core.package_identification:_identify(log) by extension 'ignore'
[0.434s] Level 1:colcon.colcon_core.package_identification:_identify(log) ignored
[0.434s] Level 1:colcon.colcon_core.package_identification:_identify(src) by extensions ['ignore', 'ignore_ament_install']
[0.434s] Level 1:colcon.colcon_core.package_identification:_identify(src) by extension 'ignore'
[0.434s] Level 1:colcon.colcon_core.package_identification:_identify(src) by extension 'ignore_ament_install'
[0.434s] Level 1:colcon.colcon_core.package_identification:_identify(src) by extensions ['colcon_pkg']
[0.434s] Level 1:colcon.colcon_core.package_identification:_identify(src) by extension 'colcon_pkg'
[0.434s] Level 1:colcon.colcon_core.package_identification:_identify(src) by extensions ['colcon_meta']
[0.434s] Level 1:colcon.colcon_core.package_identification:_identify(src) by extension 'colcon_meta'
[0.434s] Level 1:colcon.colcon_core.package_identification:_identify(src) by extensions ['ros']
[0.434s] Level 1:colcon.colcon_core.package_identification:_identify(src) by extension 'ros'
[0.434s] Level 1:colcon.colcon_core.package_identification:_identify(src) by extensions ['cmake', 'python']
[0.434s] Level 1:colcon.colcon_core.package_identification:_identify(src) by extension 'cmake'
[0.434s] Level 1:colcon.colcon_core.package_identification:_identify(src) by extension 'python'
[0.434s] Level 1:colcon.colcon_core.package_identification:_identify(src) by extensions ['python_setup_py']
[0.434s] Level 1:colcon.colcon_core.package_identification:_identify(src) by extension 'python_setup_py'
[0.435s] Level 1:colcon.colcon_core.package_identification:_identify(src/IAS0220_Task4_Template) by extensions ['ignore', 'ignore_ament_install']
[0.435s] Level 1:colcon.colcon_core.package_identification:_identify(src/IAS0220_Task4_Template) by extension 'ignore'
[0.435s] Level 1:colcon.colcon_core.package_identification:_identify(src/IAS0220_Task4_Template) by extension 'ignore_ament_install'
[0.435s] Level 1:colcon.colcon_core.package_identification:_identify(src/IAS0220_Task4_Template) by extensions ['colcon_pkg']
[0.435s] Level 1:colcon.colcon_core.package_identification:_identify(src/IAS0220_Task4_Template) by extension 'colcon_pkg'
[0.435s] Level 1:colcon.colcon_core.package_identification:_identify(src/IAS0220_Task4_Template) by extensions ['colcon_meta']
[0.435s] Level 1:colcon.colcon_core.package_identification:_identify(src/IAS0220_Task4_Template) by extension 'colcon_meta'
[0.435s] Level 1:colcon.colcon_core.package_identification:_identify(src/IAS0220_Task4_Template) by extensions ['ros']
[0.435s] Level 1:colcon.colcon_core.package_identification:_identify(src/IAS0220_Task4_Template) by extension 'ros'
[0.435s] Level 1:colcon.colcon_core.package_identification:_identify(src/IAS0220_Task4_Template) by extensions ['cmake', 'python']
[0.435s] Level 1:colcon.colcon_core.package_identification:_identify(src/IAS0220_Task4_Template) by extension 'cmake'
[0.435s] Level 1:colcon.colcon_core.package_identification:_identify(src/IAS0220_Task4_Template) by extension 'python'
[0.435s] Level 1:colcon.colcon_core.package_identification:_identify(src/IAS0220_Task4_Template) by extensions ['python_setup_py']
[0.435s] Level 1:colcon.colcon_core.package_identification:_identify(src/IAS0220_Task4_Template) by extension 'python_setup_py'
[0.435s] Level 1:colcon.colcon_core.package_identification:_identify(src/IAS0220_Task4_Template/Task4_template) by extensions ['ignore', 'ignore_ament_install']
[0.435s] Level 1:colcon.colcon_core.package_identification:_identify(src/IAS0220_Task4_Template/Task4_template) by extension 'ignore'
[0.435s] Level 1:colcon.colcon_core.package_identification:_identify(src/IAS0220_Task4_Template/Task4_template) by extension 'ignore_ament_install'
[0.435s] Level 1:colcon.colcon_core.package_identification:_identify(src/IAS0220_Task4_Template/Task4_template) by extensions ['colcon_pkg']
[0.435s] Level 1:colcon.colcon_core.package_identification:_identify(src/IAS0220_Task4_Template/Task4_template) by extension 'colcon_pkg'
[0.436s] Level 1:colcon.colcon_core.package_identification:_identify(src/IAS0220_Task4_Template/Task4_template) by extensions ['colcon_meta']
[0.436s] Level 1:colcon.colcon_core.package_identification:_identify(src/IAS0220_Task4_Template/Task4_template) by extension 'colcon_meta'
[0.436s] Level 1:colcon.colcon_core.package_identification:_identify(src/IAS0220_Task4_Template/Task4_template) by extensions ['ros']
[0.436s] Level 1:colcon.colcon_core.package_identification:_identify(src/IAS0220_Task4_Template/Task4_template) by extension 'ros'
[0.436s] Level 1:colcon.colcon_core.package_identification:_identify(src/IAS0220_Task4_Template/Task4_template) by extensions ['cmake', 'python']
[0.436s] Level 1:colcon.colcon_core.package_identification:_identify(src/IAS0220_Task4_Template/Task4_template) by extension 'cmake'
[0.436s] Level 1:colcon.colcon_core.package_identification:_identify(src/IAS0220_Task4_Template/Task4_template) by extension 'python'
[0.436s] Level 1:colcon.colcon_core.package_identification:_identify(src/IAS0220_Task4_Template/Task4_template) by extensions ['python_setup_py']
[0.436s] Level 1:colcon.colcon_core.package_identification:_identify(src/IAS0220_Task4_Template/Task4_template) by extension 'python_setup_py'
[0.436s] Level 1:colcon.colcon_core.package_identification:_identify(src/IAS0220_Task4_Template/Task4_template/encoders_interfaces) by extensions ['ignore', 'ignore_ament_install']
[0.436s] Level 1:colcon.colcon_core.package_identification:_identify(src/IAS0220_Task4_Template/Task4_template/encoders_interfaces) by extension 'ignore'
[0.436s] Level 1:colcon.colcon_core.package_identification:_identify(src/IAS0220_Task4_Template/Task4_template/encoders_interfaces) by extension 'ignore_ament_install'
[0.436s] Level 1:colcon.colcon_core.package_identification:_identify(src/IAS0220_Task4_Template/Task4_template/encoders_interfaces) by extensions ['colcon_pkg']
[0.436s] Level 1:colcon.colcon_core.package_identification:_identify(src/IAS0220_Task4_Template/Task4_template/encoders_interfaces) by extension 'colcon_pkg'
[0.436s] Level 1:colcon.colcon_core.package_identification:_identify(src/IAS0220_Task4_Template/Task4_template/encoders_interfaces) by extensions ['colcon_meta']
[0.436s] Level 1:colcon.colcon_core.package_identification:_identify(src/IAS0220_Task4_Template/Task4_template/encoders_interfaces) by extension 'colcon_meta'
[0.436s] Level 1:colcon.colcon_core.package_identification:_identify(src/IAS0220_Task4_Template/Task4_template/encoders_interfaces) by extensions ['ros']
[0.436s] Level 1:colcon.colcon_core.package_identification:_identify(src/IAS0220_Task4_Template/Task4_template/encoders_interfaces) by extension 'ros'
[0.439s] DEBUG:colcon.colcon_core.package_identification:Package 'src/IAS0220_Task4_Template/Task4_template/encoders_interfaces' with type 'ros.ament_cmake' and name 'encoders_interfaces'
[0.439s] Level 1:colcon.colcon_core.package_identification:_identify(src/IAS0220_Task4_Template/Task4_template/encoders_pkg) by extensions ['ignore', 'ignore_ament_install']
[0.439s] Level 1:colcon.colcon_core.package_identification:_identify(src/IAS0220_Task4_Template/Task4_template/encoders_pkg) by extension 'ignore'
[0.439s] Level 1:colcon.colcon_core.package_identification:_identify(src/IAS0220_Task4_Template/Task4_template/encoders_pkg) by extension 'ignore_ament_install'
[0.439s] Level 1:colcon.colcon_core.package_identification:_identify(src/IAS0220_Task4_Template/Task4_template/encoders_pkg) by extensions ['colcon_pkg']
[0.439s] Level 1:colcon.colcon_core.package_identification:_identify(src/IAS0220_Task4_Template/Task4_template/encoders_pkg) by extension 'colcon_pkg'
[0.439s] Level 1:colcon.colcon_core.package_identification:_identify(src/IAS0220_Task4_Template/Task4_template/encoders_pkg) by extensions ['colcon_meta']
[0.439s] Level 1:colcon.colcon_core.package_identification:_identify(src/IAS0220_Task4_Template/Task4_template/encoders_pkg) by extension 'colcon_meta'
[0.439s] Level 1:colcon.colcon_core.package_identification:_identify(src/IAS0220_Task4_Template/Task4_template/encoders_pkg) by extensions ['ros']
[0.439s] Level 1:colcon.colcon_core.package_identification:_identify(src/IAS0220_Task4_Template/Task4_template/encoders_pkg) by extension 'ros'
[0.439s] DEBUG:colcon.colcon_core.package_identification:Package 'src/IAS0220_Task4_Template/Task4_template/encoders_pkg' with type 'ros.ament_python' and name 'encoders_pkg'
[0.440s] Level 1:colcon.colcon_core.package_identification:_identify(src/IAS0220_Task4_Template/Task4_template/setup_gazebo_ias0220) by extensions ['ignore', 'ignore_ament_install']
[0.440s] Level 1:colcon.colcon_core.package_identification:_identify(src/IAS0220_Task4_Template/Task4_template/setup_gazebo_ias0220) by extension 'ignore'
[0.440s] Level 1:colcon.colcon_core.package_identification:_identify(src/IAS0220_Task4_Template/Task4_template/setup_gazebo_ias0220) by extension 'ignore_ament_install'
[0.440s] Level 1:colcon.colcon_core.package_identification:_identify(src/IAS0220_Task4_Template/Task4_template/setup_gazebo_ias0220) by extensions ['colcon_pkg']
[0.440s] Level 1:colcon.colcon_core.package_identification:_identify(src/IAS0220_Task4_Template/Task4_template/setup_gazebo_ias0220) by extension 'colcon_pkg'
[0.440s] Level 1:colcon.colcon_core.package_identification:_identify(src/IAS0220_Task4_Template/Task4_template/setup_gazebo_ias0220) by extensions ['colcon_meta']
[0.440s] Level 1:colcon.colcon_core.package_identification:_identify(src/IAS0220_Task4_Template/Task4_template/setup_gazebo_ias0220) by extension 'colcon_meta'
[0.440s] Level 1:colcon.colcon_core.package_identification:_identify(src/IAS0220_Task4_Template/Task4_template/setup_gazebo_ias0220) by extensions ['ros']
[0.440s] Level 1:colcon.colcon_core.package_identification:_identify(src/IAS0220_Task4_Template/Task4_template/setup_gazebo_ias0220) by extension 'ros'
[0.440s] DEBUG:colcon.colcon_core.package_identification:Package 'src/IAS0220_Task4_Template/Task4_template/setup_gazebo_ias0220' with type 'ros.ament_python' and name 'setup_gazebo_ias0220'
[0.440s] Level 1:colcon.colcon_core.package_identification:_identify(src/build) by extensions ['ignore', 'ignore_ament_install']
[0.441s] Level 1:colcon.colcon_core.package_identification:_identify(src/build) by extension 'ignore'
[0.441s] Level 1:colcon.colcon_core.package_identification:_identify(src/build) ignored
[0.441s] Level 1:colcon.colcon_core.package_identification:_identify(src/ias0220_250620) by extensions ['ignore', 'ignore_ament_install']
[0.441s] Level 1:colcon.colcon_core.package_identification:_identify(src/ias0220_250620) by extension 'ignore'
[0.441s] Level 1:colcon.colcon_core.package_identification:_identify(src/ias0220_250620) by extension 'ignore_ament_install'
[0.441s] Level 1:colcon.colcon_core.package_identification:_identify(src/ias0220_250620) by extensions ['colcon_pkg']
[0.441s] Level 1:colcon.colcon_core.package_identification:_identify(src/ias0220_250620) by extension 'colcon_pkg'
[0.441s] Level 1:colcon.colcon_core.package_identification:_identify(src/ias0220_250620) by extensions ['colcon_meta']
[0.441s] Level 1:colcon.colcon_core.package_identification:_identify(src/ias0220_250620) by extension 'colcon_meta'
[0.441s] Level 1:colcon.colcon_core.package_identification:_identify(src/ias0220_250620) by extensions ['ros']
[0.441s] Level 1:colcon.colcon_core.package_identification:_identify(src/ias0220_250620) by extension 'ros'
[0.442s] DEBUG:colcon.colcon_core.package_identification:Package 'src/ias0220_250620' with type 'ros.ament_python' and name 'ias0220_250620'
[0.442s] Level 1:colcon.colcon_core.package_identification:_identify(src/install) by extensions ['ignore', 'ignore_ament_install']
[0.442s] Level 1:colcon.colcon_core.package_identification:_identify(src/install) by extension 'ignore'
[0.442s] Level 1:colcon.colcon_core.package_identification:_identify(src/install) ignored
[0.442s] Level 1:colcon.colcon_core.package_identification:_identify(src/log) by extensions ['ignore', 'ignore_ament_install']
[0.442s] Level 1:colcon.colcon_core.package_identification:_identify(src/log) by extension 'ignore'
[0.442s] Level 1:colcon.colcon_core.package_identification:_identify(src/log) ignored
[0.442s] Level 1:colcon.colcon_core.package_identification:_identify(src/transform_frame) by extensions ['ignore', 'ignore_ament_install']
[0.442s] Level 1:colcon.colcon_core.package_identification:_identify(src/transform_frame) by extension 'ignore'
[0.442s] Level 1:colcon.colcon_core.package_identification:_identify(src/transform_frame) by extension 'ignore_ament_install'
[0.442s] Level 1:colcon.colcon_core.package_identification:_identify(src/transform_frame) by extensions ['colcon_pkg']
[0.442s] Level 1:colcon.colcon_core.package_identification:_identify(src/transform_frame) by extension 'colcon_pkg'
[0.442s] Level 1:colcon.colcon_core.package_identification:_identify(src/transform_frame) by extensions ['colcon_meta']
[0.442s] Level 1:colcon.colcon_core.package_identification:_identify(src/transform_frame) by extension 'colcon_meta'
[0.442s] Level 1:colcon.colcon_core.package_identification:_identify(src/transform_frame) by extensions ['ros']
[0.442s] Level 1:colcon.colcon_core.package_identification:_identify(src/transform_frame) by extension 'ros'
[0.443s] DEBUG:colcon.colcon_core.package_identification:Package 'src/transform_frame' with type 'ros.ament_cmake' and name 'transform_frame'
[0.443s] Level 1:colcon.colcon_core.package_discovery:discover_packages(recursive) using defaults
[0.443s] Level 1:colcon.colcon_core.package_discovery:discover_packages(ignore) discover
[0.443s] Level 1:colcon.colcon_core.package_discovery:discover_packages(ignore) using defaults
[0.443s] Level 1:colcon.colcon_core.package_discovery:discover_packages(path) discover
[0.443s] Level 1:colcon.colcon_core.package_discovery:discover_packages(path) using defaults
[0.466s] Level 1:colcon.colcon_core.package_discovery:discover_packages(prefix_path) check parameters
[0.466s] Level 1:colcon.colcon_core.package_discovery:discover_packages(prefix_path) discover
[0.469s] DEBUG:colcon.colcon_installed_package_information.package_discovery:Found 295 installed packages in /opt/ros/humble
[0.476s] Level 1:colcon.colcon_core.package_discovery:discover_packages(prefix_path) using defaults
[0.506s] Level 5:colcon.colcon_core.verb:set package 'encoders_interfaces' build argument 'cmake_args' from command line to 'None'
[0.506s] Level 5:colcon.colcon_core.verb:set package 'encoders_interfaces' build argument 'cmake_target' from command line to 'None'
[0.506s] Level 5:colcon.colcon_core.verb:set package 'encoders_interfaces' build argument 'cmake_target_skip_unavailable' from command line to 'False'
[0.506s] Level 5:colcon.colcon_core.verb:set package 'encoders_interfaces' build argument 'cmake_clean_cache' from command line to 'False'
[0.506s] Level 5:colcon.colcon_core.verb:set package 'encoders_interfaces' build argument 'cmake_clean_first' from command line to 'False'
[0.506s] Level 5:colcon.colcon_core.verb:set package 'encoders_interfaces' build argument 'cmake_force_configure' from command line to 'False'
[0.506s] Level 5:colcon.colcon_core.verb:set package 'encoders_interfaces' build argument 'ament_cmake_args' from command line to 'None'
[0.506s] Level 5:colcon.colcon_core.verb:set package 'encoders_interfaces' build argument 'catkin_cmake_args' from command line to 'None'
[0.506s] Level 5:colcon.colcon_core.verb:set package 'encoders_interfaces' build argument 'catkin_skip_building_tests' from command line to 'False'
[0.506s] DEBUG:colcon.colcon_core.verb:Building package 'encoders_interfaces' with the following arguments: {'ament_cmake_args': None, 'build_base': '/home/vlados/ias0220/build/encoders_interfaces', 'catkin_cmake_args': None, 'catkin_skip_building_tests': False, 'cmake_args': None, 'cmake_clean_cache': False, 'cmake_clean_first': False, 'cmake_force_configure': False, 'cmake_target': None, 'cmake_target_skip_unavailable': False, 'install_base': '/home/vlados/ias0220/install/encoders_interfaces', 'merge_install': False, 'path': '/home/vlados/ias0220/src/IAS0220_Task4_Template/Task4_template/encoders_interfaces', 'symlink_install': False, 'test_result_base': None}
[0.507s] Level 5:colcon.colcon_core.verb:set package 'ias0220_250620' build argument 'cmake_args' from command line to 'None'
[0.507s] Level 5:colcon.colcon_core.verb:set package 'ias0220_250620' build argument 'cmake_target' from command line to 'None'
[0.507s] Level 5:colcon.colcon_core.verb:set package 'ias0220_250620' build argument 'cmake_target_skip_unavailable' from command line to 'False'
[0.507s] Level 5:colcon.colcon_core.verb:set package 'ias0220_250620' build argument 'cmake_clean_cache' from command line to 'False'
[0.507s] Level 5:colcon.colcon_core.verb:set package 'ias0220_250620' build argument 'cmake_clean_first' from command line to 'False'
[0.507s] Level 5:colcon.colcon_core.verb:set package 'ias0220_250620' build argument 'cmake_force_configure' from command line to 'False'
[0.507s] Level 5:colcon.colcon_core.verb:set package 'ias0220_250620' build argument 'ament_cmake_args' from command line to 'None'
[0.507s] Level 5:colcon.colcon_core.verb:set package 'ias0220_250620' build argument 'catkin_cmake_args' from command line to 'None'
[0.507s] Level 5:colcon.colcon_core.verb:set package 'ias0220_250620' build argument 'catkin_skip_building_tests' from command line to 'False'
[0.507s] DEBUG:colcon.colcon_core.verb:Building package 'ias0220_250620' with the following arguments: {'ament_cmake_args': None, 'build_base': '/home/vlados/ias0220/build/ias0220_250620', 'catkin_cmake_args': None, 'catkin_skip_building_tests': False, 'cmake_args': None, 'cmake_clean_cache': False, 'cmake_clean_first': False, 'cmake_force_configure': False, 'cmake_target': None, 'cmake_target_skip_unavailable': False, 'install_base': '/home/vlados/ias0220/install/ias0220_250620', 'merge_install': False, 'path': '/home/vlados/ias0220/src/ias0220_250620', 'symlink_install': False, 'test_result_base': None}
[0.508s] Level 5:colcon.colcon_core.verb:set package 'setup_gazebo_ias0220' build argument 'cmake_args' from command line to 'None'
[0.508s] Level 5:colcon.colcon_core.verb:set package 'setup_gazebo_ias0220' build argument 'cmake_target' from command line to 'None'
[0.508s] Level 5:colcon.colcon_core.verb:set package 'setup_gazebo_ias0220' build argument 'cmake_target_skip_unavailable' from command line to 'False'
[0.508s] Level 5:colcon.colcon_core.verb:set package 'setup_gazebo_ias0220' build argument 'cmake_clean_cache' from command line to 'False'
[0.508s] Level 5:colcon.colcon_core.verb:set package 'setup_gazebo_ias0220' build argument 'cmake_clean_first' from command line to 'False'
[0.508s] Level 5:colcon.colcon_core.verb:set package 'setup_gazebo_ias0220' build argument 'cmake_force_configure' from command line to 'False'
[0.508s] Level 5:colcon.colcon_core.verb:set package 'setup_gazebo_ias0220' build argument 'ament_cmake_args' from command line to 'None'
[0.508s] Level 5:colcon.colcon_core.verb:set package 'setup_gazebo_ias0220' build argument 'catkin_cmake_args' from command line to 'None'
[0.508s] Level 5:colcon.colcon_core.verb:set package 'setup_gazebo_ias0220' build argument 'catkin_skip_building_tests' from command line to 'False'
[0.508s] DEBUG:colcon.colcon_core.verb:Building package 'setup_gazebo_ias0220' with the following arguments: {'ament_cmake_args': None, 'build_base': '/home/vlados/ias0220/build/setup_gazebo_ias0220', 'catkin_cmake_args': None, 'catkin_skip_building_tests': False, 'cmake_args': None, 'cmake_clean_cache': False, 'cmake_clean_first': False, 'cmake_force_configure': False, 'cmake_target': None, 'cmake_target_skip_unavailable': False, 'install_base': '/home/vlados/ias0220/install/setup_gazebo_ias0220', 'merge_install': False, 'path': '/home/vlados/ias0220/src/IAS0220_Task4_Template/Task4_template/setup_gazebo_ias0220', 'symlink_install': False, 'test_result_base': None}
[0.508s] Level 5:colcon.colcon_core.verb:set package 'transform_frame' build argument 'cmake_args' from command line to 'None'
[0.508s] Level 5:colcon.colcon_core.verb:set package 'transform_frame' build argument 'cmake_target' from command line to 'None'
[0.508s] Level 5:colcon.colcon_core.verb:set package 'transform_frame' build argument 'cmake_target_skip_unavailable' from command line to 'False'
[0.508s] Level 5:colcon.colcon_core.verb:set package 'transform_frame' build argument 'cmake_clean_cache' from command line to 'False'
[0.508s] Level 5:colcon.colcon_core.verb:set package 'transform_frame' build argument 'cmake_clean_first' from command line to 'False'
[0.508s] Level 5:colcon.colcon_core.verb:set package 'transform_frame' build argument 'cmake_force_configure' from command line to 'False'
[0.508s] Level 5:colcon.colcon_core.verb:set package 'transform_frame' build argument 'ament_cmake_args' from command line to 'None'
[0.508s] Level 5:colcon.colcon_core.verb:set package 'transform_frame' build argument 'catkin_cmake_args' from command line to 'None'
[0.508s] Level 5:colcon.colcon_core.verb:set package 'transform_frame' build argument 'catkin_skip_building_tests' from command line to 'False'
[0.508s] DEBUG:colcon.colcon_core.verb:Building package 'transform_frame' with the following arguments: {'ament_cmake_args': None, 'build_base': '/home/vlados/ias0220/build/transform_frame', 'catkin_cmake_args': None, 'catkin_skip_building_tests': False, 'cmake_args': None, 'cmake_clean_cache': False, 'cmake_clean_first': False, 'cmake_force_configure': False, 'cmake_target': None, 'cmake_target_skip_unavailable': False, 'install_base': '/home/vlados/ias0220/install/transform_frame', 'merge_install': False, 'path': '/home/vlados/ias0220/src/transform_frame', 'symlink_install': False, 'test_result_base': None}
[0.509s] Level 5:colcon.colcon_core.verb:set package 'encoders_pkg' build argument 'cmake_args' from command line to 'None'
[0.509s] Level 5:colcon.colcon_core.verb:set package 'encoders_pkg' build argument 'cmake_target' from command line to 'None'
[0.509s] Level 5:colcon.colcon_core.verb:set package 'encoders_pkg' build argument 'cmake_target_skip_unavailable' from command line to 'False'
[0.509s] Level 5:colcon.colcon_core.verb:set package 'encoders_pkg' build argument 'cmake_clean_cache' from command line to 'False'
[0.509s] Level 5:colcon.colcon_core.verb:set package 'encoders_pkg' build argument 'cmake_clean_first' from command line to 'False'
[0.509s] Level 5:colcon.colcon_core.verb:set package 'encoders_pkg' build argument 'cmake_force_configure' from command line to 'False'
[0.509s] Level 5:colcon.colcon_core.verb:set package 'encoders_pkg' build argument 'ament_cmake_args' from command line to 'None'
[0.509s] Level 5:colcon.colcon_core.verb:set package 'encoders_pkg' build argument 'catkin_cmake_args' from command line to 'None'
[0.509s] Level 5:colcon.colcon_core.verb:set package 'encoders_pkg' build argument 'catkin_skip_building_tests' from command line to 'False'
[0.509s] DEBUG:colcon.colcon_core.verb:Building package 'encoders_pkg' with the following arguments: {'ament_cmake_args': None, 'build_base': '/home/vlados/ias0220/build/encoders_pkg', 'catkin_cmake_args': None, 'catkin_skip_building_tests': False, 'cmake_args': None, 'cmake_clean_cache': False, 'cmake_clean_first': False, 'cmake_force_configure': False, 'cmake_target': None, 'cmake_target_skip_unavailable': False, 'install_base': '/home/vlados/ias0220/install/encoders_pkg', 'merge_install': False, 'path': '/home/vlados/ias0220/src/IAS0220_Task4_Template/Task4_template/encoders_pkg', 'symlink_install': False, 'test_result_base': None}
[0.509s] INFO:colcon.colcon_core.executor:Executing jobs using 'parallel' executor
[0.510s] DEBUG:colcon.colcon_parallel_executor.executor.parallel:run_until_complete
[0.510s] INFO:colcon.colcon_ros.task.ament_cmake.build:Building ROS package in '/home/vlados/ias0220/src/IAS0220_Task4_Template/Task4_template/encoders_interfaces' with build type 'ament_cmake'
[0.510s] INFO:colcon.colcon_cmake.task.cmake.build:Building CMake package in '/home/vlados/ias0220/src/IAS0220_Task4_Template/Task4_template/encoders_interfaces'
[0.514s] INFO:colcon.colcon_core.plugin_system:Skipping extension 'colcon_core.shell.bat': Not used on non-Windows systems
[0.514s] INFO:colcon.colcon_core.shell:Skip shell extension 'powershell' for command environment: Not usable outside of PowerShell
[0.514s] DEBUG:colcon.colcon_core.shell:Skip shell extension 'dsv' for command environment
[0.517s] INFO:colcon.colcon_ros.task.ament_python.build:Building ROS package in '/home/vlados/ias0220/src/ias0220_250620' with build type 'ament_python'
[0.517s] Level 1:colcon.colcon_core.shell:create_environment_hook('ias0220_250620', 'ament_prefix_path')
[0.517s] INFO:colcon.colcon_core.shell:Creating environment hook '/home/vlados/ias0220/install/ias0220_250620/share/ias0220_250620/hook/ament_prefix_path.ps1'
[0.517s] INFO:colcon.colcon_core.shell:Creating environment descriptor '/home/vlados/ias0220/install/ias0220_250620/share/ias0220_250620/hook/ament_prefix_path.dsv'
[0.518s] INFO:colcon.colcon_core.shell:Creating environment hook '/home/vlados/ias0220/install/ias0220_250620/share/ias0220_250620/hook/ament_prefix_path.sh'
[0.519s] INFO:colcon.colcon_core.shell:Skip shell extension 'powershell' for command environment: Not usable outside of PowerShell
[0.519s] DEBUG:colcon.colcon_core.shell:Skip shell extension 'dsv' for command environment
[0.521s] INFO:colcon.colcon_ros.task.ament_python.build:Building ROS package in '/home/vlados/ias0220/src/IAS0220_Task4_Template/Task4_template/setup_gazebo_ias0220' with build type 'ament_python'
[0.521s] Level 1:colcon.colcon_core.shell:create_environment_hook('setup_gazebo_ias0220', 'ament_prefix_path')
[0.521s] INFO:colcon.colcon_core.shell:Creating environment hook '/home/vlados/ias0220/install/setup_gazebo_ias0220/share/setup_gazebo_ias0220/hook/ament_prefix_path.ps1'
[0.521s] INFO:colcon.colcon_core.shell:Creating environment descriptor '/home/vlados/ias0220/install/setup_gazebo_ias0220/share/setup_gazebo_ias0220/hook/ament_prefix_path.dsv'
[0.522s] INFO:colcon.colcon_core.shell:Creating environment hook '/home/vlados/ias0220/install/setup_gazebo_ias0220/share/setup_gazebo_ias0220/hook/ament_prefix_path.sh'
[0.522s] INFO:colcon.colcon_core.shell:Skip shell extension 'powershell' for command environment: Not usable outside of PowerShell
[0.522s] DEBUG:colcon.colcon_core.shell:Skip shell extension 'dsv' for command environment
[0.524s] INFO:colcon.colcon_ros.task.ament_cmake.build:Building ROS package in '/home/vlados/ias0220/src/transform_frame' with build type 'ament_cmake'
[0.524s] INFO:colcon.colcon_cmake.task.cmake.build:Building CMake package in '/home/vlados/ias0220/src/transform_frame'
[0.524s] INFO:colcon.colcon_core.shell:Skip shell extension 'powershell' for command environment: Not usable outside of PowerShell
[0.524s] DEBUG:colcon.colcon_core.shell:Skip shell extension 'dsv' for command environment
[0.528s] DEBUG:colcon.colcon_core.event_handler.log_command:Invoking command in '/home/vlados/ias0220/build/encoders_interfaces': CMAKE_PREFIX_PATH=/opt/ros/humble /usr/bin/cmake /home/vlados/ias0220/src/IAS0220_Task4_Template/Task4_template/encoders_interfaces -DCMAKE_INSTALL_PREFIX=/home/vlados/ias0220/install/encoders_interfaces
[0.706s] INFO:colcon.colcon_core.task.python.build:Building Python package in '/home/vlados/ias0220/src/ias0220_250620'
[0.707s] INFO:colcon.colcon_core.shell:Skip shell extension 'powershell' for command environment: Not usable outside of PowerShell
[0.707s] DEBUG:colcon.colcon_core.shell:Skip shell extension 'dsv' for command environment
[0.883s] INFO:colcon.colcon_core.task.python.build:Building Python package in '/home/vlados/ias0220/src/IAS0220_Task4_Template/Task4_template/setup_gazebo_ias0220'
[0.883s] INFO:colcon.colcon_core.shell:Skip shell extension 'powershell' for command environment: Not usable outside of PowerShell
[0.884s] DEBUG:colcon.colcon_core.shell:Skip shell extension 'dsv' for command environment
[0.895s] DEBUG:colcon.colcon_core.event_handler.log_command:Invoking command in '/home/vlados/ias0220/build/transform_frame': CMAKE_PREFIX_PATH=/opt/ros/humble /usr/bin/cmake --build /home/vlados/ias0220/build/transform_frame -- -j16 -l16
[1.020s] DEBUG:colcon.colcon_core.event_handler.log_command:Invoked command in '/home/vlados/ias0220/build/transform_frame' returned '0': CMAKE_PREFIX_PATH=/opt/ros/humble /usr/bin/cmake --build /home/vlados/ias0220/build/transform_frame -- -j16 -l16
[1.030s] DEBUG:colcon.colcon_core.event_handler.log_command:Invoking command in '/home/vlados/ias0220/build/transform_frame': CMAKE_PREFIX_PATH=/opt/ros/humble /usr/bin/cmake --install /home/vlados/ias0220/build/transform_frame
[1.038s] Level 1:colcon.colcon_core.environment:create_environment_scripts_only(transform_frame)
[1.039s] DEBUG:colcon.colcon_core.event_handler.log_command:Invoked command in '/home/vlados/ias0220/build/transform_frame' returned '0': CMAKE_PREFIX_PATH=/opt/ros/humble /usr/bin/cmake --install /home/vlados/ias0220/build/transform_frame
[1.045s] Level 1:colcon.colcon_core.environment:checking '/home/vlados/ias0220/install/transform_frame' for CMake module files
[1.045s] Level 1:colcon.colcon_core.environment:checking '/home/vlados/ias0220/install/transform_frame' for CMake config files
[1.045s] Level 1:colcon.colcon_core.shell:create_environment_hook('transform_frame', 'cmake_prefix_path')
[1.045s] INFO:colcon.colcon_core.shell:Creating environment hook '/home/vlados/ias0220/install/transform_frame/share/transform_frame/hook/cmake_prefix_path.ps1'
[1.046s] INFO:colcon.colcon_core.shell:Creating environment descriptor '/home/vlados/ias0220/install/transform_frame/share/transform_frame/hook/cmake_prefix_path.dsv'
[1.046s] INFO:colcon.colcon_core.shell:Creating environment hook '/home/vlados/ias0220/install/transform_frame/share/transform_frame/hook/cmake_prefix_path.sh'
[1.046s] Level 1:colcon.colcon_core.environment:checking '/home/vlados/ias0220/install/transform_frame/lib'
[1.047s] Level 1:colcon.colcon_core.environment:checking '/home/vlados/ias0220/install/transform_frame/bin'
[1.047s] Level 1:colcon.colcon_core.environment:checking '/home/vlados/ias0220/install/transform_frame/lib/pkgconfig/transform_frame.pc'
[1.047s] Level 1:colcon.colcon_core.environment:checking '/home/vlados/ias0220/install/transform_frame/lib/python3.10/site-packages'
[1.047s] Level 1:colcon.colcon_core.environment:checking '/home/vlados/ias0220/install/transform_frame/bin'
[1.047s] INFO:colcon.colcon_core.shell:Creating package script '/home/vlados/ias0220/install/transform_frame/share/transform_frame/package.ps1'
[1.048s] INFO:colcon.colcon_core.shell:Creating package descriptor '/home/vlados/ias0220/install/transform_frame/share/transform_frame/package.dsv'
[1.049s] INFO:colcon.colcon_core.shell:Creating package script '/home/vlados/ias0220/install/transform_frame/share/transform_frame/package.sh'
[1.050s] INFO:colcon.colcon_core.shell:Creating package script '/home/vlados/ias0220/install/transform_frame/share/transform_frame/package.bash'
[1.051s] INFO:colcon.colcon_core.shell:Creating package script '/home/vlados/ias0220/install/transform_frame/share/transform_frame/package.zsh'
[1.051s] Level 1:colcon.colcon_core.environment:create_file_with_runtime_dependencies(/home/vlados/ias0220/install/transform_frame/share/colcon-core/packages/transform_frame)
[1.052s] Level 1:colcon.colcon_core.environment:create_environment_scripts_only(transform_frame)
[1.052s] Level 1:colcon.colcon_core.environment:checking '/home/vlados/ias0220/install/transform_frame' for CMake module files
[1.052s] Level 1:colcon.colcon_core.environment:checking '/home/vlados/ias0220/install/transform_frame' for CMake config files
[1.052s] Level 1:colcon.colcon_core.shell:create_environment_hook('transform_frame', 'cmake_prefix_path')
[1.053s] INFO:colcon.colcon_core.shell:Creating environment hook '/home/vlados/ias0220/install/transform_frame/share/transform_frame/hook/cmake_prefix_path.ps1'
[1.053s] INFO:colcon.colcon_core.shell:Creating environment descriptor '/home/vlados/ias0220/install/transform_frame/share/transform_frame/hook/cmake_prefix_path.dsv'
[1.053s] INFO:colcon.colcon_core.shell:Creating environment hook '/home/vlados/ias0220/install/transform_frame/share/transform_frame/hook/cmake_prefix_path.sh'
[1.053s] Level 1:colcon.colcon_core.environment:checking '/home/vlados/ias0220/install/transform_frame/lib'
[1.053s] Level 1:colcon.colcon_core.environment:checking '/home/vlados/ias0220/install/transform_frame/bin'
[1.054s] Level 1:colcon.colcon_core.environment:checking '/home/vlados/ias0220/install/transform_frame/lib/pkgconfig/transform_frame.pc'
[1.054s] Level 1:colcon.colcon_core.environment:checking '/home/vlados/ias0220/install/transform_frame/lib/python3.10/site-packages'
[1.054s] Level 1:colcon.colcon_core.environment:checking '/home/vlados/ias0220/install/transform_frame/bin'
[1.054s] INFO:colcon.colcon_core.shell:Creating package script '/home/vlados/ias0220/install/transform_frame/share/transform_frame/package.ps1'
[1.054s] INFO:colcon.colcon_core.shell:Creating package descriptor '/home/vlados/ias0220/install/transform_frame/share/transform_frame/package.dsv'
[1.055s] INFO:colcon.colcon_core.shell:Creating package script '/home/vlados/ias0220/install/transform_frame/share/transform_frame/package.sh'
[1.055s] INFO:colcon.colcon_core.shell:Creating package script '/home/vlados/ias0220/install/transform_frame/share/transform_frame/package.bash'
[1.055s] INFO:colcon.colcon_core.shell:Creating package script '/home/vlados/ias0220/install/transform_frame/share/transform_frame/package.zsh'
[1.055s] Level 1:colcon.colcon_core.environment:create_file_with_runtime_dependencies(/home/vlados/ias0220/install/transform_frame/share/colcon-core/packages/transform_frame)
[1.163s] DEBUG:colcon.colcon_core.event_handler.log_command:Invoking command in '/home/vlados/ias0220/src/ias0220_250620': PYTHONPATH=/home/vlados/ias0220/build/ias0220_250620/prefix_override:/usr/lib/python3/dist-packages/colcon_core/task/python/colcon_distutils_commands:/home/vlados/ias0220/install/ias0220_250620/lib/python3.10/site-packages:${PYTHONPATH} /usr/bin/python3 -W ignore:setup.py install is deprecated -W ignore:easy_install command is deprecated setup.py egg_info --egg-base ../../build/ias0220_250620 build --build-base /home/vlados/ias0220/build/ias0220_250620/build install --record /home/vlados/ias0220/build/ias0220_250620/install.log --single-version-externally-managed install_data
[1.164s] DEBUG:colcon.colcon_core.event_handler.log_command:Invoking command in '/home/vlados/ias0220/src/IAS0220_Task4_Template/Task4_template/setup_gazebo_ias0220': PYTHONPATH=/home/vlados/ias0220/build/setup_gazebo_ias0220/prefix_override:/usr/lib/python3/dist-packages/colcon_core/task/python/colcon_distutils_commands:/home/vlados/ias0220/install/setup_gazebo_ias0220/lib/python3.10/site-packages:${PYTHONPATH} /usr/bin/python3 -W ignore:setup.py install is deprecated -W ignore:easy_install command is deprecated setup.py egg_info --egg-base ../../../../build/setup_gazebo_ias0220 build --build-base /home/vlados/ias0220/build/setup_gazebo_ias0220/build install --record /home/vlados/ias0220/build/setup_gazebo_ias0220/install.log --single-version-externally-managed install_data
[1.363s] Level 1:colcon.colcon_core.environment:checking '/home/vlados/ias0220/install/ias0220_250620' for CMake module files
[1.364s] DEBUG:colcon.colcon_core.event_handler.log_command:Invoked command in '/home/vlados/ias0220/src/ias0220_250620' returned '0': PYTHONPATH=/home/vlados/ias0220/build/ias0220_250620/prefix_override:/usr/lib/python3/dist-packages/colcon_core/task/python/colcon_distutils_commands:/home/vlados/ias0220/install/ias0220_250620/lib/python3.10/site-packages:${PYTHONPATH} /usr/bin/python3 -W ignore:setup.py install is deprecated -W ignore:easy_install command is deprecated setup.py egg_info --egg-base ../../build/ias0220_250620 build --build-base /home/vlados/ias0220/build/ias0220_250620/build install --record /home/vlados/ias0220/build/ias0220_250620/install.log --single-version-externally-managed install_data
[1.364s] Level 1:colcon.colcon_core.environment:checking '/home/vlados/ias0220/install/ias0220_250620' for CMake config files
[1.365s] Level 1:colcon.colcon_core.environment:checking '/home/vlados/ias0220/install/ias0220_250620/lib'
[1.365s] Level 1:colcon.colcon_core.environment:checking '/home/vlados/ias0220/install/ias0220_250620/bin'
[1.365s] Level 1:colcon.colcon_core.environment:checking '/home/vlados/ias0220/install/ias0220_250620/lib/pkgconfig/ias0220_250620.pc'
[1.365s] Level 1:colcon.colcon_core.environment:checking '/home/vlados/ias0220/install/ias0220_250620/lib/python3.10/site-packages'
[1.365s] Level 1:colcon.colcon_core.shell:create_environment_hook('ias0220_250620', 'pythonpath')
[1.365s] INFO:colcon.colcon_core.shell:Creating environment hook '/home/vlados/ias0220/install/ias0220_250620/share/ias0220_250620/hook/pythonpath.ps1'
[1.366s] INFO:colcon.colcon_core.shell:Creating environment descriptor '/home/vlados/ias0220/install/ias0220_250620/share/ias0220_250620/hook/pythonpath.dsv'
[1.366s] INFO:colcon.colcon_core.shell:Creating environment hook '/home/vlados/ias0220/install/ias0220_250620/share/ias0220_250620/hook/pythonpath.sh'
[1.366s] Level 1:colcon.colcon_core.environment:checking '/home/vlados/ias0220/install/ias0220_250620/bin'
[1.366s] Level 1:colcon.colcon_core.environment:create_environment_scripts_only(ias0220_250620)
[1.366s] INFO:colcon.colcon_core.shell:Creating package script '/home/vlados/ias0220/install/ias0220_250620/share/ias0220_250620/package.ps1'
[1.367s] INFO:colcon.colcon_core.shell:Creating package descriptor '/home/vlados/ias0220/install/ias0220_250620/share/ias0220_250620/package.dsv'
[1.367s] INFO:colcon.colcon_core.shell:Creating package script '/home/vlados/ias0220/install/ias0220_250620/share/ias0220_250620/package.sh'
[1.367s] INFO:colcon.colcon_core.shell:Creating package script '/home/vlados/ias0220/install/ias0220_250620/share/ias0220_250620/package.bash'
[1.368s] INFO:colcon.colcon_core.shell:Creating package script '/home/vlados/ias0220/install/ias0220_250620/share/ias0220_250620/package.zsh'
[1.368s] Level 1:colcon.colcon_core.environment:create_file_with_runtime_dependencies(/home/vlados/ias0220/install/ias0220_250620/share/colcon-core/packages/ias0220_250620)
[1.369s] Level 1:colcon.colcon_core.environment:checking '/home/vlados/ias0220/install/setup_gazebo_ias0220' for CMake module files
[1.369s] Level 1:colcon.colcon_core.environment:checking '/home/vlados/ias0220/install/setup_gazebo_ias0220' for CMake config files
[1.369s] DEBUG:colcon.colcon_core.event_handler.log_command:Invoked command in '/home/vlados/ias0220/src/IAS0220_Task4_Template/Task4_template/setup_gazebo_ias0220' returned '0': PYTHONPATH=/home/vlados/ias0220/build/setup_gazebo_ias0220/prefix_override:/usr/lib/python3/dist-packages/colcon_core/task/python/colcon_distutils_commands:/home/vlados/ias0220/install/setup_gazebo_ias0220/lib/python3.10/site-packages:${PYTHONPATH} /usr/bin/python3 -W ignore:setup.py install is deprecated -W ignore:easy_install command is deprecated setup.py egg_info --egg-base ../../../../build/setup_gazebo_ias0220 build --build-base /home/vlados/ias0220/build/setup_gazebo_ias0220/build install --record /home/vlados/ias0220/build/setup_gazebo_ias0220/install.log --single-version-externally-managed install_data
[1.370s] Level 1:colcon.colcon_core.environment:checking '/home/vlados/ias0220/install/setup_gazebo_ias0220/lib'
[1.370s] Level 1:colcon.colcon_core.environment:checking '/home/vlados/ias0220/install/setup_gazebo_ias0220/bin'
[1.370s] Level 1:colcon.colcon_core.environment:checking '/home/vlados/ias0220/install/setup_gazebo_ias0220/lib/pkgconfig/setup_gazebo_ias0220.pc'
[1.370s] Level 1:colcon.colcon_core.environment:checking '/home/vlados/ias0220/install/setup_gazebo_ias0220/lib/python3.10/site-packages'
[1.370s] Level 1:colcon.colcon_core.shell:create_environment_hook('setup_gazebo_ias0220', 'pythonpath')
[1.370s] INFO:colcon.colcon_core.shell:Creating environment hook '/home/vlados/ias0220/install/setup_gazebo_ias0220/share/setup_gazebo_ias0220/hook/pythonpath.ps1'
[1.370s] INFO:colcon.colcon_core.shell:Creating environment descriptor '/home/vlados/ias0220/install/setup_gazebo_ias0220/share/setup_gazebo_ias0220/hook/pythonpath.dsv'
[1.371s] INFO:colcon.colcon_core.shell:Creating environment hook '/home/vlados/ias0220/install/setup_gazebo_ias0220/share/setup_gazebo_ias0220/hook/pythonpath.sh'
[1.371s] Level 1:colcon.colcon_core.environment:checking '/home/vlados/ias0220/install/setup_gazebo_ias0220/bin'
[1.371s] Level 1:colcon.colcon_core.environment:create_environment_scripts_only(setup_gazebo_ias0220)
[1.371s] INFO:colcon.colcon_core.shell:Creating package script '/home/vlados/ias0220/install/setup_gazebo_ias0220/share/setup_gazebo_ias0220/package.ps1'
[1.371s] INFO:colcon.colcon_core.shell:Creating package descriptor '/home/vlados/ias0220/install/setup_gazebo_ias0220/share/setup_gazebo_ias0220/package.dsv'
[1.372s] INFO:colcon.colcon_core.shell:Creating package script '/home/vlados/ias0220/install/setup_gazebo_ias0220/share/setup_gazebo_ias0220/package.sh'
[1.372s] INFO:colcon.colcon_core.shell:Creating package script '/home/vlados/ias0220/install/setup_gazebo_ias0220/share/setup_gazebo_ias0220/package.bash'
[1.372s] INFO:colcon.colcon_core.shell:Creating package script '/home/vlados/ias0220/install/setup_gazebo_ias0220/share/setup_gazebo_ias0220/package.zsh'
[1.372s] Level 1:colcon.colcon_core.environment:create_file_with_runtime_dependencies(/home/vlados/ias0220/install/setup_gazebo_ias0220/share/colcon-core/packages/setup_gazebo_ias0220)
[2.123s] DEBUG:colcon.colcon_core.event_handler.log_command:Invoked command in '/home/vlados/ias0220/build/encoders_interfaces' returned '0': CMAKE_PREFIX_PATH=/opt/ros/humble /usr/bin/cmake /home/vlados/ias0220/src/IAS0220_Task4_Template/Task4_template/encoders_interfaces -DCMAKE_INSTALL_PREFIX=/home/vlados/ias0220/install/encoders_interfaces
[2.125s] DEBUG:colcon.colcon_core.event_handler.log_command:Invoking command in '/home/vlados/ias0220/build/encoders_interfaces': CMAKE_PREFIX_PATH=/opt/ros/humble /usr/bin/cmake --build /home/vlados/ias0220/build/encoders_interfaces -- -j16 -l16
[3.523s] DEBUG:colcon.colcon_core.event_handler.log_command:Invoked command in '/home/vlados/ias0220/build/encoders_interfaces' returned '0': CMAKE_PREFIX_PATH=/opt/ros/humble /usr/bin/cmake --build /home/vlados/ias0220/build/encoders_interfaces -- -j16 -l16
[3.524s] DEBUG:colcon.colcon_core.event_handler.log_command:Invoking command in '/home/vlados/ias0220/build/encoders_interfaces': CMAKE_PREFIX_PATH=/opt/ros/humble /usr/bin/cmake --install /home/vlados/ias0220/build/encoders_interfaces
[3.583s] Level 1:colcon.colcon_core.environment:create_environment_scripts_only(encoders_interfaces)
[3.584s] Level 1:colcon.colcon_core.environment:checking '/home/vlados/ias0220/install/encoders_interfaces' for CMake module files
[3.584s] DEBUG:colcon.colcon_core.event_handler.log_command:Invoked command in '/home/vlados/ias0220/build/encoders_interfaces' returned '0': CMAKE_PREFIX_PATH=/opt/ros/humble /usr/bin/cmake --install /home/vlados/ias0220/build/encoders_interfaces
[3.585s] Level 1:colcon.colcon_core.environment:checking '/home/vlados/ias0220/install/encoders_interfaces' for CMake config files
[3.586s] Level 1:colcon.colcon_core.shell:create_environment_hook('encoders_interfaces', 'cmake_prefix_path')
[3.586s] INFO:colcon.colcon_core.shell:Creating environment hook '/home/vlados/ias0220/install/encoders_interfaces/share/encoders_interfaces/hook/cmake_prefix_path.ps1'
[3.586s] INFO:colcon.colcon_core.shell:Creating environment descriptor '/home/vlados/ias0220/install/encoders_interfaces/share/encoders_interfaces/hook/cmake_prefix_path.dsv'
[3.587s] INFO:colcon.colcon_core.shell:Creating environment hook '/home/vlados/ias0220/install/encoders_interfaces/share/encoders_interfaces/hook/cmake_prefix_path.sh'
[3.587s] Level 1:colcon.colcon_core.environment:checking '/home/vlados/ias0220/install/encoders_interfaces/lib'
[3.588s] Level 1:colcon.colcon_core.shell:create_environment_hook('encoders_interfaces', 'ld_library_path_lib')
[3.588s] INFO:colcon.colcon_core.shell:Creating environment hook '/home/vlados/ias0220/install/encoders_interfaces/share/encoders_interfaces/hook/ld_library_path_lib.ps1'
[3.588s] INFO:colcon.colcon_core.shell:Creating environment descriptor '/home/vlados/ias0220/install/encoders_interfaces/share/encoders_interfaces/hook/ld_library_path_lib.dsv'
[3.589s] INFO:colcon.colcon_core.shell:Creating environment hook '/home/vlados/ias0220/install/encoders_interfaces/share/encoders_interfaces/hook/ld_library_path_lib.sh'
[3.589s] Level 1:colcon.colcon_core.environment:checking '/home/vlados/ias0220/install/encoders_interfaces/bin'
[3.589s] Level 1:colcon.colcon_core.environment:checking '/home/vlados/ias0220/install/encoders_interfaces/lib/pkgconfig/encoders_interfaces.pc'
[3.589s] Level 1:colcon.colcon_core.environment:checking '/home/vlados/ias0220/install/encoders_interfaces/lib/python3.10/site-packages'
[3.590s] Level 1:colcon.colcon_core.environment:checking '/home/vlados/ias0220/install/encoders_interfaces/bin'
[3.590s] INFO:colcon.colcon_core.shell:Creating package script '/home/vlados/ias0220/install/encoders_interfaces/share/encoders_interfaces/package.ps1'
[3.591s] INFO:colcon.colcon_core.shell:Creating package descriptor '/home/vlados/ias0220/install/encoders_interfaces/share/encoders_interfaces/package.dsv'
[3.591s] INFO:colcon.colcon_core.shell:Creating package script '/home/vlados/ias0220/install/encoders_interfaces/share/encoders_interfaces/package.sh'
[3.592s] INFO:colcon.colcon_core.shell:Creating package script '/home/vlados/ias0220/install/encoders_interfaces/share/encoders_interfaces/package.bash'
[3.592s] INFO:colcon.colcon_core.shell:Creating package script '/home/vlados/ias0220/install/encoders_interfaces/share/encoders_interfaces/package.zsh'
[3.593s] Level 1:colcon.colcon_core.environment:create_file_with_runtime_dependencies(/home/vlados/ias0220/install/encoders_interfaces/share/colcon-core/packages/encoders_interfaces)
[3.594s] Level 1:colcon.colcon_core.environment:create_environment_scripts_only(encoders_interfaces)
[3.594s] Level 1:colcon.colcon_core.environment:checking '/home/vlados/ias0220/install/encoders_interfaces' for CMake module files
[3.595s] Level 1:colcon.colcon_core.environment:checking '/home/vlados/ias0220/install/encoders_interfaces' for CMake config files
[3.596s] Level 1:colcon.colcon_core.shell:create_environment_hook('encoders_interfaces', 'cmake_prefix_path')
[3.596s] INFO:colcon.colcon_core.shell:Creating environment hook '/home/vlados/ias0220/install/encoders_interfaces/share/encoders_interfaces/hook/cmake_prefix_path.ps1'
[3.596s] INFO:colcon.colcon_core.shell:Creating environment descriptor '/home/vlados/ias0220/install/encoders_interfaces/share/encoders_interfaces/hook/cmake_prefix_path.dsv'
[3.597s] INFO:colcon.colcon_core.shell:Creating environment hook '/home/vlados/ias0220/install/encoders_interfaces/share/encoders_interfaces/hook/cmake_prefix_path.sh'
[3.598s] Level 1:colcon.colcon_core.environment:checking '/home/vlados/ias0220/install/encoders_interfaces/lib'
[3.598s] Level 1:colcon.colcon_core.shell:create_environment_hook('encoders_interfaces', 'ld_library_path_lib')
[3.598s] INFO:colcon.colcon_core.shell:Creating environment hook '/home/vlados/ias0220/install/encoders_interfaces/share/encoders_interfaces/hook/ld_library_path_lib.ps1'
[3.598s] INFO:colcon.colcon_core.shell:Creating environment descriptor '/home/vlados/ias0220/install/encoders_interfaces/share/encoders_interfaces/hook/ld_library_path_lib.dsv'
[3.599s] INFO:colcon.colcon_core.shell:Creating environment hook '/home/vlados/ias0220/install/encoders_interfaces/share/encoders_interfaces/hook/ld_library_path_lib.sh'
[3.599s] Level 1:colcon.colcon_core.environment:checking '/home/vlados/ias0220/install/encoders_interfaces/bin'
[3.600s] Level 1:colcon.colcon_core.environment:checking '/home/vlados/ias0220/install/encoders_interfaces/lib/pkgconfig/encoders_interfaces.pc'
[3.600s] Level 1:colcon.colcon_core.environment:checking '/home/vlados/ias0220/install/encoders_interfaces/lib/python3.10/site-packages'
[3.600s] Level 1:colcon.colcon_core.environment:checking '/home/vlados/ias0220/install/encoders_interfaces/bin'
[3.601s] INFO:colcon.colcon_core.shell:Creating package script '/home/vlados/ias0220/install/encoders_interfaces/share/encoders_interfaces/package.ps1'
[3.601s] INFO:colcon.colcon_core.shell:Creating package descriptor '/home/vlados/ias0220/install/encoders_interfaces/share/encoders_interfaces/package.dsv'
[3.602s] INFO:colcon.colcon_core.shell:Creating package script '/home/vlados/ias0220/install/encoders_interfaces/share/encoders_interfaces/package.sh'
[3.603s] INFO:colcon.colcon_core.shell:Creating package script '/home/vlados/ias0220/install/encoders_interfaces/share/encoders_interfaces/package.bash'
[3.603s] INFO:colcon.colcon_core.shell:Creating package script '/home/vlados/ias0220/install/encoders_interfaces/share/encoders_interfaces/package.zsh'
[3.604s] Level 1:colcon.colcon_core.environment:create_file_with_runtime_dependencies(/home/vlados/ias0220/install/encoders_interfaces/share/colcon-core/packages/encoders_interfaces)
[3.604s] INFO:colcon.colcon_ros.task.ament_python.build:Building ROS package in '/home/vlados/ias0220/src/IAS0220_Task4_Template/Task4_template/encoders_pkg' with build type 'ament_python'
[3.604s] Level 1:colcon.colcon_core.shell:create_environment_hook('encoders_pkg', 'ament_prefix_path')
[3.605s] INFO:colcon.colcon_core.shell:Creating environment hook '/home/vlados/ias0220/install/encoders_pkg/share/encoders_pkg/hook/ament_prefix_path.ps1'
[3.606s] INFO:colcon.colcon_core.shell:Creating environment descriptor '/home/vlados/ias0220/install/encoders_pkg/share/encoders_pkg/hook/ament_prefix_path.dsv'
[3.606s] INFO:colcon.colcon_core.shell:Creating environment hook '/home/vlados/ias0220/install/encoders_pkg/share/encoders_pkg/hook/ament_prefix_path.sh'
[3.607s] INFO:colcon.colcon_core.shell:Skip shell extension 'powershell' for command environment: Not usable outside of PowerShell
[3.607s] DEBUG:colcon.colcon_core.shell:Skip shell extension 'dsv' for command environment
[3.798s] INFO:colcon.colcon_core.task.python.build:Building Python package in '/home/vlados/ias0220/src/IAS0220_Task4_Template/Task4_template/encoders_pkg'
[3.798s] INFO:colcon.colcon_core.shell:Skip shell extension 'powershell' for command environment: Not usable outside of PowerShell
[3.798s] DEBUG:colcon.colcon_core.shell:Skip shell extension 'dsv' for command environment
[4.027s] DEBUG:colcon.colcon_core.event_handler.log_command:Invoking command in '/home/vlados/ias0220/src/IAS0220_Task4_Template/Task4_template/encoders_pkg': AMENT_PREFIX_PATH=/home/vlados/ias0220/install/encoders_interfaces:${AMENT_PREFIX_PATH} CMAKE_PREFIX_PATH=/home/vlados/ias0220/install/encoders_interfaces LD_LIBRARY_PATH=/home/vlados/ias0220/install/encoders_interfaces/lib:${LD_LIBRARY_PATH} PYTHONPATH=/home/vlados/ias0220/build/encoders_pkg/prefix_override:/usr/lib/python3/dist-packages/colcon_core/task/python/colcon_distutils_commands:/home/vlados/ias0220/install/encoders_pkg/lib/python3.10/site-packages:/home/vlados/ias0220/install/encoders_interfaces/local/lib/python3.10/dist-packages:${PYTHONPATH} /usr/bin/python3 -W ignore:setup.py install is deprecated -W ignore:easy_install command is deprecated setup.py egg_info --egg-base ../../../../build/encoders_pkg build --build-base /home/vlados/ias0220/build/encoders_pkg/build install --record /home/vlados/ias0220/build/encoders_pkg/install.log --single-version-externally-managed install_data
[4.221s] Level 1:colcon.colcon_core.environment:checking '/home/vlados/ias0220/install/encoders_pkg' for CMake module files
[4.222s] DEBUG:colcon.colcon_core.event_handler.log_command:Invoked command in '/home/vlados/ias0220/src/IAS0220_Task4_Template/Task4_template/encoders_pkg' returned '0': AMENT_PREFIX_PATH=/home/vlados/ias0220/install/encoders_interfaces:${AMENT_PREFIX_PATH} CMAKE_PREFIX_PATH=/home/vlados/ias0220/install/encoders_interfaces LD_LIBRARY_PATH=/home/vlados/ias0220/install/encoders_interfaces/lib:${LD_LIBRARY_PATH} PYTHONPATH=/home/vlados/ias0220/build/encoders_pkg/prefix_override:/usr/lib/python3/dist-packages/colcon_core/task/python/colcon_distutils_commands:/home/vlados/ias0220/install/encoders_pkg/lib/python3.10/site-packages:/home/vlados/ias0220/install/encoders_interfaces/local/lib/python3.10/dist-packages:${PYTHONPATH} /usr/bin/python3 -W ignore:setup.py install is deprecated -W ignore:easy_install command is deprecated setup.py egg_info --egg-base ../../../../build/encoders_pkg build --build-base /home/vlados/ias0220/build/encoders_pkg/build install --record /home/vlados/ias0220/build/encoders_pkg/install.log --single-version-externally-managed install_data
[4.222s] Level 1:colcon.colcon_core.environment:checking '/home/vlados/ias0220/install/encoders_pkg' for CMake config files
[4.223s] Level 1:colcon.colcon_core.environment:checking '/home/vlados/ias0220/install/encoders_pkg/lib'
[4.223s] Level 1:colcon.colcon_core.environment:checking '/home/vlados/ias0220/install/encoders_pkg/bin'
[4.223s] Level 1:colcon.colcon_core.environment:checking '/home/vlados/ias0220/install/encoders_pkg/lib/pkgconfig/encoders_pkg.pc'
[4.224s] Level 1:colcon.colcon_core.environment:checking '/home/vlados/ias0220/install/encoders_pkg/lib/python3.10/site-packages'
[4.224s] Level 1:colcon.colcon_core.shell:create_environment_hook('encoders_pkg', 'pythonpath')
[4.224s] INFO:colcon.colcon_core.shell:Creating environment hook '/home/vlados/ias0220/install/encoders_pkg/share/encoders_pkg/hook/pythonpath.ps1'
[4.225s] INFO:colcon.colcon_core.shell:Creating environment descriptor '/home/vlados/ias0220/install/encoders_pkg/share/encoders_pkg/hook/pythonpath.dsv'
[4.225s] INFO:colcon.colcon_core.shell:Creating environment hook '/home/vlados/ias0220/install/encoders_pkg/share/encoders_pkg/hook/pythonpath.sh'
[4.226s] Level 1:colcon.colcon_core.environment:checking '/home/vlados/ias0220/install/encoders_pkg/bin'
[4.226s] Level 1:colcon.colcon_core.environment:create_environment_scripts_only(encoders_pkg)
[4.226s] INFO:colcon.colcon_core.shell:Creating package script '/home/vlados/ias0220/install/encoders_pkg/share/encoders_pkg/package.ps1'
[4.227s] INFO:colcon.colcon_core.shell:Creating package descriptor '/home/vlados/ias0220/install/encoders_pkg/share/encoders_pkg/package.dsv'
[4.227s] INFO:colcon.colcon_core.shell:Creating package script '/home/vlados/ias0220/install/encoders_pkg/share/encoders_pkg/package.sh'
[4.228s] INFO:colcon.colcon_core.shell:Creating package script '/home/vlados/ias0220/install/encoders_pkg/share/encoders_pkg/package.bash'
[4.228s] INFO:colcon.colcon_core.shell:Creating package script '/home/vlados/ias0220/install/encoders_pkg/share/encoders_pkg/package.zsh'
[4.229s] Level 1:colcon.colcon_core.environment:create_file_with_runtime_dependencies(/home/vlados/ias0220/install/encoders_pkg/share/colcon-core/packages/encoders_pkg)
[4.229s] DEBUG:colcon.colcon_parallel_executor.executor.parallel:closing loop
[4.230s] DEBUG:colcon.colcon_parallel_executor.executor.parallel:loop closed
[4.230s] DEBUG:colcon.colcon_parallel_executor.executor.parallel:run_until_complete finished with '0'
[4.230s] DEBUG:colcon.colcon_core.event_reactor:joining thread
[4.237s] INFO:colcon.colcon_core.plugin_system:Skipping extension 'colcon_notification.desktop_notification.notify_send': Could not find 'notify-send'
[4.237s] INFO:colcon.colcon_core.plugin_system:Skipping extension 'colcon_notification.desktop_notification.terminal_notifier': Not used on non-Darwin systems
[4.237s] INFO:colcon.colcon_core.plugin_system:Skipping extension 'colcon_notification.desktop_notification.win32': Not used on non-Windows systems
[4.237s] INFO:colcon.colcon_notification.desktop_notification:Sending desktop notification using 'notify2'
[4.268s] DEBUG:colcon.colcon_core.event_reactor:joined thread
[4.268s] INFO:colcon.colcon_core.shell:Creating prefix script '/home/vlados/ias0220/install/local_setup.ps1'
[4.270s] INFO:colcon.colcon_core.shell:Creating prefix util module '/home/vlados/ias0220/install/_local_setup_util_ps1.py'
[4.273s] INFO:colcon.colcon_core.shell:Creating prefix chain script '/home/vlados/ias0220/install/setup.ps1'
[4.274s] INFO:colcon.colcon_core.shell:Creating prefix script '/home/vlados/ias0220/install/local_setup.sh'
[4.275s] INFO:colcon.colcon_core.shell:Creating prefix util module '/home/vlados/ias0220/install/_local_setup_util_sh.py'
[4.276s] INFO:colcon.colcon_core.shell:Creating prefix chain script '/home/vlados/ias0220/install/setup.sh'
[4.278s] INFO:colcon.colcon_core.shell:Creating prefix script '/home/vlados/ias0220/install/local_setup.bash'
[4.279s] INFO:colcon.colcon_core.shell:Creating prefix chain script '/home/vlados/ias0220/install/setup.bash'
[4.280s] INFO:colcon.colcon_core.shell:Creating prefix script '/home/vlados/ias0220/install/local_setup.zsh'
[4.281s] INFO:colcon.colcon_core.shell:Creating prefix chain script '/home/vlados/ias0220/install/setup.zsh'
