[0.008s] Invoking command in '/home/vlados/ros2_ws/build/lAS0220_250620': CMAKE_PREFIX_PATH=/opt/ros/humble /usr/bin/cmake /home/vlados/ros2_ws/src/lAS0220_250620 -DCMAKE_INSTALL_PREFIX=/home/vlados/ros2_ws/install/lAS0220_250620
[0.061s] -- The C compiler identification is GNU 11.4.0
[0.104s] -- The CXX compiler identification is GNU 11.4.0
[0.112s] -- Detecting C compiler ABI info
[0.173s] -- Detecting C compiler ABI info - done
[0.185s] -- Check for working C compiler: /usr/bin/cc - skipped
[0.185s] -- Detecting C compile features
[0.186s] -- Detecting C compile features - done
[0.191s] -- Detecting CXX compiler ABI info
[0.269s] -- Detecting CXX compiler ABI info - done
[0.282s] -- Check for working CXX compiler: /usr/bin/c++ - skipped
[0.283s] -- Detecting CXX compile features
[0.283s] -- Detecting CXX compile features - done
[0.287s] -- Found ament_cmake: 1.3.12 (/opt/ros/humble/share/ament_cmake/cmake)
[0.433s] -- Found Python3: /usr/bin/python3 (found version "3.10.12") found components: Interpreter 
[0.523s] -- Found ament_lint_auto: 0.12.14 (/opt/ros/humble/share/ament_lint_auto/cmake)
[0.566s] WARNING: Package name "lAS0220_250620" does not follow the naming conventions. It should start with a lower case letter and only contain lower case letters, digits, underscores, and dashes.
[0.595s] -- Added test 'lint_cmake' to check CMake code style
[0.596s] -- Added test 'xmllint' to check XML markup files
[0.598s] -- Configuring done
[0.604s] -- Generating done
[0.606s] -- Build files have been written to: /home/vlados/ros2_ws/build/lAS0220_250620
[0.613s] Invoked command in '/home/vlados/ros2_ws/build/lAS0220_250620' returned '0': CMAKE_PREFIX_PATH=/opt/ros/humble /usr/bin/cmake /home/vlados/ros2_ws/src/lAS0220_250620 -DCMAKE_INSTALL_PREFIX=/home/vlados/ros2_ws/install/lAS0220_250620
[0.615s] Invoking command in '/home/vlados/ros2_ws/build/lAS0220_250620': CMAKE_PREFIX_PATH=/opt/ros/humble /usr/bin/cmake --build /home/vlados/ros2_ws/build/lAS0220_250620 -- -j16 -l16
[0.649s] Invoked command in '/home/vlados/ros2_ws/build/lAS0220_250620' returned '0': CMAKE_PREFIX_PATH=/opt/ros/humble /usr/bin/cmake --build /home/vlados/ros2_ws/build/lAS0220_250620 -- -j16 -l16
[0.662s] Invoking command in '/home/vlados/ros2_ws/build/lAS0220_250620': CMAKE_PREFIX_PATH=/opt/ros/humble /usr/bin/cmake --install /home/vlados/ros2_ws/build/lAS0220_250620
[0.667s] -- Install configuration: ""
[0.667s] -- Installing: /home/vlados/ros2_ws/install/lAS0220_250620/share/ament_index/resource_index/package_run_dependencies/lAS0220_250620
[0.667s] -- Installing: /home/vlados/ros2_ws/install/lAS0220_250620/share/ament_index/resource_index/parent_prefix_path/lAS0220_250620
[0.668s] -- Installing: /home/vlados/ros2_ws/install/lAS0220_250620/share/lAS0220_250620/environment/ament_prefix_path.sh
[0.668s] -- Installing: /home/vlados/ros2_ws/install/lAS0220_250620/share/lAS0220_250620/environment/ament_prefix_path.dsv
[0.668s] -- Installing: /home/vlados/ros2_ws/install/lAS0220_250620/share/lAS0220_250620/environment/path.sh
[0.668s] -- Installing: /home/vlados/ros2_ws/install/lAS0220_250620/share/lAS0220_250620/environment/path.dsv
[0.668s] -- Installing: /home/vlados/ros2_ws/install/lAS0220_250620/share/lAS0220_250620/local_setup.bash
[0.668s] -- Installing: /home/vlados/ros2_ws/install/lAS0220_250620/share/lAS0220_250620/local_setup.sh
[0.668s] -- Installing: /home/vlados/ros2_ws/install/lAS0220_250620/share/lAS0220_250620/local_setup.zsh
[0.668s] -- Installing: /home/vlados/ros2_ws/install/lAS0220_250620/share/lAS0220_250620/local_setup.dsv
[0.669s] -- Installing: /home/vlados/ros2_ws/install/lAS0220_250620/share/lAS0220_250620/package.dsv
[0.669s] -- Installing: /home/vlados/ros2_ws/install/lAS0220_250620/share/ament_index/resource_index/packages/lAS0220_250620
[0.669s] -- Installing: /home/vlados/ros2_ws/install/lAS0220_250620/share/lAS0220_250620/cmake/lAS0220_250620Config.cmake
[0.669s] -- Installing: /home/vlados/ros2_ws/install/lAS0220_250620/share/lAS0220_250620/cmake/lAS0220_250620Config-version.cmake
[0.669s] -- Installing: /home/vlados/ros2_ws/install/lAS0220_250620/share/lAS0220_250620/package.xml
[0.671s] Invoked command in '/home/vlados/ros2_ws/build/lAS0220_250620' returned '0': CMAKE_PREFIX_PATH=/opt/ros/humble /usr/bin/cmake --install /home/vlados/ros2_ws/build/lAS0220_250620
