running egg_info
writing ../../build/ias0220_250620/ias0220_250620.egg-info/PKG-INFO
writing dependency_links to ../../build/ias0220_250620/ias0220_250620.egg-info/dependency_links.txt
writing entry points to ../../build/ias0220_250620/ias0220_250620.egg-info/entry_points.txt
writing requirements to ../../build/ias0220_250620/ias0220_250620.egg-info/requires.txt
writing top-level names to ../../build/ias0220_250620/ias0220_250620.egg-info/top_level.txt
reading manifest file '../../build/ias0220_250620/ias0220_250620.egg-info/SOURCES.txt'
adding license file 'LICENSE'
writing manifest file '../../build/ias0220_250620/ias0220_250620.egg-info/SOURCES.txt'
running build
running build_py
copying ias0220_250620/odometry.py -> /home/vlados/ias0220/build/ias0220_250620/build/lib/ias0220_250620
running install
running install_lib
copying /home/vlados/ias0220/build/ias0220_250620/build/lib/ias0220_250620/odometry.py -> /home/vlados/ias0220/install/ias0220_250620/lib/python3.10/site-packages/ias0220_250620
byte-compiling /home/vlados/ias0220/install/ias0220_250620/lib/python3.10/site-packages/ias0220_250620/odometry.py to odometry.cpython-310.pyc
Sorry: IndentationError: expected an indented block after function definition on line 51 (odometry.py, line 87)
running install_data
running install_egg_info
removing '/home/vlados/ias0220/install/ias0220_250620/lib/python3.10/site-packages/ias0220_250620-0.0.0-py3.10.egg-info' (and everything under it)
Copying ../../build/ias0220_250620/ias0220_250620.egg-info to /home/vlados/ias0220/install/ias0220_250620/lib/python3.10/site-packages/ias0220_250620-0.0.0-py3.10.egg-info
running install_scripts
Installing odometer script to /home/vlados/ias0220/install/ias0220_250620/lib/ias0220_250620
Installing odometry script to /home/vlados/ias0220/install/ias0220_250620/lib/ias0220_250620
Installing random_walker script to /home/vlados/ias0220/install/ias0220_250620/lib/ias0220_250620
writing list of installed files to '/home/vlados/ias0220/build/ias0220_250620/install.log'
