[0.643s] Invoking command in '/home/vlados/ias0220/src/IAS0220_Task4_Template/Task4_template/setup_gazebo_ias0220': PYTHONPATH=/home/vlados/ias0220/build/setup_gazebo_ias0220/prefix_override:/usr/lib/python3/dist-packages/colcon_core/task/python/colcon_distutils_commands:/home/vlados/ias0220/install/setup_gazebo_ias0220/lib/python3.10/site-packages:${PYTHONPATH} /usr/bin/python3 -W ignore:setup.py install is deprecated -W ignore:easy_install command is deprecated setup.py egg_info --egg-base ../../../../build/setup_gazebo_ias0220 build --build-base /home/vlados/ias0220/build/setup_gazebo_ias0220/build install --record /home/vlados/ias0220/build/setup_gazebo_ias0220/install.log --single-version-externally-managed install_data
[0.806s] running egg_info
[0.806s] creating ../../../../build/setup_gazebo_ias0220/setup_gazebo_ias0220.egg-info
[0.807s] writing ../../../../build/setup_gazebo_ias0220/setup_gazebo_ias0220.egg-info/PKG-INFO
[0.807s] writing dependency_links to ../../../../build/setup_gazebo_ias0220/setup_gazebo_ias0220.egg-info/dependency_links.txt
[0.807s] writing entry points to ../../../../build/setup_gazebo_ias0220/setup_gazebo_ias0220.egg-info/entry_points.txt
[0.807s] writing requirements to ../../../../build/setup_gazebo_ias0220/setup_gazebo_ias0220.egg-info/requires.txt
[0.807s] writing top-level names to ../../../../build/setup_gazebo_ias0220/setup_gazebo_ias0220.egg-info/top_level.txt
[0.807s] writing manifest file '../../../../build/setup_gazebo_ias0220/setup_gazebo_ias0220.egg-info/SOURCES.txt'
[0.808s] reading manifest file '../../../../build/setup_gazebo_ias0220/setup_gazebo_ias0220.egg-info/SOURCES.txt'
[0.809s] writing manifest file '../../../../build/setup_gazebo_ias0220/setup_gazebo_ias0220.egg-info/SOURCES.txt'
[0.809s] running build
[0.809s] running build_py
[0.809s] creating /home/vlados/ias0220/build/setup_gazebo_ias0220/build
[0.809s] creating /home/vlados/ias0220/build/setup_gazebo_ias0220/build/lib
[0.809s] creating /home/vlados/ias0220/build/setup_gazebo_ias0220/build/lib/setup_gazebo_ias0220
[0.809s] copying setup_gazebo_ias0220/__init__.py -> /home/vlados/ias0220/build/setup_gazebo_ias0220/build/lib/setup_gazebo_ias0220
[0.809s] running install
[0.809s] running install_lib
[0.810s] creating /home/vlados/ias0220/install/setup_gazebo_ias0220/lib/python3.10/site-packages/setup_gazebo_ias0220
[0.810s] copying /home/vlados/ias0220/build/setup_gazebo_ias0220/build/lib/setup_gazebo_ias0220/__init__.py -> /home/vlados/ias0220/install/setup_gazebo_ias0220/lib/python3.10/site-packages/setup_gazebo_ias0220
[0.810s] byte-compiling /home/vlados/ias0220/install/setup_gazebo_ias0220/lib/python3.10/site-packages/setup_gazebo_ias0220/__init__.py to __init__.cpython-310.pyc
[0.810s] running install_data
[0.810s] creating /home/vlados/ias0220/install/setup_gazebo_ias0220/share/ament_index
[0.810s] creating /home/vlados/ias0220/install/setup_gazebo_ias0220/share/ament_index/resource_index
[0.811s] creating /home/vlados/ias0220/install/setup_gazebo_ias0220/share/ament_index/resource_index/packages
[0.811s] copying resource/setup_gazebo_ias0220 -> /home/vlados/ias0220/install/setup_gazebo_ias0220/share/ament_index/resource_index/packages
[0.811s] copying package.xml -> /home/vlados/ias0220/install/setup_gazebo_ias0220/share/setup_gazebo_ias0220
[0.811s] creating /home/vlados/ias0220/install/setup_gazebo_ias0220/share/setup_gazebo_ias0220/worlds
[0.811s] copying worlds/seethelight.world -> /home/vlados/ias0220/install/setup_gazebo_ias0220/share/setup_gazebo_ias0220/worlds
[0.811s] creating /home/vlados/ias0220/install/setup_gazebo_ias0220/share/setup_gazebo_ias0220/launch
[0.811s] copying launch/gazebo.launch.py -> /home/vlados/ias0220/install/setup_gazebo_ias0220/share/setup_gazebo_ias0220/launch
[0.811s] running install_egg_info
[0.812s] Copying ../../../../build/setup_gazebo_ias0220/setup_gazebo_ias0220.egg-info to /home/vlados/ias0220/install/setup_gazebo_ias0220/lib/python3.10/site-packages/setup_gazebo_ias0220-0.0.0-py3.10.egg-info
[0.813s] running install_scripts
[0.827s] writing list of installed files to '/home/vlados/ias0220/build/setup_gazebo_ias0220/install.log'
[0.848s] Invoked command in '/home/vlados/ias0220/src/IAS0220_Task4_Template/Task4_template/setup_gazebo_ias0220' returned '0': PYTHONPATH=/home/vlados/ias0220/build/setup_gazebo_ias0220/prefix_override:/usr/lib/python3/dist-packages/colcon_core/task/python/colcon_distutils_commands:/home/vlados/ias0220/install/setup_gazebo_ias0220/lib/python3.10/site-packages:${PYTHONPATH} /usr/bin/python3 -W ignore:setup.py install is deprecated -W ignore:easy_install command is deprecated setup.py egg_info --egg-base ../../../../build/setup_gazebo_ias0220 build --build-base /home/vlados/ias0220/build/setup_gazebo_ias0220/build install --record /home/vlados/ias0220/build/setup_gazebo_ias0220/install.log --single-version-externally-managed install_data
