[0.418s] Invoking command in '/home/vlados/ias0220/src/ias0220_250620': PYTHONPATH=/home/vlados/ias0220/build/ias0220_250620/prefix_override:/usr/lib/python3/dist-packages/colcon_core/task/python/colcon_distutils_commands:/home/vlados/ias0220/install/ias0220_250620/lib/python3.10/site-packages:${PYTHONPATH} /usr/bin/python3 -W ignore:setup.py install is deprecated -W ignore:easy_install command is deprecated setup.py egg_info --egg-base ../../build/ias0220_250620 build --build-base /home/vlados/ias0220/build/ias0220_250620/build install --record /home/vlados/ias0220/build/ias0220_250620/install.log --single-version-externally-managed install_data
[0.585s] running egg_info
[0.585s] writing ../../build/ias0220_250620/ias0220_250620.egg-info/PKG-INFO
[0.585s] writing dependency_links to ../../build/ias0220_250620/ias0220_250620.egg-info/dependency_links.txt
[0.585s] writing entry points to ../../build/ias0220_250620/ias0220_250620.egg-info/entry_points.txt
[0.585s] writing requirements to ../../build/ias0220_250620/ias0220_250620.egg-info/requires.txt
[0.586s] writing top-level names to ../../build/ias0220_250620/ias0220_250620.egg-info/top_level.txt
[0.587s] reading manifest file '../../build/ias0220_250620/ias0220_250620.egg-info/SOURCES.txt'
[0.587s] adding license file 'LICENSE'
[0.587s] writing manifest file '../../build/ias0220_250620/ias0220_250620.egg-info/SOURCES.txt'
[0.587s] running build
[0.587s] running build_py
[0.588s] running install
[0.588s] running install_lib
[0.589s] running install_data
[0.589s] running install_egg_info
[0.590s] removing '/home/vlados/ias0220/install/ias0220_250620/lib/python3.10/site-packages/ias0220_250620-0.0.0-py3.10.egg-info' (and everything under it)
[0.590s] Copying ../../build/ias0220_250620/ias0220_250620.egg-info to /home/vlados/ias0220/install/ias0220_250620/lib/python3.10/site-packages/ias0220_250620-0.0.0-py3.10.egg-info
[0.591s] running install_scripts
[0.605s] Installing position_calculator script to /home/vlados/ias0220/install/ias0220_250620/lib/ias0220_250620
[0.605s] Installing random_walker script to /home/vlados/ias0220/install/ias0220_250620/lib/ias0220_250620
[0.605s] writing list of installed files to '/home/vlados/ias0220/build/ias0220_250620/install.log'
[0.621s] Invoked command in '/home/vlados/ias0220/src/ias0220_250620' returned '0': PYTHONPATH=/home/vlados/ias0220/build/ias0220_250620/prefix_override:/usr/lib/python3/dist-packages/colcon_core/task/python/colcon_distutils_commands:/home/vlados/ias0220/install/ias0220_250620/lib/python3.10/site-packages:${PYTHONPATH} /usr/bin/python3 -W ignore:setup.py install is deprecated -W ignore:easy_install command is deprecated setup.py egg_info --egg-base ../../build/ias0220_250620 build --build-base /home/vlados/ias0220/build/ias0220_250620/build install --record /home/vlados/ias0220/build/ias0220_250620/install.log --single-version-externally-managed install_data
