[0.008s] Invoking command in '/home/vlados/ros2_ws/build/ias0220_250620': CMAKE_PREFIX_PATH=/opt/ros/humble /usr/bin/cmake /home/vlados/ros2_ws/src/ias0220_250620 -DCMAKE_INSTALL_PREFIX=/home/vlados/ros2_ws/install/ias0220_250620
[0.055s] -- The C compiler identification is GNU 11.4.0
[0.100s] -- The CXX compiler identification is GNU 11.4.0
[0.110s] -- Detecting C compiler ABI info
[0.170s] -- Detecting C compiler ABI info - done
[0.183s] -- Check for working C compiler: /usr/bin/cc - skipped
[0.183s] -- Detecting C compile features
[0.184s] -- Detecting C compile features - done
[0.189s] -- Detecting CXX compiler ABI info
[0.274s] -- Detecting CXX compiler ABI info - done
[0.286s] -- Check for working CXX compiler: /usr/bin/c++ - skipped
[0.287s] -- Detecting CXX compile features
[0.288s] -- Detecting CXX compile features - done
[0.291s] -- Found ament_cmake: 1.3.12 (/opt/ros/humble/share/ament_cmake/cmake)
[0.449s] -- Found Python3: /usr/bin/python3 (found version "3.10.12") found components: Interpreter 
[0.535s] -- Found ament_lint_auto: 0.12.14 (/opt/ros/humble/share/ament_lint_auto/cmake)
[0.604s] -- Added test 'lint_cmake' to check CMake code style
[0.606s] -- Added test 'xmllint' to check XML markup files
[0.608s] -- Configuring done
[0.613s] -- Generating done
[0.616s] -- Build files have been written to: /home/vlados/ros2_ws/build/ias0220_250620
[0.622s] Invoked command in '/home/vlados/ros2_ws/build/ias0220_250620' returned '0': CMAKE_PREFIX_PATH=/opt/ros/humble /usr/bin/cmake /home/vlados/ros2_ws/src/ias0220_250620 -DCMAKE_INSTALL_PREFIX=/home/vlados/ros2_ws/install/ias0220_250620
[0.623s] Invoking command in '/home/vlados/ros2_ws/build/ias0220_250620': CMAKE_PREFIX_PATH=/opt/ros/humble /usr/bin/cmake --build /home/vlados/ros2_ws/build/ias0220_250620 -- -j16 -l16
[0.658s] Invoked command in '/home/vlados/ros2_ws/build/ias0220_250620' returned '0': CMAKE_PREFIX_PATH=/opt/ros/humble /usr/bin/cmake --build /home/vlados/ros2_ws/build/ias0220_250620 -- -j16 -l16
[0.671s] Invoking command in '/home/vlados/ros2_ws/build/ias0220_250620': CMAKE_PREFIX_PATH=/opt/ros/humble /usr/bin/cmake --install /home/vlados/ros2_ws/build/ias0220_250620
[0.679s] -- Install configuration: ""
[0.680s] -- Installing: /home/vlados/ros2_ws/install/ias0220_250620/share/ament_index/resource_index/package_run_dependencies/ias0220_250620
[0.680s] -- Installing: /home/vlados/ros2_ws/install/ias0220_250620/share/ament_index/resource_index/parent_prefix_path/ias0220_250620
[0.680s] -- Installing: /home/vlados/ros2_ws/install/ias0220_250620/share/ias0220_250620/environment/ament_prefix_path.sh
[0.681s] -- Installing: /home/vlados/ros2_ws/install/ias0220_250620/share/ias0220_250620/environment/ament_prefix_path.dsv
[0.681s] -- Installing: /home/vlados/ros2_ws/install/ias0220_250620/share/ias0220_250620/environment/path.sh
[0.681s] -- Installing: /home/vlados/ros2_ws/install/ias0220_250620/share/ias0220_250620/environment/path.dsv
[0.681s] -- Installing: /home/vlados/ros2_ws/install/ias0220_250620/share/ias0220_250620/local_setup.bash
[0.681s] -- Installing: /home/vlados/ros2_ws/install/ias0220_250620/share/ias0220_250620/local_setup.sh
[0.682s] -- Installing: /home/vlados/ros2_ws/install/ias0220_250620/share/ias0220_250620/local_setup.zsh
[0.682s] -- Installing: /home/vlados/ros2_ws/install/ias0220_250620/share/ias0220_250620/local_setup.dsv
[0.682s] -- Installing: /home/vlados/ros2_ws/install/ias0220_250620/share/ias0220_250620/package.dsv
[0.682s] -- Installing: /home/vlados/ros2_ws/install/ias0220_250620/share/ament_index/resource_index/packages/ias0220_250620
[0.682s] -- Installing: /home/vlados/ros2_ws/install/ias0220_250620/share/ias0220_250620/cmake/ias0220_250620Config.cmake
[0.683s] -- Installing: /home/vlados/ros2_ws/install/ias0220_250620/share/ias0220_250620/cmake/ias0220_250620Config-version.cmake
[0.683s] -- Installing: /home/vlados/ros2_ws/install/ias0220_250620/share/ias0220_250620/package.xml
[0.685s] Invoked command in '/home/vlados/ros2_ws/build/ias0220_250620' returned '0': CMAKE_PREFIX_PATH=/opt/ros/humble /usr/bin/cmake --install /home/vlados/ros2_ws/build/ias0220_250620
