[0.861s] Invoking command in '/home/vlados/ias0220/src/ias0220_250620': PYTHONPATH=/home/vlados/ias0220/build/ias0220_250620/prefix_override:/usr/lib/python3/dist-packages/colcon_core/task/python/colcon_distutils_commands:/home/vlados/ias0220/install/ias0220_250620/lib/python3.10/site-packages:${PYTHONPATH} /usr/bin/python3 -W ignore:setup.py install is deprecated -W ignore:easy_install command is deprecated setup.py egg_info --egg-base ../../build/ias0220_250620 build --build-base /home/vlados/ias0220/build/ias0220_250620/build install --record /home/vlados/ias0220/build/ias0220_250620/install.log --single-version-externally-managed install_data
[1.029s] running egg_info
[1.029s] writing ../../build/ias0220_250620/ias0220_250620.egg-info/PKG-INFO
[1.029s] writing dependency_links to ../../build/ias0220_250620/ias0220_250620.egg-info/dependency_links.txt
[1.030s] writing entry points to ../../build/ias0220_250620/ias0220_250620.egg-info/entry_points.txt
[1.030s] writing requirements to ../../build/ias0220_250620/ias0220_250620.egg-info/requires.txt
[1.030s] writing top-level names to ../../build/ias0220_250620/ias0220_250620.egg-info/top_level.txt
[1.031s] reading manifest file '../../build/ias0220_250620/ias0220_250620.egg-info/SOURCES.txt'
[1.031s] adding license file 'LICENSE'
[1.032s] writing manifest file '../../build/ias0220_250620/ias0220_250620.egg-info/SOURCES.txt'
[1.032s] running build
[1.032s] running build_py
[1.032s] running install
[1.032s] running install_lib
[1.033s] running install_data
[1.033s] copying launch/bagfile_record_task6_part1.launch.py -> /home/vlados/ias0220/install/ias0220_250620/share/ias0220_250620/launch
[1.033s] copying launch/bagfile_play_RViz_task5_part1.launch.py -> /home/vlados/ias0220/install/ias0220_250620/share/ias0220_250620/launch
[1.033s] running install_egg_info
[1.035s] removing '/home/vlados/ias0220/install/ias0220_250620/lib/python3.10/site-packages/ias0220_250620-0.0.0-py3.10.egg-info' (and everything under it)
[1.035s] Copying ../../build/ias0220_250620/ias0220_250620.egg-info to /home/vlados/ias0220/install/ias0220_250620/lib/python3.10/site-packages/ias0220_250620-0.0.0-py3.10.egg-info
[1.036s] running install_scripts
[1.051s] Installing odometer script to /home/vlados/ias0220/install/ias0220_250620/lib/ias0220_250620
[1.051s] Installing odometry script to /home/vlados/ias0220/install/ias0220_250620/lib/ias0220_250620
[1.051s] Installing random_walker script to /home/vlados/ias0220/install/ias0220_250620/lib/ias0220_250620
[1.051s] Installing serial_interface script to /home/vlados/ias0220/install/ias0220_250620/lib/ias0220_250620
[1.051s] writing list of installed files to '/home/vlados/ias0220/build/ias0220_250620/install.log'
[1.077s] Invoked command in '/home/vlados/ias0220/src/ias0220_250620' returned '0': PYTHONPATH=/home/vlados/ias0220/build/ias0220_250620/prefix_override:/usr/lib/python3/dist-packages/colcon_core/task/python/colcon_distutils_commands:/home/vlados/ias0220/install/ias0220_250620/lib/python3.10/site-packages:${PYTHONPATH} /usr/bin/python3 -W ignore:setup.py install is deprecated -W ignore:easy_install command is deprecated setup.py egg_info --egg-base ../../build/ias0220_250620 build --build-base /home/vlados/ias0220/build/ias0220_250620/build install --record /home/vlados/ias0220/build/ias0220_250620/install.log --single-version-externally-managed install_data
