[0.069s] DEBUG:colcon:Command line arguments: ['/usr/bin/colcon', 'build']
[0.069s] DEBUG:colcon:Parsed command line arguments: Namespace(log_base=None, log_level=None, verb_name='build', build_base='build', install_base='install', merge_install=False, symlink_install=False, test_result_base=None, continue_on_error=False, executor='parallel', parallel_workers=16, event_handlers=None, ignore_user_meta=False, metas=['./colcon.meta'], base_paths=['.'], packages_ignore=None, packages_ignore_regex=None, paths=None, packages_up_to=None, packages_up_to_regex=None, packages_above=None, packages_above_and_dependencies=None, packages_above_depth=None, packages_select_by_dep=None, packages_skip_by_dep=None, packages_skip_up_to=None, packages_select_build_failed=False, packages_skip_build_finished=False, packages_select_test_failures=False, packages_skip_test_passed=False, packages_select=None, packages_skip=None, packages_select_regex=None, packages_skip_regex=None, packages_start=None, packages_end=None, allow_overriding=[], cmake_args=None, cmake_target=None, cmake_target_skip_unavailable=False, cmake_clean_cache=False, cmake_clean_first=False, cmake_force_configure=False, ament_cmake_args=None, catkin_cmake_args=None, catkin_skip_building_tests=False, verb_parser=<colcon_defaults.argument_parser.defaults.DefaultArgumentsDecorator object at 0x77182241bc70>, verb_extension=<colcon_core.verb.build.BuildVerb object at 0x771822564400>, main=<bound method BuildVerb.main of <colcon_core.verb.build.BuildVerb object at 0x771822564400>>)
[0.182s] Level 1:colcon.colcon_core.package_discovery:discover_packages(colcon_meta) check parameters
[0.182s] Level 1:colcon.colcon_core.package_discovery:discover_packages(recursive) check parameters
[0.182s] Level 1:colcon.colcon_core.package_discovery:discover_packages(ignore) check parameters
[0.182s] Level 1:colcon.colcon_core.package_discovery:discover_packages(path) check parameters
[0.182s] Level 1:colcon.colcon_core.package_discovery:discover_packages(colcon_meta) discover
[0.182s] Level 1:colcon.colcon_core.package_discovery:discover_packages(recursive) discover
[0.182s] INFO:colcon.colcon_core.package_discovery:Crawling recursively for packages in '/home/vlados/ias0220'
[0.182s] Level 1:colcon.colcon_core.package_identification:_identify(.) by extensions ['ignore', 'ignore_ament_install']
[0.182s] Level 1:colcon.colcon_core.package_identification:_identify(.) by extension 'ignore'
[0.182s] Level 1:colcon.colcon_core.package_identification:_identify(.) by extension 'ignore_ament_install'
[0.182s] Level 1:colcon.colcon_core.package_identification:_identify(.) by extensions ['colcon_pkg']
[0.182s] Level 1:colcon.colcon_core.package_identification:_identify(.) by extension 'colcon_pkg'
[0.182s] Level 1:colcon.colcon_core.package_identification:_identify(.) by extensions ['colcon_meta']
[0.182s] Level 1:colcon.colcon_core.package_identification:_identify(.) by extension 'colcon_meta'
[0.182s] Level 1:colcon.colcon_core.package_identification:_identify(.) by extensions ['ros']
[0.182s] Level 1:colcon.colcon_core.package_identification:_identify(.) by extension 'ros'
[0.190s] Level 1:colcon.colcon_core.package_identification:_identify(.) by extensions ['cmake', 'python']
[0.190s] Level 1:colcon.colcon_core.package_identification:_identify(.) by extension 'cmake'
[0.190s] Level 1:colcon.colcon_core.package_identification:_identify(.) by extension 'python'
[0.190s] Level 1:colcon.colcon_core.package_identification:_identify(.) by extensions ['python_setup_py']
[0.190s] Level 1:colcon.colcon_core.package_identification:_identify(.) by extension 'python_setup_py'
[0.190s] Level 1:colcon.colcon_core.package_identification:_identify(build) by extensions ['ignore', 'ignore_ament_install']
[0.190s] Level 1:colcon.colcon_core.package_identification:_identify(build) by extension 'ignore'
[0.190s] Level 1:colcon.colcon_core.package_identification:_identify(build) ignored
[0.190s] Level 1:colcon.colcon_core.package_identification:_identify(install) by extensions ['ignore', 'ignore_ament_install']
[0.190s] Level 1:colcon.colcon_core.package_identification:_identify(install) by extension 'ignore'
[0.190s] Level 1:colcon.colcon_core.package_identification:_identify(install) ignored
[0.190s] Level 1:colcon.colcon_core.package_identification:_identify(log) by extensions ['ignore', 'ignore_ament_install']
[0.190s] Level 1:colcon.colcon_core.package_identification:_identify(log) by extension 'ignore'
[0.190s] Level 1:colcon.colcon_core.package_identification:_identify(log) ignored
[0.190s] Level 1:colcon.colcon_core.package_identification:_identify(src) by extensions ['ignore', 'ignore_ament_install']
[0.190s] Level 1:colcon.colcon_core.package_identification:_identify(src) by extension 'ignore'
[0.191s] Level 1:colcon.colcon_core.package_identification:_identify(src) by extension 'ignore_ament_install'
[0.191s] Level 1:colcon.colcon_core.package_identification:_identify(src) by extensions ['colcon_pkg']
[0.191s] Level 1:colcon.colcon_core.package_identification:_identify(src) by extension 'colcon_pkg'
[0.191s] Level 1:colcon.colcon_core.package_identification:_identify(src) by extensions ['colcon_meta']
[0.191s] Level 1:colcon.colcon_core.package_identification:_identify(src) by extension 'colcon_meta'
[0.191s] Level 1:colcon.colcon_core.package_identification:_identify(src) by extensions ['ros']
[0.191s] Level 1:colcon.colcon_core.package_identification:_identify(src) by extension 'ros'
[0.191s] Level 1:colcon.colcon_core.package_identification:_identify(src) by extensions ['cmake', 'python']
[0.191s] Level 1:colcon.colcon_core.package_identification:_identify(src) by extension 'cmake'
[0.191s] Level 1:colcon.colcon_core.package_identification:_identify(src) by extension 'python'
[0.191s] Level 1:colcon.colcon_core.package_identification:_identify(src) by extensions ['python_setup_py']
[0.191s] Level 1:colcon.colcon_core.package_identification:_identify(src) by extension 'python_setup_py'
[0.191s] Level 1:colcon.colcon_core.package_identification:_identify(src/build) by extensions ['ignore', 'ignore_ament_install']
[0.191s] Level 1:colcon.colcon_core.package_identification:_identify(src/build) by extension 'ignore'
[0.191s] Level 1:colcon.colcon_core.package_identification:_identify(src/build) ignored
[0.191s] Level 1:colcon.colcon_core.package_identification:_identify(src/ias0220_250620) by extensions ['ignore', 'ignore_ament_install']
[0.191s] Level 1:colcon.colcon_core.package_identification:_identify(src/ias0220_250620) by extension 'ignore'
[0.191s] Level 1:colcon.colcon_core.package_identification:_identify(src/ias0220_250620) by extension 'ignore_ament_install'
[0.191s] Level 1:colcon.colcon_core.package_identification:_identify(src/ias0220_250620) by extensions ['colcon_pkg']
[0.191s] Level 1:colcon.colcon_core.package_identification:_identify(src/ias0220_250620) by extension 'colcon_pkg'
[0.191s] Level 1:colcon.colcon_core.package_identification:_identify(src/ias0220_250620) by extensions ['colcon_meta']
[0.191s] Level 1:colcon.colcon_core.package_identification:_identify(src/ias0220_250620) by extension 'colcon_meta'
[0.191s] Level 1:colcon.colcon_core.package_identification:_identify(src/ias0220_250620) by extensions ['ros']
[0.191s] Level 1:colcon.colcon_core.package_identification:_identify(src/ias0220_250620) by extension 'ros'
[0.193s] DEBUG:colcon.colcon_core.package_identification:Package 'src/ias0220_250620' with type 'ros.ament_python' and name 'ias0220_250620'
[0.193s] Level 1:colcon.colcon_core.package_identification:_identify(src/install) by extensions ['ignore', 'ignore_ament_install']
[0.193s] Level 1:colcon.colcon_core.package_identification:_identify(src/install) by extension 'ignore'
[0.193s] Level 1:colcon.colcon_core.package_identification:_identify(src/install) ignored
[0.193s] Level 1:colcon.colcon_core.package_identification:_identify(src/log) by extensions ['ignore', 'ignore_ament_install']
[0.193s] Level 1:colcon.colcon_core.package_identification:_identify(src/log) by extension 'ignore'
[0.193s] Level 1:colcon.colcon_core.package_identification:_identify(src/log) ignored
[0.193s] Level 1:colcon.colcon_core.package_identification:_identify(src/transform_frame) by extensions ['ignore', 'ignore_ament_install']
[0.193s] Level 1:colcon.colcon_core.package_identification:_identify(src/transform_frame) by extension 'ignore'
[0.193s] Level 1:colcon.colcon_core.package_identification:_identify(src/transform_frame) by extension 'ignore_ament_install'
[0.193s] Level 1:colcon.colcon_core.package_identification:_identify(src/transform_frame) by extensions ['colcon_pkg']
[0.193s] Level 1:colcon.colcon_core.package_identification:_identify(src/transform_frame) by extension 'colcon_pkg'
[0.193s] Level 1:colcon.colcon_core.package_identification:_identify(src/transform_frame) by extensions ['colcon_meta']
[0.193s] Level 1:colcon.colcon_core.package_identification:_identify(src/transform_frame) by extension 'colcon_meta'
[0.193s] Level 1:colcon.colcon_core.package_identification:_identify(src/transform_frame) by extensions ['ros']
[0.193s] Level 1:colcon.colcon_core.package_identification:_identify(src/transform_frame) by extension 'ros'
[0.194s] DEBUG:colcon.colcon_core.package_identification:Package 'src/transform_frame' with type 'ros.ament_cmake' and name 'transform_frame'
[0.194s] Level 1:colcon.colcon_core.package_discovery:discover_packages(recursive) using defaults
[0.194s] Level 1:colcon.colcon_core.package_discovery:discover_packages(ignore) discover
[0.194s] Level 1:colcon.colcon_core.package_discovery:discover_packages(ignore) using defaults
[0.194s] Level 1:colcon.colcon_core.package_discovery:discover_packages(path) discover
[0.194s] Level 1:colcon.colcon_core.package_discovery:discover_packages(path) using defaults
[0.207s] Level 1:colcon.colcon_core.package_discovery:discover_packages(prefix_path) check parameters
[0.207s] Level 1:colcon.colcon_core.package_discovery:discover_packages(prefix_path) discover
[0.208s] DEBUG:colcon.colcon_installed_package_information.package_discovery:Found 2 installed packages in /home/vlados/ias0220/install
[0.209s] DEBUG:colcon.colcon_installed_package_information.package_discovery:Found 283 installed packages in /opt/ros/humble
[0.211s] Level 1:colcon.colcon_core.package_discovery:discover_packages(prefix_path) using defaults
[0.245s] Level 5:colcon.colcon_core.verb:set package 'ias0220_250620' build argument 'cmake_args' from command line to 'None'
[0.245s] Level 5:colcon.colcon_core.verb:set package 'ias0220_250620' build argument 'cmake_target' from command line to 'None'
[0.245s] Level 5:colcon.colcon_core.verb:set package 'ias0220_250620' build argument 'cmake_target_skip_unavailable' from command line to 'False'
[0.245s] Level 5:colcon.colcon_core.verb:set package 'ias0220_250620' build argument 'cmake_clean_cache' from command line to 'False'
[0.245s] Level 5:colcon.colcon_core.verb:set package 'ias0220_250620' build argument 'cmake_clean_first' from command line to 'False'
[0.245s] Level 5:colcon.colcon_core.verb:set package 'ias0220_250620' build argument 'cmake_force_configure' from command line to 'False'
[0.245s] Level 5:colcon.colcon_core.verb:set package 'ias0220_250620' build argument 'ament_cmake_args' from command line to 'None'
[0.245s] Level 5:colcon.colcon_core.verb:set package 'ias0220_250620' build argument 'catkin_cmake_args' from command line to 'None'
[0.245s] Level 5:colcon.colcon_core.verb:set package 'ias0220_250620' build argument 'catkin_skip_building_tests' from command line to 'False'
[0.245s] DEBUG:colcon.colcon_core.verb:Building package 'ias0220_250620' with the following arguments: {'ament_cmake_args': None, 'build_base': '/home/vlados/ias0220/build/ias0220_250620', 'catkin_cmake_args': None, 'catkin_skip_building_tests': False, 'cmake_args': None, 'cmake_clean_cache': False, 'cmake_clean_first': False, 'cmake_force_configure': False, 'cmake_target': None, 'cmake_target_skip_unavailable': False, 'install_base': '/home/vlados/ias0220/install/ias0220_250620', 'merge_install': False, 'path': '/home/vlados/ias0220/src/ias0220_250620', 'symlink_install': False, 'test_result_base': None}
[0.245s] Level 5:colcon.colcon_core.verb:set package 'transform_frame' build argument 'cmake_args' from command line to 'None'
[0.245s] Level 5:colcon.colcon_core.verb:set package 'transform_frame' build argument 'cmake_target' from command line to 'None'
[0.245s] Level 5:colcon.colcon_core.verb:set package 'transform_frame' build argument 'cmake_target_skip_unavailable' from command line to 'False'
[0.245s] Level 5:colcon.colcon_core.verb:set package 'transform_frame' build argument 'cmake_clean_cache' from command line to 'False'
[0.245s] Level 5:colcon.colcon_core.verb:set package 'transform_frame' build argument 'cmake_clean_first' from command line to 'False'
[0.245s] Level 5:colcon.colcon_core.verb:set package 'transform_frame' build argument 'cmake_force_configure' from command line to 'False'
[0.246s] Level 5:colcon.colcon_core.verb:set package 'transform_frame' build argument 'ament_cmake_args' from command line to 'None'
[0.246s] Level 5:colcon.colcon_core.verb:set package 'transform_frame' build argument 'catkin_cmake_args' from command line to 'None'
[0.246s] Level 5:colcon.colcon_core.verb:set package 'transform_frame' build argument 'catkin_skip_building_tests' from command line to 'False'
[0.246s] DEBUG:colcon.colcon_core.verb:Building package 'transform_frame' with the following arguments: {'ament_cmake_args': None, 'build_base': '/home/vlados/ias0220/build/transform_frame', 'catkin_cmake_args': None, 'catkin_skip_building_tests': False, 'cmake_args': None, 'cmake_clean_cache': False, 'cmake_clean_first': False, 'cmake_force_configure': False, 'cmake_target': None, 'cmake_target_skip_unavailable': False, 'install_base': '/home/vlados/ias0220/install/transform_frame', 'merge_install': False, 'path': '/home/vlados/ias0220/src/transform_frame', 'symlink_install': False, 'test_result_base': None}
[0.246s] INFO:colcon.colcon_core.executor:Executing jobs using 'parallel' executor
[0.246s] DEBUG:colcon.colcon_parallel_executor.executor.parallel:run_until_complete
[0.247s] INFO:colcon.colcon_ros.task.ament_python.build:Building ROS package in '/home/vlados/ias0220/src/ias0220_250620' with build type 'ament_python'
[0.247s] Level 1:colcon.colcon_core.shell:create_environment_hook('ias0220_250620', 'ament_prefix_path')
[0.248s] INFO:colcon.colcon_core.plugin_system:Skipping extension 'colcon_core.shell.bat': Not used on non-Windows systems
[0.248s] INFO:colcon.colcon_core.shell:Creating environment hook '/home/vlados/ias0220/install/ias0220_250620/share/ias0220_250620/hook/ament_prefix_path.ps1'
[0.249s] INFO:colcon.colcon_core.shell:Creating environment descriptor '/home/vlados/ias0220/install/ias0220_250620/share/ias0220_250620/hook/ament_prefix_path.dsv'
[0.249s] INFO:colcon.colcon_core.shell:Creating environment hook '/home/vlados/ias0220/install/ias0220_250620/share/ias0220_250620/hook/ament_prefix_path.sh'
[0.250s] INFO:colcon.colcon_core.shell:Skip shell extension 'powershell' for command environment: Not usable outside of PowerShell
[0.250s] DEBUG:colcon.colcon_core.shell:Skip shell extension 'dsv' for command environment
[0.252s] INFO:colcon.colcon_ros.task.ament_cmake.build:Building ROS package in '/home/vlados/ias0220/src/transform_frame' with build type 'ament_cmake'
[0.252s] INFO:colcon.colcon_cmake.task.cmake.build:Building CMake package in '/home/vlados/ias0220/src/transform_frame'
[0.253s] INFO:colcon.colcon_core.shell:Skip shell extension 'powershell' for command environment: Not usable outside of PowerShell
[0.253s] DEBUG:colcon.colcon_core.shell:Skip shell extension 'dsv' for command environment
[0.422s] INFO:colcon.colcon_core.task.python.build:Building Python package in '/home/vlados/ias0220/src/ias0220_250620'
[0.422s] INFO:colcon.colcon_core.shell:Skip shell extension 'powershell' for command environment: Not usable outside of PowerShell
[0.422s] DEBUG:colcon.colcon_core.shell:Skip shell extension 'dsv' for command environment
[0.428s] DEBUG:colcon.colcon_core.event_handler.log_command:Invoking command in '/home/vlados/ias0220/build/transform_frame': CMAKE_PREFIX_PATH=${CMAKE_PREFIX_PATH}:/home/vlados/ias0220/install/ias0220_250620:/opt/ros/humble /usr/bin/cmake --build /home/vlados/ias0220/build/transform_frame -- -j16 -l16
[0.509s] DEBUG:colcon.colcon_core.event_handler.log_command:Invoked command in '/home/vlados/ias0220/build/transform_frame' returned '0': CMAKE_PREFIX_PATH=${CMAKE_PREFIX_PATH}:/home/vlados/ias0220/install/ias0220_250620:/opt/ros/humble /usr/bin/cmake --build /home/vlados/ias0220/build/transform_frame -- -j16 -l16
[0.516s] DEBUG:colcon.colcon_core.event_handler.log_command:Invoking command in '/home/vlados/ias0220/build/transform_frame': CMAKE_PREFIX_PATH=${CMAKE_PREFIX_PATH}:/home/vlados/ias0220/install/ias0220_250620:/opt/ros/humble /usr/bin/cmake --install /home/vlados/ias0220/build/transform_frame
[0.524s] Level 1:colcon.colcon_core.environment:create_environment_scripts_only(transform_frame)
[0.524s] DEBUG:colcon.colcon_core.event_handler.log_command:Invoked command in '/home/vlados/ias0220/build/transform_frame' returned '0': CMAKE_PREFIX_PATH=${CMAKE_PREFIX_PATH}:/home/vlados/ias0220/install/ias0220_250620:/opt/ros/humble /usr/bin/cmake --install /home/vlados/ias0220/build/transform_frame
[0.526s] Level 1:colcon.colcon_core.environment:checking '/home/vlados/ias0220/install/transform_frame' for CMake module files
[0.526s] Level 1:colcon.colcon_core.environment:checking '/home/vlados/ias0220/install/transform_frame' for CMake config files
[0.526s] Level 1:colcon.colcon_core.shell:create_environment_hook('transform_frame', 'cmake_prefix_path')
[0.526s] INFO:colcon.colcon_core.shell:Creating environment hook '/home/vlados/ias0220/install/transform_frame/share/transform_frame/hook/cmake_prefix_path.ps1'
[0.527s] INFO:colcon.colcon_core.shell:Creating environment descriptor '/home/vlados/ias0220/install/transform_frame/share/transform_frame/hook/cmake_prefix_path.dsv'
[0.527s] INFO:colcon.colcon_core.shell:Creating environment hook '/home/vlados/ias0220/install/transform_frame/share/transform_frame/hook/cmake_prefix_path.sh'
[0.528s] Level 1:colcon.colcon_core.environment:checking '/home/vlados/ias0220/install/transform_frame/lib'
[0.528s] Level 1:colcon.colcon_core.environment:checking '/home/vlados/ias0220/install/transform_frame/bin'
[0.528s] Level 1:colcon.colcon_core.environment:checking '/home/vlados/ias0220/install/transform_frame/lib/pkgconfig/transform_frame.pc'
[0.528s] Level 1:colcon.colcon_core.environment:checking '/home/vlados/ias0220/install/transform_frame/lib/python3.10/site-packages'
[0.528s] Level 1:colcon.colcon_core.environment:checking '/home/vlados/ias0220/install/transform_frame/bin'
[0.528s] INFO:colcon.colcon_core.shell:Creating package script '/home/vlados/ias0220/install/transform_frame/share/transform_frame/package.ps1'
[0.529s] INFO:colcon.colcon_core.shell:Creating package descriptor '/home/vlados/ias0220/install/transform_frame/share/transform_frame/package.dsv'
[0.529s] INFO:colcon.colcon_core.shell:Creating package script '/home/vlados/ias0220/install/transform_frame/share/transform_frame/package.sh'
[0.530s] INFO:colcon.colcon_core.shell:Creating package script '/home/vlados/ias0220/install/transform_frame/share/transform_frame/package.bash'
[0.530s] INFO:colcon.colcon_core.shell:Creating package script '/home/vlados/ias0220/install/transform_frame/share/transform_frame/package.zsh'
[0.531s] Level 1:colcon.colcon_core.environment:create_file_with_runtime_dependencies(/home/vlados/ias0220/install/transform_frame/share/colcon-core/packages/transform_frame)
[0.531s] Level 1:colcon.colcon_core.environment:create_environment_scripts_only(transform_frame)
[0.531s] Level 1:colcon.colcon_core.environment:checking '/home/vlados/ias0220/install/transform_frame' for CMake module files
[0.531s] Level 1:colcon.colcon_core.environment:checking '/home/vlados/ias0220/install/transform_frame' for CMake config files
[0.532s] Level 1:colcon.colcon_core.shell:create_environment_hook('transform_frame', 'cmake_prefix_path')
[0.532s] INFO:colcon.colcon_core.shell:Creating environment hook '/home/vlados/ias0220/install/transform_frame/share/transform_frame/hook/cmake_prefix_path.ps1'
[0.532s] INFO:colcon.colcon_core.shell:Creating environment descriptor '/home/vlados/ias0220/install/transform_frame/share/transform_frame/hook/cmake_prefix_path.dsv'
[0.532s] INFO:colcon.colcon_core.shell:Creating environment hook '/home/vlados/ias0220/install/transform_frame/share/transform_frame/hook/cmake_prefix_path.sh'
[0.532s] Level 1:colcon.colcon_core.environment:checking '/home/vlados/ias0220/install/transform_frame/lib'
[0.533s] Level 1:colcon.colcon_core.environment:checking '/home/vlados/ias0220/install/transform_frame/bin'
[0.533s] Level 1:colcon.colcon_core.environment:checking '/home/vlados/ias0220/install/transform_frame/lib/pkgconfig/transform_frame.pc'
[0.533s] Level 1:colcon.colcon_core.environment:checking '/home/vlados/ias0220/install/transform_frame/lib/python3.10/site-packages'
[0.533s] Level 1:colcon.colcon_core.environment:checking '/home/vlados/ias0220/install/transform_frame/bin'
[0.533s] INFO:colcon.colcon_core.shell:Creating package script '/home/vlados/ias0220/install/transform_frame/share/transform_frame/package.ps1'
[0.533s] INFO:colcon.colcon_core.shell:Creating package descriptor '/home/vlados/ias0220/install/transform_frame/share/transform_frame/package.dsv'
[0.534s] INFO:colcon.colcon_core.shell:Creating package script '/home/vlados/ias0220/install/transform_frame/share/transform_frame/package.sh'
[0.534s] INFO:colcon.colcon_core.shell:Creating package script '/home/vlados/ias0220/install/transform_frame/share/transform_frame/package.bash'
[0.534s] INFO:colcon.colcon_core.shell:Creating package script '/home/vlados/ias0220/install/transform_frame/share/transform_frame/package.zsh'
[0.535s] Level 1:colcon.colcon_core.environment:create_file_with_runtime_dependencies(/home/vlados/ias0220/install/transform_frame/share/colcon-core/packages/transform_frame)
[0.652s] DEBUG:colcon.colcon_core.event_handler.log_command:Invoking command in '/home/vlados/ias0220/src/ias0220_250620': PYTHONPATH=/home/vlados/ias0220/build/ias0220_250620/prefix_override:/usr/lib/python3/dist-packages/colcon_core/task/python/colcon_distutils_commands:/home/vlados/ias0220/install/ias0220_250620/lib/python3.10/site-packages:${PYTHONPATH} /usr/bin/python3 -W ignore:setup.py install is deprecated -W ignore:easy_install command is deprecated setup.py egg_info --egg-base ../../build/ias0220_250620 build --build-base /home/vlados/ias0220/build/ias0220_250620/build install --record /home/vlados/ias0220/build/ias0220_250620/install.log --single-version-externally-managed install_data
[0.847s] Level 1:colcon.colcon_core.environment:checking '/home/vlados/ias0220/install/ias0220_250620' for CMake module files
[0.847s] DEBUG:colcon.colcon_core.event_handler.log_command:Invoked command in '/home/vlados/ias0220/src/ias0220_250620' returned '0': PYTHONPATH=/home/vlados/ias0220/build/ias0220_250620/prefix_override:/usr/lib/python3/dist-packages/colcon_core/task/python/colcon_distutils_commands:/home/vlados/ias0220/install/ias0220_250620/lib/python3.10/site-packages:${PYTHONPATH} /usr/bin/python3 -W ignore:setup.py install is deprecated -W ignore:easy_install command is deprecated setup.py egg_info --egg-base ../../build/ias0220_250620 build --build-base /home/vlados/ias0220/build/ias0220_250620/build install --record /home/vlados/ias0220/build/ias0220_250620/install.log --single-version-externally-managed install_data
[0.848s] Level 1:colcon.colcon_core.environment:checking '/home/vlados/ias0220/install/ias0220_250620' for CMake config files
[0.849s] Level 1:colcon.colcon_core.environment:checking '/home/vlados/ias0220/install/ias0220_250620/lib'
[0.849s] Level 1:colcon.colcon_core.environment:checking '/home/vlados/ias0220/install/ias0220_250620/bin'
[0.849s] Level 1:colcon.colcon_core.environment:checking '/home/vlados/ias0220/install/ias0220_250620/lib/pkgconfig/ias0220_250620.pc'
[0.849s] Level 1:colcon.colcon_core.environment:checking '/home/vlados/ias0220/install/ias0220_250620/lib/python3.10/site-packages'
[0.849s] Level 1:colcon.colcon_core.shell:create_environment_hook('ias0220_250620', 'pythonpath')
[0.849s] INFO:colcon.colcon_core.shell:Creating environment hook '/home/vlados/ias0220/install/ias0220_250620/share/ias0220_250620/hook/pythonpath.ps1'
[0.850s] INFO:colcon.colcon_core.shell:Creating environment descriptor '/home/vlados/ias0220/install/ias0220_250620/share/ias0220_250620/hook/pythonpath.dsv'
[0.850s] INFO:colcon.colcon_core.shell:Creating environment hook '/home/vlados/ias0220/install/ias0220_250620/share/ias0220_250620/hook/pythonpath.sh'
[0.851s] Level 1:colcon.colcon_core.environment:checking '/home/vlados/ias0220/install/ias0220_250620/bin'
[0.851s] Level 1:colcon.colcon_core.environment:create_environment_scripts_only(ias0220_250620)
[0.851s] INFO:colcon.colcon_core.shell:Creating package script '/home/vlados/ias0220/install/ias0220_250620/share/ias0220_250620/package.ps1'
[0.852s] INFO:colcon.colcon_core.shell:Creating package descriptor '/home/vlados/ias0220/install/ias0220_250620/share/ias0220_250620/package.dsv'
[0.852s] INFO:colcon.colcon_core.shell:Creating package script '/home/vlados/ias0220/install/ias0220_250620/share/ias0220_250620/package.sh'
[0.853s] INFO:colcon.colcon_core.shell:Creating package script '/home/vlados/ias0220/install/ias0220_250620/share/ias0220_250620/package.bash'
[0.853s] INFO:colcon.colcon_core.shell:Creating package script '/home/vlados/ias0220/install/ias0220_250620/share/ias0220_250620/package.zsh'
[0.854s] Level 1:colcon.colcon_core.environment:create_file_with_runtime_dependencies(/home/vlados/ias0220/install/ias0220_250620/share/colcon-core/packages/ias0220_250620)
[0.854s] DEBUG:colcon.colcon_parallel_executor.executor.parallel:closing loop
[0.854s] DEBUG:colcon.colcon_parallel_executor.executor.parallel:loop closed
[0.854s] DEBUG:colcon.colcon_parallel_executor.executor.parallel:run_until_complete finished with '0'
[0.854s] DEBUG:colcon.colcon_core.event_reactor:joining thread
[0.861s] INFO:colcon.colcon_core.plugin_system:Skipping extension 'colcon_notification.desktop_notification.notify_send': Could not find 'notify-send'
[0.861s] INFO:colcon.colcon_core.plugin_system:Skipping extension 'colcon_notification.desktop_notification.terminal_notifier': Not used on non-Darwin systems
[0.861s] INFO:colcon.colcon_core.plugin_system:Skipping extension 'colcon_notification.desktop_notification.win32': Not used on non-Windows systems
[0.861s] INFO:colcon.colcon_notification.desktop_notification:Sending desktop notification using 'notify2'
[0.895s] DEBUG:colcon.colcon_core.event_reactor:joined thread
[0.896s] INFO:colcon.colcon_core.shell:Creating prefix script '/home/vlados/ias0220/install/local_setup.ps1'
[0.897s] INFO:colcon.colcon_core.shell:Creating prefix util module '/home/vlados/ias0220/install/_local_setup_util_ps1.py'
[0.899s] INFO:colcon.colcon_core.shell:Creating prefix chain script '/home/vlados/ias0220/install/setup.ps1'
[0.900s] INFO:colcon.colcon_core.shell:Creating prefix script '/home/vlados/ias0220/install/local_setup.sh'
[0.901s] INFO:colcon.colcon_core.shell:Creating prefix util module '/home/vlados/ias0220/install/_local_setup_util_sh.py'
[0.902s] INFO:colcon.colcon_core.shell:Creating prefix chain script '/home/vlados/ias0220/install/setup.sh'
[0.903s] INFO:colcon.colcon_core.shell:Creating prefix script '/home/vlados/ias0220/install/local_setup.bash'
[0.904s] INFO:colcon.colcon_core.shell:Creating prefix chain script '/home/vlados/ias0220/install/setup.bash'
[0.905s] INFO:colcon.colcon_core.shell:Creating prefix script '/home/vlados/ias0220/install/local_setup.zsh'
[0.906s] INFO:colcon.colcon_core.shell:Creating prefix chain script '/home/vlados/ias0220/install/setup.zsh'
