[0.429s] Invoking command in '/home/vlados/ias0220/src/ias0220_250620': PYTHONPATH=/home/vlados/ias0220/src/ias0220_250620/build/ias0220_250620/prefix_override:/usr/lib/python3/dist-packages/colcon_core/task/python/colcon_distutils_commands:/home/vlados/ias0220/src/ias0220_250620/install/ias0220_250620/lib/python3.10/site-packages:${PYTHONPATH} /usr/bin/python3 -W ignore:setup.py install is deprecated -W ignore:easy_install command is deprecated setup.py egg_info --egg-base build/ias0220_250620 build --build-base /home/vlados/ias0220/src/ias0220_250620/build/ias0220_250620/build install --record /home/vlados/ias0220/src/ias0220_250620/build/ias0220_250620/install.log --single-version-externally-managed install_data
[0.598s] running egg_info
[0.598s] writing build/ias0220_250620/ias0220_250620.egg-info/PKG-INFO
[0.598s] writing dependency_links to build/ias0220_250620/ias0220_250620.egg-info/dependency_links.txt
[0.598s] writing entry points to build/ias0220_250620/ias0220_250620.egg-info/entry_points.txt
[0.598s] writing requirements to build/ias0220_250620/ias0220_250620.egg-info/requires.txt
[0.599s] writing top-level names to build/ias0220_250620/ias0220_250620.egg-info/top_level.txt
[0.600s] reading manifest file 'build/ias0220_250620/ias0220_250620.egg-info/SOURCES.txt'
[0.600s] adding license file 'LICENSE'
[0.600s] writing manifest file 'build/ias0220_250620/ias0220_250620.egg-info/SOURCES.txt'
[0.600s] running build
[0.601s] running build_py
[0.601s] copying ias0220_250620/odometry.py -> /home/vlados/ias0220/src/ias0220_250620/build/ias0220_250620/build/lib/ias0220_250620
[0.601s] running install
[0.601s] running install_lib
[0.601s] copying /home/vlados/ias0220/src/ias0220_250620/build/ias0220_250620/build/lib/ias0220_250620/odometry.py -> /home/vlados/ias0220/src/ias0220_250620/install/ias0220_250620/lib/python3.10/site-packages/ias0220_250620
[0.602s] byte-compiling /home/vlados/ias0220/src/ias0220_250620/install/ias0220_250620/lib/python3.10/site-packages/ias0220_250620/odometry.py to odometry.cpython-310.pyc
[0.603s] running install_data
[0.603s] copying launch/differential_robot_simu_task4_part2.launch.py -> /home/vlados/ias0220/src/ias0220_250620/install/ias0220_250620/share/ias0220_250620/launch
[0.603s] running install_egg_info
[0.604s] removing '/home/vlados/ias0220/src/ias0220_250620/install/ias0220_250620/lib/python3.10/site-packages/ias0220_250620-0.0.0-py3.10.egg-info' (and everything under it)
[0.605s] Copying build/ias0220_250620/ias0220_250620.egg-info to /home/vlados/ias0220/src/ias0220_250620/install/ias0220_250620/lib/python3.10/site-packages/ias0220_250620-0.0.0-py3.10.egg-info
[0.605s] running install_scripts
[0.620s] Installing odometer script to /home/vlados/ias0220/src/ias0220_250620/install/ias0220_250620/lib/ias0220_250620
[0.620s] Installing odometry script to /home/vlados/ias0220/src/ias0220_250620/install/ias0220_250620/lib/ias0220_250620
[0.620s] Installing random_walker script to /home/vlados/ias0220/src/ias0220_250620/install/ias0220_250620/lib/ias0220_250620
[0.620s] writing list of installed files to '/home/vlados/ias0220/src/ias0220_250620/build/ias0220_250620/install.log'
[0.636s] Invoked command in '/home/vlados/ias0220/src/ias0220_250620' returned '0': PYTHONPATH=/home/vlados/ias0220/src/ias0220_250620/build/ias0220_250620/prefix_override:/usr/lib/python3/dist-packages/colcon_core/task/python/colcon_distutils_commands:/home/vlados/ias0220/src/ias0220_250620/install/ias0220_250620/lib/python3.10/site-packages:${PYTHONPATH} /usr/bin/python3 -W ignore:setup.py install is deprecated -W ignore:easy_install command is deprecated setup.py egg_info --egg-base build/ias0220_250620 build --build-base /home/vlados/ias0220/src/ias0220_250620/build/ias0220_250620/build install --record /home/vlados/ias0220/src/ias0220_250620/build/ias0220_250620/install.log --single-version-externally-managed install_data
