-- Found ament_cmake: 1.3.12 (/opt/ros/humble/share/ament_cmake/cmake)
-- Found ament_lint_auto: 0.12.14 (/opt/ros/humble/share/ament_lint_auto/cmake)
-- Added test 'lint_cmake' to check CMake code style
-- Added test 'xmllint' to check XML markup files
-- Configuring done
-- Generating done
-- Build files have been written to: /home/vlados/ros2_ws/build/ias0220_250620
-- Install configuration: ""
-- Up-to-date: /home/vlados/ros2_ws/install/ias0220_250620/share/ament_index/resource_index/package_run_dependencies/ias0220_250620
-- Up-to-date: /home/vlados/ros2_ws/install/ias0220_250620/share/ament_index/resource_index/parent_prefix_path/ias0220_250620
-- Up-to-date: /home/vlados/ros2_ws/install/ias0220_250620/share/ias0220_250620/environment/ament_prefix_path.sh
-- Installing: /home/vlados/ros2_ws/install/ias0220_250620/share/ias0220_250620/environment/ament_prefix_path.dsv
-- Up-to-date: /home/vlados/ros2_ws/install/ias0220_250620/share/ias0220_250620/environment/path.sh
-- Installing: /home/vlados/ros2_ws/install/ias0220_250620/share/ias0220_250620/environment/path.dsv
-- Up-to-date: /home/vlados/ros2_ws/install/ias0220_250620/share/ias0220_250620/local_setup.bash
-- Up-to-date: /home/vlados/ros2_ws/install/ias0220_250620/share/ias0220_250620/local_setup.sh
-- Up-to-date: /home/vlados/ros2_ws/install/ias0220_250620/share/ias0220_250620/local_setup.zsh
-- Installing: /home/vlados/ros2_ws/install/ias0220_250620/share/ias0220_250620/local_setup.dsv
-- Installing: /home/vlados/ros2_ws/install/ias0220_250620/share/ias0220_250620/package.dsv
-- Up-to-date: /home/vlados/ros2_ws/install/ias0220_250620/share/ament_index/resource_index/packages/ias0220_250620
-- Up-to-date: /home/vlados/ros2_ws/install/ias0220_250620/share/ias0220_250620/cmake/ias0220_250620Config.cmake
-- Up-to-date: /home/vlados/ros2_ws/install/ias0220_250620/share/ias0220_250620/cmake/ias0220_250620Config-version.cmake
-- Installing: /home/vlados/ros2_ws/install/ias0220_250620/share/ias0220_250620/package.xml
