[0.008s] Invoking command in '/home/vlados/ros2_ws/build/ias0220_250620': CMAKE_PREFIX_PATH=/opt/ros/humble /usr/bin/cmake --build /home/vlados/ros2_ws/build/ias0220_250620 -- -j16 -l16
[0.027s] -- Found ament_cmake: 1.3.12 (/opt/ros/humble/share/ament_cmake/cmake)
[0.132s] -- Found ament_lint_auto: 0.12.14 (/opt/ros/humble/share/ament_lint_auto/cmake)
[0.187s] -- Added test 'lint_cmake' to check CMake code style
[0.189s] -- Added test 'xmllint' to check XML markup files
[0.190s] -- Configuring done
[0.195s] -- Generating done
[0.198s] -- Build files have been written to: /home/vlados/ros2_ws/build/ias0220_250620
[0.228s] Invoked command in '/home/vlados/ros2_ws/build/ias0220_250620' returned '0': CMAKE_PREFIX_PATH=/opt/ros/humble /usr/bin/cmake --build /home/vlados/ros2_ws/build/ias0220_250620 -- -j16 -l16
[0.238s] Invoking command in '/home/vlados/ros2_ws/build/ias0220_250620': CMAKE_PREFIX_PATH=/opt/ros/humble /usr/bin/cmake --install /home/vlados/ros2_ws/build/ias0220_250620
[0.247s] -- Install configuration: ""
[0.248s] -- Up-to-date: /home/vlados/ros2_ws/install/ias0220_250620/share/ament_index/resource_index/package_run_dependencies/ias0220_250620
[0.248s] -- Up-to-date: /home/vlados/ros2_ws/install/ias0220_250620/share/ament_index/resource_index/parent_prefix_path/ias0220_250620
[0.248s] -- Up-to-date: /home/vlados/ros2_ws/install/ias0220_250620/share/ias0220_250620/environment/ament_prefix_path.sh
[0.248s] -- Installing: /home/vlados/ros2_ws/install/ias0220_250620/share/ias0220_250620/environment/ament_prefix_path.dsv
[0.248s] -- Up-to-date: /home/vlados/ros2_ws/install/ias0220_250620/share/ias0220_250620/environment/path.sh
[0.248s] -- Installing: /home/vlados/ros2_ws/install/ias0220_250620/share/ias0220_250620/environment/path.dsv
[0.249s] -- Up-to-date: /home/vlados/ros2_ws/install/ias0220_250620/share/ias0220_250620/local_setup.bash
[0.249s] -- Up-to-date: /home/vlados/ros2_ws/install/ias0220_250620/share/ias0220_250620/local_setup.sh
[0.249s] -- Up-to-date: /home/vlados/ros2_ws/install/ias0220_250620/share/ias0220_250620/local_setup.zsh
[0.249s] -- Installing: /home/vlados/ros2_ws/install/ias0220_250620/share/ias0220_250620/local_setup.dsv
[0.249s] -- Installing: /home/vlados/ros2_ws/install/ias0220_250620/share/ias0220_250620/package.dsv
[0.249s] -- Up-to-date: /home/vlados/ros2_ws/install/ias0220_250620/share/ament_index/resource_index/packages/ias0220_250620
[0.249s] -- Up-to-date: /home/vlados/ros2_ws/install/ias0220_250620/share/ias0220_250620/cmake/ias0220_250620Config.cmake
[0.249s] -- Up-to-date: /home/vlados/ros2_ws/install/ias0220_250620/share/ias0220_250620/cmake/ias0220_250620Config-version.cmake
[0.249s] -- Installing: /home/vlados/ros2_ws/install/ias0220_250620/share/ias0220_250620/package.xml
[0.252s] Invoked command in '/home/vlados/ros2_ws/build/ias0220_250620' returned '0': CMAKE_PREFIX_PATH=/opt/ros/humble /usr/bin/cmake --install /home/vlados/ros2_ws/build/ias0220_250620
