[0.388s] Invoking command in '/home/vlados/ias0220/build/transform_frame': CMAKE_PREFIX_PATH=/opt/ros/humble /usr/bin/cmake /home/vlados/ias0220/src/transform_frame -DCMAKE_INSTALL_PREFIX=/home/vlados/ias0220/install/transform_frame
[0.430s] -- The C compiler identification is GNU 11.4.0
[0.477s] -- The CXX compiler identification is GNU 11.4.0
[0.484s] -- Detecting C compiler ABI info
[0.541s] -- Detecting C compiler ABI info - done
[0.547s] -- Check for working C compiler: /usr/bin/cc - skipped
[0.548s] -- Detecting C compile features
[0.548s] -- Detecting C compile features - done
[0.550s] -- Detecting CXX compiler ABI info
[0.621s] -- Detecting CXX compiler ABI info - done
[0.632s] -- Check for working CXX compiler: /usr/bin/c++ - skipped
[0.633s] -- Detecting CXX compile features
[0.633s] -- Detecting CXX compile features - done
[0.637s] -- Found ament_cmake: 1.3.12 (/opt/ros/humble/share/ament_cmake/cmake)
[0.788s] -- Found Python3: /usr/bin/python3 (found version "3.10.12") found components: Interpreter 
[0.875s] -- Found rclcpp: 16.0.15 (/opt/ros/humble/share/rclcpp/cmake)
[0.920s] -- Found rosidl_generator_c: 3.1.7 (/opt/ros/humble/share/rosidl_generator_c/cmake)
[0.924s] -- Found rosidl_adapter: 3.1.7 (/opt/ros/humble/share/rosidl_adapter/cmake)
[0.930s] -- Found rosidl_generator_cpp: 3.1.7 (/opt/ros/humble/share/rosidl_generator_cpp/cmake)
[0.940s] -- Using all available rosidl_typesupport_c: rosidl_typesupport_fastrtps_c;rosidl_typesupport_introspection_c
[0.952s] -- Using all available rosidl_typesupport_cpp: rosidl_typesupport_fastrtps_cpp;rosidl_typesupport_introspection_cpp
[0.999s] -- Found rmw_implementation_cmake: 6.1.2 (/opt/ros/humble/share/rmw_implementation_cmake/cmake)
[1.002s] -- Found rmw_fastrtps_cpp: 6.2.8 (/opt/ros/humble/share/rmw_fastrtps_cpp/cmake)
[1.108s] -- Found OpenSSL: /usr/lib/x86_64-linux-gnu/libcrypto.so (found version "3.0.2")  
[1.152s] -- Found FastRTPS: /opt/ros/humble/include  
[1.201s] -- Using RMW implementation 'rmw_fastrtps_cpp' as default
[1.209s] -- Looking for pthread.h
[1.294s] -- Looking for pthread.h - found
[1.295s] -- Performing Test CMAKE_HAVE_LIBC_PTHREAD
[1.377s] -- Performing Test CMAKE_HAVE_LIBC_PTHREAD - Success
[1.378s] -- Found Threads: TRUE  
[1.447s] -- Found geometry_msgs: 4.9.0 (/opt/ros/humble/share/geometry_msgs/cmake)
[1.467s] -- Found tf2: 0.25.16 (/opt/ros/humble/share/tf2/cmake)
[1.481s] -- Found tf2_ros: 0.25.16 (/opt/ros/humble/share/tf2_ros/cmake)
[1.579s] -- Found tf2_geometry_msgs: 0.25.16 (/opt/ros/humble/share/tf2_geometry_msgs/cmake)
[1.594s] -- Found eigen3_cmake_module: 0.1.1 (/opt/ros/humble/share/eigen3_cmake_module/cmake)
[1.595s] -- Found Eigen3: TRUE (found version "3.4.0") 
[1.595s] -- Ensuring Eigen3 include directory is part of orocos-kdl CMake target
[1.598s] -- Found ament_lint_auto: 0.12.14 (/opt/ros/humble/share/ament_lint_auto/cmake)
[1.668s] -- Added test 'copyright' to check source files copyright and LICENSE
[1.669s] -- Added test 'cppcheck' to perform static code analysis on C / C++ code
[1.669s] -- Configured cppcheck include dirs: 
[1.669s] -- Configured cppcheck exclude dirs and/or files: 
[1.670s] -- Added test 'cpplint' to check C / C++ code against the Google style
[1.670s] -- Configured cpplint exclude dirs and/or files: 
[1.671s] -- Added test 'lint_cmake' to check CMake code style
[1.672s] -- Added test 'uncrustify' to check C / C++ code style
[1.672s] -- Configured uncrustify additional arguments: 
[1.672s] -- Added test 'xmllint' to check XML markup files
[1.674s] -- Configuring done
[1.684s] -- Generating done
[1.688s] -- Build files have been written to: /home/vlados/ias0220/build/transform_frame
[1.696s] Invoked command in '/home/vlados/ias0220/build/transform_frame' returned '0': CMAKE_PREFIX_PATH=/opt/ros/humble /usr/bin/cmake /home/vlados/ias0220/src/transform_frame -DCMAKE_INSTALL_PREFIX=/home/vlados/ias0220/install/transform_frame
[1.698s] Invoking command in '/home/vlados/ias0220/build/transform_frame': CMAKE_PREFIX_PATH=/opt/ros/humble /usr/bin/cmake --build /home/vlados/ias0220/build/transform_frame -- -j16 -l16
[1.745s] [ 50%] [32mBuilding CXX object CMakeFiles/move.dir/src/move.cpp.o[0m
[7.657s] [100%] [32m[1mLinking CXX executable move[0m
[7.979s] [100%] Built target move
[7.990s] Invoked command in '/home/vlados/ias0220/build/transform_frame' returned '0': CMAKE_PREFIX_PATH=/opt/ros/humble /usr/bin/cmake --build /home/vlados/ias0220/build/transform_frame -- -j16 -l16
[7.992s] Invoking command in '/home/vlados/ias0220/build/transform_frame': CMAKE_PREFIX_PATH=/opt/ros/humble /usr/bin/cmake --install /home/vlados/ias0220/build/transform_frame
[8.001s] -- Install configuration: ""
[8.002s] -- Installing: /home/vlados/ias0220/install/transform_frame/lib/transform_frame/move
[8.008s] -- Set runtime path of "/home/vlados/ias0220/install/transform_frame/lib/transform_frame/move" to ""
[8.008s] -- Installing: /home/vlados/ias0220/install/transform_frame/share/ament_index/resource_index/package_run_dependencies/transform_frame
[8.008s] -- Installing: /home/vlados/ias0220/install/transform_frame/share/ament_index/resource_index/parent_prefix_path/transform_frame
[8.008s] -- Installing: /home/vlados/ias0220/install/transform_frame/share/transform_frame/environment/ament_prefix_path.sh
[8.009s] -- Installing: /home/vlados/ias0220/install/transform_frame/share/transform_frame/environment/ament_prefix_path.dsv
[8.009s] -- Installing: /home/vlados/ias0220/install/transform_frame/share/transform_frame/environment/path.sh
[8.009s] -- Installing: /home/vlados/ias0220/install/transform_frame/share/transform_frame/environment/path.dsv
[8.009s] -- Installing: /home/vlados/ias0220/install/transform_frame/share/transform_frame/local_setup.bash
[8.009s] -- Installing: /home/vlados/ias0220/install/transform_frame/share/transform_frame/local_setup.sh
[8.009s] -- Installing: /home/vlados/ias0220/install/transform_frame/share/transform_frame/local_setup.zsh
[8.009s] -- Installing: /home/vlados/ias0220/install/transform_frame/share/transform_frame/local_setup.dsv
[8.009s] -- Installing: /home/vlados/ias0220/install/transform_frame/share/transform_frame/package.dsv
[8.010s] -- Installing: /home/vlados/ias0220/install/transform_frame/share/ament_index/resource_index/packages/transform_frame
[8.010s] -- Installing: /home/vlados/ias0220/install/transform_frame/share/transform_frame/cmake/transform_frameConfig.cmake
[8.010s] -- Installing: /home/vlados/ias0220/install/transform_frame/share/transform_frame/cmake/transform_frameConfig-version.cmake
[8.010s] -- Installing: /home/vlados/ias0220/install/transform_frame/share/transform_frame/package.xml
[8.013s] Invoked command in '/home/vlados/ias0220/build/transform_frame' returned '0': CMAKE_PREFIX_PATH=/opt/ros/humble /usr/bin/cmake --install /home/vlados/ias0220/build/transform_frame
