[0.653s] Invoking command in '/home/vlados/ias0220/src/setup_gazebo_ias0220': PYTHONPATH=/home/vlados/ias0220/build/setup_gazebo_ias0220/prefix_override:/usr/lib/python3/dist-packages/colcon_core/task/python/colcon_distutils_commands:/home/vlados/ias0220/install/setup_gazebo_ias0220/lib/python3.10/site-packages:${PYTHONPATH} /usr/bin/python3 -W ignore:setup.py install is deprecated -W ignore:easy_install command is deprecated setup.py egg_info --egg-base ../../build/setup_gazebo_ias0220 build --build-base /home/vlados/ias0220/build/setup_gazebo_ias0220/build install --record /home/vlados/ias0220/build/setup_gazebo_ias0220/install.log --single-version-externally-managed install_data
[0.816s] running egg_info
[0.817s] writing ../../build/setup_gazebo_ias0220/setup_gazebo_ias0220.egg-info/PKG-INFO
[0.817s] writing dependency_links to ../../build/setup_gazebo_ias0220/setup_gazebo_ias0220.egg-info/dependency_links.txt
[0.817s] writing entry points to ../../build/setup_gazebo_ias0220/setup_gazebo_ias0220.egg-info/entry_points.txt
[0.817s] writing requirements to ../../build/setup_gazebo_ias0220/setup_gazebo_ias0220.egg-info/requires.txt
[0.817s] writing top-level names to ../../build/setup_gazebo_ias0220/setup_gazebo_ias0220.egg-info/top_level.txt
[0.818s] reading manifest file '../../build/setup_gazebo_ias0220/setup_gazebo_ias0220.egg-info/SOURCES.txt'
[0.819s] writing manifest file '../../build/setup_gazebo_ias0220/setup_gazebo_ias0220.egg-info/SOURCES.txt'
[0.819s] running build
[0.819s] running build_py
[0.819s] running install
[0.820s] running install_lib
[0.820s] running install_data
[0.820s] running install_egg_info
[0.821s] removing '/home/vlados/ias0220/install/setup_gazebo_ias0220/lib/python3.10/site-packages/setup_gazebo_ias0220-0.0.0-py3.10.egg-info' (and everything under it)
[0.822s] Copying ../../build/setup_gazebo_ias0220/setup_gazebo_ias0220.egg-info to /home/vlados/ias0220/install/setup_gazebo_ias0220/lib/python3.10/site-packages/setup_gazebo_ias0220-0.0.0-py3.10.egg-info
[0.822s] running install_scripts
[0.837s] writing list of installed files to '/home/vlados/ias0220/build/setup_gazebo_ias0220/install.log'
[0.865s] Invoked command in '/home/vlados/ias0220/src/setup_gazebo_ias0220' returned '0': PYTHONPATH=/home/vlados/ias0220/build/setup_gazebo_ias0220/prefix_override:/usr/lib/python3/dist-packages/colcon_core/task/python/colcon_distutils_commands:/home/vlados/ias0220/install/setup_gazebo_ias0220/lib/python3.10/site-packages:${PYTHONPATH} /usr/bin/python3 -W ignore:setup.py install is deprecated -W ignore:easy_install command is deprecated setup.py egg_info --egg-base ../../build/setup_gazebo_ias0220 build --build-base /home/vlados/ias0220/build/setup_gazebo_ias0220/build install --record /home/vlados/ias0220/build/setup_gazebo_ias0220/install.log --single-version-externally-managed install_data
