[0.181s] Invoking command in '/home/vlados/ias0220/build/transform_frame': CMAKE_PREFIX_PATH=${CMAKE_PREFIX_PATH}:/home/vlados/ias0220/install/ias0220_250620:/opt/ros/humble /usr/bin/cmake --build /home/vlados/ias0220/build/transform_frame -- -j16 -l16
[0.227s] [100%] Built target move
[0.236s] Invoked command in '/home/vlados/ias0220/build/transform_frame' returned '0': CMAKE_PREFIX_PATH=${CMAKE_PREFIX_PATH}:/home/vlados/ias0220/install/ias0220_250620:/opt/ros/humble /usr/bin/cmake --build /home/vlados/ias0220/build/transform_frame -- -j16 -l16
[0.244s] Invoking command in '/home/vlados/ias0220/build/transform_frame': CMAKE_PREFIX_PATH=${CMAKE_PREFIX_PATH}:/home/vlados/ias0220/install/ias0220_250620:/opt/ros/humble /usr/bin/cmake --install /home/vlados/ias0220/build/transform_frame
[0.249s] -- Install configuration: ""
[0.249s] -- Up-to-date: /home/vlados/ias0220/install/transform_frame/lib/transform_frame/move
[0.249s] -- Up-to-date: /home/vlados/ias0220/install/transform_frame/share/ament_index/resource_index/package_run_dependencies/transform_frame
[0.249s] -- Up-to-date: /home/vlados/ias0220/install/transform_frame/share/ament_index/resource_index/parent_prefix_path/transform_frame
[0.250s] -- Up-to-date: /home/vlados/ias0220/install/transform_frame/share/transform_frame/environment/ament_prefix_path.sh
[0.250s] -- Up-to-date: /home/vlados/ias0220/install/transform_frame/share/transform_frame/environment/ament_prefix_path.dsv
[0.250s] -- Up-to-date: /home/vlados/ias0220/install/transform_frame/share/transform_frame/environment/path.sh
[0.250s] -- Up-to-date: /home/vlados/ias0220/install/transform_frame/share/transform_frame/environment/path.dsv
[0.250s] -- Up-to-date: /home/vlados/ias0220/install/transform_frame/share/transform_frame/local_setup.bash
[0.250s] -- Up-to-date: /home/vlados/ias0220/install/transform_frame/share/transform_frame/local_setup.sh
[0.250s] -- Up-to-date: /home/vlados/ias0220/install/transform_frame/share/transform_frame/local_setup.zsh
[0.250s] -- Up-to-date: /home/vlados/ias0220/install/transform_frame/share/transform_frame/local_setup.dsv
[0.250s] -- Installing: /home/vlados/ias0220/install/transform_frame/share/transform_frame/package.dsv
[0.250s] -- Up-to-date: /home/vlados/ias0220/install/transform_frame/share/ament_index/resource_index/packages/transform_frame
[0.250s] -- Up-to-date: /home/vlados/ias0220/install/transform_frame/share/transform_frame/cmake/transform_frameConfig.cmake
[0.250s] -- Up-to-date: /home/vlados/ias0220/install/transform_frame/share/transform_frame/cmake/transform_frameConfig-version.cmake
[0.250s] -- Up-to-date: /home/vlados/ias0220/install/transform_frame/share/transform_frame/package.xml
[0.252s] Invoked command in '/home/vlados/ias0220/build/transform_frame' returned '0': CMAKE_PREFIX_PATH=${CMAKE_PREFIX_PATH}:/home/vlados/ias0220/install/ias0220_250620:/opt/ros/humble /usr/bin/cmake --install /home/vlados/ias0220/build/transform_frame
