[0.444s] Invoking command in '/home/vlados/ias0220/src/IAS0220_Task4_Template/Task4_template/encoders_pkg': AMENT_PREFIX_PATH=/home/vlados/ias0220/install/encoders_interfaces:${AMENT_PREFIX_PATH} CMAKE_PREFIX_PATH=/home/vlados/ias0220/install/encoders_interfaces LD_LIBRARY_PATH=/home/vlados/ias0220/install/encoders_interfaces/lib:${LD_LIBRARY_PATH} PYTHONPATH=/home/vlados/ias0220/build/encoders_pkg/prefix_override:/usr/lib/python3/dist-packages/colcon_core/task/python/colcon_distutils_commands:/home/vlados/ias0220/install/encoders_pkg/lib/python3.10/site-packages:/home/vlados/ias0220/install/encoders_interfaces/local/lib/python3.10/dist-packages:${PYTHONPATH} /usr/bin/python3 -W ignore:setup.py install is deprecated -W ignore:easy_install command is deprecated setup.py egg_info --egg-base ../../../../build/encoders_pkg build --build-base /home/vlados/ias0220/build/encoders_pkg/build install --record /home/vlados/ias0220/build/encoders_pkg/install.log --single-version-externally-managed install_data
[0.615s] running egg_info
[0.615s] writing ../../../../build/encoders_pkg/encoders_pkg.egg-info/PKG-INFO
[0.616s] writing dependency_links to ../../../../build/encoders_pkg/encoders_pkg.egg-info/dependency_links.txt
[0.616s] writing entry points to ../../../../build/encoders_pkg/encoders_pkg.egg-info/entry_points.txt
[0.616s] writing requirements to ../../../../build/encoders_pkg/encoders_pkg.egg-info/requires.txt
[0.616s] writing top-level names to ../../../../build/encoders_pkg/encoders_pkg.egg-info/top_level.txt
[0.617s] reading manifest file '../../../../build/encoders_pkg/encoders_pkg.egg-info/SOURCES.txt'
[0.618s] writing manifest file '../../../../build/encoders_pkg/encoders_pkg.egg-info/SOURCES.txt'
[0.618s] running build
[0.618s] running build_py
[0.618s] running install
[0.618s] running install_lib
[0.619s] running install_data
[0.619s] running install_egg_info
[0.620s] removing '/home/vlados/ias0220/install/encoders_pkg/lib/python3.10/site-packages/encoders_pkg-0.0.0-py3.10.egg-info' (and everything under it)
[0.621s] Copying ../../../../build/encoders_pkg/encoders_pkg.egg-info to /home/vlados/ias0220/install/encoders_pkg/lib/python3.10/site-packages/encoders_pkg-0.0.0-py3.10.egg-info
[0.621s] running install_scripts
[0.636s] Installing encoders_node script to /home/vlados/ias0220/install/encoders_pkg/lib/encoders_pkg
[0.636s] writing list of installed files to '/home/vlados/ias0220/build/encoders_pkg/install.log'
[0.652s] Invoked command in '/home/vlados/ias0220/src/IAS0220_Task4_Template/Task4_template/encoders_pkg' returned '0': AMENT_PREFIX_PATH=/home/vlados/ias0220/install/encoders_interfaces:${AMENT_PREFIX_PATH} CMAKE_PREFIX_PATH=/home/vlados/ias0220/install/encoders_interfaces LD_LIBRARY_PATH=/home/vlados/ias0220/install/encoders_interfaces/lib:${LD_LIBRARY_PATH} PYTHONPATH=/home/vlados/ias0220/build/encoders_pkg/prefix_override:/usr/lib/python3/dist-packages/colcon_core/task/python/colcon_distutils_commands:/home/vlados/ias0220/install/encoders_pkg/lib/python3.10/site-packages:/home/vlados/ias0220/install/encoders_interfaces/local/lib/python3.10/dist-packages:${PYTHONPATH} /usr/bin/python3 -W ignore:setup.py install is deprecated -W ignore:easy_install command is deprecated setup.py egg_info --egg-base ../../../../build/encoders_pkg build --build-base /home/vlados/ias0220/build/encoders_pkg/build install --record /home/vlados/ias0220/build/encoders_pkg/install.log --single-version-externally-managed install_data
