[0.621s] Invoking command in '/home/vlados/ias0220/src/setup_gazebo_ias0220': PYTHONPATH=/home/vlados/ias0220/build/setup_gazebo_ias0220/prefix_override:/usr/lib/python3/dist-packages/colcon_core/task/python/colcon_distutils_commands:/home/vlados/ias0220/install/setup_gazebo_ias0220/lib/python3.10/site-packages:${PYTHONPATH} /usr/bin/python3 -W ignore:setup.py install is deprecated -W ignore:easy_install command is deprecated setup.py egg_info --egg-base ../../build/setup_gazebo_ias0220 build --build-base /home/vlados/ias0220/build/setup_gazebo_ias0220/build install --record /home/vlados/ias0220/build/setup_gazebo_ias0220/install.log --single-version-externally-managed install_data
[0.785s] running egg_info
[0.785s] creating ../../build/setup_gazebo_ias0220/setup_gazebo_ias0220.egg-info
[0.786s] writing ../../build/setup_gazebo_ias0220/setup_gazebo_ias0220.egg-info/PKG-INFO
[0.786s] writing dependency_links to ../../build/setup_gazebo_ias0220/setup_gazebo_ias0220.egg-info/dependency_links.txt
[0.786s] writing entry points to ../../build/setup_gazebo_ias0220/setup_gazebo_ias0220.egg-info/entry_points.txt
[0.786s] writing requirements to ../../build/setup_gazebo_ias0220/setup_gazebo_ias0220.egg-info/requires.txt
[0.786s] writing top-level names to ../../build/setup_gazebo_ias0220/setup_gazebo_ias0220.egg-info/top_level.txt
[0.786s] writing manifest file '../../build/setup_gazebo_ias0220/setup_gazebo_ias0220.egg-info/SOURCES.txt'
[0.787s] reading manifest file '../../build/setup_gazebo_ias0220/setup_gazebo_ias0220.egg-info/SOURCES.txt'
[0.788s] writing manifest file '../../build/setup_gazebo_ias0220/setup_gazebo_ias0220.egg-info/SOURCES.txt'
[0.788s] running build
[0.788s] running build_py
[0.788s] creating /home/vlados/ias0220/build/setup_gazebo_ias0220/build
[0.788s] creating /home/vlados/ias0220/build/setup_gazebo_ias0220/build/lib
[0.788s] creating /home/vlados/ias0220/build/setup_gazebo_ias0220/build/lib/setup_gazebo_ias0220
[0.788s] copying setup_gazebo_ias0220/__init__.py -> /home/vlados/ias0220/build/setup_gazebo_ias0220/build/lib/setup_gazebo_ias0220
[0.788s] running install
[0.789s] running install_lib
[0.789s] creating /home/vlados/ias0220/install/setup_gazebo_ias0220/lib/python3.10/site-packages/setup_gazebo_ias0220
[0.789s] copying /home/vlados/ias0220/build/setup_gazebo_ias0220/build/lib/setup_gazebo_ias0220/__init__.py -> /home/vlados/ias0220/install/setup_gazebo_ias0220/lib/python3.10/site-packages/setup_gazebo_ias0220
[0.789s] byte-compiling /home/vlados/ias0220/install/setup_gazebo_ias0220/lib/python3.10/site-packages/setup_gazebo_ias0220/__init__.py to __init__.cpython-310.pyc
[0.789s] running install_data
[0.789s] creating /home/vlados/ias0220/install/setup_gazebo_ias0220/share/ament_index
[0.789s] creating /home/vlados/ias0220/install/setup_gazebo_ias0220/share/ament_index/resource_index
[0.790s] creating /home/vlados/ias0220/install/setup_gazebo_ias0220/share/ament_index/resource_index/packages
[0.790s] copying resource/setup_gazebo_ias0220 -> /home/vlados/ias0220/install/setup_gazebo_ias0220/share/ament_index/resource_index/packages
[0.790s] copying package.xml -> /home/vlados/ias0220/install/setup_gazebo_ias0220/share/setup_gazebo_ias0220
[0.790s] creating /home/vlados/ias0220/install/setup_gazebo_ias0220/share/setup_gazebo_ias0220/worlds
[0.790s] copying worlds/seethelight.world -> /home/vlados/ias0220/install/setup_gazebo_ias0220/share/setup_gazebo_ias0220/worlds
[0.790s] creating /home/vlados/ias0220/install/setup_gazebo_ias0220/share/setup_gazebo_ias0220/launch
[0.790s] copying launch/gazebo.launch.py -> /home/vlados/ias0220/install/setup_gazebo_ias0220/share/setup_gazebo_ias0220/launch
[0.790s] running install_egg_info
[0.791s] Copying ../../build/setup_gazebo_ias0220/setup_gazebo_ias0220.egg-info to /home/vlados/ias0220/install/setup_gazebo_ias0220/lib/python3.10/site-packages/setup_gazebo_ias0220-0.0.0-py3.10.egg-info
[0.792s] running install_scripts
[0.807s] writing list of installed files to '/home/vlados/ias0220/build/setup_gazebo_ias0220/install.log'
[0.824s] Invoked command in '/home/vlados/ias0220/src/setup_gazebo_ias0220' returned '0': PYTHONPATH=/home/vlados/ias0220/build/setup_gazebo_ias0220/prefix_override:/usr/lib/python3/dist-packages/colcon_core/task/python/colcon_distutils_commands:/home/vlados/ias0220/install/setup_gazebo_ias0220/lib/python3.10/site-packages:${PYTHONPATH} /usr/bin/python3 -W ignore:setup.py install is deprecated -W ignore:easy_install command is deprecated setup.py egg_info --egg-base ../../build/setup_gazebo_ias0220 build --build-base /home/vlados/ias0220/build/setup_gazebo_ias0220/build install --record /home/vlados/ias0220/build/setup_gazebo_ias0220/install.log --single-version-externally-managed install_data
