[0.432s] Invoking command in '/home/vlados/ros2_ws/src/ias0220_250620': PYTHONPATH=/home/vlados/ros2_ws/src/build/ias0220_250620/prefix_override:/usr/lib/python3/dist-packages/colcon_core/task/python/colcon_distutils_commands:/home/vlados/ros2_ws/src/install/ias0220_250620/lib/python3.10/site-packages:${PYTHONPATH} /usr/bin/python3 -W ignore:setup.py install is deprecated -W ignore:easy_install command is deprecated setup.py egg_info --egg-base ../build/ias0220_250620 build --build-base /home/vlados/ros2_ws/src/build/ias0220_250620/build install --record /home/vlados/ros2_ws/src/build/ias0220_250620/install.log --single-version-externally-managed install_data
[0.590s] running egg_info
[0.590s] creating ../build/ias0220_250620/ias0220_250620.egg-info
[0.590s] writing ../build/ias0220_250620/ias0220_250620.egg-info/PKG-INFO
[0.590s] writing dependency_links to ../build/ias0220_250620/ias0220_250620.egg-info/dependency_links.txt
[0.590s] writing entry points to ../build/ias0220_250620/ias0220_250620.egg-info/entry_points.txt
[0.590s] writing requirements to ../build/ias0220_250620/ias0220_250620.egg-info/requires.txt
[0.590s] writing top-level names to ../build/ias0220_250620/ias0220_250620.egg-info/top_level.txt
[0.591s] writing manifest file '../build/ias0220_250620/ias0220_250620.egg-info/SOURCES.txt'
[0.591s] reading manifest file '../build/ias0220_250620/ias0220_250620.egg-info/SOURCES.txt'
[0.591s] adding license file 'LICENSE'
[0.592s] writing manifest file '../build/ias0220_250620/ias0220_250620.egg-info/SOURCES.txt'
[0.592s] running build
[0.592s] running build_py
[0.592s] creating /home/vlados/ros2_ws/src/build/ias0220_250620/build
[0.592s] creating /home/vlados/ros2_ws/src/build/ias0220_250620/build/lib
[0.593s] creating /home/vlados/ros2_ws/src/build/ias0220_250620/build/lib/ias0220_250620
[0.593s] copying ias0220_250620/__init__.py -> /home/vlados/ros2_ws/src/build/ias0220_250620/build/lib/ias0220_250620
[0.593s] running install
[0.593s] running install_lib
[0.593s] creating /home/vlados/ros2_ws/src/install/ias0220_250620/lib/python3.10/site-packages/ias0220_250620
[0.593s] copying /home/vlados/ros2_ws/src/build/ias0220_250620/build/lib/ias0220_250620/__init__.py -> /home/vlados/ros2_ws/src/install/ias0220_250620/lib/python3.10/site-packages/ias0220_250620
[0.593s] byte-compiling /home/vlados/ros2_ws/src/install/ias0220_250620/lib/python3.10/site-packages/ias0220_250620/__init__.py to __init__.cpython-310.pyc
[0.593s] running install_data
[0.594s] creating /home/vlados/ros2_ws/src/install/ias0220_250620/share/ament_index
[0.594s] creating /home/vlados/ros2_ws/src/install/ias0220_250620/share/ament_index/resource_index
[0.594s] creating /home/vlados/ros2_ws/src/install/ias0220_250620/share/ament_index/resource_index/packages
[0.594s] copying resource/ias0220_250620 -> /home/vlados/ros2_ws/src/install/ias0220_250620/share/ament_index/resource_index/packages
[0.594s] copying package.xml -> /home/vlados/ros2_ws/src/install/ias0220_250620/share/ias0220_250620
[0.594s] creating /home/vlados/ros2_ws/src/install/ias0220_250620/share/ias0220_250620/launch
[0.594s] copying launch/task2.launch.py -> /home/vlados/ros2_ws/src/install/ias0220_250620/share/ias0220_250620/launch
[0.594s] creating /home/vlados/ros2_ws/src/install/ias0220_250620/share/ias0220_250620/urdf
[0.594s] copying urdf/myFirst.urdf -> /home/vlados/ros2_ws/src/install/ias0220_250620/share/ias0220_250620/urdf
[0.595s] copying urdf/differential_robot.urdf -> /home/vlados/ros2_ws/src/install/ias0220_250620/share/ias0220_250620/urdf
[0.595s] creating /home/vlados/ros2_ws/src/install/ias0220_250620/share/ias0220_250620/config
[0.595s] running install_egg_info
[0.596s] Copying ../build/ias0220_250620/ias0220_250620.egg-info to /home/vlados/ros2_ws/src/install/ias0220_250620/lib/python3.10/site-packages/ias0220_250620-0.0.0-py3.10.egg-info
[0.596s] running install_scripts
[0.610s] writing list of installed files to '/home/vlados/ros2_ws/src/build/ias0220_250620/install.log'
[0.624s] Invoked command in '/home/vlados/ros2_ws/src/ias0220_250620' returned '0': PYTHONPATH=/home/vlados/ros2_ws/src/build/ias0220_250620/prefix_override:/usr/lib/python3/dist-packages/colcon_core/task/python/colcon_distutils_commands:/home/vlados/ros2_ws/src/install/ias0220_250620/lib/python3.10/site-packages:${PYTHONPATH} /usr/bin/python3 -W ignore:setup.py install is deprecated -W ignore:easy_install command is deprecated setup.py egg_info --egg-base ../build/ias0220_250620 build --build-base /home/vlados/ros2_ws/src/build/ias0220_250620/build install --record /home/vlados/ros2_ws/src/build/ias0220_250620/install.log --single-version-externally-managed install_data
