[0.404s] Invoking command in '/home/vlados/ros2_ws/src/ias0220_250620': PYTHONPATH=/home/vlados/ros2_ws/build/ias0220_250620/prefix_override:/usr/lib/python3/dist-packages/colcon_core/task/python/colcon_distutils_commands:/home/vlados/ros2_ws/install/ias0220_250620/lib/python3.10/site-packages:${PYTHONPATH} /usr/bin/python3 -W ignore:setup.py install is deprecated -W ignore:easy_install command is deprecated setup.py egg_info --egg-base ../../build/ias0220_250620 build --build-base /home/vlados/ros2_ws/build/ias0220_250620/build install --record /home/vlados/ros2_ws/build/ias0220_250620/install.log --single-version-externally-managed install_data
[0.565s] running egg_info
[0.565s] writing ../../build/ias0220_250620/ias0220_250620.egg-info/PKG-INFO
[0.566s] writing dependency_links to ../../build/ias0220_250620/ias0220_250620.egg-info/dependency_links.txt
[0.566s] writing entry points to ../../build/ias0220_250620/ias0220_250620.egg-info/entry_points.txt
[0.566s] writing requirements to ../../build/ias0220_250620/ias0220_250620.egg-info/requires.txt
[0.566s] writing top-level names to ../../build/ias0220_250620/ias0220_250620.egg-info/top_level.txt
[0.567s] reading manifest file '../../build/ias0220_250620/ias0220_250620.egg-info/SOURCES.txt'
[0.567s] adding license file 'LICENSE'
[0.568s] writing manifest file '../../build/ias0220_250620/ias0220_250620.egg-info/SOURCES.txt'
[0.568s] running build
[0.568s] running build_py
[0.568s] running install
[0.568s] running install_lib
[0.569s] running install_data
[0.569s] copying urdf/differential_robot.urdf -> /home/vlados/ros2_ws/install/ias0220_250620/share/ias0220_250620/urdf
[0.569s] running install_egg_info
[0.570s] removing '/home/vlados/ros2_ws/install/ias0220_250620/lib/python3.10/site-packages/ias0220_250620-0.0.0-py3.10.egg-info' (and everything under it)
[0.570s] Copying ../../build/ias0220_250620/ias0220_250620.egg-info to /home/vlados/ros2_ws/install/ias0220_250620/lib/python3.10/site-packages/ias0220_250620-0.0.0-py3.10.egg-info
[0.571s] running install_scripts
[0.585s] writing list of installed files to '/home/vlados/ros2_ws/build/ias0220_250620/install.log'
[0.599s] Invoked command in '/home/vlados/ros2_ws/src/ias0220_250620' returned '0': PYTHONPATH=/home/vlados/ros2_ws/build/ias0220_250620/prefix_override:/usr/lib/python3/dist-packages/colcon_core/task/python/colcon_distutils_commands:/home/vlados/ros2_ws/install/ias0220_250620/lib/python3.10/site-packages:${PYTHONPATH} /usr/bin/python3 -W ignore:setup.py install is deprecated -W ignore:easy_install command is deprecated setup.py egg_info --egg-base ../../build/ias0220_250620 build --build-base /home/vlados/ros2_ws/build/ias0220_250620/build install --record /home/vlados/ros2_ws/build/ias0220_250620/install.log --single-version-externally-managed install_data
