[0.650s] Invoking command in '/home/vlados/ias0220/src/IAS0220_Task4_Template/Task4_template/setup_gazebo_ias0220': PYTHONPATH=/home/vlados/ias0220/build/setup_gazebo_ias0220/prefix_override:/usr/lib/python3/dist-packages/colcon_core/task/python/colcon_distutils_commands:/home/vlados/ias0220/install/setup_gazebo_ias0220/lib/python3.10/site-packages:${PYTHONPATH} /usr/bin/python3 -W ignore:setup.py install is deprecated -W ignore:easy_install command is deprecated setup.py egg_info --egg-base ../../../../build/setup_gazebo_ias0220 build --build-base /home/vlados/ias0220/build/setup_gazebo_ias0220/build install --record /home/vlados/ias0220/build/setup_gazebo_ias0220/install.log --single-version-externally-managed install_data
[0.813s] running egg_info
[0.813s] writing ../../../../build/setup_gazebo_ias0220/setup_gazebo_ias0220.egg-info/PKG-INFO
[0.814s] writing dependency_links to ../../../../build/setup_gazebo_ias0220/setup_gazebo_ias0220.egg-info/dependency_links.txt
[0.814s] writing entry points to ../../../../build/setup_gazebo_ias0220/setup_gazebo_ias0220.egg-info/entry_points.txt
[0.814s] writing requirements to ../../../../build/setup_gazebo_ias0220/setup_gazebo_ias0220.egg-info/requires.txt
[0.814s] writing top-level names to ../../../../build/setup_gazebo_ias0220/setup_gazebo_ias0220.egg-info/top_level.txt
[0.815s] reading manifest file '../../../../build/setup_gazebo_ias0220/setup_gazebo_ias0220.egg-info/SOURCES.txt'
[0.815s] writing manifest file '../../../../build/setup_gazebo_ias0220/setup_gazebo_ias0220.egg-info/SOURCES.txt'
[0.816s] running build
[0.816s] running build_py
[0.816s] running install
[0.816s] running install_lib
[0.817s] running install_data
[0.817s] copying launch/gazebo.launch.py -> /home/vlados/ias0220/install/setup_gazebo_ias0220/share/setup_gazebo_ias0220/launch
[0.817s] running install_egg_info
[0.818s] removing '/home/vlados/ias0220/install/setup_gazebo_ias0220/lib/python3.10/site-packages/setup_gazebo_ias0220-0.0.0-py3.10.egg-info' (and everything under it)
[0.818s] Copying ../../../../build/setup_gazebo_ias0220/setup_gazebo_ias0220.egg-info to /home/vlados/ias0220/install/setup_gazebo_ias0220/lib/python3.10/site-packages/setup_gazebo_ias0220-0.0.0-py3.10.egg-info
[0.819s] running install_scripts
[0.834s] writing list of installed files to '/home/vlados/ias0220/build/setup_gazebo_ias0220/install.log'
[0.857s] Invoked command in '/home/vlados/ias0220/src/IAS0220_Task4_Template/Task4_template/setup_gazebo_ias0220' returned '0': PYTHONPATH=/home/vlados/ias0220/build/setup_gazebo_ias0220/prefix_override:/usr/lib/python3/dist-packages/colcon_core/task/python/colcon_distutils_commands:/home/vlados/ias0220/install/setup_gazebo_ias0220/lib/python3.10/site-packages:${PYTHONPATH} /usr/bin/python3 -W ignore:setup.py install is deprecated -W ignore:easy_install command is deprecated setup.py egg_info --egg-base ../../../../build/setup_gazebo_ias0220 build --build-base /home/vlados/ias0220/build/setup_gazebo_ias0220/build install --record /home/vlados/ias0220/build/setup_gazebo_ias0220/install.log --single-version-externally-managed install_data
