running egg_info
creating ../../build/encoders_pkg/encoders_pkg.egg-info
writing ../../build/encoders_pkg/encoders_pkg.egg-info/PKG-INFO
writing dependency_links to ../../build/encoders_pkg/encoders_pkg.egg-info/dependency_links.txt
writing entry points to ../../build/encoders_pkg/encoders_pkg.egg-info/entry_points.txt
writing requirements to ../../build/encoders_pkg/encoders_pkg.egg-info/requires.txt
writing top-level names to ../../build/encoders_pkg/encoders_pkg.egg-info/top_level.txt
writing manifest file '../../build/encoders_pkg/encoders_pkg.egg-info/SOURCES.txt'
reading manifest file '../../build/encoders_pkg/encoders_pkg.egg-info/SOURCES.txt'
writing manifest file '../../build/encoders_pkg/encoders_pkg.egg-info/SOURCES.txt'
running build
running build_py
creating /home/vlados/ias0220/build/encoders_pkg/build
creating /home/vlados/ias0220/build/encoders_pkg/build/lib
creating /home/vlados/ias0220/build/encoders_pkg/build/lib/encoders_pkg
copying encoders_pkg/__init__.py -> /home/vlados/ias0220/build/encoders_pkg/build/lib/encoders_pkg
copying encoders_pkg/encoders.py -> /home/vlados/ias0220/build/encoders_pkg/build/lib/encoders_pkg
running install
running install_lib
creating /home/vlados/ias0220/install/encoders_pkg/lib/python3.10/site-packages/encoders_pkg
copying /home/vlados/ias0220/build/encoders_pkg/build/lib/encoders_pkg/__init__.py -> /home/vlados/ias0220/install/encoders_pkg/lib/python3.10/site-packages/encoders_pkg
copying /home/vlados/ias0220/build/encoders_pkg/build/lib/encoders_pkg/encoders.py -> /home/vlados/ias0220/install/encoders_pkg/lib/python3.10/site-packages/encoders_pkg
byte-compiling /home/vlados/ias0220/install/encoders_pkg/lib/python3.10/site-packages/encoders_pkg/__init__.py to __init__.cpython-310.pyc
byte-compiling /home/vlados/ias0220/install/encoders_pkg/lib/python3.10/site-packages/encoders_pkg/encoders.py to encoders.cpython-310.pyc
running install_data
creating /home/vlados/ias0220/install/encoders_pkg/share/ament_index
creating /home/vlados/ias0220/install/encoders_pkg/share/ament_index/resource_index
creating /home/vlados/ias0220/install/encoders_pkg/share/ament_index/resource_index/packages
copying resource/encoders_pkg -> /home/vlados/ias0220/install/encoders_pkg/share/ament_index/resource_index/packages
copying package.xml -> /home/vlados/ias0220/install/encoders_pkg/share/encoders_pkg
creating /home/vlados/ias0220/install/encoders_pkg/share/encoders_pkg/config
copying config/encoders_params.yaml -> /home/vlados/ias0220/install/encoders_pkg/share/encoders_pkg/config
running install_egg_info
Copying ../../build/encoders_pkg/encoders_pkg.egg-info to /home/vlados/ias0220/install/encoders_pkg/lib/python3.10/site-packages/encoders_pkg-0.0.0-py3.10.egg-info
running install_scripts
Installing encoders_node script to /home/vlados/ias0220/install/encoders_pkg/lib/encoders_pkg
writing list of installed files to '/home/vlados/ias0220/build/encoders_pkg/install.log'
