[0.421s] Invoking command in '/home/vlados/ias0220/src/encoders_pkg': AMENT_PREFIX_PATH=/home/vlados/ias0220/install/encoders_interfaces:${AMENT_PREFIX_PATH} CMAKE_PREFIX_PATH=/home/vlados/ias0220/install/encoders_interfaces LD_LIBRARY_PATH=/home/vlados/ias0220/install/encoders_interfaces/lib:${LD_LIBRARY_PATH} PYTHONPATH=/home/vlados/ias0220/build/encoders_pkg/prefix_override:/usr/lib/python3/dist-packages/colcon_core/task/python/colcon_distutils_commands:/home/vlados/ias0220/install/encoders_pkg/lib/python3.10/site-packages:/home/vlados/ias0220/install/encoders_interfaces/local/lib/python3.10/dist-packages:${PYTHONPATH} /usr/bin/python3 -W ignore:setup.py install is deprecated -W ignore:easy_install command is deprecated setup.py egg_info --egg-base ../../build/encoders_pkg build --build-base /home/vlados/ias0220/build/encoders_pkg/build install --record /home/vlados/ias0220/build/encoders_pkg/install.log --single-version-externally-managed install_data
[0.580s] running egg_info
[0.580s] creating ../../build/encoders_pkg/encoders_pkg.egg-info
[0.580s] writing ../../build/encoders_pkg/encoders_pkg.egg-info/PKG-INFO
[0.581s] writing dependency_links to ../../build/encoders_pkg/encoders_pkg.egg-info/dependency_links.txt
[0.581s] writing entry points to ../../build/encoders_pkg/encoders_pkg.egg-info/entry_points.txt
[0.581s] writing requirements to ../../build/encoders_pkg/encoders_pkg.egg-info/requires.txt
[0.581s] writing top-level names to ../../build/encoders_pkg/encoders_pkg.egg-info/top_level.txt
[0.581s] writing manifest file '../../build/encoders_pkg/encoders_pkg.egg-info/SOURCES.txt'
[0.582s] reading manifest file '../../build/encoders_pkg/encoders_pkg.egg-info/SOURCES.txt'
[0.582s] writing manifest file '../../build/encoders_pkg/encoders_pkg.egg-info/SOURCES.txt'
[0.583s] running build
[0.583s] running build_py
[0.583s] creating /home/vlados/ias0220/build/encoders_pkg/build
[0.583s] creating /home/vlados/ias0220/build/encoders_pkg/build/lib
[0.583s] creating /home/vlados/ias0220/build/encoders_pkg/build/lib/encoders_pkg
[0.583s] copying encoders_pkg/__init__.py -> /home/vlados/ias0220/build/encoders_pkg/build/lib/encoders_pkg
[0.583s] copying encoders_pkg/encoders.py -> /home/vlados/ias0220/build/encoders_pkg/build/lib/encoders_pkg
[0.583s] running install
[0.583s] running install_lib
[0.584s] creating /home/vlados/ias0220/install/encoders_pkg/lib/python3.10/site-packages/encoders_pkg
[0.584s] copying /home/vlados/ias0220/build/encoders_pkg/build/lib/encoders_pkg/__init__.py -> /home/vlados/ias0220/install/encoders_pkg/lib/python3.10/site-packages/encoders_pkg
[0.584s] copying /home/vlados/ias0220/build/encoders_pkg/build/lib/encoders_pkg/encoders.py -> /home/vlados/ias0220/install/encoders_pkg/lib/python3.10/site-packages/encoders_pkg
[0.584s] byte-compiling /home/vlados/ias0220/install/encoders_pkg/lib/python3.10/site-packages/encoders_pkg/__init__.py to __init__.cpython-310.pyc
[0.584s] byte-compiling /home/vlados/ias0220/install/encoders_pkg/lib/python3.10/site-packages/encoders_pkg/encoders.py to encoders.cpython-310.pyc
[0.585s] running install_data
[0.585s] creating /home/vlados/ias0220/install/encoders_pkg/share/ament_index
[0.585s] creating /home/vlados/ias0220/install/encoders_pkg/share/ament_index/resource_index
[0.585s] creating /home/vlados/ias0220/install/encoders_pkg/share/ament_index/resource_index/packages
[0.585s] copying resource/encoders_pkg -> /home/vlados/ias0220/install/encoders_pkg/share/ament_index/resource_index/packages
[0.585s] copying package.xml -> /home/vlados/ias0220/install/encoders_pkg/share/encoders_pkg
[0.585s] creating /home/vlados/ias0220/install/encoders_pkg/share/encoders_pkg/config
[0.585s] copying config/encoders_params.yaml -> /home/vlados/ias0220/install/encoders_pkg/share/encoders_pkg/config
[0.585s] running install_egg_info
[0.586s] Copying ../../build/encoders_pkg/encoders_pkg.egg-info to /home/vlados/ias0220/install/encoders_pkg/lib/python3.10/site-packages/encoders_pkg-0.0.0-py3.10.egg-info
[0.587s] running install_scripts
[0.601s] Installing encoders_node script to /home/vlados/ias0220/install/encoders_pkg/lib/encoders_pkg
[0.601s] writing list of installed files to '/home/vlados/ias0220/build/encoders_pkg/install.log'
[0.615s] Invoked command in '/home/vlados/ias0220/src/encoders_pkg' returned '0': AMENT_PREFIX_PATH=/home/vlados/ias0220/install/encoders_interfaces:${AMENT_PREFIX_PATH} CMAKE_PREFIX_PATH=/home/vlados/ias0220/install/encoders_interfaces LD_LIBRARY_PATH=/home/vlados/ias0220/install/encoders_interfaces/lib:${LD_LIBRARY_PATH} PYTHONPATH=/home/vlados/ias0220/build/encoders_pkg/prefix_override:/usr/lib/python3/dist-packages/colcon_core/task/python/colcon_distutils_commands:/home/vlados/ias0220/install/encoders_pkg/lib/python3.10/site-packages:/home/vlados/ias0220/install/encoders_interfaces/local/lib/python3.10/dist-packages:${PYTHONPATH} /usr/bin/python3 -W ignore:setup.py install is deprecated -W ignore:easy_install command is deprecated setup.py egg_info --egg-base ../../build/encoders_pkg build --build-base /home/vlados/ias0220/build/encoders_pkg/build install --record /home/vlados/ias0220/build/encoders_pkg/install.log --single-version-externally-managed install_data
