[0.015s] Invoking command in '/home/vlados/ias0220/build/encoders_interfaces': CMAKE_PREFIX_PATH=/opt/ros/humble /usr/bin/cmake /home/vlados/ias0220/src/encoders_interfaces -DCMAKE_INSTALL_PREFIX=/home/vlados/ias0220/install/encoders_interfaces
[0.395s] -- The C compiler identification is GNU 11.4.0
[0.395s] -- The CXX compiler identification is GNU 11.4.0
[0.396s] -- Detecting C compiler ABI info
[0.396s] -- Detecting C compiler ABI info - done
[0.396s] -- Check for working C compiler: /usr/bin/cc - skipped
[0.396s] -- Detecting C compile features
[0.396s] -- Detecting C compile features - done
[0.397s] -- Detecting CXX compiler ABI info
[0.446s] -- Detecting CXX compiler ABI info - done
[0.452s] -- Check for working CXX compiler: /usr/bin/c++ - skipped
[0.453s] -- Detecting CXX compile features
[0.453s] -- Detecting CXX compile features - done
[0.457s] -- Found ament_cmake: 1.3.12 (/opt/ros/humble/share/ament_cmake/cmake)
[0.596s] -- Found Python3: /usr/bin/python3 (found version "3.10.12") found components: Interpreter 
[0.689s] -- Found rosidl_default_generators: 1.2.0 (/opt/ros/humble/share/rosidl_default_generators/cmake)
[0.695s] -- Using all available rosidl_typesupport_c: rosidl_typesupport_fastrtps_c;rosidl_typesupport_introspection_c
[0.703s] -- Found rosidl_adapter: 3.1.7 (/opt/ros/humble/share/rosidl_adapter/cmake)
[0.748s] -- Using all available rosidl_typesupport_cpp: rosidl_typesupport_fastrtps_cpp;rosidl_typesupport_introspection_cpp
[0.983s] -- Found ament_cmake_ros: 0.10.0 (/opt/ros/humble/share/ament_cmake_ros/cmake)
[1.146s] -- Using all available rosidl_typesupport_c: rosidl_typesupport_fastrtps_c;rosidl_typesupport_introspection_c
[1.358s] -- Using all available rosidl_typesupport_cpp: rosidl_typesupport_fastrtps_cpp;rosidl_typesupport_introspection_cpp
[1.378s] -- Found PythonInterp: /usr/bin/python3 (found suitable version "3.10.12", minimum required is "3.6") 
[1.381s] -- Found python_cmake_module: 0.10.0 (/opt/ros/humble/share/python_cmake_module/cmake)
[1.410s] -- Found PythonLibs: /usr/lib/x86_64-linux-gnu/libpython3.10.so (found suitable version "3.10.12", minimum required is "3.5") 
[1.411s] -- Using PYTHON_EXECUTABLE: /usr/bin/python3
[1.411s] -- Using PYTHON_INCLUDE_DIRS: /usr/include/python3.10
[1.411s] -- Using PYTHON_LIBRARIES: /usr/lib/x86_64-linux-gnu/libpython3.10.so
[1.432s] -- Found PythonExtra: .so  
[1.470s] -- Found ament_lint_auto: 0.12.14 (/opt/ros/humble/share/ament_lint_auto/cmake)
[1.503s] -- Added test 'lint_cmake' to check CMake code style
[1.504s] -- Added test 'xmllint' to check XML markup files
[1.506s] -- Configuring done
[1.530s] -- Generating done
[1.538s] -- Build files have been written to: /home/vlados/ias0220/build/encoders_interfaces
[1.544s] Invoked command in '/home/vlados/ias0220/build/encoders_interfaces' returned '0': CMAKE_PREFIX_PATH=/opt/ros/humble /usr/bin/cmake /home/vlados/ias0220/src/encoders_interfaces -DCMAKE_INSTALL_PREFIX=/home/vlados/ias0220/install/encoders_interfaces
[1.545s] Invoking command in '/home/vlados/ias0220/build/encoders_interfaces': CMAKE_PREFIX_PATH=/opt/ros/humble /usr/bin/cmake --build /home/vlados/ias0220/build/encoders_interfaces -- -j16 -l16
[1.589s] [  3%] [34m[1mGenerating C code for ROS interfaces[0m
[1.602s] [  6%] [34m[1mGenerating C++ code for ROS interfaces[0m
[1.610s] [  6%] Built target ament_cmake_python_copy_encoders_interfaces
[1.780s] [  6%] Built target encoders_interfaces__cpp
[1.781s] [  9%] [32mBuilding C object CMakeFiles/encoders_interfaces__rosidl_generator_c.dir/rosidl_generator_c/encoders_interfaces/msg/detail/counter__functions.c.o[0m
[1.788s] running egg_info
[1.788s] creating encoders_interfaces.egg-info
[1.788s] writing encoders_interfaces.egg-info/PKG-INFO
[1.788s] writing dependency_links to encoders_interfaces.egg-info/dependency_links.txt
[1.788s] writing top-level names to encoders_interfaces.egg-info/top_level.txt
[1.789s] writing manifest file 'encoders_interfaces.egg-info/SOURCES.txt'
[1.789s] [ 16%] [34m[1mGenerating C++ introspection for ROS interfaces[0m
[1.789s] [ 16%] [34m[1mGenerating C++ type support for eProsima Fast-RTPS[0m
[1.789s] [ 19%] [34m[1mGenerating C++ type support dispatch for ROS interfaces[0m
[1.790s] reading manifest file 'encoders_interfaces.egg-info/SOURCES.txt'
[1.790s] writing manifest file 'encoders_interfaces.egg-info/SOURCES.txt'
[1.811s] [ 19%] Built target ament_cmake_python_build_encoders_interfaces_egg
[1.829s] [ 22%] [32m[1mLinking C shared library libencoders_interfaces__rosidl_generator_c.so[0m
[1.860s] [ 22%] Built target encoders_interfaces__rosidl_generator_c
[1.868s] [ 32%] [34m[1mGenerating C type support for eProsima Fast-RTPS[0m
[1.868s] [ 32%] [34m[1mGenerating C type support dispatch for ROS interfaces[0m
[1.868s] [ 32%] [34m[1mGenerating C introspection for ROS interfaces[0m
[1.951s] [ 35%] [32mBuilding CXX object CMakeFiles/encoders_interfaces__rosidl_typesupport_cpp.dir/rosidl_typesupport_cpp/encoders_interfaces/msg/counter__type_support.cpp.o[0m
[1.968s] [ 38%] [32mBuilding CXX object CMakeFiles/encoders_interfaces__rosidl_typesupport_introspection_cpp.dir/rosidl_typesupport_introspection_cpp/encoders_interfaces/msg/detail/counter__type_support.cpp.o[0m
[1.969s] [ 41%] [32mBuilding CXX object CMakeFiles/encoders_interfaces__rosidl_typesupport_fastrtps_cpp.dir/rosidl_typesupport_fastrtps_cpp/encoders_interfaces/msg/detail/dds_fastrtps/counter__type_support.cpp.o[0m
[2.031s] [ 45%] [32mBuilding CXX object CMakeFiles/encoders_interfaces__rosidl_typesupport_c.dir/rosidl_typesupport_c/encoders_interfaces/msg/counter__type_support.cpp.o[0m
[2.049s] [ 48%] [32mBuilding C object CMakeFiles/encoders_interfaces__rosidl_typesupport_introspection_c.dir/rosidl_typesupport_introspection_c/encoders_interfaces/msg/detail/counter__type_support.c.o[0m
[2.063s] [ 51%] [32m[1mLinking CXX shared library libencoders_interfaces__rosidl_typesupport_c.so[0m
[2.078s] [ 54%] [32m[1mLinking C shared library libencoders_interfaces__rosidl_typesupport_introspection_c.so[0m
[2.086s] [ 58%] [32mBuilding CXX object CMakeFiles/encoders_interfaces__rosidl_typesupport_fastrtps_c.dir/rosidl_typesupport_fastrtps_c/encoders_interfaces/msg/detail/counter__type_support_c.cpp.o[0m
[2.101s] [ 58%] Built target encoders_interfaces__rosidl_typesupport_c
[2.106s] [ 58%] Built target encoders_interfaces__rosidl_typesupport_introspection_c
[2.151s] [ 61%] [32m[1mLinking CXX shared library libencoders_interfaces__rosidl_typesupport_cpp.so[0m
[2.198s] [ 61%] Built target encoders_interfaces__rosidl_typesupport_cpp
[2.235s] [ 64%] [32m[1mLinking CXX shared library libencoders_interfaces__rosidl_typesupport_introspection_cpp.so[0m
[2.246s] [ 67%] [32m[1mLinking CXX shared library libencoders_interfaces__rosidl_typesupport_fastrtps_cpp.so[0m
[2.272s] [ 67%] Built target encoders_interfaces__rosidl_typesupport_introspection_cpp
[2.311s] [ 67%] Built target encoders_interfaces__rosidl_typesupport_fastrtps_cpp
[2.320s] [ 70%] [32m[1mLinking CXX shared library libencoders_interfaces__rosidl_typesupport_fastrtps_c.so[0m
[2.379s] [ 70%] Built target encoders_interfaces__rosidl_typesupport_fastrtps_c
[2.405s] [ 70%] Built target encoders_interfaces
[2.426s] [ 74%] [34m[1mGenerating Python code for ROS interfaces[0m
[2.643s] [ 74%] Built target encoders_interfaces__py
[2.665s] [ 77%] [32mBuilding C object CMakeFiles/encoders_interfaces__rosidl_generator_py.dir/rosidl_generator_py/encoders_interfaces/msg/_counter_s.c.o[0m
[2.770s] [ 80%] [32m[1mLinking C shared library rosidl_generator_py/encoders_interfaces/libencoders_interfaces__rosidl_generator_py.so[0m
[2.814s] [ 80%] Built target encoders_interfaces__rosidl_generator_py
[2.834s] [ 83%] [32mBuilding C object CMakeFiles/encoders_interfaces__rosidl_typesupport_c__pyext.dir/rosidl_generator_py/encoders_interfaces/_encoders_interfaces_s.ep.rosidl_typesupport_c.c.o[0m
[2.837s] [ 87%] [32mBuilding C object CMakeFiles/encoders_interfaces__rosidl_typesupport_fastrtps_c__pyext.dir/rosidl_generator_py/encoders_interfaces/_encoders_interfaces_s.ep.rosidl_typesupport_fastrtps_c.c.o[0m
[2.839s] [ 90%] [32mBuilding C object CMakeFiles/encoders_interfaces__rosidl_typesupport_introspection_c__pyext.dir/rosidl_generator_py/encoders_interfaces/_encoders_interfaces_s.ep.rosidl_typesupport_introspection_c.c.o[0m
[2.913s] [ 93%] [32m[1mLinking C shared library rosidl_generator_py/encoders_interfaces/encoders_interfaces_s__rosidl_typesupport_c.cpython-310-x86_64-linux-gnu.so[0m
[2.915s] [ 96%] [32m[1mLinking C shared library rosidl_generator_py/encoders_interfaces/encoders_interfaces_s__rosidl_typesupport_fastrtps_c.cpython-310-x86_64-linux-gnu.so[0m
[2.920s] [100%] [32m[1mLinking C shared library rosidl_generator_py/encoders_interfaces/encoders_interfaces_s__rosidl_typesupport_introspection_c.cpython-310-x86_64-linux-gnu.so[0m
[2.945s] [100%] Built target encoders_interfaces__rosidl_typesupport_fastrtps_c__pyext
[2.945s] [100%] Built target encoders_interfaces__rosidl_typesupport_c__pyext
[2.955s] [100%] Built target encoders_interfaces__rosidl_typesupport_introspection_c__pyext
[2.966s] Invoked command in '/home/vlados/ias0220/build/encoders_interfaces' returned '0': CMAKE_PREFIX_PATH=/opt/ros/humble /usr/bin/cmake --build /home/vlados/ias0220/build/encoders_interfaces -- -j16 -l16
[2.974s] Invoking command in '/home/vlados/ias0220/build/encoders_interfaces': CMAKE_PREFIX_PATH=/opt/ros/humble /usr/bin/cmake --install /home/vlados/ias0220/build/encoders_interfaces
[2.981s] -- Install configuration: ""
[2.981s] -- Installing: /home/vlados/ias0220/install/encoders_interfaces/share/ament_index/resource_index/rosidl_interfaces/encoders_interfaces
[2.981s] -- Installing: /home/vlados/ias0220/install/encoders_interfaces/include/encoders_interfaces/encoders_interfaces
[2.982s] -- Installing: /home/vlados/ias0220/install/encoders_interfaces/include/encoders_interfaces/encoders_interfaces/msg
[2.982s] -- Installing: /home/vlados/ias0220/install/encoders_interfaces/include/encoders_interfaces/encoders_interfaces/msg/detail
[2.982s] -- Installing: /home/vlados/ias0220/install/encoders_interfaces/include/encoders_interfaces/encoders_interfaces/msg/detail/counter__struct.h
[2.982s] -- Installing: /home/vlados/ias0220/install/encoders_interfaces/include/encoders_interfaces/encoders_interfaces/msg/detail/counter__type_support.h
[2.982s] -- Installing: /home/vlados/ias0220/install/encoders_interfaces/include/encoders_interfaces/encoders_interfaces/msg/detail/counter__functions.h
[2.982s] -- Installing: /home/vlados/ias0220/install/encoders_interfaces/include/encoders_interfaces/encoders_interfaces/msg/detail/counter__functions.c
[2.982s] -- Installing: /home/vlados/ias0220/install/encoders_interfaces/include/encoders_interfaces/encoders_interfaces/msg/rosidl_generator_c__visibility_control.h
[2.982s] -- Installing: /home/vlados/ias0220/install/encoders_interfaces/include/encoders_interfaces/encoders_interfaces/msg/counter.h
[2.982s] -- Installing: /home/vlados/ias0220/install/encoders_interfaces/share/encoders_interfaces/environment/library_path.sh
[2.983s] -- Installing: /home/vlados/ias0220/install/encoders_interfaces/share/encoders_interfaces/environment/library_path.dsv
[2.983s] -- Installing: /home/vlados/ias0220/install/encoders_interfaces/lib/libencoders_interfaces__rosidl_generator_c.so
[2.983s] -- Set runtime path of "/home/vlados/ias0220/install/encoders_interfaces/lib/libencoders_interfaces__rosidl_generator_c.so" to ""
[2.983s] -- Up-to-date: /home/vlados/ias0220/install/encoders_interfaces/include/encoders_interfaces/encoders_interfaces
[2.983s] -- Up-to-date: /home/vlados/ias0220/install/encoders_interfaces/include/encoders_interfaces/encoders_interfaces/msg
[2.983s] -- Up-to-date: /home/vlados/ias0220/install/encoders_interfaces/include/encoders_interfaces/encoders_interfaces/msg/detail
[2.983s] -- Installing: /home/vlados/ias0220/install/encoders_interfaces/include/encoders_interfaces/encoders_interfaces/msg/detail/counter__rosidl_typesupport_fastrtps_c.h
[2.983s] -- Installing: /home/vlados/ias0220/install/encoders_interfaces/include/encoders_interfaces/encoders_interfaces/msg/rosidl_typesupport_fastrtps_c__visibility_control.h
[2.984s] -- Installing: /home/vlados/ias0220/install/encoders_interfaces/lib/libencoders_interfaces__rosidl_typesupport_fastrtps_c.so
[2.984s] -- Set runtime path of "/home/vlados/ias0220/install/encoders_interfaces/lib/libencoders_interfaces__rosidl_typesupport_fastrtps_c.so" to ""
[2.984s] -- Up-to-date: /home/vlados/ias0220/install/encoders_interfaces/include/encoders_interfaces/encoders_interfaces
[2.984s] -- Up-to-date: /home/vlados/ias0220/install/encoders_interfaces/include/encoders_interfaces/encoders_interfaces/msg
[2.984s] -- Up-to-date: /home/vlados/ias0220/install/encoders_interfaces/include/encoders_interfaces/encoders_interfaces/msg/detail
[2.984s] -- Installing: /home/vlados/ias0220/install/encoders_interfaces/include/encoders_interfaces/encoders_interfaces/msg/detail/counter__type_support.c
[2.984s] -- Installing: /home/vlados/ias0220/install/encoders_interfaces/include/encoders_interfaces/encoders_interfaces/msg/detail/counter__rosidl_typesupport_introspection_c.h
[2.984s] -- Installing: /home/vlados/ias0220/install/encoders_interfaces/include/encoders_interfaces/encoders_interfaces/msg/rosidl_typesupport_introspection_c__visibility_control.h
[2.984s] -- Installing: /home/vlados/ias0220/install/encoders_interfaces/lib/libencoders_interfaces__rosidl_typesupport_introspection_c.so
[2.985s] -- Set runtime path of "/home/vlados/ias0220/install/encoders_interfaces/lib/libencoders_interfaces__rosidl_typesupport_introspection_c.so" to ""
[2.985s] -- Installing: /home/vlados/ias0220/install/encoders_interfaces/lib/libencoders_interfaces__rosidl_typesupport_c.so
[2.985s] -- Set runtime path of "/home/vlados/ias0220/install/encoders_interfaces/lib/libencoders_interfaces__rosidl_typesupport_c.so" to ""
[2.985s] -- Up-to-date: /home/vlados/ias0220/install/encoders_interfaces/include/encoders_interfaces/encoders_interfaces
[2.985s] -- Up-to-date: /home/vlados/ias0220/install/encoders_interfaces/include/encoders_interfaces/encoders_interfaces/msg
[2.985s] -- Up-to-date: /home/vlados/ias0220/install/encoders_interfaces/include/encoders_interfaces/encoders_interfaces/msg/detail
[2.985s] -- Installing: /home/vlados/ias0220/install/encoders_interfaces/include/encoders_interfaces/encoders_interfaces/msg/detail/counter__builder.hpp
[2.985s] -- Installing: /home/vlados/ias0220/install/encoders_interfaces/include/encoders_interfaces/encoders_interfaces/msg/detail/counter__traits.hpp
[2.985s] -- Installing: /home/vlados/ias0220/install/encoders_interfaces/include/encoders_interfaces/encoders_interfaces/msg/detail/counter__type_support.hpp
[2.986s] -- Installing: /home/vlados/ias0220/install/encoders_interfaces/include/encoders_interfaces/encoders_interfaces/msg/detail/counter__struct.hpp
[2.986s] -- Installing: /home/vlados/ias0220/install/encoders_interfaces/include/encoders_interfaces/encoders_interfaces/msg/counter.hpp
[2.986s] -- Installing: /home/vlados/ias0220/install/encoders_interfaces/include/encoders_interfaces/encoders_interfaces/msg/rosidl_generator_cpp__visibility_control.hpp
[2.986s] -- Up-to-date: /home/vlados/ias0220/install/encoders_interfaces/include/encoders_interfaces/encoders_interfaces
[2.986s] -- Up-to-date: /home/vlados/ias0220/install/encoders_interfaces/include/encoders_interfaces/encoders_interfaces/msg
[2.986s] -- Installing: /home/vlados/ias0220/install/encoders_interfaces/include/encoders_interfaces/encoders_interfaces/msg/rosidl_typesupport_fastrtps_cpp__visibility_control.h
[2.986s] -- Up-to-date: /home/vlados/ias0220/install/encoders_interfaces/include/encoders_interfaces/encoders_interfaces/msg/detail
[2.986s] -- Installing: /home/vlados/ias0220/install/encoders_interfaces/include/encoders_interfaces/encoders_interfaces/msg/detail/counter__rosidl_typesupport_fastrtps_cpp.hpp
[2.986s] -- Installing: /home/vlados/ias0220/install/encoders_interfaces/include/encoders_interfaces/encoders_interfaces/msg/detail/dds_fastrtps
[2.986s] -- Installing: /home/vlados/ias0220/install/encoders_interfaces/lib/libencoders_interfaces__rosidl_typesupport_fastrtps_cpp.so
[2.987s] -- Set runtime path of "/home/vlados/ias0220/install/encoders_interfaces/lib/libencoders_interfaces__rosidl_typesupport_fastrtps_cpp.so" to ""
[2.987s] -- Up-to-date: /home/vlados/ias0220/install/encoders_interfaces/include/encoders_interfaces/encoders_interfaces
[2.987s] -- Up-to-date: /home/vlados/ias0220/install/encoders_interfaces/include/encoders_interfaces/encoders_interfaces/msg
[2.987s] -- Up-to-date: /home/vlados/ias0220/install/encoders_interfaces/include/encoders_interfaces/encoders_interfaces/msg/detail
[2.987s] -- Installing: /home/vlados/ias0220/install/encoders_interfaces/include/encoders_interfaces/encoders_interfaces/msg/detail/counter__rosidl_typesupport_introspection_cpp.hpp
[2.987s] -- Installing: /home/vlados/ias0220/install/encoders_interfaces/include/encoders_interfaces/encoders_interfaces/msg/detail/counter__type_support.cpp
[2.987s] -- Installing: /home/vlados/ias0220/install/encoders_interfaces/lib/libencoders_interfaces__rosidl_typesupport_introspection_cpp.so
[2.987s] -- Set runtime path of "/home/vlados/ias0220/install/encoders_interfaces/lib/libencoders_interfaces__rosidl_typesupport_introspection_cpp.so" to ""
[2.988s] -- Installing: /home/vlados/ias0220/install/encoders_interfaces/lib/libencoders_interfaces__rosidl_typesupport_cpp.so
[2.988s] -- Set runtime path of "/home/vlados/ias0220/install/encoders_interfaces/lib/libencoders_interfaces__rosidl_typesupport_cpp.so" to ""
[2.988s] -- Installing: /home/vlados/ias0220/install/encoders_interfaces/share/encoders_interfaces/environment/pythonpath.sh
[2.988s] -- Installing: /home/vlados/ias0220/install/encoders_interfaces/share/encoders_interfaces/environment/pythonpath.dsv
[2.988s] -- Installing: /home/vlados/ias0220/install/encoders_interfaces/local/lib/python3.10/dist-packages/encoders_interfaces-0.0.0-py3.10.egg-info
[2.988s] -- Installing: /home/vlados/ias0220/install/encoders_interfaces/local/lib/python3.10/dist-packages/encoders_interfaces-0.0.0-py3.10.egg-info/PKG-INFO
[2.988s] -- Installing: /home/vlados/ias0220/install/encoders_interfaces/local/lib/python3.10/dist-packages/encoders_interfaces-0.0.0-py3.10.egg-info/dependency_links.txt
[2.989s] -- Installing: /home/vlados/ias0220/install/encoders_interfaces/local/lib/python3.10/dist-packages/encoders_interfaces-0.0.0-py3.10.egg-info/top_level.txt
[2.989s] -- Installing: /home/vlados/ias0220/install/encoders_interfaces/local/lib/python3.10/dist-packages/encoders_interfaces-0.0.0-py3.10.egg-info/SOURCES.txt
[2.989s] -- Installing: /home/vlados/ias0220/install/encoders_interfaces/local/lib/python3.10/dist-packages/encoders_interfaces
[2.989s] -- Installing: /home/vlados/ias0220/install/encoders_interfaces/local/lib/python3.10/dist-packages/encoders_interfaces/msg
[2.989s] -- Installing: /home/vlados/ias0220/install/encoders_interfaces/local/lib/python3.10/dist-packages/encoders_interfaces/msg/__init__.py
[2.989s] -- Installing: /home/vlados/ias0220/install/encoders_interfaces/local/lib/python3.10/dist-packages/encoders_interfaces/msg/_counter_s.c
[2.989s] -- Installing: /home/vlados/ias0220/install/encoders_interfaces/local/lib/python3.10/dist-packages/encoders_interfaces/msg/_counter.py
[2.989s] -- Installing: /home/vlados/ias0220/install/encoders_interfaces/local/lib/python3.10/dist-packages/encoders_interfaces/__init__.py
[2.989s] -- Installing: /home/vlados/ias0220/install/encoders_interfaces/local/lib/python3.10/dist-packages/encoders_interfaces/_encoders_interfaces_s.ep.rosidl_typesupport_fastrtps_c.c
[2.989s] -- Installing: /home/vlados/ias0220/install/encoders_interfaces/local/lib/python3.10/dist-packages/encoders_interfaces/encoders_interfaces_s__rosidl_typesupport_introspection_c.cpython-310-x86_64-linux-gnu.so
[2.990s] -- Installing: /home/vlados/ias0220/install/encoders_interfaces/local/lib/python3.10/dist-packages/encoders_interfaces/encoders_interfaces_s__rosidl_typesupport_fastrtps_c.cpython-310-x86_64-linux-gnu.so
[2.990s] -- Installing: /home/vlados/ias0220/install/encoders_interfaces/local/lib/python3.10/dist-packages/encoders_interfaces/encoders_interfaces_s__rosidl_typesupport_c.cpython-310-x86_64-linux-gnu.so
[2.990s] -- Installing: /home/vlados/ias0220/install/encoders_interfaces/local/lib/python3.10/dist-packages/encoders_interfaces/libencoders_interfaces__rosidl_generator_py.so
[2.990s] -- Installing: /home/vlados/ias0220/install/encoders_interfaces/local/lib/python3.10/dist-packages/encoders_interfaces/_encoders_interfaces_s.ep.rosidl_typesupport_introspection_c.c
[2.990s] -- Installing: /home/vlados/ias0220/install/encoders_interfaces/local/lib/python3.10/dist-packages/encoders_interfaces/_encoders_interfaces_s.ep.rosidl_typesupport_c.c
[3.014s] Listing '/home/vlados/ias0220/install/encoders_interfaces/local/lib/python3.10/dist-packages/encoders_interfaces'...
[3.014s] Compiling '/home/vlados/ias0220/install/encoders_interfaces/local/lib/python3.10/dist-packages/encoders_interfaces/__init__.py'...
[3.014s] Listing '/home/vlados/ias0220/install/encoders_interfaces/local/lib/python3.10/dist-packages/encoders_interfaces/msg'...
[3.014s] Compiling '/home/vlados/ias0220/install/encoders_interfaces/local/lib/python3.10/dist-packages/encoders_interfaces/msg/__init__.py'...
[3.014s] Compiling '/home/vlados/ias0220/install/encoders_interfaces/local/lib/python3.10/dist-packages/encoders_interfaces/msg/_counter.py'...
[3.017s] -- Installing: /home/vlados/ias0220/install/encoders_interfaces/local/lib/python3.10/dist-packages/encoders_interfaces/encoders_interfaces_s__rosidl_typesupport_fastrtps_c.cpython-310-x86_64-linux-gnu.so
[3.018s] -- Set runtime path of "/home/vlados/ias0220/install/encoders_interfaces/local/lib/python3.10/dist-packages/encoders_interfaces/encoders_interfaces_s__rosidl_typesupport_fastrtps_c.cpython-310-x86_64-linux-gnu.so" to ""
[3.018s] -- Installing: /home/vlados/ias0220/install/encoders_interfaces/local/lib/python3.10/dist-packages/encoders_interfaces/encoders_interfaces_s__rosidl_typesupport_introspection_c.cpython-310-x86_64-linux-gnu.so
[3.018s] -- Set runtime path of "/home/vlados/ias0220/install/encoders_interfaces/local/lib/python3.10/dist-packages/encoders_interfaces/encoders_interfaces_s__rosidl_typesupport_introspection_c.cpython-310-x86_64-linux-gnu.so" to ""
[3.018s] -- Installing: /home/vlados/ias0220/install/encoders_interfaces/local/lib/python3.10/dist-packages/encoders_interfaces/encoders_interfaces_s__rosidl_typesupport_c.cpython-310-x86_64-linux-gnu.so
[3.019s] -- Set runtime path of "/home/vlados/ias0220/install/encoders_interfaces/local/lib/python3.10/dist-packages/encoders_interfaces/encoders_interfaces_s__rosidl_typesupport_c.cpython-310-x86_64-linux-gnu.so" to ""
[3.019s] -- Installing: /home/vlados/ias0220/install/encoders_interfaces/lib/libencoders_interfaces__rosidl_generator_py.so
[3.019s] -- Set runtime path of "/home/vlados/ias0220/install/encoders_interfaces/lib/libencoders_interfaces__rosidl_generator_py.so" to ""
[3.019s] -- Installing: /home/vlados/ias0220/install/encoders_interfaces/share/encoders_interfaces/msg/Counter.idl
[3.019s] -- Installing: /home/vlados/ias0220/install/encoders_interfaces/share/encoders_interfaces/msg/Counter.msg
[3.019s] -- Installing: /home/vlados/ias0220/install/encoders_interfaces/share/ament_index/resource_index/package_run_dependencies/encoders_interfaces
[3.019s] -- Installing: /home/vlados/ias0220/install/encoders_interfaces/share/ament_index/resource_index/parent_prefix_path/encoders_interfaces
[3.020s] -- Installing: /home/vlados/ias0220/install/encoders_interfaces/share/encoders_interfaces/environment/ament_prefix_path.sh
[3.020s] -- Installing: /home/vlados/ias0220/install/encoders_interfaces/share/encoders_interfaces/environment/ament_prefix_path.dsv
[3.020s] -- Installing: /home/vlados/ias0220/install/encoders_interfaces/share/encoders_interfaces/environment/path.sh
[3.020s] -- Installing: /home/vlados/ias0220/install/encoders_interfaces/share/encoders_interfaces/environment/path.dsv
[3.020s] -- Installing: /home/vlados/ias0220/install/encoders_interfaces/share/encoders_interfaces/local_setup.bash
[3.020s] -- Installing: /home/vlados/ias0220/install/encoders_interfaces/share/encoders_interfaces/local_setup.sh
[3.020s] -- Installing: /home/vlados/ias0220/install/encoders_interfaces/share/encoders_interfaces/local_setup.zsh
[3.020s] -- Installing: /home/vlados/ias0220/install/encoders_interfaces/share/encoders_interfaces/local_setup.dsv
[3.021s] -- Installing: /home/vlados/ias0220/install/encoders_interfaces/share/encoders_interfaces/package.dsv
[3.021s] -- Installing: /home/vlados/ias0220/install/encoders_interfaces/share/ament_index/resource_index/packages/encoders_interfaces
[3.021s] -- Installing: /home/vlados/ias0220/install/encoders_interfaces/share/encoders_interfaces/cmake/export_encoders_interfaces__rosidl_generator_cExport.cmake
[3.021s] -- Installing: /home/vlados/ias0220/install/encoders_interfaces/share/encoders_interfaces/cmake/export_encoders_interfaces__rosidl_generator_cExport-noconfig.cmake
[3.021s] -- Installing: /home/vlados/ias0220/install/encoders_interfaces/share/encoders_interfaces/cmake/export_encoders_interfaces__rosidl_typesupport_fastrtps_cExport.cmake
[3.021s] -- Installing: /home/vlados/ias0220/install/encoders_interfaces/share/encoders_interfaces/cmake/export_encoders_interfaces__rosidl_typesupport_fastrtps_cExport-noconfig.cmake
[3.021s] -- Installing: /home/vlados/ias0220/install/encoders_interfaces/share/encoders_interfaces/cmake/encoders_interfaces__rosidl_typesupport_introspection_cExport.cmake
[3.022s] -- Installing: /home/vlados/ias0220/install/encoders_interfaces/share/encoders_interfaces/cmake/encoders_interfaces__rosidl_typesupport_introspection_cExport-noconfig.cmake
[3.022s] -- Installing: /home/vlados/ias0220/install/encoders_interfaces/share/encoders_interfaces/cmake/encoders_interfaces__rosidl_typesupport_cExport.cmake
[3.022s] -- Installing: /home/vlados/ias0220/install/encoders_interfaces/share/encoders_interfaces/cmake/encoders_interfaces__rosidl_typesupport_cExport-noconfig.cmake
[3.022s] -- Installing: /home/vlados/ias0220/install/encoders_interfaces/share/encoders_interfaces/cmake/export_encoders_interfaces__rosidl_generator_cppExport.cmake
[3.022s] -- Installing: /home/vlados/ias0220/install/encoders_interfaces/share/encoders_interfaces/cmake/export_encoders_interfaces__rosidl_typesupport_fastrtps_cppExport.cmake
[3.022s] -- Installing: /home/vlados/ias0220/install/encoders_interfaces/share/encoders_interfaces/cmake/export_encoders_interfaces__rosidl_typesupport_fastrtps_cppExport-noconfig.cmake
[3.022s] -- Installing: /home/vlados/ias0220/install/encoders_interfaces/share/encoders_interfaces/cmake/encoders_interfaces__rosidl_typesupport_introspection_cppExport.cmake
[3.023s] -- Installing: /home/vlados/ias0220/install/encoders_interfaces/share/encoders_interfaces/cmake/encoders_interfaces__rosidl_typesupport_introspection_cppExport-noconfig.cmake
[3.023s] -- Installing: /home/vlados/ias0220/install/encoders_interfaces/share/encoders_interfaces/cmake/encoders_interfaces__rosidl_typesupport_cppExport.cmake
[3.023s] -- Installing: /home/vlados/ias0220/install/encoders_interfaces/share/encoders_interfaces/cmake/encoders_interfaces__rosidl_typesupport_cppExport-noconfig.cmake
[3.023s] -- Installing: /home/vlados/ias0220/install/encoders_interfaces/share/encoders_interfaces/cmake/export_encoders_interfaces__rosidl_generator_pyExport.cmake
[3.023s] -- Installing: /home/vlados/ias0220/install/encoders_interfaces/share/encoders_interfaces/cmake/export_encoders_interfaces__rosidl_generator_pyExport-noconfig.cmake
[3.023s] -- Installing: /home/vlados/ias0220/install/encoders_interfaces/share/encoders_interfaces/cmake/rosidl_cmake-extras.cmake
[3.023s] -- Installing: /home/vlados/ias0220/install/encoders_interfaces/share/encoders_interfaces/cmake/ament_cmake_export_include_directories-extras.cmake
[3.024s] -- Installing: /home/vlados/ias0220/install/encoders_interfaces/share/encoders_interfaces/cmake/ament_cmake_export_libraries-extras.cmake
[3.024s] -- Installing: /home/vlados/ias0220/install/encoders_interfaces/share/encoders_interfaces/cmake/ament_cmake_export_targets-extras.cmake
[3.024s] -- Installing: /home/vlados/ias0220/install/encoders_interfaces/share/encoders_interfaces/cmake/rosidl_cmake_export_typesupport_targets-extras.cmake
[3.024s] -- Installing: /home/vlados/ias0220/install/encoders_interfaces/share/encoders_interfaces/cmake/ament_cmake_export_dependencies-extras.cmake
[3.024s] -- Installing: /home/vlados/ias0220/install/encoders_interfaces/share/encoders_interfaces/cmake/rosidl_cmake_export_typesupport_libraries-extras.cmake
[3.024s] -- Installing: /home/vlados/ias0220/install/encoders_interfaces/share/encoders_interfaces/cmake/encoders_interfacesConfig.cmake
[3.024s] -- Installing: /home/vlados/ias0220/install/encoders_interfaces/share/encoders_interfaces/cmake/encoders_interfacesConfig-version.cmake
[3.024s] -- Installing: /home/vlados/ias0220/install/encoders_interfaces/share/encoders_interfaces/package.xml
[3.027s] Invoked command in '/home/vlados/ias0220/build/encoders_interfaces' returned '0': CMAKE_PREFIX_PATH=/opt/ros/humble /usr/bin/cmake --install /home/vlados/ias0220/build/encoders_interfaces
