[0.018s] Invoking command in '/home/vlados/ias0220/build/encoders_interfaces': CMAKE_PREFIX_PATH=${CMAKE_PREFIX_PATH}:/home/vlados/ias0220/install/setup_gazebo_ias0220:/home/vlados/ias0220/install/ias0220_250620:/home/vlados/ias0220/install/encoders_pkg:/opt/ros/humble /usr/bin/cmake --build /home/vlados/ias0220/build/encoders_interfaces -- -j16 -l16
[0.387s] [  3%] Built target encoders_interfaces__cpp
[0.388s] [ 12%] Built target encoders_interfaces__rosidl_generator_c
[0.388s] [ 12%] Built target ament_cmake_python_copy_encoders_interfaces
[0.388s] [ 22%] Built target encoders_interfaces__rosidl_typesupport_fastrtps_cpp
[0.388s] [ 32%] Built target encoders_interfaces__rosidl_typesupport_introspection_cpp
[0.389s] [ 41%] Built target encoders_interfaces__rosidl_typesupport_cpp
[0.389s] [ 54%] Built target encoders_interfaces__rosidl_typesupport_introspection_c
[0.389s] [ 61%] Built target encoders_interfaces__rosidl_typesupport_c
[0.389s] [ 70%] Built target encoders_interfaces__rosidl_typesupport_fastrtps_c
[0.389s] [ 70%] Built target encoders_interfaces
[0.390s] [ 74%] Built target encoders_interfaces__py
[0.390s] [ 80%] Built target encoders_interfaces__rosidl_generator_py
[0.390s] [ 93%] Built target encoders_interfaces__rosidl_typesupport_fastrtps_c__pyext
[0.390s] [ 93%] Built target encoders_interfaces__rosidl_typesupport_introspection_c__pyext
[0.390s] [100%] Built target encoders_interfaces__rosidl_typesupport_c__pyext
[0.390s] running egg_info
[0.390s] writing encoders_interfaces.egg-info/PKG-INFO
[0.390s] writing dependency_links to encoders_interfaces.egg-info/dependency_links.txt
[0.391s] writing top-level names to encoders_interfaces.egg-info/top_level.txt
[0.391s] reading manifest file 'encoders_interfaces.egg-info/SOURCES.txt'
[0.391s] writing manifest file 'encoders_interfaces.egg-info/SOURCES.txt'
[0.391s] [100%] Built target ament_cmake_python_build_encoders_interfaces_egg
[0.395s] Invoked command in '/home/vlados/ias0220/build/encoders_interfaces' returned '0': CMAKE_PREFIX_PATH=${CMAKE_PREFIX_PATH}:/home/vlados/ias0220/install/setup_gazebo_ias0220:/home/vlados/ias0220/install/ias0220_250620:/home/vlados/ias0220/install/encoders_pkg:/opt/ros/humble /usr/bin/cmake --build /home/vlados/ias0220/build/encoders_interfaces -- -j16 -l16
[0.406s] Invoking command in '/home/vlados/ias0220/build/encoders_interfaces': CMAKE_PREFIX_PATH=${CMAKE_PREFIX_PATH}:/home/vlados/ias0220/install/setup_gazebo_ias0220:/home/vlados/ias0220/install/ias0220_250620:/home/vlados/ias0220/install/encoders_pkg:/opt/ros/humble /usr/bin/cmake --install /home/vlados/ias0220/build/encoders_interfaces
[0.416s] -- Install configuration: ""
[0.416s] -- Up-to-date: /home/vlados/ias0220/install/encoders_interfaces/share/ament_index/resource_index/rosidl_interfaces/encoders_interfaces
[0.417s] -- Up-to-date: /home/vlados/ias0220/install/encoders_interfaces/include/encoders_interfaces/encoders_interfaces
[0.417s] -- Up-to-date: /home/vlados/ias0220/install/encoders_interfaces/include/encoders_interfaces/encoders_interfaces/msg
[0.417s] -- Up-to-date: /home/vlados/ias0220/install/encoders_interfaces/include/encoders_interfaces/encoders_interfaces/msg/detail
[0.417s] -- Up-to-date: /home/vlados/ias0220/install/encoders_interfaces/include/encoders_interfaces/encoders_interfaces/msg/detail/counter__struct.h
[0.417s] -- Up-to-date: /home/vlados/ias0220/install/encoders_interfaces/include/encoders_interfaces/encoders_interfaces/msg/detail/counter__type_support.h
[0.417s] -- Up-to-date: /home/vlados/ias0220/install/encoders_interfaces/include/encoders_interfaces/encoders_interfaces/msg/detail/counter__functions.h
[0.417s] -- Up-to-date: /home/vlados/ias0220/install/encoders_interfaces/include/encoders_interfaces/encoders_interfaces/msg/detail/counter__functions.c
[0.417s] -- Up-to-date: /home/vlados/ias0220/install/encoders_interfaces/include/encoders_interfaces/encoders_interfaces/msg/rosidl_generator_c__visibility_control.h
[0.417s] -- Up-to-date: /home/vlados/ias0220/install/encoders_interfaces/include/encoders_interfaces/encoders_interfaces/msg/counter.h
[0.418s] -- Up-to-date: /home/vlados/ias0220/install/encoders_interfaces/share/encoders_interfaces/environment/library_path.sh
[0.418s] -- Up-to-date: /home/vlados/ias0220/install/encoders_interfaces/share/encoders_interfaces/environment/library_path.dsv
[0.418s] -- Up-to-date: /home/vlados/ias0220/install/encoders_interfaces/lib/libencoders_interfaces__rosidl_generator_c.so
[0.418s] -- Up-to-date: /home/vlados/ias0220/install/encoders_interfaces/include/encoders_interfaces/encoders_interfaces
[0.418s] -- Up-to-date: /home/vlados/ias0220/install/encoders_interfaces/include/encoders_interfaces/encoders_interfaces/msg
[0.418s] -- Up-to-date: /home/vlados/ias0220/install/encoders_interfaces/include/encoders_interfaces/encoders_interfaces/msg/detail
[0.418s] -- Up-to-date: /home/vlados/ias0220/install/encoders_interfaces/include/encoders_interfaces/encoders_interfaces/msg/detail/counter__rosidl_typesupport_fastrtps_c.h
[0.418s] -- Up-to-date: /home/vlados/ias0220/install/encoders_interfaces/include/encoders_interfaces/encoders_interfaces/msg/rosidl_typesupport_fastrtps_c__visibility_control.h
[0.419s] -- Up-to-date: /home/vlados/ias0220/install/encoders_interfaces/lib/libencoders_interfaces__rosidl_typesupport_fastrtps_c.so
[0.419s] -- Up-to-date: /home/vlados/ias0220/install/encoders_interfaces/include/encoders_interfaces/encoders_interfaces
[0.419s] -- Up-to-date: /home/vlados/ias0220/install/encoders_interfaces/include/encoders_interfaces/encoders_interfaces/msg
[0.419s] -- Up-to-date: /home/vlados/ias0220/install/encoders_interfaces/include/encoders_interfaces/encoders_interfaces/msg/detail
[0.419s] -- Up-to-date: /home/vlados/ias0220/install/encoders_interfaces/include/encoders_interfaces/encoders_interfaces/msg/detail/counter__type_support.c
[0.419s] -- Up-to-date: /home/vlados/ias0220/install/encoders_interfaces/include/encoders_interfaces/encoders_interfaces/msg/detail/counter__rosidl_typesupport_introspection_c.h
[0.419s] -- Up-to-date: /home/vlados/ias0220/install/encoders_interfaces/include/encoders_interfaces/encoders_interfaces/msg/rosidl_typesupport_introspection_c__visibility_control.h
[0.419s] -- Up-to-date: /home/vlados/ias0220/install/encoders_interfaces/lib/libencoders_interfaces__rosidl_typesupport_introspection_c.so
[0.419s] -- Up-to-date: /home/vlados/ias0220/install/encoders_interfaces/lib/libencoders_interfaces__rosidl_typesupport_c.so
[0.420s] -- Up-to-date: /home/vlados/ias0220/install/encoders_interfaces/include/encoders_interfaces/encoders_interfaces
[0.420s] -- Up-to-date: /home/vlados/ias0220/install/encoders_interfaces/include/encoders_interfaces/encoders_interfaces/msg
[0.420s] -- Up-to-date: /home/vlados/ias0220/install/encoders_interfaces/include/encoders_interfaces/encoders_interfaces/msg/detail
[0.420s] -- Up-to-date: /home/vlados/ias0220/install/encoders_interfaces/include/encoders_interfaces/encoders_interfaces/msg/detail/counter__builder.hpp
[0.420s] -- Up-to-date: /home/vlados/ias0220/install/encoders_interfaces/include/encoders_interfaces/encoders_interfaces/msg/detail/counter__traits.hpp
[0.420s] -- Up-to-date: /home/vlados/ias0220/install/encoders_interfaces/include/encoders_interfaces/encoders_interfaces/msg/detail/counter__type_support.hpp
[0.420s] -- Up-to-date: /home/vlados/ias0220/install/encoders_interfaces/include/encoders_interfaces/encoders_interfaces/msg/detail/counter__struct.hpp
[0.420s] -- Up-to-date: /home/vlados/ias0220/install/encoders_interfaces/include/encoders_interfaces/encoders_interfaces/msg/counter.hpp
[0.421s] -- Up-to-date: /home/vlados/ias0220/install/encoders_interfaces/include/encoders_interfaces/encoders_interfaces/msg/rosidl_generator_cpp__visibility_control.hpp
[0.421s] -- Up-to-date: /home/vlados/ias0220/install/encoders_interfaces/include/encoders_interfaces/encoders_interfaces
[0.421s] -- Up-to-date: /home/vlados/ias0220/install/encoders_interfaces/include/encoders_interfaces/encoders_interfaces/msg
[0.421s] -- Up-to-date: /home/vlados/ias0220/install/encoders_interfaces/include/encoders_interfaces/encoders_interfaces/msg/rosidl_typesupport_fastrtps_cpp__visibility_control.h
[0.421s] -- Up-to-date: /home/vlados/ias0220/install/encoders_interfaces/include/encoders_interfaces/encoders_interfaces/msg/detail
[0.421s] -- Up-to-date: /home/vlados/ias0220/install/encoders_interfaces/include/encoders_interfaces/encoders_interfaces/msg/detail/counter__rosidl_typesupport_fastrtps_cpp.hpp
[0.421s] -- Up-to-date: /home/vlados/ias0220/install/encoders_interfaces/include/encoders_interfaces/encoders_interfaces/msg/detail/dds_fastrtps
[0.421s] -- Up-to-date: /home/vlados/ias0220/install/encoders_interfaces/lib/libencoders_interfaces__rosidl_typesupport_fastrtps_cpp.so
[0.422s] -- Up-to-date: /home/vlados/ias0220/install/encoders_interfaces/include/encoders_interfaces/encoders_interfaces
[0.422s] -- Up-to-date: /home/vlados/ias0220/install/encoders_interfaces/include/encoders_interfaces/encoders_interfaces/msg
[0.422s] -- Up-to-date: /home/vlados/ias0220/install/encoders_interfaces/include/encoders_interfaces/encoders_interfaces/msg/detail
[0.422s] -- Up-to-date: /home/vlados/ias0220/install/encoders_interfaces/include/encoders_interfaces/encoders_interfaces/msg/detail/counter__rosidl_typesupport_introspection_cpp.hpp
[0.422s] -- Up-to-date: /home/vlados/ias0220/install/encoders_interfaces/include/encoders_interfaces/encoders_interfaces/msg/detail/counter__type_support.cpp
[0.422s] -- Up-to-date: /home/vlados/ias0220/install/encoders_interfaces/lib/libencoders_interfaces__rosidl_typesupport_introspection_cpp.so
[0.422s] -- Up-to-date: /home/vlados/ias0220/install/encoders_interfaces/lib/libencoders_interfaces__rosidl_typesupport_cpp.so
[0.423s] -- Up-to-date: /home/vlados/ias0220/install/encoders_interfaces/share/encoders_interfaces/environment/pythonpath.sh
[0.423s] -- Up-to-date: /home/vlados/ias0220/install/encoders_interfaces/share/encoders_interfaces/environment/pythonpath.dsv
[0.423s] -- Up-to-date: /home/vlados/ias0220/install/encoders_interfaces/local/lib/python3.10/dist-packages/encoders_interfaces-0.0.0-py3.10.egg-info
[0.423s] -- Installing: /home/vlados/ias0220/install/encoders_interfaces/local/lib/python3.10/dist-packages/encoders_interfaces-0.0.0-py3.10.egg-info/PKG-INFO
[0.423s] -- Installing: /home/vlados/ias0220/install/encoders_interfaces/local/lib/python3.10/dist-packages/encoders_interfaces-0.0.0-py3.10.egg-info/dependency_links.txt
[0.423s] -- Installing: /home/vlados/ias0220/install/encoders_interfaces/local/lib/python3.10/dist-packages/encoders_interfaces-0.0.0-py3.10.egg-info/top_level.txt
[0.423s] -- Installing: /home/vlados/ias0220/install/encoders_interfaces/local/lib/python3.10/dist-packages/encoders_interfaces-0.0.0-py3.10.egg-info/SOURCES.txt
[0.423s] -- Up-to-date: /home/vlados/ias0220/install/encoders_interfaces/local/lib/python3.10/dist-packages/encoders_interfaces
[0.423s] -- Up-to-date: /home/vlados/ias0220/install/encoders_interfaces/local/lib/python3.10/dist-packages/encoders_interfaces/msg
[0.423s] -- Up-to-date: /home/vlados/ias0220/install/encoders_interfaces/local/lib/python3.10/dist-packages/encoders_interfaces/msg/__init__.py
[0.423s] -- Up-to-date: /home/vlados/ias0220/install/encoders_interfaces/local/lib/python3.10/dist-packages/encoders_interfaces/msg/_counter_s.c
[0.423s] -- Up-to-date: /home/vlados/ias0220/install/encoders_interfaces/local/lib/python3.10/dist-packages/encoders_interfaces/msg/_counter.py
[0.423s] -- Up-to-date: /home/vlados/ias0220/install/encoders_interfaces/local/lib/python3.10/dist-packages/encoders_interfaces/__init__.py
[0.423s] -- Up-to-date: /home/vlados/ias0220/install/encoders_interfaces/local/lib/python3.10/dist-packages/encoders_interfaces/_encoders_interfaces_s.ep.rosidl_typesupport_fastrtps_c.c
[0.424s] -- Up-to-date: /home/vlados/ias0220/install/encoders_interfaces/local/lib/python3.10/dist-packages/encoders_interfaces/encoders_interfaces_s__rosidl_typesupport_introspection_c.cpython-310-x86_64-linux-gnu.so
[0.424s] -- Up-to-date: /home/vlados/ias0220/install/encoders_interfaces/local/lib/python3.10/dist-packages/encoders_interfaces/encoders_interfaces_s__rosidl_typesupport_fastrtps_c.cpython-310-x86_64-linux-gnu.so
[0.424s] -- Up-to-date: /home/vlados/ias0220/install/encoders_interfaces/local/lib/python3.10/dist-packages/encoders_interfaces/encoders_interfaces_s__rosidl_typesupport_c.cpython-310-x86_64-linux-gnu.so
[0.424s] -- Up-to-date: /home/vlados/ias0220/install/encoders_interfaces/local/lib/python3.10/dist-packages/encoders_interfaces/libencoders_interfaces__rosidl_generator_py.so
[0.424s] -- Up-to-date: /home/vlados/ias0220/install/encoders_interfaces/local/lib/python3.10/dist-packages/encoders_interfaces/_encoders_interfaces_s.ep.rosidl_typesupport_introspection_c.c
[0.424s] -- Up-to-date: /home/vlados/ias0220/install/encoders_interfaces/local/lib/python3.10/dist-packages/encoders_interfaces/_encoders_interfaces_s.ep.rosidl_typesupport_c.c
[0.447s] Listing '/home/vlados/ias0220/install/encoders_interfaces/local/lib/python3.10/dist-packages/encoders_interfaces'...
[0.447s] Listing '/home/vlados/ias0220/install/encoders_interfaces/local/lib/python3.10/dist-packages/encoders_interfaces/msg'...
[0.450s] -- Up-to-date: /home/vlados/ias0220/install/encoders_interfaces/local/lib/python3.10/dist-packages/encoders_interfaces/encoders_interfaces_s__rosidl_typesupport_fastrtps_c.cpython-310-x86_64-linux-gnu.so
[0.450s] -- Up-to-date: /home/vlados/ias0220/install/encoders_interfaces/local/lib/python3.10/dist-packages/encoders_interfaces/encoders_interfaces_s__rosidl_typesupport_introspection_c.cpython-310-x86_64-linux-gnu.so
[0.451s] -- Up-to-date: /home/vlados/ias0220/install/encoders_interfaces/local/lib/python3.10/dist-packages/encoders_interfaces/encoders_interfaces_s__rosidl_typesupport_c.cpython-310-x86_64-linux-gnu.so
[0.451s] -- Up-to-date: /home/vlados/ias0220/install/encoders_interfaces/lib/libencoders_interfaces__rosidl_generator_py.so
[0.451s] -- Up-to-date: /home/vlados/ias0220/install/encoders_interfaces/share/encoders_interfaces/msg/Counter.idl
[0.451s] -- Up-to-date: /home/vlados/ias0220/install/encoders_interfaces/share/encoders_interfaces/msg/Counter.msg
[0.451s] -- Up-to-date: /home/vlados/ias0220/install/encoders_interfaces/share/ament_index/resource_index/package_run_dependencies/encoders_interfaces
[0.451s] -- Up-to-date: /home/vlados/ias0220/install/encoders_interfaces/share/ament_index/resource_index/parent_prefix_path/encoders_interfaces
[0.452s] -- Up-to-date: /home/vlados/ias0220/install/encoders_interfaces/share/encoders_interfaces/environment/ament_prefix_path.sh
[0.452s] -- Up-to-date: /home/vlados/ias0220/install/encoders_interfaces/share/encoders_interfaces/environment/ament_prefix_path.dsv
[0.452s] -- Up-to-date: /home/vlados/ias0220/install/encoders_interfaces/share/encoders_interfaces/environment/path.sh
[0.452s] -- Up-to-date: /home/vlados/ias0220/install/encoders_interfaces/share/encoders_interfaces/environment/path.dsv
[0.452s] -- Up-to-date: /home/vlados/ias0220/install/encoders_interfaces/share/encoders_interfaces/local_setup.bash
[0.452s] -- Up-to-date: /home/vlados/ias0220/install/encoders_interfaces/share/encoders_interfaces/local_setup.sh
[0.452s] -- Up-to-date: /home/vlados/ias0220/install/encoders_interfaces/share/encoders_interfaces/local_setup.zsh
[0.452s] -- Up-to-date: /home/vlados/ias0220/install/encoders_interfaces/share/encoders_interfaces/local_setup.dsv
[0.452s] -- Installing: /home/vlados/ias0220/install/encoders_interfaces/share/encoders_interfaces/package.dsv
[0.452s] -- Up-to-date: /home/vlados/ias0220/install/encoders_interfaces/share/ament_index/resource_index/packages/encoders_interfaces
[0.453s] -- Up-to-date: /home/vlados/ias0220/install/encoders_interfaces/share/encoders_interfaces/cmake/export_encoders_interfaces__rosidl_generator_cExport.cmake
[0.453s] -- Up-to-date: /home/vlados/ias0220/install/encoders_interfaces/share/encoders_interfaces/cmake/export_encoders_interfaces__rosidl_generator_cExport-noconfig.cmake
[0.453s] -- Up-to-date: /home/vlados/ias0220/install/encoders_interfaces/share/encoders_interfaces/cmake/export_encoders_interfaces__rosidl_typesupport_fastrtps_cExport.cmake
[0.453s] -- Up-to-date: /home/vlados/ias0220/install/encoders_interfaces/share/encoders_interfaces/cmake/export_encoders_interfaces__rosidl_typesupport_fastrtps_cExport-noconfig.cmake
[0.453s] -- Up-to-date: /home/vlados/ias0220/install/encoders_interfaces/share/encoders_interfaces/cmake/encoders_interfaces__rosidl_typesupport_introspection_cExport.cmake
[0.453s] -- Up-to-date: /home/vlados/ias0220/install/encoders_interfaces/share/encoders_interfaces/cmake/encoders_interfaces__rosidl_typesupport_introspection_cExport-noconfig.cmake
[0.453s] -- Up-to-date: /home/vlados/ias0220/install/encoders_interfaces/share/encoders_interfaces/cmake/encoders_interfaces__rosidl_typesupport_cExport.cmake
[0.453s] -- Up-to-date: /home/vlados/ias0220/install/encoders_interfaces/share/encoders_interfaces/cmake/encoders_interfaces__rosidl_typesupport_cExport-noconfig.cmake
[0.453s] -- Up-to-date: /home/vlados/ias0220/install/encoders_interfaces/share/encoders_interfaces/cmake/export_encoders_interfaces__rosidl_generator_cppExport.cmake
[0.453s] -- Up-to-date: /home/vlados/ias0220/install/encoders_interfaces/share/encoders_interfaces/cmake/export_encoders_interfaces__rosidl_typesupport_fastrtps_cppExport.cmake
[0.454s] -- Up-to-date: /home/vlados/ias0220/install/encoders_interfaces/share/encoders_interfaces/cmake/export_encoders_interfaces__rosidl_typesupport_fastrtps_cppExport-noconfig.cmake
[0.454s] -- Up-to-date: /home/vlados/ias0220/install/encoders_interfaces/share/encoders_interfaces/cmake/encoders_interfaces__rosidl_typesupport_introspection_cppExport.cmake
[0.454s] -- Up-to-date: /home/vlados/ias0220/install/encoders_interfaces/share/encoders_interfaces/cmake/encoders_interfaces__rosidl_typesupport_introspection_cppExport-noconfig.cmake
[0.454s] -- Up-to-date: /home/vlados/ias0220/install/encoders_interfaces/share/encoders_interfaces/cmake/encoders_interfaces__rosidl_typesupport_cppExport.cmake
[0.454s] -- Up-to-date: /home/vlados/ias0220/install/encoders_interfaces/share/encoders_interfaces/cmake/encoders_interfaces__rosidl_typesupport_cppExport-noconfig.cmake
[0.454s] -- Up-to-date: /home/vlados/ias0220/install/encoders_interfaces/share/encoders_interfaces/cmake/export_encoders_interfaces__rosidl_generator_pyExport.cmake
[0.454s] -- Up-to-date: /home/vlados/ias0220/install/encoders_interfaces/share/encoders_interfaces/cmake/export_encoders_interfaces__rosidl_generator_pyExport-noconfig.cmake
[0.454s] -- Up-to-date: /home/vlados/ias0220/install/encoders_interfaces/share/encoders_interfaces/cmake/rosidl_cmake-extras.cmake
[0.454s] -- Up-to-date: /home/vlados/ias0220/install/encoders_interfaces/share/encoders_interfaces/cmake/ament_cmake_export_include_directories-extras.cmake
[0.454s] -- Up-to-date: /home/vlados/ias0220/install/encoders_interfaces/share/encoders_interfaces/cmake/ament_cmake_export_libraries-extras.cmake
[0.455s] -- Up-to-date: /home/vlados/ias0220/install/encoders_interfaces/share/encoders_interfaces/cmake/ament_cmake_export_targets-extras.cmake
[0.455s] -- Up-to-date: /home/vlados/ias0220/install/encoders_interfaces/share/encoders_interfaces/cmake/rosidl_cmake_export_typesupport_targets-extras.cmake
[0.455s] -- Up-to-date: /home/vlados/ias0220/install/encoders_interfaces/share/encoders_interfaces/cmake/ament_cmake_export_dependencies-extras.cmake
[0.455s] -- Up-to-date: /home/vlados/ias0220/install/encoders_interfaces/share/encoders_interfaces/cmake/rosidl_cmake_export_typesupport_libraries-extras.cmake
[0.455s] -- Up-to-date: /home/vlados/ias0220/install/encoders_interfaces/share/encoders_interfaces/cmake/encoders_interfacesConfig.cmake
[0.455s] -- Up-to-date: /home/vlados/ias0220/install/encoders_interfaces/share/encoders_interfaces/cmake/encoders_interfacesConfig-version.cmake
[0.455s] -- Up-to-date: /home/vlados/ias0220/install/encoders_interfaces/share/encoders_interfaces/package.xml
[0.458s] Invoked command in '/home/vlados/ias0220/build/encoders_interfaces' returned '0': CMAKE_PREFIX_PATH=${CMAKE_PREFIX_PATH}:/home/vlados/ias0220/install/setup_gazebo_ias0220:/home/vlados/ias0220/install/ias0220_250620:/home/vlados/ias0220/install/encoders_pkg:/opt/ros/humble /usr/bin/cmake --install /home/vlados/ias0220/build/encoders_interfaces
