[0.232s] DEBUG:colcon:Command line arguments: ['/usr/bin/colcon', 'build']
[0.232s] DEBUG:colcon:Parsed command line arguments: Namespace(log_base=None, log_level=None, verb_name='build', build_base='build', install_base='install', merge_install=False, symlink_install=False, test_result_base=None, continue_on_error=False, executor='parallel', parallel_workers=16, event_handlers=None, ignore_user_meta=False, metas=['./colcon.meta'], base_paths=['.'], packages_ignore=None, packages_ignore_regex=None, paths=None, packages_up_to=None, packages_up_to_regex=None, packages_above=None, packages_above_and_dependencies=None, packages_above_depth=None, packages_select_by_dep=None, packages_skip_by_dep=None, packages_skip_up_to=None, packages_select_build_failed=False, packages_skip_build_finished=False, packages_select_test_failures=False, packages_skip_test_passed=False, packages_select=None, packages_skip=None, packages_select_regex=None, packages_skip_regex=None, packages_start=None, packages_end=None, allow_overriding=[], cmake_args=None, cmake_target=None, cmake_target_skip_unavailable=False, cmake_clean_cache=False, cmake_clean_first=False, cmake_force_configure=False, ament_cmake_args=None, catkin_cmake_args=None, catkin_skip_building_tests=False, verb_parser=<colcon_defaults.argument_parser.defaults.DefaultArgumentsDecorator object at 0x7250cd01ce80>, verb_extension=<colcon_core.verb.build.BuildVerb object at 0x7250cd01c970>, main=<bound method BuildVerb.main of <colcon_core.verb.build.BuildVerb object at 0x7250cd01c970>>)
[0.444s] Level 1:colcon.colcon_core.package_discovery:discover_packages(colcon_meta) check parameters
[0.444s] Level 1:colcon.colcon_core.package_discovery:discover_packages(recursive) check parameters
[0.444s] Level 1:colcon.colcon_core.package_discovery:discover_packages(ignore) check parameters
[0.444s] Level 1:colcon.colcon_core.package_discovery:discover_packages(path) check parameters
[0.444s] Level 1:colcon.colcon_core.package_discovery:discover_packages(colcon_meta) discover
[0.444s] Level 1:colcon.colcon_core.package_discovery:discover_packages(recursive) discover
[0.444s] INFO:colcon.colcon_core.package_discovery:Crawling recursively for packages in '/home/vlados/ias0220'
[0.444s] Level 1:colcon.colcon_core.package_identification:_identify(.) by extensions ['ignore', 'ignore_ament_install']
[0.444s] Level 1:colcon.colcon_core.package_identification:_identify(.) by extension 'ignore'
[0.444s] Level 1:colcon.colcon_core.package_identification:_identify(.) by extension 'ignore_ament_install'
[0.444s] Level 1:colcon.colcon_core.package_identification:_identify(.) by extensions ['colcon_pkg']
[0.444s] Level 1:colcon.colcon_core.package_identification:_identify(.) by extension 'colcon_pkg'
[0.444s] Level 1:colcon.colcon_core.package_identification:_identify(.) by extensions ['colcon_meta']
[0.444s] Level 1:colcon.colcon_core.package_identification:_identify(.) by extension 'colcon_meta'
[0.444s] Level 1:colcon.colcon_core.package_identification:_identify(.) by extensions ['ros']
[0.444s] Level 1:colcon.colcon_core.package_identification:_identify(.) by extension 'ros'
[0.456s] Level 1:colcon.colcon_core.package_identification:_identify(.) by extensions ['cmake', 'python']
[0.456s] Level 1:colcon.colcon_core.package_identification:_identify(.) by extension 'cmake'
[0.456s] Level 1:colcon.colcon_core.package_identification:_identify(.) by extension 'python'
[0.456s] Level 1:colcon.colcon_core.package_identification:_identify(.) by extensions ['python_setup_py']
[0.456s] Level 1:colcon.colcon_core.package_identification:_identify(.) by extension 'python_setup_py'
[0.456s] Level 1:colcon.colcon_core.package_identification:_identify(build) by extensions ['ignore', 'ignore_ament_install']
[0.456s] Level 1:colcon.colcon_core.package_identification:_identify(build) by extension 'ignore'
[0.456s] Level 1:colcon.colcon_core.package_identification:_identify(build) ignored
[0.456s] Level 1:colcon.colcon_core.package_identification:_identify(install) by extensions ['ignore', 'ignore_ament_install']
[0.456s] Level 1:colcon.colcon_core.package_identification:_identify(install) by extension 'ignore'
[0.456s] Level 1:colcon.colcon_core.package_identification:_identify(install) ignored
[0.456s] Level 1:colcon.colcon_core.package_identification:_identify(log) by extensions ['ignore', 'ignore_ament_install']
[0.456s] Level 1:colcon.colcon_core.package_identification:_identify(log) by extension 'ignore'
[0.456s] Level 1:colcon.colcon_core.package_identification:_identify(log) ignored
[0.456s] Level 1:colcon.colcon_core.package_identification:_identify(src) by extensions ['ignore', 'ignore_ament_install']
[0.456s] Level 1:colcon.colcon_core.package_identification:_identify(src) by extension 'ignore'
[0.456s] Level 1:colcon.colcon_core.package_identification:_identify(src) by extension 'ignore_ament_install'
[0.457s] Level 1:colcon.colcon_core.package_identification:_identify(src) by extensions ['colcon_pkg']
[0.457s] Level 1:colcon.colcon_core.package_identification:_identify(src) by extension 'colcon_pkg'
[0.457s] Level 1:colcon.colcon_core.package_identification:_identify(src) by extensions ['colcon_meta']
[0.457s] Level 1:colcon.colcon_core.package_identification:_identify(src) by extension 'colcon_meta'
[0.457s] Level 1:colcon.colcon_core.package_identification:_identify(src) by extensions ['ros']
[0.457s] Level 1:colcon.colcon_core.package_identification:_identify(src) by extension 'ros'
[0.457s] Level 1:colcon.colcon_core.package_identification:_identify(src) by extensions ['cmake', 'python']
[0.457s] Level 1:colcon.colcon_core.package_identification:_identify(src) by extension 'cmake'
[0.457s] Level 1:colcon.colcon_core.package_identification:_identify(src) by extension 'python'
[0.457s] Level 1:colcon.colcon_core.package_identification:_identify(src) by extensions ['python_setup_py']
[0.457s] Level 1:colcon.colcon_core.package_identification:_identify(src) by extension 'python_setup_py'
[0.457s] Level 1:colcon.colcon_core.package_identification:_identify(src/IAS0220_Task4_Template) by extensions ['ignore', 'ignore_ament_install']
[0.457s] Level 1:colcon.colcon_core.package_identification:_identify(src/IAS0220_Task4_Template) by extension 'ignore'
[0.457s] Level 1:colcon.colcon_core.package_identification:_identify(src/IAS0220_Task4_Template) by extension 'ignore_ament_install'
[0.457s] Level 1:colcon.colcon_core.package_identification:_identify(src/IAS0220_Task4_Template) by extensions ['colcon_pkg']
[0.457s] Level 1:colcon.colcon_core.package_identification:_identify(src/IAS0220_Task4_Template) by extension 'colcon_pkg'
[0.457s] Level 1:colcon.colcon_core.package_identification:_identify(src/IAS0220_Task4_Template) by extensions ['colcon_meta']
[0.457s] Level 1:colcon.colcon_core.package_identification:_identify(src/IAS0220_Task4_Template) by extension 'colcon_meta'
[0.457s] Level 1:colcon.colcon_core.package_identification:_identify(src/IAS0220_Task4_Template) by extensions ['ros']
[0.457s] Level 1:colcon.colcon_core.package_identification:_identify(src/IAS0220_Task4_Template) by extension 'ros'
[0.457s] Level 1:colcon.colcon_core.package_identification:_identify(src/IAS0220_Task4_Template) by extensions ['cmake', 'python']
[0.457s] Level 1:colcon.colcon_core.package_identification:_identify(src/IAS0220_Task4_Template) by extension 'cmake'
[0.457s] Level 1:colcon.colcon_core.package_identification:_identify(src/IAS0220_Task4_Template) by extension 'python'
[0.457s] Level 1:colcon.colcon_core.package_identification:_identify(src/IAS0220_Task4_Template) by extensions ['python_setup_py']
[0.457s] Level 1:colcon.colcon_core.package_identification:_identify(src/IAS0220_Task4_Template) by extension 'python_setup_py'
[0.457s] Level 1:colcon.colcon_core.package_identification:_identify(src/IAS0220_Task4_Template/Task4_template) by extensions ['ignore', 'ignore_ament_install']
[0.457s] Level 1:colcon.colcon_core.package_identification:_identify(src/IAS0220_Task4_Template/Task4_template) by extension 'ignore'
[0.457s] Level 1:colcon.colcon_core.package_identification:_identify(src/IAS0220_Task4_Template/Task4_template) by extension 'ignore_ament_install'
[0.457s] Level 1:colcon.colcon_core.package_identification:_identify(src/IAS0220_Task4_Template/Task4_template) by extensions ['colcon_pkg']
[0.458s] Level 1:colcon.colcon_core.package_identification:_identify(src/IAS0220_Task4_Template/Task4_template) by extension 'colcon_pkg'
[0.458s] Level 1:colcon.colcon_core.package_identification:_identify(src/IAS0220_Task4_Template/Task4_template) by extensions ['colcon_meta']
[0.458s] Level 1:colcon.colcon_core.package_identification:_identify(src/IAS0220_Task4_Template/Task4_template) by extension 'colcon_meta'
[0.458s] Level 1:colcon.colcon_core.package_identification:_identify(src/IAS0220_Task4_Template/Task4_template) by extensions ['ros']
[0.458s] Level 1:colcon.colcon_core.package_identification:_identify(src/IAS0220_Task4_Template/Task4_template) by extension 'ros'
[0.458s] Level 1:colcon.colcon_core.package_identification:_identify(src/IAS0220_Task4_Template/Task4_template) by extensions ['cmake', 'python']
[0.458s] Level 1:colcon.colcon_core.package_identification:_identify(src/IAS0220_Task4_Template/Task4_template) by extension 'cmake'
[0.458s] Level 1:colcon.colcon_core.package_identification:_identify(src/IAS0220_Task4_Template/Task4_template) by extension 'python'
[0.458s] Level 1:colcon.colcon_core.package_identification:_identify(src/IAS0220_Task4_Template/Task4_template) by extensions ['python_setup_py']
[0.458s] Level 1:colcon.colcon_core.package_identification:_identify(src/IAS0220_Task4_Template/Task4_template) by extension 'python_setup_py'
[0.458s] Level 1:colcon.colcon_core.package_identification:_identify(src/IAS0220_Task4_Template/Task4_template/encoders_interfaces) by extensions ['ignore', 'ignore_ament_install']
[0.458s] Level 1:colcon.colcon_core.package_identification:_identify(src/IAS0220_Task4_Template/Task4_template/encoders_interfaces) by extension 'ignore'
[0.458s] Level 1:colcon.colcon_core.package_identification:_identify(src/IAS0220_Task4_Template/Task4_template/encoders_interfaces) by extension 'ignore_ament_install'
[0.458s] Level 1:colcon.colcon_core.package_identification:_identify(src/IAS0220_Task4_Template/Task4_template/encoders_interfaces) by extensions ['colcon_pkg']
[0.458s] Level 1:colcon.colcon_core.package_identification:_identify(src/IAS0220_Task4_Template/Task4_template/encoders_interfaces) by extension 'colcon_pkg'
[0.458s] Level 1:colcon.colcon_core.package_identification:_identify(src/IAS0220_Task4_Template/Task4_template/encoders_interfaces) by extensions ['colcon_meta']
[0.458s] Level 1:colcon.colcon_core.package_identification:_identify(src/IAS0220_Task4_Template/Task4_template/encoders_interfaces) by extension 'colcon_meta'
[0.458s] Level 1:colcon.colcon_core.package_identification:_identify(src/IAS0220_Task4_Template/Task4_template/encoders_interfaces) by extensions ['ros']
[0.458s] Level 1:colcon.colcon_core.package_identification:_identify(src/IAS0220_Task4_Template/Task4_template/encoders_interfaces) by extension 'ros'
[0.461s] DEBUG:colcon.colcon_core.package_identification:Package 'src/IAS0220_Task4_Template/Task4_template/encoders_interfaces' with type 'ros.ament_cmake' and name 'encoders_interfaces'
[0.461s] Level 1:colcon.colcon_core.package_identification:_identify(src/IAS0220_Task4_Template/Task4_template/encoders_pkg) by extensions ['ignore', 'ignore_ament_install']
[0.461s] Level 1:colcon.colcon_core.package_identification:_identify(src/IAS0220_Task4_Template/Task4_template/encoders_pkg) by extension 'ignore'
[0.461s] Level 1:colcon.colcon_core.package_identification:_identify(src/IAS0220_Task4_Template/Task4_template/encoders_pkg) by extension 'ignore_ament_install'
[0.461s] Level 1:colcon.colcon_core.package_identification:_identify(src/IAS0220_Task4_Template/Task4_template/encoders_pkg) by extensions ['colcon_pkg']
[0.461s] Level 1:colcon.colcon_core.package_identification:_identify(src/IAS0220_Task4_Template/Task4_template/encoders_pkg) by extension 'colcon_pkg'
[0.461s] Level 1:colcon.colcon_core.package_identification:_identify(src/IAS0220_Task4_Template/Task4_template/encoders_pkg) by extensions ['colcon_meta']
[0.461s] Level 1:colcon.colcon_core.package_identification:_identify(src/IAS0220_Task4_Template/Task4_template/encoders_pkg) by extension 'colcon_meta'
[0.461s] Level 1:colcon.colcon_core.package_identification:_identify(src/IAS0220_Task4_Template/Task4_template/encoders_pkg) by extensions ['ros']
[0.461s] Level 1:colcon.colcon_core.package_identification:_identify(src/IAS0220_Task4_Template/Task4_template/encoders_pkg) by extension 'ros'
[0.461s] DEBUG:colcon.colcon_core.package_identification:Package 'src/IAS0220_Task4_Template/Task4_template/encoders_pkg' with type 'ros.ament_python' and name 'encoders_pkg'
[0.462s] Level 1:colcon.colcon_core.package_identification:_identify(src/IAS0220_Task4_Template/Task4_template/setup_gazebo_ias0220) by extensions ['ignore', 'ignore_ament_install']
[0.462s] Level 1:colcon.colcon_core.package_identification:_identify(src/IAS0220_Task4_Template/Task4_template/setup_gazebo_ias0220) by extension 'ignore'
[0.462s] Level 1:colcon.colcon_core.package_identification:_identify(src/IAS0220_Task4_Template/Task4_template/setup_gazebo_ias0220) by extension 'ignore_ament_install'
[0.462s] Level 1:colcon.colcon_core.package_identification:_identify(src/IAS0220_Task4_Template/Task4_template/setup_gazebo_ias0220) by extensions ['colcon_pkg']
[0.462s] Level 1:colcon.colcon_core.package_identification:_identify(src/IAS0220_Task4_Template/Task4_template/setup_gazebo_ias0220) by extension 'colcon_pkg'
[0.462s] Level 1:colcon.colcon_core.package_identification:_identify(src/IAS0220_Task4_Template/Task4_template/setup_gazebo_ias0220) by extensions ['colcon_meta']
[0.462s] Level 1:colcon.colcon_core.package_identification:_identify(src/IAS0220_Task4_Template/Task4_template/setup_gazebo_ias0220) by extension 'colcon_meta'
[0.462s] Level 1:colcon.colcon_core.package_identification:_identify(src/IAS0220_Task4_Template/Task4_template/setup_gazebo_ias0220) by extensions ['ros']
[0.462s] Level 1:colcon.colcon_core.package_identification:_identify(src/IAS0220_Task4_Template/Task4_template/setup_gazebo_ias0220) by extension 'ros'
[0.462s] DEBUG:colcon.colcon_core.package_identification:Package 'src/IAS0220_Task4_Template/Task4_template/setup_gazebo_ias0220' with type 'ros.ament_python' and name 'setup_gazebo_ias0220'
[0.463s] Level 1:colcon.colcon_core.package_identification:_identify(src/build) by extensions ['ignore', 'ignore_ament_install']
[0.463s] Level 1:colcon.colcon_core.package_identification:_identify(src/build) by extension 'ignore'
[0.463s] Level 1:colcon.colcon_core.package_identification:_identify(src/build) ignored
[0.463s] Level 1:colcon.colcon_core.package_identification:_identify(src/ias0220_250620) by extensions ['ignore', 'ignore_ament_install']
[0.463s] Level 1:colcon.colcon_core.package_identification:_identify(src/ias0220_250620) by extension 'ignore'
[0.463s] Level 1:colcon.colcon_core.package_identification:_identify(src/ias0220_250620) by extension 'ignore_ament_install'
[0.463s] Level 1:colcon.colcon_core.package_identification:_identify(src/ias0220_250620) by extensions ['colcon_pkg']
[0.463s] Level 1:colcon.colcon_core.package_identification:_identify(src/ias0220_250620) by extension 'colcon_pkg'
[0.463s] Level 1:colcon.colcon_core.package_identification:_identify(src/ias0220_250620) by extensions ['colcon_meta']
[0.463s] Level 1:colcon.colcon_core.package_identification:_identify(src/ias0220_250620) by extension 'colcon_meta'
[0.463s] Level 1:colcon.colcon_core.package_identification:_identify(src/ias0220_250620) by extensions ['ros']
[0.463s] Level 1:colcon.colcon_core.package_identification:_identify(src/ias0220_250620) by extension 'ros'
[0.464s] DEBUG:colcon.colcon_core.package_identification:Package 'src/ias0220_250620' with type 'ros.ament_python' and name 'ias0220_250620'
[0.464s] Level 1:colcon.colcon_core.package_identification:_identify(src/install) by extensions ['ignore', 'ignore_ament_install']
[0.464s] Level 1:colcon.colcon_core.package_identification:_identify(src/install) by extension 'ignore'
[0.464s] Level 1:colcon.colcon_core.package_identification:_identify(src/install) ignored
[0.464s] Level 1:colcon.colcon_core.package_identification:_identify(src/log) by extensions ['ignore', 'ignore_ament_install']
[0.464s] Level 1:colcon.colcon_core.package_identification:_identify(src/log) by extension 'ignore'
[0.464s] Level 1:colcon.colcon_core.package_identification:_identify(src/log) ignored
[0.465s] Level 1:colcon.colcon_core.package_identification:_identify(src/transform_frame) by extensions ['ignore', 'ignore_ament_install']
[0.465s] Level 1:colcon.colcon_core.package_identification:_identify(src/transform_frame) by extension 'ignore'
[0.465s] Level 1:colcon.colcon_core.package_identification:_identify(src/transform_frame) by extension 'ignore_ament_install'
[0.465s] Level 1:colcon.colcon_core.package_identification:_identify(src/transform_frame) by extensions ['colcon_pkg']
[0.465s] Level 1:colcon.colcon_core.package_identification:_identify(src/transform_frame) by extension 'colcon_pkg'
[0.465s] Level 1:colcon.colcon_core.package_identification:_identify(src/transform_frame) by extensions ['colcon_meta']
[0.465s] Level 1:colcon.colcon_core.package_identification:_identify(src/transform_frame) by extension 'colcon_meta'
[0.465s] Level 1:colcon.colcon_core.package_identification:_identify(src/transform_frame) by extensions ['ros']
[0.465s] Level 1:colcon.colcon_core.package_identification:_identify(src/transform_frame) by extension 'ros'
[0.466s] DEBUG:colcon.colcon_core.package_identification:Package 'src/transform_frame' with type 'ros.ament_cmake' and name 'transform_frame'
[0.466s] Level 1:colcon.colcon_core.package_discovery:discover_packages(recursive) using defaults
[0.466s] Level 1:colcon.colcon_core.package_discovery:discover_packages(ignore) discover
[0.466s] Level 1:colcon.colcon_core.package_discovery:discover_packages(ignore) using defaults
[0.466s] Level 1:colcon.colcon_core.package_discovery:discover_packages(path) discover
[0.466s] Level 1:colcon.colcon_core.package_discovery:discover_packages(path) using defaults
[0.496s] Level 1:colcon.colcon_core.package_discovery:discover_packages(prefix_path) check parameters
[0.496s] Level 1:colcon.colcon_core.package_discovery:discover_packages(prefix_path) discover
[0.499s] DEBUG:colcon.colcon_installed_package_information.package_discovery:Found 5 installed packages in /home/vlados/ias0220/install
[0.500s] DEBUG:colcon.colcon_installed_package_information.package_discovery:Found 295 installed packages in /opt/ros/humble
[0.501s] Level 1:colcon.colcon_core.package_discovery:discover_packages(prefix_path) using defaults
[0.533s] Level 5:colcon.colcon_core.verb:set package 'encoders_interfaces' build argument 'cmake_args' from command line to 'None'
[0.533s] Level 5:colcon.colcon_core.verb:set package 'encoders_interfaces' build argument 'cmake_target' from command line to 'None'
[0.533s] Level 5:colcon.colcon_core.verb:set package 'encoders_interfaces' build argument 'cmake_target_skip_unavailable' from command line to 'False'
[0.533s] Level 5:colcon.colcon_core.verb:set package 'encoders_interfaces' build argument 'cmake_clean_cache' from command line to 'False'
[0.533s] Level 5:colcon.colcon_core.verb:set package 'encoders_interfaces' build argument 'cmake_clean_first' from command line to 'False'
[0.533s] Level 5:colcon.colcon_core.verb:set package 'encoders_interfaces' build argument 'cmake_force_configure' from command line to 'False'
[0.533s] Level 5:colcon.colcon_core.verb:set package 'encoders_interfaces' build argument 'ament_cmake_args' from command line to 'None'
[0.533s] Level 5:colcon.colcon_core.verb:set package 'encoders_interfaces' build argument 'catkin_cmake_args' from command line to 'None'
[0.533s] Level 5:colcon.colcon_core.verb:set package 'encoders_interfaces' build argument 'catkin_skip_building_tests' from command line to 'False'
[0.533s] DEBUG:colcon.colcon_core.verb:Building package 'encoders_interfaces' with the following arguments: {'ament_cmake_args': None, 'build_base': '/home/vlados/ias0220/build/encoders_interfaces', 'catkin_cmake_args': None, 'catkin_skip_building_tests': False, 'cmake_args': None, 'cmake_clean_cache': False, 'cmake_clean_first': False, 'cmake_force_configure': False, 'cmake_target': None, 'cmake_target_skip_unavailable': False, 'install_base': '/home/vlados/ias0220/install/encoders_interfaces', 'merge_install': False, 'path': '/home/vlados/ias0220/src/IAS0220_Task4_Template/Task4_template/encoders_interfaces', 'symlink_install': False, 'test_result_base': None}
[0.534s] Level 5:colcon.colcon_core.verb:set package 'ias0220_250620' build argument 'cmake_args' from command line to 'None'
[0.534s] Level 5:colcon.colcon_core.verb:set package 'ias0220_250620' build argument 'cmake_target' from command line to 'None'
[0.534s] Level 5:colcon.colcon_core.verb:set package 'ias0220_250620' build argument 'cmake_target_skip_unavailable' from command line to 'False'
[0.534s] Level 5:colcon.colcon_core.verb:set package 'ias0220_250620' build argument 'cmake_clean_cache' from command line to 'False'
[0.534s] Level 5:colcon.colcon_core.verb:set package 'ias0220_250620' build argument 'cmake_clean_first' from command line to 'False'
[0.534s] Level 5:colcon.colcon_core.verb:set package 'ias0220_250620' build argument 'cmake_force_configure' from command line to 'False'
[0.534s] Level 5:colcon.colcon_core.verb:set package 'ias0220_250620' build argument 'ament_cmake_args' from command line to 'None'
[0.534s] Level 5:colcon.colcon_core.verb:set package 'ias0220_250620' build argument 'catkin_cmake_args' from command line to 'None'
[0.534s] Level 5:colcon.colcon_core.verb:set package 'ias0220_250620' build argument 'catkin_skip_building_tests' from command line to 'False'
[0.534s] DEBUG:colcon.colcon_core.verb:Building package 'ias0220_250620' with the following arguments: {'ament_cmake_args': None, 'build_base': '/home/vlados/ias0220/build/ias0220_250620', 'catkin_cmake_args': None, 'catkin_skip_building_tests': False, 'cmake_args': None, 'cmake_clean_cache': False, 'cmake_clean_first': False, 'cmake_force_configure': False, 'cmake_target': None, 'cmake_target_skip_unavailable': False, 'install_base': '/home/vlados/ias0220/install/ias0220_250620', 'merge_install': False, 'path': '/home/vlados/ias0220/src/ias0220_250620', 'symlink_install': False, 'test_result_base': None}
[0.534s] Level 5:colcon.colcon_core.verb:set package 'setup_gazebo_ias0220' build argument 'cmake_args' from command line to 'None'
[0.534s] Level 5:colcon.colcon_core.verb:set package 'setup_gazebo_ias0220' build argument 'cmake_target' from command line to 'None'
[0.534s] Level 5:colcon.colcon_core.verb:set package 'setup_gazebo_ias0220' build argument 'cmake_target_skip_unavailable' from command line to 'False'
[0.534s] Level 5:colcon.colcon_core.verb:set package 'setup_gazebo_ias0220' build argument 'cmake_clean_cache' from command line to 'False'
[0.534s] Level 5:colcon.colcon_core.verb:set package 'setup_gazebo_ias0220' build argument 'cmake_clean_first' from command line to 'False'
[0.534s] Level 5:colcon.colcon_core.verb:set package 'setup_gazebo_ias0220' build argument 'cmake_force_configure' from command line to 'False'
[0.534s] Level 5:colcon.colcon_core.verb:set package 'setup_gazebo_ias0220' build argument 'ament_cmake_args' from command line to 'None'
[0.534s] Level 5:colcon.colcon_core.verb:set package 'setup_gazebo_ias0220' build argument 'catkin_cmake_args' from command line to 'None'
[0.534s] Level 5:colcon.colcon_core.verb:set package 'setup_gazebo_ias0220' build argument 'catkin_skip_building_tests' from command line to 'False'
[0.534s] DEBUG:colcon.colcon_core.verb:Building package 'setup_gazebo_ias0220' with the following arguments: {'ament_cmake_args': None, 'build_base': '/home/vlados/ias0220/build/setup_gazebo_ias0220', 'catkin_cmake_args': None, 'catkin_skip_building_tests': False, 'cmake_args': None, 'cmake_clean_cache': False, 'cmake_clean_first': False, 'cmake_force_configure': False, 'cmake_target': None, 'cmake_target_skip_unavailable': False, 'install_base': '/home/vlados/ias0220/install/setup_gazebo_ias0220', 'merge_install': False, 'path': '/home/vlados/ias0220/src/IAS0220_Task4_Template/Task4_template/setup_gazebo_ias0220', 'symlink_install': False, 'test_result_base': None}
[0.534s] Level 5:colcon.colcon_core.verb:set package 'transform_frame' build argument 'cmake_args' from command line to 'None'
[0.534s] Level 5:colcon.colcon_core.verb:set package 'transform_frame' build argument 'cmake_target' from command line to 'None'
[0.534s] Level 5:colcon.colcon_core.verb:set package 'transform_frame' build argument 'cmake_target_skip_unavailable' from command line to 'False'
[0.534s] Level 5:colcon.colcon_core.verb:set package 'transform_frame' build argument 'cmake_clean_cache' from command line to 'False'
[0.534s] Level 5:colcon.colcon_core.verb:set package 'transform_frame' build argument 'cmake_clean_first' from command line to 'False'
[0.534s] Level 5:colcon.colcon_core.verb:set package 'transform_frame' build argument 'cmake_force_configure' from command line to 'False'
[0.534s] Level 5:colcon.colcon_core.verb:set package 'transform_frame' build argument 'ament_cmake_args' from command line to 'None'
[0.534s] Level 5:colcon.colcon_core.verb:set package 'transform_frame' build argument 'catkin_cmake_args' from command line to 'None'
[0.535s] Level 5:colcon.colcon_core.verb:set package 'transform_frame' build argument 'catkin_skip_building_tests' from command line to 'False'
[0.535s] DEBUG:colcon.colcon_core.verb:Building package 'transform_frame' with the following arguments: {'ament_cmake_args': None, 'build_base': '/home/vlados/ias0220/build/transform_frame', 'catkin_cmake_args': None, 'catkin_skip_building_tests': False, 'cmake_args': None, 'cmake_clean_cache': False, 'cmake_clean_first': False, 'cmake_force_configure': False, 'cmake_target': None, 'cmake_target_skip_unavailable': False, 'install_base': '/home/vlados/ias0220/install/transform_frame', 'merge_install': False, 'path': '/home/vlados/ias0220/src/transform_frame', 'symlink_install': False, 'test_result_base': None}
[0.535s] Level 5:colcon.colcon_core.verb:set package 'encoders_pkg' build argument 'cmake_args' from command line to 'None'
[0.535s] Level 5:colcon.colcon_core.verb:set package 'encoders_pkg' build argument 'cmake_target' from command line to 'None'
[0.535s] Level 5:colcon.colcon_core.verb:set package 'encoders_pkg' build argument 'cmake_target_skip_unavailable' from command line to 'False'
[0.535s] Level 5:colcon.colcon_core.verb:set package 'encoders_pkg' build argument 'cmake_clean_cache' from command line to 'False'
[0.535s] Level 5:colcon.colcon_core.verb:set package 'encoders_pkg' build argument 'cmake_clean_first' from command line to 'False'
[0.535s] Level 5:colcon.colcon_core.verb:set package 'encoders_pkg' build argument 'cmake_force_configure' from command line to 'False'
[0.535s] Level 5:colcon.colcon_core.verb:set package 'encoders_pkg' build argument 'ament_cmake_args' from command line to 'None'
[0.535s] Level 5:colcon.colcon_core.verb:set package 'encoders_pkg' build argument 'catkin_cmake_args' from command line to 'None'
[0.535s] Level 5:colcon.colcon_core.verb:set package 'encoders_pkg' build argument 'catkin_skip_building_tests' from command line to 'False'
[0.535s] DEBUG:colcon.colcon_core.verb:Building package 'encoders_pkg' with the following arguments: {'ament_cmake_args': None, 'build_base': '/home/vlados/ias0220/build/encoders_pkg', 'catkin_cmake_args': None, 'catkin_skip_building_tests': False, 'cmake_args': None, 'cmake_clean_cache': False, 'cmake_clean_first': False, 'cmake_force_configure': False, 'cmake_target': None, 'cmake_target_skip_unavailable': False, 'install_base': '/home/vlados/ias0220/install/encoders_pkg', 'merge_install': False, 'path': '/home/vlados/ias0220/src/IAS0220_Task4_Template/Task4_template/encoders_pkg', 'symlink_install': False, 'test_result_base': None}
[0.535s] INFO:colcon.colcon_core.executor:Executing jobs using 'parallel' executor
[0.536s] DEBUG:colcon.colcon_parallel_executor.executor.parallel:run_until_complete
[0.536s] INFO:colcon.colcon_ros.task.ament_cmake.build:Building ROS package in '/home/vlados/ias0220/src/IAS0220_Task4_Template/Task4_template/encoders_interfaces' with build type 'ament_cmake'
[0.536s] INFO:colcon.colcon_cmake.task.cmake.build:Building CMake package in '/home/vlados/ias0220/src/IAS0220_Task4_Template/Task4_template/encoders_interfaces'
[0.540s] INFO:colcon.colcon_core.plugin_system:Skipping extension 'colcon_core.shell.bat': Not used on non-Windows systems
[0.540s] INFO:colcon.colcon_core.shell:Skip shell extension 'powershell' for command environment: Not usable outside of PowerShell
[0.541s] DEBUG:colcon.colcon_core.shell:Skip shell extension 'dsv' for command environment
[0.544s] INFO:colcon.colcon_ros.task.ament_python.build:Building ROS package in '/home/vlados/ias0220/src/ias0220_250620' with build type 'ament_python'
[0.544s] Level 1:colcon.colcon_core.shell:create_environment_hook('ias0220_250620', 'ament_prefix_path')
[0.544s] INFO:colcon.colcon_core.shell:Creating environment hook '/home/vlados/ias0220/install/ias0220_250620/share/ias0220_250620/hook/ament_prefix_path.ps1'
[0.545s] INFO:colcon.colcon_core.shell:Creating environment descriptor '/home/vlados/ias0220/install/ias0220_250620/share/ias0220_250620/hook/ament_prefix_path.dsv'
[0.545s] INFO:colcon.colcon_core.shell:Creating environment hook '/home/vlados/ias0220/install/ias0220_250620/share/ias0220_250620/hook/ament_prefix_path.sh'
[0.546s] INFO:colcon.colcon_core.shell:Skip shell extension 'powershell' for command environment: Not usable outside of PowerShell
[0.546s] DEBUG:colcon.colcon_core.shell:Skip shell extension 'dsv' for command environment
[0.549s] INFO:colcon.colcon_ros.task.ament_python.build:Building ROS package in '/home/vlados/ias0220/src/IAS0220_Task4_Template/Task4_template/setup_gazebo_ias0220' with build type 'ament_python'
[0.549s] Level 1:colcon.colcon_core.shell:create_environment_hook('setup_gazebo_ias0220', 'ament_prefix_path')
[0.549s] INFO:colcon.colcon_core.shell:Creating environment hook '/home/vlados/ias0220/install/setup_gazebo_ias0220/share/setup_gazebo_ias0220/hook/ament_prefix_path.ps1'
[0.550s] INFO:colcon.colcon_core.shell:Creating environment descriptor '/home/vlados/ias0220/install/setup_gazebo_ias0220/share/setup_gazebo_ias0220/hook/ament_prefix_path.dsv'
[0.550s] INFO:colcon.colcon_core.shell:Creating environment hook '/home/vlados/ias0220/install/setup_gazebo_ias0220/share/setup_gazebo_ias0220/hook/ament_prefix_path.sh'
[0.550s] INFO:colcon.colcon_core.shell:Skip shell extension 'powershell' for command environment: Not usable outside of PowerShell
[0.550s] DEBUG:colcon.colcon_core.shell:Skip shell extension 'dsv' for command environment
[0.553s] INFO:colcon.colcon_ros.task.ament_cmake.build:Building ROS package in '/home/vlados/ias0220/src/transform_frame' with build type 'ament_cmake'
[0.553s] INFO:colcon.colcon_cmake.task.cmake.build:Building CMake package in '/home/vlados/ias0220/src/transform_frame'
[0.553s] INFO:colcon.colcon_core.shell:Skip shell extension 'powershell' for command environment: Not usable outside of PowerShell
[0.553s] DEBUG:colcon.colcon_core.shell:Skip shell extension 'dsv' for command environment
[0.559s] DEBUG:colcon.colcon_core.event_handler.log_command:Invoking command in '/home/vlados/ias0220/build/encoders_interfaces': CMAKE_PREFIX_PATH=${CMAKE_PREFIX_PATH}:/home/vlados/ias0220/install/setup_gazebo_ias0220:/home/vlados/ias0220/install/ias0220_250620:/home/vlados/ias0220/install/encoders_pkg:/opt/ros/humble /usr/bin/cmake --build /home/vlados/ias0220/build/encoders_interfaces -- -j16 -l16
[0.744s] INFO:colcon.colcon_core.task.python.build:Building Python package in '/home/vlados/ias0220/src/ias0220_250620'
[0.745s] INFO:colcon.colcon_core.shell:Skip shell extension 'powershell' for command environment: Not usable outside of PowerShell
[0.745s] DEBUG:colcon.colcon_core.shell:Skip shell extension 'dsv' for command environment
[0.926s] INFO:colcon.colcon_core.task.python.build:Building Python package in '/home/vlados/ias0220/src/IAS0220_Task4_Template/Task4_template/setup_gazebo_ias0220'
[0.926s] INFO:colcon.colcon_core.shell:Skip shell extension 'powershell' for command environment: Not usable outside of PowerShell
[0.926s] DEBUG:colcon.colcon_core.shell:Skip shell extension 'dsv' for command environment
[0.939s] DEBUG:colcon.colcon_core.event_handler.log_command:Invoking command in '/home/vlados/ias0220/build/transform_frame': CMAKE_PREFIX_PATH=${CMAKE_PREFIX_PATH}:/home/vlados/ias0220/install/setup_gazebo_ias0220:/home/vlados/ias0220/install/ias0220_250620:/home/vlados/ias0220/install/encoders_pkg:/opt/ros/humble /usr/bin/cmake --build /home/vlados/ias0220/build/transform_frame -- -j16 -l16
[0.939s] DEBUG:colcon.colcon_core.event_handler.log_command:Invoked command in '/home/vlados/ias0220/build/encoders_interfaces' returned '0': CMAKE_PREFIX_PATH=${CMAKE_PREFIX_PATH}:/home/vlados/ias0220/install/setup_gazebo_ias0220:/home/vlados/ias0220/install/ias0220_250620:/home/vlados/ias0220/install/encoders_pkg:/opt/ros/humble /usr/bin/cmake --build /home/vlados/ias0220/build/encoders_interfaces -- -j16 -l16
[0.950s] DEBUG:colcon.colcon_core.event_handler.log_command:Invoking command in '/home/vlados/ias0220/build/encoders_interfaces': CMAKE_PREFIX_PATH=${CMAKE_PREFIX_PATH}:/home/vlados/ias0220/install/setup_gazebo_ias0220:/home/vlados/ias0220/install/ias0220_250620:/home/vlados/ias0220/install/encoders_pkg:/opt/ros/humble /usr/bin/cmake --install /home/vlados/ias0220/build/encoders_interfaces
[1.011s] Level 1:colcon.colcon_core.environment:create_environment_scripts_only(encoders_interfaces)
[1.011s] DEBUG:colcon.colcon_core.event_handler.log_command:Invoked command in '/home/vlados/ias0220/build/encoders_interfaces' returned '0': CMAKE_PREFIX_PATH=${CMAKE_PREFIX_PATH}:/home/vlados/ias0220/install/setup_gazebo_ias0220:/home/vlados/ias0220/install/ias0220_250620:/home/vlados/ias0220/install/encoders_pkg:/opt/ros/humble /usr/bin/cmake --install /home/vlados/ias0220/build/encoders_interfaces
[1.017s] Level 1:colcon.colcon_core.environment:checking '/home/vlados/ias0220/install/encoders_interfaces' for CMake module files
[1.018s] Level 1:colcon.colcon_core.environment:checking '/home/vlados/ias0220/install/encoders_interfaces' for CMake config files
[1.019s] Level 1:colcon.colcon_core.shell:create_environment_hook('encoders_interfaces', 'cmake_prefix_path')
[1.019s] INFO:colcon.colcon_core.shell:Creating environment hook '/home/vlados/ias0220/install/encoders_interfaces/share/encoders_interfaces/hook/cmake_prefix_path.ps1'
[1.020s] INFO:colcon.colcon_core.shell:Creating environment descriptor '/home/vlados/ias0220/install/encoders_interfaces/share/encoders_interfaces/hook/cmake_prefix_path.dsv'
[1.020s] INFO:colcon.colcon_core.shell:Creating environment hook '/home/vlados/ias0220/install/encoders_interfaces/share/encoders_interfaces/hook/cmake_prefix_path.sh'
[1.021s] Level 1:colcon.colcon_core.environment:checking '/home/vlados/ias0220/install/encoders_interfaces/lib'
[1.021s] Level 1:colcon.colcon_core.shell:create_environment_hook('encoders_interfaces', 'ld_library_path_lib')
[1.021s] INFO:colcon.colcon_core.shell:Creating environment hook '/home/vlados/ias0220/install/encoders_interfaces/share/encoders_interfaces/hook/ld_library_path_lib.ps1'
[1.022s] INFO:colcon.colcon_core.shell:Creating environment descriptor '/home/vlados/ias0220/install/encoders_interfaces/share/encoders_interfaces/hook/ld_library_path_lib.dsv'
[1.022s] INFO:colcon.colcon_core.shell:Creating environment hook '/home/vlados/ias0220/install/encoders_interfaces/share/encoders_interfaces/hook/ld_library_path_lib.sh'
[1.023s] Level 1:colcon.colcon_core.environment:checking '/home/vlados/ias0220/install/encoders_interfaces/bin'
[1.023s] Level 1:colcon.colcon_core.environment:checking '/home/vlados/ias0220/install/encoders_interfaces/lib/pkgconfig/encoders_interfaces.pc'
[1.023s] Level 1:colcon.colcon_core.environment:checking '/home/vlados/ias0220/install/encoders_interfaces/lib/python3.10/site-packages'
[1.024s] Level 1:colcon.colcon_core.environment:checking '/home/vlados/ias0220/install/encoders_interfaces/bin'
[1.024s] INFO:colcon.colcon_core.shell:Creating package script '/home/vlados/ias0220/install/encoders_interfaces/share/encoders_interfaces/package.ps1'
[1.025s] INFO:colcon.colcon_core.shell:Creating package descriptor '/home/vlados/ias0220/install/encoders_interfaces/share/encoders_interfaces/package.dsv'
[1.026s] INFO:colcon.colcon_core.shell:Creating package script '/home/vlados/ias0220/install/encoders_interfaces/share/encoders_interfaces/package.sh'
[1.028s] INFO:colcon.colcon_core.shell:Creating package script '/home/vlados/ias0220/install/encoders_interfaces/share/encoders_interfaces/package.bash'
[1.029s] INFO:colcon.colcon_core.shell:Creating package script '/home/vlados/ias0220/install/encoders_interfaces/share/encoders_interfaces/package.zsh'
[1.030s] Level 1:colcon.colcon_core.environment:create_file_with_runtime_dependencies(/home/vlados/ias0220/install/encoders_interfaces/share/colcon-core/packages/encoders_interfaces)
[1.031s] Level 1:colcon.colcon_core.environment:create_environment_scripts_only(encoders_interfaces)
[1.031s] Level 1:colcon.colcon_core.environment:checking '/home/vlados/ias0220/install/encoders_interfaces' for CMake module files
[1.032s] Level 1:colcon.colcon_core.environment:checking '/home/vlados/ias0220/install/encoders_interfaces' for CMake config files
[1.032s] Level 1:colcon.colcon_core.shell:create_environment_hook('encoders_interfaces', 'cmake_prefix_path')
[1.033s] INFO:colcon.colcon_core.shell:Creating environment hook '/home/vlados/ias0220/install/encoders_interfaces/share/encoders_interfaces/hook/cmake_prefix_path.ps1'
[1.033s] INFO:colcon.colcon_core.shell:Creating environment descriptor '/home/vlados/ias0220/install/encoders_interfaces/share/encoders_interfaces/hook/cmake_prefix_path.dsv'
[1.034s] INFO:colcon.colcon_core.shell:Creating environment hook '/home/vlados/ias0220/install/encoders_interfaces/share/encoders_interfaces/hook/cmake_prefix_path.sh'
[1.034s] Level 1:colcon.colcon_core.environment:checking '/home/vlados/ias0220/install/encoders_interfaces/lib'
[1.034s] Level 1:colcon.colcon_core.shell:create_environment_hook('encoders_interfaces', 'ld_library_path_lib')
[1.034s] INFO:colcon.colcon_core.shell:Creating environment hook '/home/vlados/ias0220/install/encoders_interfaces/share/encoders_interfaces/hook/ld_library_path_lib.ps1'
[1.035s] INFO:colcon.colcon_core.shell:Creating environment descriptor '/home/vlados/ias0220/install/encoders_interfaces/share/encoders_interfaces/hook/ld_library_path_lib.dsv'
[1.035s] INFO:colcon.colcon_core.shell:Creating environment hook '/home/vlados/ias0220/install/encoders_interfaces/share/encoders_interfaces/hook/ld_library_path_lib.sh'
[1.036s] Level 1:colcon.colcon_core.environment:checking '/home/vlados/ias0220/install/encoders_interfaces/bin'
[1.036s] Level 1:colcon.colcon_core.environment:checking '/home/vlados/ias0220/install/encoders_interfaces/lib/pkgconfig/encoders_interfaces.pc'
[1.036s] Level 1:colcon.colcon_core.environment:checking '/home/vlados/ias0220/install/encoders_interfaces/lib/python3.10/site-packages'
[1.036s] Level 1:colcon.colcon_core.environment:checking '/home/vlados/ias0220/install/encoders_interfaces/bin'
[1.037s] INFO:colcon.colcon_core.shell:Creating package script '/home/vlados/ias0220/install/encoders_interfaces/share/encoders_interfaces/package.ps1'
[1.037s] INFO:colcon.colcon_core.shell:Creating package descriptor '/home/vlados/ias0220/install/encoders_interfaces/share/encoders_interfaces/package.dsv'
[1.038s] INFO:colcon.colcon_core.shell:Creating package script '/home/vlados/ias0220/install/encoders_interfaces/share/encoders_interfaces/package.sh'
[1.039s] INFO:colcon.colcon_core.shell:Creating package script '/home/vlados/ias0220/install/encoders_interfaces/share/encoders_interfaces/package.bash'
[1.039s] INFO:colcon.colcon_core.shell:Creating package script '/home/vlados/ias0220/install/encoders_interfaces/share/encoders_interfaces/package.zsh'
[1.040s] Level 1:colcon.colcon_core.environment:create_file_with_runtime_dependencies(/home/vlados/ias0220/install/encoders_interfaces/share/colcon-core/packages/encoders_interfaces)
[1.040s] INFO:colcon.colcon_ros.task.ament_python.build:Building ROS package in '/home/vlados/ias0220/src/IAS0220_Task4_Template/Task4_template/encoders_pkg' with build type 'ament_python'
[1.040s] Level 1:colcon.colcon_core.shell:create_environment_hook('encoders_pkg', 'ament_prefix_path')
[1.041s] INFO:colcon.colcon_core.shell:Creating environment hook '/home/vlados/ias0220/install/encoders_pkg/share/encoders_pkg/hook/ament_prefix_path.ps1'
[1.041s] INFO:colcon.colcon_core.shell:Creating environment descriptor '/home/vlados/ias0220/install/encoders_pkg/share/encoders_pkg/hook/ament_prefix_path.dsv'
[1.042s] INFO:colcon.colcon_core.shell:Creating environment hook '/home/vlados/ias0220/install/encoders_pkg/share/encoders_pkg/hook/ament_prefix_path.sh'
[1.042s] INFO:colcon.colcon_core.shell:Skip shell extension 'powershell' for command environment: Not usable outside of PowerShell
[1.042s] DEBUG:colcon.colcon_core.shell:Skip shell extension 'dsv' for command environment
[1.232s] INFO:colcon.colcon_core.task.python.build:Building Python package in '/home/vlados/ias0220/src/IAS0220_Task4_Template/Task4_template/encoders_pkg'
[1.232s] INFO:colcon.colcon_core.shell:Skip shell extension 'powershell' for command environment: Not usable outside of PowerShell
[1.233s] DEBUG:colcon.colcon_core.shell:Skip shell extension 'dsv' for command environment
[1.241s] DEBUG:colcon.colcon_core.event_handler.log_command:Invoking command in '/home/vlados/ias0220/src/IAS0220_Task4_Template/Task4_template/setup_gazebo_ias0220': PYTHONPATH=/home/vlados/ias0220/build/setup_gazebo_ias0220/prefix_override:/usr/lib/python3/dist-packages/colcon_core/task/python/colcon_distutils_commands:/home/vlados/ias0220/install/setup_gazebo_ias0220/lib/python3.10/site-packages:${PYTHONPATH} /usr/bin/python3 -W ignore:setup.py install is deprecated -W ignore:easy_install command is deprecated setup.py egg_info --egg-base ../../../../build/setup_gazebo_ias0220 build --build-base /home/vlados/ias0220/build/setup_gazebo_ias0220/build install --record /home/vlados/ias0220/build/setup_gazebo_ias0220/install.log --single-version-externally-managed install_data
[1.244s] DEBUG:colcon.colcon_core.event_handler.log_command:Invoking command in '/home/vlados/ias0220/src/ias0220_250620': PYTHONPATH=/home/vlados/ias0220/build/ias0220_250620/prefix_override:/usr/lib/python3/dist-packages/colcon_core/task/python/colcon_distutils_commands:/home/vlados/ias0220/install/ias0220_250620/lib/python3.10/site-packages:${PYTHONPATH} /usr/bin/python3 -W ignore:setup.py install is deprecated -W ignore:easy_install command is deprecated setup.py egg_info --egg-base ../../build/ias0220_250620 build --build-base /home/vlados/ias0220/build/ias0220_250620/build install --record /home/vlados/ias0220/build/ias0220_250620/install.log --single-version-externally-managed install_data
[1.244s] DEBUG:colcon.colcon_core.event_handler.log_command:Invoked command in '/home/vlados/ias0220/build/transform_frame' returned '0': CMAKE_PREFIX_PATH=${CMAKE_PREFIX_PATH}:/home/vlados/ias0220/install/setup_gazebo_ias0220:/home/vlados/ias0220/install/ias0220_250620:/home/vlados/ias0220/install/encoders_pkg:/opt/ros/humble /usr/bin/cmake --build /home/vlados/ias0220/build/transform_frame -- -j16 -l16
[1.246s] DEBUG:colcon.colcon_core.event_handler.log_command:Invoking command in '/home/vlados/ias0220/build/transform_frame': CMAKE_PREFIX_PATH=${CMAKE_PREFIX_PATH}:/home/vlados/ias0220/install/setup_gazebo_ias0220:/home/vlados/ias0220/install/ias0220_250620:/home/vlados/ias0220/install/encoders_pkg:/opt/ros/humble /usr/bin/cmake --install /home/vlados/ias0220/build/transform_frame
[1.262s] Level 1:colcon.colcon_core.environment:create_environment_scripts_only(transform_frame)
[1.263s] DEBUG:colcon.colcon_core.event_handler.log_command:Invoked command in '/home/vlados/ias0220/build/transform_frame' returned '0': CMAKE_PREFIX_PATH=${CMAKE_PREFIX_PATH}:/home/vlados/ias0220/install/setup_gazebo_ias0220:/home/vlados/ias0220/install/ias0220_250620:/home/vlados/ias0220/install/encoders_pkg:/opt/ros/humble /usr/bin/cmake --install /home/vlados/ias0220/build/transform_frame
[1.263s] Level 1:colcon.colcon_core.environment:checking '/home/vlados/ias0220/install/transform_frame' for CMake module files
[1.264s] Level 1:colcon.colcon_core.environment:checking '/home/vlados/ias0220/install/transform_frame' for CMake config files
[1.264s] Level 1:colcon.colcon_core.shell:create_environment_hook('transform_frame', 'cmake_prefix_path')
[1.264s] INFO:colcon.colcon_core.shell:Creating environment hook '/home/vlados/ias0220/install/transform_frame/share/transform_frame/hook/cmake_prefix_path.ps1'
[1.265s] INFO:colcon.colcon_core.shell:Creating environment descriptor '/home/vlados/ias0220/install/transform_frame/share/transform_frame/hook/cmake_prefix_path.dsv'
[1.265s] INFO:colcon.colcon_core.shell:Creating environment hook '/home/vlados/ias0220/install/transform_frame/share/transform_frame/hook/cmake_prefix_path.sh'
[1.266s] Level 1:colcon.colcon_core.environment:checking '/home/vlados/ias0220/install/transform_frame/lib'
[1.266s] Level 1:colcon.colcon_core.environment:checking '/home/vlados/ias0220/install/transform_frame/bin'
[1.266s] Level 1:colcon.colcon_core.environment:checking '/home/vlados/ias0220/install/transform_frame/lib/pkgconfig/transform_frame.pc'
[1.266s] Level 1:colcon.colcon_core.environment:checking '/home/vlados/ias0220/install/transform_frame/lib/python3.10/site-packages'
[1.267s] Level 1:colcon.colcon_core.environment:checking '/home/vlados/ias0220/install/transform_frame/bin'
[1.267s] INFO:colcon.colcon_core.shell:Creating package script '/home/vlados/ias0220/install/transform_frame/share/transform_frame/package.ps1'
[1.268s] INFO:colcon.colcon_core.shell:Creating package descriptor '/home/vlados/ias0220/install/transform_frame/share/transform_frame/package.dsv'
[1.268s] INFO:colcon.colcon_core.shell:Creating package script '/home/vlados/ias0220/install/transform_frame/share/transform_frame/package.sh'
[1.269s] INFO:colcon.colcon_core.shell:Creating package script '/home/vlados/ias0220/install/transform_frame/share/transform_frame/package.bash'
[1.269s] INFO:colcon.colcon_core.shell:Creating package script '/home/vlados/ias0220/install/transform_frame/share/transform_frame/package.zsh'
[1.270s] Level 1:colcon.colcon_core.environment:create_file_with_runtime_dependencies(/home/vlados/ias0220/install/transform_frame/share/colcon-core/packages/transform_frame)
[1.270s] Level 1:colcon.colcon_core.environment:create_environment_scripts_only(transform_frame)
[1.271s] Level 1:colcon.colcon_core.environment:checking '/home/vlados/ias0220/install/transform_frame' for CMake module files
[1.271s] Level 1:colcon.colcon_core.environment:checking '/home/vlados/ias0220/install/transform_frame' for CMake config files
[1.272s] Level 1:colcon.colcon_core.shell:create_environment_hook('transform_frame', 'cmake_prefix_path')
[1.272s] INFO:colcon.colcon_core.shell:Creating environment hook '/home/vlados/ias0220/install/transform_frame/share/transform_frame/hook/cmake_prefix_path.ps1'
[1.273s] INFO:colcon.colcon_core.shell:Creating environment descriptor '/home/vlados/ias0220/install/transform_frame/share/transform_frame/hook/cmake_prefix_path.dsv'
[1.273s] INFO:colcon.colcon_core.shell:Creating environment hook '/home/vlados/ias0220/install/transform_frame/share/transform_frame/hook/cmake_prefix_path.sh'
[1.274s] Level 1:colcon.colcon_core.environment:checking '/home/vlados/ias0220/install/transform_frame/lib'
[1.274s] Level 1:colcon.colcon_core.environment:checking '/home/vlados/ias0220/install/transform_frame/bin'
[1.274s] Level 1:colcon.colcon_core.environment:checking '/home/vlados/ias0220/install/transform_frame/lib/pkgconfig/transform_frame.pc'
[1.274s] Level 1:colcon.colcon_core.environment:checking '/home/vlados/ias0220/install/transform_frame/lib/python3.10/site-packages'
[1.275s] Level 1:colcon.colcon_core.environment:checking '/home/vlados/ias0220/install/transform_frame/bin'
[1.275s] INFO:colcon.colcon_core.shell:Creating package script '/home/vlados/ias0220/install/transform_frame/share/transform_frame/package.ps1'
[1.276s] INFO:colcon.colcon_core.shell:Creating package descriptor '/home/vlados/ias0220/install/transform_frame/share/transform_frame/package.dsv'
[1.276s] INFO:colcon.colcon_core.shell:Creating package script '/home/vlados/ias0220/install/transform_frame/share/transform_frame/package.sh'
[1.277s] INFO:colcon.colcon_core.shell:Creating package script '/home/vlados/ias0220/install/transform_frame/share/transform_frame/package.bash'
[1.277s] INFO:colcon.colcon_core.shell:Creating package script '/home/vlados/ias0220/install/transform_frame/share/transform_frame/package.zsh'
[1.278s] Level 1:colcon.colcon_core.environment:create_file_with_runtime_dependencies(/home/vlados/ias0220/install/transform_frame/share/colcon-core/packages/transform_frame)
[1.459s] Level 1:colcon.colcon_core.environment:checking '/home/vlados/ias0220/install/ias0220_250620' for CMake module files
[1.460s] DEBUG:colcon.colcon_core.event_handler.log_command:Invoked command in '/home/vlados/ias0220/src/ias0220_250620' returned '0': PYTHONPATH=/home/vlados/ias0220/build/ias0220_250620/prefix_override:/usr/lib/python3/dist-packages/colcon_core/task/python/colcon_distutils_commands:/home/vlados/ias0220/install/ias0220_250620/lib/python3.10/site-packages:${PYTHONPATH} /usr/bin/python3 -W ignore:setup.py install is deprecated -W ignore:easy_install command is deprecated setup.py egg_info --egg-base ../../build/ias0220_250620 build --build-base /home/vlados/ias0220/build/ias0220_250620/build install --record /home/vlados/ias0220/build/ias0220_250620/install.log --single-version-externally-managed install_data
[1.460s] Level 1:colcon.colcon_core.environment:checking '/home/vlados/ias0220/install/ias0220_250620' for CMake config files
[1.461s] Level 1:colcon.colcon_core.environment:checking '/home/vlados/ias0220/install/ias0220_250620/lib'
[1.461s] Level 1:colcon.colcon_core.environment:checking '/home/vlados/ias0220/install/ias0220_250620/bin'
[1.462s] Level 1:colcon.colcon_core.environment:checking '/home/vlados/ias0220/install/ias0220_250620/lib/pkgconfig/ias0220_250620.pc'
[1.462s] Level 1:colcon.colcon_core.environment:checking '/home/vlados/ias0220/install/ias0220_250620/lib/python3.10/site-packages'
[1.462s] Level 1:colcon.colcon_core.shell:create_environment_hook('ias0220_250620', 'pythonpath')
[1.462s] INFO:colcon.colcon_core.shell:Creating environment hook '/home/vlados/ias0220/install/ias0220_250620/share/ias0220_250620/hook/pythonpath.ps1'
[1.463s] INFO:colcon.colcon_core.shell:Creating environment descriptor '/home/vlados/ias0220/install/ias0220_250620/share/ias0220_250620/hook/pythonpath.dsv'
[1.463s] INFO:colcon.colcon_core.shell:Creating environment hook '/home/vlados/ias0220/install/ias0220_250620/share/ias0220_250620/hook/pythonpath.sh'
[1.464s] Level 1:colcon.colcon_core.environment:checking '/home/vlados/ias0220/install/ias0220_250620/bin'
[1.464s] Level 1:colcon.colcon_core.environment:create_environment_scripts_only(ias0220_250620)
[1.465s] INFO:colcon.colcon_core.shell:Creating package script '/home/vlados/ias0220/install/ias0220_250620/share/ias0220_250620/package.ps1'
[1.465s] INFO:colcon.colcon_core.shell:Creating package descriptor '/home/vlados/ias0220/install/ias0220_250620/share/ias0220_250620/package.dsv'
[1.466s] INFO:colcon.colcon_core.shell:Creating package script '/home/vlados/ias0220/install/ias0220_250620/share/ias0220_250620/package.sh'
[1.466s] INFO:colcon.colcon_core.shell:Creating package script '/home/vlados/ias0220/install/ias0220_250620/share/ias0220_250620/package.bash'
[1.467s] INFO:colcon.colcon_core.shell:Creating package script '/home/vlados/ias0220/install/ias0220_250620/share/ias0220_250620/package.zsh'
[1.467s] Level 1:colcon.colcon_core.environment:create_file_with_runtime_dependencies(/home/vlados/ias0220/install/ias0220_250620/share/colcon-core/packages/ias0220_250620)
[1.469s] Level 1:colcon.colcon_core.environment:checking '/home/vlados/ias0220/install/setup_gazebo_ias0220' for CMake module files
[1.469s] DEBUG:colcon.colcon_core.event_handler.log_command:Invoked command in '/home/vlados/ias0220/src/IAS0220_Task4_Template/Task4_template/setup_gazebo_ias0220' returned '0': PYTHONPATH=/home/vlados/ias0220/build/setup_gazebo_ias0220/prefix_override:/usr/lib/python3/dist-packages/colcon_core/task/python/colcon_distutils_commands:/home/vlados/ias0220/install/setup_gazebo_ias0220/lib/python3.10/site-packages:${PYTHONPATH} /usr/bin/python3 -W ignore:setup.py install is deprecated -W ignore:easy_install command is deprecated setup.py egg_info --egg-base ../../../../build/setup_gazebo_ias0220 build --build-base /home/vlados/ias0220/build/setup_gazebo_ias0220/build install --record /home/vlados/ias0220/build/setup_gazebo_ias0220/install.log --single-version-externally-managed install_data
[1.470s] Level 1:colcon.colcon_core.environment:checking '/home/vlados/ias0220/install/setup_gazebo_ias0220' for CMake config files
[1.472s] Level 1:colcon.colcon_core.environment:checking '/home/vlados/ias0220/install/setup_gazebo_ias0220/lib'
[1.472s] Level 1:colcon.colcon_core.environment:checking '/home/vlados/ias0220/install/setup_gazebo_ias0220/bin'
[1.472s] Level 1:colcon.colcon_core.environment:checking '/home/vlados/ias0220/install/setup_gazebo_ias0220/lib/pkgconfig/setup_gazebo_ias0220.pc'
[1.473s] Level 1:colcon.colcon_core.environment:checking '/home/vlados/ias0220/install/setup_gazebo_ias0220/lib/python3.10/site-packages'
[1.473s] Level 1:colcon.colcon_core.shell:create_environment_hook('setup_gazebo_ias0220', 'pythonpath')
[1.473s] INFO:colcon.colcon_core.shell:Creating environment hook '/home/vlados/ias0220/install/setup_gazebo_ias0220/share/setup_gazebo_ias0220/hook/pythonpath.ps1'
[1.474s] INFO:colcon.colcon_core.shell:Creating environment descriptor '/home/vlados/ias0220/install/setup_gazebo_ias0220/share/setup_gazebo_ias0220/hook/pythonpath.dsv'
[1.474s] INFO:colcon.colcon_core.shell:Creating environment hook '/home/vlados/ias0220/install/setup_gazebo_ias0220/share/setup_gazebo_ias0220/hook/pythonpath.sh'
[1.475s] Level 1:colcon.colcon_core.environment:checking '/home/vlados/ias0220/install/setup_gazebo_ias0220/bin'
[1.475s] Level 1:colcon.colcon_core.environment:create_environment_scripts_only(setup_gazebo_ias0220)
[1.476s] INFO:colcon.colcon_core.shell:Creating package script '/home/vlados/ias0220/install/setup_gazebo_ias0220/share/setup_gazebo_ias0220/package.ps1'
[1.476s] INFO:colcon.colcon_core.shell:Creating package descriptor '/home/vlados/ias0220/install/setup_gazebo_ias0220/share/setup_gazebo_ias0220/package.dsv'
[1.477s] INFO:colcon.colcon_core.shell:Creating package script '/home/vlados/ias0220/install/setup_gazebo_ias0220/share/setup_gazebo_ias0220/package.sh'
[1.477s] INFO:colcon.colcon_core.shell:Creating package script '/home/vlados/ias0220/install/setup_gazebo_ias0220/share/setup_gazebo_ias0220/package.bash'
[1.478s] INFO:colcon.colcon_core.shell:Creating package script '/home/vlados/ias0220/install/setup_gazebo_ias0220/share/setup_gazebo_ias0220/package.zsh'
[1.478s] Level 1:colcon.colcon_core.environment:create_file_with_runtime_dependencies(/home/vlados/ias0220/install/setup_gazebo_ias0220/share/colcon-core/packages/setup_gazebo_ias0220)
[1.482s] DEBUG:colcon.colcon_core.event_handler.log_command:Invoking command in '/home/vlados/ias0220/src/IAS0220_Task4_Template/Task4_template/encoders_pkg': CMAKE_PREFIX_PATH=/home/vlados/ias0220/install/encoders_interfaces:/home/vlados/ias0220/install/transform_frame PYTHONPATH=/home/vlados/ias0220/build/encoders_pkg/prefix_override:/usr/lib/python3/dist-packages/colcon_core/task/python/colcon_distutils_commands:/home/vlados/ias0220/install/encoders_pkg/lib/python3.10/site-packages:${PYTHONPATH} /usr/bin/python3 -W ignore:setup.py install is deprecated -W ignore:easy_install command is deprecated setup.py egg_info --egg-base ../../../../build/encoders_pkg build --build-base /home/vlados/ias0220/build/encoders_pkg/build install --record /home/vlados/ias0220/build/encoders_pkg/install.log --single-version-externally-managed install_data
[1.685s] Level 1:colcon.colcon_core.environment:checking '/home/vlados/ias0220/install/encoders_pkg' for CMake module files
[1.686s] DEBUG:colcon.colcon_core.event_handler.log_command:Invoked command in '/home/vlados/ias0220/src/IAS0220_Task4_Template/Task4_template/encoders_pkg' returned '0': CMAKE_PREFIX_PATH=/home/vlados/ias0220/install/encoders_interfaces:/home/vlados/ias0220/install/transform_frame PYTHONPATH=/home/vlados/ias0220/build/encoders_pkg/prefix_override:/usr/lib/python3/dist-packages/colcon_core/task/python/colcon_distutils_commands:/home/vlados/ias0220/install/encoders_pkg/lib/python3.10/site-packages:${PYTHONPATH} /usr/bin/python3 -W ignore:setup.py install is deprecated -W ignore:easy_install command is deprecated setup.py egg_info --egg-base ../../../../build/encoders_pkg build --build-base /home/vlados/ias0220/build/encoders_pkg/build install --record /home/vlados/ias0220/build/encoders_pkg/install.log --single-version-externally-managed install_data
[1.686s] Level 1:colcon.colcon_core.environment:checking '/home/vlados/ias0220/install/encoders_pkg' for CMake config files
[1.687s] Level 1:colcon.colcon_core.environment:checking '/home/vlados/ias0220/install/encoders_pkg/lib'
[1.687s] Level 1:colcon.colcon_core.environment:checking '/home/vlados/ias0220/install/encoders_pkg/bin'
[1.687s] Level 1:colcon.colcon_core.environment:checking '/home/vlados/ias0220/install/encoders_pkg/lib/pkgconfig/encoders_pkg.pc'
[1.688s] Level 1:colcon.colcon_core.environment:checking '/home/vlados/ias0220/install/encoders_pkg/lib/python3.10/site-packages'
[1.688s] Level 1:colcon.colcon_core.shell:create_environment_hook('encoders_pkg', 'pythonpath')
[1.688s] INFO:colcon.colcon_core.shell:Creating environment hook '/home/vlados/ias0220/install/encoders_pkg/share/encoders_pkg/hook/pythonpath.ps1'
[1.689s] INFO:colcon.colcon_core.shell:Creating environment descriptor '/home/vlados/ias0220/install/encoders_pkg/share/encoders_pkg/hook/pythonpath.dsv'
[1.689s] INFO:colcon.colcon_core.shell:Creating environment hook '/home/vlados/ias0220/install/encoders_pkg/share/encoders_pkg/hook/pythonpath.sh'
[1.690s] Level 1:colcon.colcon_core.environment:checking '/home/vlados/ias0220/install/encoders_pkg/bin'
[1.690s] Level 1:colcon.colcon_core.environment:create_environment_scripts_only(encoders_pkg)
[1.691s] INFO:colcon.colcon_core.shell:Creating package script '/home/vlados/ias0220/install/encoders_pkg/share/encoders_pkg/package.ps1'
[1.692s] INFO:colcon.colcon_core.shell:Creating package descriptor '/home/vlados/ias0220/install/encoders_pkg/share/encoders_pkg/package.dsv'
[1.692s] INFO:colcon.colcon_core.shell:Creating package script '/home/vlados/ias0220/install/encoders_pkg/share/encoders_pkg/package.sh'
[1.693s] INFO:colcon.colcon_core.shell:Creating package script '/home/vlados/ias0220/install/encoders_pkg/share/encoders_pkg/package.bash'
[1.693s] INFO:colcon.colcon_core.shell:Creating package script '/home/vlados/ias0220/install/encoders_pkg/share/encoders_pkg/package.zsh'
[1.694s] Level 1:colcon.colcon_core.environment:create_file_with_runtime_dependencies(/home/vlados/ias0220/install/encoders_pkg/share/colcon-core/packages/encoders_pkg)
[1.694s] DEBUG:colcon.colcon_parallel_executor.executor.parallel:closing loop
[1.695s] DEBUG:colcon.colcon_parallel_executor.executor.parallel:loop closed
[1.695s] DEBUG:colcon.colcon_parallel_executor.executor.parallel:run_until_complete finished with '0'
[1.695s] DEBUG:colcon.colcon_core.event_reactor:joining thread
[1.700s] INFO:colcon.colcon_core.plugin_system:Skipping extension 'colcon_notification.desktop_notification.notify_send': Could not find 'notify-send'
[1.700s] INFO:colcon.colcon_core.plugin_system:Skipping extension 'colcon_notification.desktop_notification.terminal_notifier': Not used on non-Darwin systems
[1.700s] INFO:colcon.colcon_core.plugin_system:Skipping extension 'colcon_notification.desktop_notification.win32': Not used on non-Windows systems
[1.700s] INFO:colcon.colcon_notification.desktop_notification:Sending desktop notification using 'notify2'
[1.759s] DEBUG:colcon.colcon_core.event_reactor:joined thread
[1.759s] INFO:colcon.colcon_core.shell:Creating prefix script '/home/vlados/ias0220/install/local_setup.ps1'
[1.761s] INFO:colcon.colcon_core.shell:Creating prefix util module '/home/vlados/ias0220/install/_local_setup_util_ps1.py'
[1.763s] INFO:colcon.colcon_core.shell:Creating prefix chain script '/home/vlados/ias0220/install/setup.ps1'
[1.765s] INFO:colcon.colcon_core.shell:Creating prefix script '/home/vlados/ias0220/install/local_setup.sh'
[1.766s] INFO:colcon.colcon_core.shell:Creating prefix util module '/home/vlados/ias0220/install/_local_setup_util_sh.py'
[1.767s] INFO:colcon.colcon_core.shell:Creating prefix chain script '/home/vlados/ias0220/install/setup.sh'
[1.768s] INFO:colcon.colcon_core.shell:Creating prefix script '/home/vlados/ias0220/install/local_setup.bash'
[1.769s] INFO:colcon.colcon_core.shell:Creating prefix chain script '/home/vlados/ias0220/install/setup.bash'
[1.771s] INFO:colcon.colcon_core.shell:Creating prefix script '/home/vlados/ias0220/install/local_setup.zsh'
[1.772s] INFO:colcon.colcon_core.shell:Creating prefix chain script '/home/vlados/ias0220/install/setup.zsh'
